<?xml version="1.0" encoding="utf-8"?><testsuites name="pytest tests"><testsuite name="pytest" errors="0" failures="0" skipped="0" tests="21" time="2.570" timestamp="2026-06-28T23:49:00.408184+03:00" hostname="Laptop-Risto"><testcase classname="backend_v2.tests.unit.services.test_blueprint" name="test_build_report_dto_maps_correctly" time="0.203" /><testcase classname="backend_v2.tests.unit.services.test_blueprint" name="test_graceful_degradation_missing_fields" time="0.007" /><testcase classname="backend_v2.tests.unit.services.test_blueprint" name="test_blueprint_crashes_on_naked_microcot_dict" time="0.006" /><testcase classname="backend_v2.tests.unit.services.test_blueprint" name="test_blueprint_zero_math_rounding" time="0.006" /><testcase classname="backend_v2.tests.unit.services.test_blueprint" name="test_blueprint_synthesis_markdown_packaging" time="0.007" /><testcase classname="backend_v2.tests.unit.services.test_blueprint" name="test_xai_extraction_works_for_nested_dict" time="0.006" /><testcase classname="backend_v2.tests.unit.services.test_blueprint" name="test_mcp_audit_deduplication_uses_strict_model_attrs" time="0.006" /><testcase classname="backend_v2.tests.unit.services.test_blueprint" name="test_mcp_audit_fails_fast_on_incomplete_data" time="0.004" /><testcase classname="backend_v2.tests.unit.services.test_blueprint" name="test_blueprint_scoring_payload_validation_succeeds_with_extra_fields" time="0.005" /><testcase classname="backend_v2.tests.unit.services.test_blueprint" name="test_blueprint_virtual_matrix_allows_missing_justification" time="0.006" /><testcase classname="backend_v2.tests.unit.services.test_blueprint" name="test_blueprint_xai_extensions_type_coercion" time="0.006" /><testcase classname="backend_v2.tests.unit.services.test_blueprint" name="test_blueprint_2d_compare_graceful_degradation" time="0.007" /><testcase classname="backend_v2.tests.unit.services.test_blueprint" name="test_blueprint_quotes_and_row_explanation_visibility" time="0.007" /><testcase classname="backend_v2.tests.unit.services.test_blueprint" name="test_blueprint_variance_validation_success" time="0.007" /><testcase classname="backend_v2.tests.unit.services.test_blueprint" name="test_blueprint_variance_validation_reproduce_crash" time="0.007" /><testcase classname="backend_v2.tests.unit.services.test_blueprint" name="test_blueprint_variance_validation_fallback_from_trace" time="0.005" /><testcase classname="backend_v2.tests.unit.services.test_blueprint" name="test_blueprint_skips_raw_extensions_when_curated_exists" time="0.007" /><testcase classname="backend_v2.tests.unit.services.test_blueprint" name="test_blueprint_synthesis_cache_skips_raw_extensions_entirely" time="0.007" /><testcase classname="backend_v2.tests.unit.services.test_blueprint" name="test_blueprint_slop_scanning_applied_successfully" time="0.699" /><testcase classname="backend_v2.tests.unit.services.test_blueprint" name="test_blueprint_transformer_slop_scan_uses_system_repo" time="0.016" /><testcase classname="backend_v2.tests.unit.services.test_blueprint" name="test_blueprint_causal_mapping_reverse_lookup" time="0.007" /></testsuite></testsuites>