<?xml version="1.0" encoding="utf-8"?><testsuites name="pytest tests"><testsuite name="pytest" errors="0" failures="0" skipped="0" tests="2" time="0.662" timestamp="2026-03-22T17:19:07.118803+02:00" hostname="Laptop-Risto"><testcase classname="backend_v2.tests.unit.test_xai_extensions" name="test_xai_extensions_schema_generation_happy_path" time="0.002" /><testcase classname="backend_v2.tests.unit.test_xai_extensions" name="test_xai_extensions_validation_failures" time="0.001" /></testsuite></testsuites>