<?xml version="1.0" encoding="utf-8"?><testsuites name="pytest tests"><testsuite name="pytest" errors="0" failures="0" skipped="0" tests="4" time="0.143" timestamp="2026-06-30T17:14:33.675158+03:00" hostname="Laptop-Risto"><testcase classname="backend_v2.tests.architecture.test_enum_parity" name="test_parity_preset_view" time="0.101" /><testcase classname="backend_v2.tests.architecture.test_enum_parity" name="test_parity_xai_extensions" time="0.001" /><testcase classname="backend_v2.tests.architecture.test_enum_parity" name="test_parity_sdui_block_types" time="0.001" /><testcase classname="backend_v2.tests.architecture.test_enum_parity" name="test_parity_visual_intent" time="0.001" /></testsuite></testsuites>