<?xml version="1.0" encoding="utf-8"?><testsuites name="pytest tests"><testsuite name="pytest" errors="1" failures="0" skipped="0" tests="1" time="632.653" timestamp="2026-03-26T18:01:47.620441+02:00" hostname="Laptop-Risto"><testcase time="0.003" /><testcase classname="pytest" name="internal" time="0.000"><error message="internal error">Traceback (most recent call last):
  File "C:\src\quorum\.venv\Lib\site-packages\_pytest\main.py", line 318, in wrap_session
    session.exitstatus = doit(config, session) or 0
                         ~~~~^^^^^^^^^^^^^^^^^
  File "C:\src\quorum\.venv\Lib\site-packages\_pytest\main.py", line 372, in _main
    config.hook.pytest_runtestloop(session=session)
    ~~~~~~~~~~~~~~~~~~~~~~~~~~~~~~^^^^^^^^^^^^^^^^^
  File "C:\src\quorum\.venv\Lib\site-packages\pluggy\_hooks.py", line 512, in __call__
    return self._hookexec(self.name, self._hookimpls.copy(), kwargs, firstresult)
           ~~~~~~~~~~~~~~^^^^^^^^^^^^^^^^^^^^^^^^^^^^^^^^^^^^^^^^^^^^^^^^^^^^^^^^
  File "C:\src\quorum\.venv\Lib\site-packages\pluggy\_manager.py", line 120, in _hookexec
    return self._inner_hookexec(hook_name, methods, kwargs, firstresult)
           ~~~~~~~~~~~~~~~~~~~~^^^^^^^^^^^^^^^^^^^^^^^^^^^^^^^^^^^^^^^^^
  File "C:\src\quorum\.venv\Lib\site-packages\pluggy\_callers.py", line 167, in _multicall
    raise exception
  File "C:\src\quorum\.venv\Lib\site-packages\pluggy\_callers.py", line 139, in _multicall
    teardown.throw(exception)
    ~~~~~~~~~~~~~~^^^^^^^^^^^
  File "C:\src\quorum\.venv\Lib\site-packages\_pytest\logging.py", line 801, in pytest_runtestloop
    return (yield)  # Run all the tests.
            ^^^^^
  File "C:\src\quorum\.venv\Lib\site-packages\pluggy\_callers.py", line 139, in _multicall
    teardown.throw(exception)
    ~~~~~~~~~~~~~~^^^^^^^^^^^
  File "C:\src\quorum\.venv\Lib\site-packages\_pytest\terminal.py", line 707, in pytest_runtestloop
    result = yield
             ^^^^^
  File "C:\src\quorum\.venv\Lib\site-packages\pluggy\_callers.py", line 121, in _multicall
    res = hook_impl.function(*args)
  File "C:\src\quorum\.venv\Lib\site-packages\_pytest\main.py", line 396, in pytest_runtestloop
    item.config.hook.pytest_runtest_protocol(item=item, nextitem=nextitem)
    ~~~~~~~~~~~~~~~~~~~~~~~~~~~~~~~~~~~~~~~~^^^^^^^^^^^^^^^^^^^^^^^^^^^^^^
  File "C:\src\quorum\.venv\Lib\site-packages\pluggy\_hooks.py", line 512, in __call__
    return self._hookexec(self.name, self._hookimpls.copy(), kwargs, firstresult)
           ~~~~~~~~~~~~~~^^^^^^^^^^^^^^^^^^^^^^^^^^^^^^^^^^^^^^^^^^^^^^^^^^^^^^^^
  File "C:\src\quorum\.venv\Lib\site-packages\pluggy\_manager.py", line 120, in _hookexec
    return self._inner_hookexec(hook_name, methods, kwargs, firstresult)
           ~~~~~~~~~~~~~~~~~~~~^^^^^^^^^^^^^^^^^^^^^^^^^^^^^^^^^^^^^^^^^
  File "C:\src\quorum\.venv\Lib\site-packages\pluggy\_callers.py", line 167, in _multicall
    raise exception
  File "C:\src\quorum\.venv\Lib\site-packages\pluggy\_callers.py", line 139, in _multicall
    teardown.throw(exception)
    ~~~~~~~~~~~~~~^^^^^^^^^^^
  File "C:\src\quorum\.venv\Lib\site-packages\_pytest\warnings.py", line 89, in pytest_runtest_protocol
    return (yield)
            ^^^^^
  File "C:\src\quorum\.venv\Lib\site-packages\pluggy\_callers.py", line 139, in _multicall
    teardown.throw(exception)
    ~~~~~~~~~~~~~~^^^^^^^^^^^
  File "C:\src\quorum\.venv\Lib\site-packages\_pytest\assertion\__init__.py", line 192, in pytest_runtest_protocol
    return (yield)
            ^^^^^
  File "C:\src\quorum\.venv\Lib\site-packages\pluggy\_callers.py", line 139, in _multicall
    teardown.throw(exception)
    ~~~~~~~~~~~~~~^^^^^^^^^^^
  File "C:\src\quorum\.venv\Lib\site-packages\_pytest\unittest.py", line 587, in pytest_runtest_protocol
    return (yield)
            ^^^^^
  File "C:\src\quorum\.venv\Lib\site-packages\pluggy\_callers.py", line 139, in _multicall
    teardown.throw(exception)
    ~~~~~~~~~~~~~~^^^^^^^^^^^
  File "C:\src\quorum\.venv\Lib\site-packages\_pytest\faulthandler.py", line 102, in pytest_runtest_protocol
    return (yield)
            ^^^^^
  File "C:\src\quorum\.venv\Lib\site-packages\pluggy\_callers.py", line 121, in _multicall
    res = hook_impl.function(*args)
  File "C:\src\quorum\.venv\Lib\site-packages\_pytest\runner.py", line 118, in pytest_runtest_protocol
    runtestprotocol(item, nextitem=nextitem)
    ~~~~~~~~~~~~~~~^^^^^^^^^^^^^^^^^^^^^^^^^
  File "C:\src\quorum\.venv\Lib\site-packages\_pytest\runner.py", line 137, in runtestprotocol
    reports.append(call_and_report(item, "call", log))
                   ~~~~~~~~~~~~~~~^^^^^^^^^^^^^^^^^^^
  File "C:\src\quorum\.venv\Lib\site-packages\_pytest\runner.py", line 251, in call_and_report
    ihook.pytest_runtest_logreport(report=report)
    ~~~~~~~~~~~~~~~~~~~~~~~~~~~~~~^^^^^^^^^^^^^^^
  File "C:\src\quorum\.venv\Lib\site-packages\pluggy\_hooks.py", line 512, in __call__
    return self._hookexec(self.name, self._hookimpls.copy(), kwargs, firstresult)
           ~~~~~~~~~~~~~~^^^^^^^^^^^^^^^^^^^^^^^^^^^^^^^^^^^^^^^^^^^^^^^^^^^^^^^^
  File "C:\src\quorum\.venv\Lib\site-packages\pluggy\_manager.py", line 120, in _hookexec
    return self._inner_hookexec(hook_name, methods, kwargs, firstresult)
           ~~~~~~~~~~~~~~~~~~~~^^^^^^^^^^^^^^^^^^^^^^^^^^^^^^^^^^^^^^^^^
  File "C:\src\quorum\.venv\Lib\site-packages\pluggy\_callers.py", line 167, in _multicall
    raise exception
  File "C:\src\quorum\.venv\Lib\site-packages\pluggy\_callers.py", line 121, in _multicall
    res = hook_impl.function(*args)
  File "C:\src\quorum\.venv\Lib\site-packages\_pytest\terminal.py", line 698, in pytest_runtest_logreport
    self.flush()
    ~~~~~~~~~~^^
  File "C:\src\quorum\.venv\Lib\site-packages\_pytest\terminal.py", line 531, in flush
    self._tw.flush()
    ~~~~~~~~~~~~~~^^
  File "C:\src\quorum\.venv\Lib\site-packages\_pytest\_io\terminalwriter.py", line 187, in flush
    self._file.flush()
    ~~~~~~~~~~~~~~~~^^
OSError: [Errno 22] Invalid argument</error></testcase></testsuite></testsuites>