============================= test session starts =============================
platform win32 -- Python 3.14.2, pytest-9.0.2, pluggy-1.6.0 -- C:\Python314\python.exe
cachedir: .pytest_cache
rootdir: C:\src\quorum
configfile: pytest.ini
plugins: anyio-4.12.1, asyncio-1.3.0
asyncio: mode=Mode.AUTO, debug=False, asyncio_default_fixture_loop_scope=function, asyncio_default_test_loop_scope=function
collecting ... collected 87 items

backend/tests/api/routes/config/test_knowledge.py::test_ingest_knowledge_base_success PASSED [  1%]
backend/tests/api/routes/config/test_knowledge.py::test_get_ingestion_status_found PASSED [  2%]
backend/tests/api/routes/config/test_knowledge.py::test_get_ingestion_status_not_found PASSED [  3%]
backend/tests/api/routes/config/test_model_safety.py::test_delete_default_strategy FAILED [  4%]
backend/tests/api/routes/config/test_model_safety.py::test_delete_nested_default_strategy PASSED [  5%]
backend/tests/api/routes/config/test_model_safety.py::test_delete_used_strategy FAILED [  6%]
backend/tests/api/routes/config/test_model_safety.py::test_delete_unused_strategy FAILED [  8%]
backend/tests/api/routes/config/test_model_safety.py::test_delete_non_existent FAILED [  9%]
backend/tests/api/routes/config/test_model_safety.py::test_delete_nested_strategy FAILED [ 10%]
backend/tests/api/test_admin_router.py::test_require_root_permission_denied PASSED [ 11%]
backend/tests/api/test_admin_router.py::test_require_admin_or_root_permission_denied PASSED [ 12%]
backend/tests/api/test_admin_router.py::test_create_user_fail_fast_permission PASSED [ 13%]
backend/tests/api/test_admin_router.py::test_create_user_fail_fast_value_error PASSED [ 14%]
backend/tests/api/test_admin_router.py::test_add_banned_phrase_validation PASSED [ 16%]
backend/tests/api/test_agents_router.py::test_run_agent_not_found PASSED [ 17%]
backend/tests/api/test_agents_router.py::test_run_agent_success PASSED   [ 18%]
backend/tests/api/test_agents_router.py::test_run_agent_validation_error PASSED [ 19%]
backend/tests/api/test_agents_router.py::test_run_agent_runtime_error PASSED [ 20%]
backend/tests/api/test_agents_router.py::test_run_agent_missing_model PASSED [ 21%]
backend/tests/api/test_agents_router.py::test_run_agent_invalid_strategy PASSED [ 22%]
backend/tests/api/test_audit_router.py::test_audit_root_access PASSED    [ 24%]
backend/tests/api/test_audit_router.py::test_audit_admin_access_own_org PASSED [ 25%]
backend/tests/api/test_audit_router.py::test_audit_admin_access_other_org_denied PASSED [ 26%]
backend/tests/api/test_audit_router.py::test_audit_member_denied PASSED  [ 27%]
backend/tests/api/test_audit_router.py::test_audit_service_failure PASSED [ 28%]
backend/tests/api/test_auth_router.py::test_verify_user_token_success PASSED [ 29%]
backend/tests/api/test_auth_router.py::test_impersonate_user_success PASSED [ 31%]
backend/tests/api/test_auth_router.py::test_impersonate_user_denied_non_root PASSED [ 32%]
backend/tests/api/test_auth_router.py::test_list_users_scoping PASSED    [ 33%]
backend/tests/api/test_builder_api.py::test_get_workflow_schema FAILED   [ 34%]
backend/tests/api/test_builder_api.py::test_get_workflow_schema_fi FAILED [ 35%]
backend/tests/api/test_builder_api.py::test_invalid_component_schema PASSED [ 36%]
backend/tests/api/test_builder_preview.py::test_preview_step_flow PASSED [ 37%]
backend/tests/api/test_builder_preview.py::test_preview_chain_flow PASSED [ 39%]
backend/tests/api/test_builder_preview.py::test_preview_not_found PASSED [ 40%]
backend/tests/api/test_llm_router.py::test_update_model_config_success PASSED [ 41%]
backend/tests/api/test_llm_router.py::test_generate_completion_invalid_strategy PASSED [ 42%]
backend/tests/api/test_llm_router.py::test_batch_completion_partial_failure PASSED [ 43%]
backend/tests/api/test_llm_router.py::test_list_providers FAILED         [ 44%]
backend/tests/api/test_localization_expansion.py::test_get_generic_schema_fi FAILED [ 45%]
backend/tests/api/test_localization_expansion.py::test_get_evaluation_matrix_schema_fi FAILED [ 47%]
backend/tests/api/test_localization_expansion.py::test_get_agents_list_fi PASSED [ 48%]
backend/tests/api/test_localization_expansion.py::test_get_schemas_list_fi PASSED [ 49%]
backend/tests/api/test_localization_expansion.py::test_get_execution_view_fi FAILED [ 50%]
backend/tests/api/test_organization_router.py::test_create_organization_root_only PASSED [ 51%]
backend/tests/api/test_organization_router.py::test_get_organization_access_control PASSED [ 52%]
backend/tests/api/test_organization_router.py::test_get_organization_usage_not_found FAILED [ 54%]
backend/tests/api/test_organization_router.py::test_delete_organization_conflict PASSED [ 55%]
backend/tests/api/test_organization_router.py::test_create_organization_user_strict_types PASSED [ 56%]
backend/tests/api/test_pdf_security.py::test_rbac_root_allow PASSED      [ 57%]
backend/tests/api/test_pdf_security.py::test_rbac_admin_allow PASSED     [ 58%]
backend/tests/api/test_pdf_security.py::test_rbac_manager_own_org_allow PASSED [ 59%]
backend/tests/api/test_pdf_security.py::test_rbac_manager_other_org_deny PASSED [ 60%]
backend/tests/api/test_pdf_security.py::test_rbac_member_own_exec_allow PASSED [ 62%]
backend/tests/api/test_pdf_security.py::test_rbac_member_other_exec_deny PASSED [ 63%]
backend/tests/api/test_pdf_security.py::test_download_endpoint_file_exists FAILED [ 64%]
backend/tests/api/test_pdf_security.py::test_download_endpoint_queues_job FAILED [ 65%]
backend/tests/api/test_settings_router.py::test_get_settings_success PASSED [ 66%]
backend/tests/api/test_settings_router.py::test_get_settings_empty_db PASSED [ 67%]
backend/tests/api/test_settings_router.py::test_update_settings_success PASSED [ 68%]
backend/tests/api/test_settings_router.py::test_update_settings_permission_denied PASSED [ 70%]
backend/tests/api/test_tools_router.py::test_web_scrape_ssrf_blocked PASSED [ 71%]
backend/tests/api/test_tools_router.py::test_web_scrape_success PASSED   [ 72%]
backend/tests/api/test_tools_router.py::test_extract_text_no_content PASSED [ 73%]
backend/tests/api/test_tools_router.py::test_extract_text_success_text PASSED [ 74%]
backend/tests/api/test_tools_router.py::test_extract_concepts_success FAILED [ 75%]
backend/tests/api/test_view_models.py::test_assessment_view_model_valid PASSED [ 77%]
backend/tests/api/test_view_models.py::test_assessment_view_model_invalid_variant PASSED [ 78%]
backend/tests/api/test_view_models.py::test_assessment_view_model_extra_forbid PASSED [ 79%]
backend/tests/api/test_workflow_control.py::test_cancel_execution_success PASSED [ 80%]
backend/tests/api/test_workflow_control.py::test_cancel_execution_already_done PASSED [ 81%]
backend/tests/api/test_workflow_control.py::test_cancel_execution_permission_denied PASSED [ 82%]
backend/tests/api/test_workflow_mapping.py::test_create_workflow_missing_mapping PASSED [ 83%]
backend/tests/api/test_workflow_mapping.py::test_update_workflow_missing_mapping PASSED [ 85%]
backend/tests/api/transformers/test_assessment.py::test_transform_success_running PASSED [ 86%]
backend/tests/api/transformers/test_assessment.py::test_transform_success_completed PASSED [ 87%]
backend/tests/api/transformers/test_assessment.py::test_transform_success_failed PASSED [ 88%]
backend/tests/api/transformers/test_assessment.py::test_transform_missing_data PASSED [ 89%]
backend/tests/api/transformers/test_domain_transformers.py::test_logic_transformer_extracts_display_model PASSED [ 90%]
backend/tests/api/transformers/test_domain_transformers.py::test_logic_transformer_handles_missing_step PASSED [ 91%]
backend/tests/api/transformers/test_domain_transformers.py::test_stress_transformer_extracts_display_model PASSED [ 93%]
backend/tests/api/transformers/test_domain_transformers.py::test_causal_transformer_extracts_display_model PASSED [ 94%]
backend/tests/api/transformers/test_domain_transformers.py::test_profiler_transformer_extracts_display_model PASSED [ 95%]
backend/tests/api/transformers/test_domain_transformers.py::test_detector_transformer_extracts_display_model PASSED [ 96%]
backend/tests/api/transformers/test_domain_transformers.py::test_driver_transformer_extracts_display_model PASSED [ 97%]
backend/tests/api/transformers/test_domain_transformers.py::test_archivist_transformer_extracts_display_model PASSED [ 98%]
backend/tests/api/transformers/test_report_transformer.py::test_report_transformer_process_all_stages PASSED [100%]

================================== FAILURES ===================================
________________________ test_delete_default_strategy _________________________
  + Exception Group Traceback (most recent call last):
  |   File "C:\Python314\Lib\site-packages\starlette\_utils.py", line 79, in collapse_excgroups
  |     yield
  |   File "C:\Python314\Lib\site-packages\starlette\middleware\base.py", line 192, in __call__
  |     async with anyio.create_task_group() as task_group:
  |                ~~~~~~~~~~~~~~~~~~~~~~~^^
  |   File "C:\Python314\Lib\site-packages\anyio\_backends\_asyncio.py", line 783, in __aexit__
  |     raise BaseExceptionGroup(
  |         "unhandled errors in a TaskGroup", self._exceptions
  |     ) from None
  | ExceptionGroup: unhandled errors in a TaskGroup (1 sub-exception)
  +-+---------------- 1 ----------------
    | Traceback (most recent call last):
    |   File "C:\Python314\Lib\site-packages\_pytest\runner.py", line 353, in from_call
    |     result: TResult | None = func()
    |                              ~~~~^^
    |   File "C:\Python314\Lib\site-packages\_pytest\runner.py", line 245, in <lambda>
    |     lambda: runtest_hook(item=item, **kwds),
    |             ~~~~~~~~~~~~^^^^^^^^^^^^^^^^^^^
    |   File "C:\Python314\Lib\site-packages\pluggy\_hooks.py", line 512, in __call__
    |     return self._hookexec(self.name, self._hookimpls.copy(), kwargs, firstresult)
    |            ~~~~~~~~~~~~~~^^^^^^^^^^^^^^^^^^^^^^^^^^^^^^^^^^^^^^^^^^^^^^^^^^^^^^^^
    |   File "C:\Python314\Lib\site-packages\pluggy\_manager.py", line 120, in _hookexec
    |     return self._inner_hookexec(hook_name, methods, kwargs, firstresult)
    |            ~~~~~~~~~~~~~~~~~~~~^^^^^^^^^^^^^^^^^^^^^^^^^^^^^^^^^^^^^^^^^
    |   File "C:\Python314\Lib\site-packages\pluggy\_callers.py", line 167, in _multicall
    |     raise exception
    |   File "C:\Python314\Lib\site-packages\pluggy\_callers.py", line 139, in _multicall
    |     teardown.throw(exception)
    |     ~~~~~~~~~~~~~~^^^^^^^^^^^
    |   File "C:\Python314\Lib\site-packages\_pytest\logging.py", line 850, in pytest_runtest_call
    |     yield
    |   File "C:\Python314\Lib\site-packages\pluggy\_callers.py", line 139, in _multicall
    |     teardown.throw(exception)
    |     ~~~~~~~~~~~~~~^^^^^^^^^^^
    |   File "C:\Python314\Lib\site-packages\_pytest\capture.py", line 900, in pytest_runtest_call
    |     return (yield)
    |             ^^^^^
    |   File "C:\Python314\Lib\site-packages\pluggy\_callers.py", line 139, in _multicall
    |     teardown.throw(exception)
    |     ~~~~~~~~~~~~~~^^^^^^^^^^^
    |   File "C:\Python314\Lib\site-packages\_pytest\skipping.py", line 268, in pytest_runtest_call
    |     return (yield)
    |             ^^^^^
    |   File "C:\Python314\Lib\site-packages\pluggy\_callers.py", line 121, in _multicall
    |     res = hook_impl.function(*args)
    |   File "C:\Python314\Lib\site-packages\_pytest\runner.py", line 179, in pytest_runtest_call
    |     item.runtest()
    |     ~~~~~~~~~~~~^^
    |   File "C:\Python314\Lib\site-packages\_pytest\python.py", line 1720, in runtest
    |     self.ihook.pytest_pyfunc_call(pyfuncitem=self)
    |     ~~~~~~~~~~~~~~~~~~~~~~~~~~~~~^^^^^^^^^^^^^^^^^
    |   File "C:\Python314\Lib\site-packages\pluggy\_hooks.py", line 512, in __call__
    |     return self._hookexec(self.name, self._hookimpls.copy(), kwargs, firstresult)
    |            ~~~~~~~~~~~~~~^^^^^^^^^^^^^^^^^^^^^^^^^^^^^^^^^^^^^^^^^^^^^^^^^^^^^^^^
    |   File "C:\Python314\Lib\site-packages\pluggy\_manager.py", line 120, in _hookexec
    |     return self._inner_hookexec(hook_name, methods, kwargs, firstresult)
    |            ~~~~~~~~~~~~~~~~~~~~^^^^^^^^^^^^^^^^^^^^^^^^^^^^^^^^^^^^^^^^^
    |   File "C:\Python314\Lib\site-packages\pluggy\_callers.py", line 167, in _multicall
    |     raise exception
    |   File "C:\Python314\Lib\site-packages\pluggy\_callers.py", line 139, in _multicall
    |     teardown.throw(exception)
    |     ~~~~~~~~~~~~~~^^^^^^^^^^^
    |   File "C:\Python314\Lib\site-packages\pluggy\_callers.py", line 53, in run_old_style_hookwrapper
    |     return result.get_result()
    |            ~~~~~~~~~~~~~~~~~^^
    |   File "C:\Python314\Lib\site-packages\pluggy\_result.py", line 103, in get_result
    |     raise exc.with_traceback(tb)
    |   File "C:\Python314\Lib\site-packages\pluggy\_callers.py", line 38, in run_old_style_hookwrapper
    |     res = yield
    |           ^^^^^
    |   File "C:\Python314\Lib\site-packages\pluggy\_callers.py", line 121, in _multicall
    |     res = hook_impl.function(*args)
    |   File "C:\Python314\Lib\site-packages\_pytest\python.py", line 166, in pytest_pyfunc_call
    |     result = testfunction(**testargs)
    |   File "C:\src\quorum\backend\tests\api\routes\config\test_model_safety.py", line 63, in test_delete_default_strategy
    |     response = client.delete(f"/v1/config/models/{DEFAULT_STRATEGY}")
    |   File "C:\Python314\Lib\site-packages\starlette\testclient.py", line 635, in delete
    |     return super().delete(
    |            ~~~~~~~~~~~~~~^
    |         url,
    |         ^^^^
    |     ...<6 lines>...
    |         extensions=extensions,
    |         ^^^^^^^^^^^^^^^^^^^^^^
    |     )
    |     ^
    |   File "C:\Python314\Lib\site-packages\httpx\_client.py", line 1251, in delete
    |     return self.request(
    |            ~~~~~~~~~~~~^
    |         "DELETE",
    |         ^^^^^^^^^
    |     ...<7 lines>...
    |         extensions=extensions,
    |         ^^^^^^^^^^^^^^^^^^^^^^
    |     )
    |     ^
    |   File "C:\Python314\Lib\site-packages\starlette\testclient.py", line 445, in request
    |     return super().request(
    |            ~~~~~~~~~~~~~~~^
    |         method,
    |         ^^^^^^^
    |     ...<11 lines>...
    |         extensions=extensions,
    |         ^^^^^^^^^^^^^^^^^^^^^^
    |     )
    |     ^
    |   File "C:\Python314\Lib\site-packages\httpx\_client.py", line 825, in request
    |     return self.send(request, auth=auth, follow_redirects=follow_redirects)
    |            ~~~~~~~~~^^^^^^^^^^^^^^^^^^^^^^^^^^^^^^^^^^^^^^^^^^^^^^^^^^^^^^^
    |   File "C:\Python314\Lib\site-packages\httpx\_client.py", line 914, in send
    |     response = self._send_handling_auth(
    |         request,
    |     ...<2 lines>...
    |         history=[],
    |     )
    |   File "C:\Python314\Lib\site-packages\httpx\_client.py", line 942, in _send_handling_auth
    |     response = self._send_handling_redirects(
    |         request,
    |         follow_redirects=follow_redirects,
    |         history=history,
    |     )
    |   File "C:\Python314\Lib\site-packages\httpx\_client.py", line 979, in _send_handling_redirects
    |     response = self._send_single_request(request)
    |   File "C:\Python314\Lib\site-packages\httpx\_client.py", line 1014, in _send_single_request
    |     response = transport.handle_request(request)
    |   File "C:\Python314\Lib\site-packages\starlette\testclient.py", line 348, in handle_request
    |     raise exc
    |   File "C:\Python314\Lib\site-packages\starlette\testclient.py", line 345, in handle_request
    |     portal.call(self.app, scope, receive, send)
    |     ~~~~~~~~~~~^^^^^^^^^^^^^^^^^^^^^^^^^^^^^^^^
    |   File "C:\Python314\Lib\site-packages\anyio\from_thread.py", line 334, in call
    |     return cast(T_Retval, self.start_task_soon(func, *args).result())
    |                           ~~~~~~~~~~~~~~~~~~~~~~~~~~~~~~~~~~~~~~~~^^
    |   File "C:\Python314\Lib\concurrent\futures\_base.py", line 450, in result
    |     return self.__get_result()
    |            ~~~~~~~~~~~~~~~~~^^
    |   File "C:\Python314\Lib\concurrent\futures\_base.py", line 395, in __get_result
    |     raise self._exception
    |   File "C:\Python314\Lib\site-packages\anyio\from_thread.py", line 259, in _call_func
    |     retval = await retval_or_awaitable
    |              ^^^^^^^^^^^^^^^^^^^^^^^^^
    |   File "C:\Python314\Lib\site-packages\fastapi\applications.py", line 1135, in __call__
    |     await super().__call__(scope, receive, send)
    |   File "C:\Python314\Lib\site-packages\starlette\applications.py", line 107, in __call__
    |     await self.middleware_stack(scope, receive, send)
    |   File "C:\Python314\Lib\site-packages\starlette\middleware\errors.py", line 186, in __call__
    |     raise exc
    |   File "C:\Python314\Lib\site-packages\starlette\middleware\errors.py", line 164, in __call__
    |     await self.app(scope, receive, _send)
    |   File "C:\Python314\Lib\site-packages\starlette\middleware\base.py", line 191, in __call__
    |     with recv_stream, send_stream, collapse_excgroups():
    |                                    ~~~~~~~~~~~~~~~~~~^^
    |   File "C:\Python314\Lib\contextlib.py", line 162, in __exit__
    |     self.gen.throw(value)
    |     ~~~~~~~~~~~~~~^^^^^^^
    |   File "C:\Python314\Lib\site-packages\starlette\_utils.py", line 85, in collapse_excgroups
    |     raise exc
    |   File "C:\Python314\Lib\site-packages\starlette\middleware\base.py", line 193, in __call__
    |     response = await self.dispatch_func(request, call_next)
    |                ^^^^^^^^^^^^^^^^^^^^^^^^^^^^^^^^^^^^^^^^^^^^
    |   File "C:\src\quorum\backend\main.py", line 165, in dispatch
    |     response = await call_next(request)
    |                ^^^^^^^^^^^^^^^^^^^^^^^^
    |   File "C:\Python314\Lib\site-packages\starlette\middleware\base.py", line 168, in call_next
    |     raise app_exc from app_exc.__cause__ or app_exc.__context__
    |   File "C:\Python314\Lib\site-packages\starlette\middleware\base.py", line 144, in coro
    |     await self.app(scope, receive_or_disconnect, send_no_error)
    |   File "C:\Python314\Lib\site-packages\starlette\middleware\base.py", line 191, in __call__
    |     with recv_stream, send_stream, collapse_excgroups():
    |                                    ~~~~~~~~~~~~~~~~~~^^
    |   File "C:\Python314\Lib\contextlib.py", line 162, in __exit__
    |     self.gen.throw(value)
    |     ~~~~~~~~~~~~~~^^^^^^^
    |   File "C:\Python314\Lib\site-packages\starlette\_utils.py", line 85, in collapse_excgroups
    |     raise exc
    |   File "C:\Python314\Lib\site-packages\starlette\middleware\base.py", line 193, in __call__
    |     response = await self.dispatch_func(request, call_next)
    |                ^^^^^^^^^^^^^^^^^^^^^^^^^^^^^^^^^^^^^^^^^^^^
    |   File "C:\src\quorum\backend\main.py", line 135, in dispatch
    |     response = await call_next(request)
    |                ^^^^^^^^^^^^^^^^^^^^^^^^
    |   File "C:\Python314\Lib\site-packages\starlette\middleware\base.py", line 168, in call_next
    |     raise app_exc from app_exc.__cause__ or app_exc.__context__
    |   File "C:\Python314\Lib\site-packages\starlette\middleware\base.py", line 144, in coro
    |     await self.app(scope, receive_or_disconnect, send_no_error)
    |   File "C:\Python314\Lib\site-packages\starlette\middleware\cors.py", line 85, in __call__
    |     await self.app(scope, receive, send)
    |   File "C:\Python314\Lib\site-packages\starlette\middleware\exceptions.py", line 63, in __call__
    |     await wrap_app_handling_exceptions(self.app, conn)(scope, receive, send)
    |   File "C:\Python314\Lib\site-packages\starlette\_exception_handler.py", line 53, in wrapped_app
    |     raise exc
    |   File "C:\Python314\Lib\site-packages\starlette\_exception_handler.py", line 42, in wrapped_app
    |     await app(scope, receive, sender)
    |   File "C:\Python314\Lib\site-packages\fastapi\middleware\asyncexitstack.py", line 18, in __call__
    |     await self.app(scope, receive, send)
    |   File "C:\Python314\Lib\site-packages\starlette\routing.py", line 716, in __call__
    |     await self.middleware_stack(scope, receive, send)
    |   File "C:\Python314\Lib\site-packages\starlette\routing.py", line 736, in app
    |     await route.handle(scope, receive, send)
    |   File "C:\Python314\Lib\site-packages\starlette\routing.py", line 290, in handle
    |     await self.app(scope, receive, send)
    |   File "C:\Python314\Lib\site-packages\fastapi\routing.py", line 115, in app
    |     await wrap_app_handling_exceptions(app, request)(scope, receive, send)
    |   File "C:\Python314\Lib\site-packages\starlette\_exception_handler.py", line 53, in wrapped_app
    |     raise exc
    |   File "C:\Python314\Lib\site-packages\starlette\_exception_handler.py", line 42, in wrapped_app
    |     await app(scope, receive, sender)
    |   File "C:\Python314\Lib\site-packages\fastapi\routing.py", line 101, in app
    |     response = await f(request)
    |                ^^^^^^^^^^^^^^^^
    |   File "C:\Python314\Lib\site-packages\fastapi\routing.py", line 345, in app
    |     solved_result = await solve_dependencies(
    |                     ^^^^^^^^^^^^^^^^^^^^^^^^^
    |     ...<6 lines>...
    |     )
    |     ^
    |   File "C:\Python314\Lib\site-packages\fastapi\dependencies\utils.py", line 643, in solve_dependencies
    |     solved = await call(**solved_result.values)
    |              ^^^^^^^^^^^^^^^^^^^^^^^^^^^^^^^^^^
    |   File "C:\src\quorum\backend\dependencies.py", line 70, in get_async_repository
    |     db_client = get_db_client_dep()
    |   File "C:\src\quorum\backend\dependencies.py", line 56, in get_db_client_dep
    |     _db_client_instance = get_db_client()
    |   File "C:\src\quorum\backend\database\wrapper.py", line 395, in get_db_client
    |     return TinyDBClient(settings.mock_db_path)
    |   File "C:\src\quorum\backend\database\wrapper.py", line 171, in __init__
    |     os.makedirs(os.path.dirname(path), exist_ok=True)
    |                 ~~~~~~~~~~~~~~~^^^^^^
    |   File "<frozen ntpath>", line 263, in dirname
    |   File "<frozen ntpath>", line 227, in split
    | TypeError: expected str, bytes or os.PathLike object, not Mock
    +------------------------------------

The above exception was the direct cause of the following exception:

Traceback (most recent call last):
  File "C:\src\quorum\backend\tests\api\routes\config\test_model_safety.py", line 63, in test_delete_default_strategy
    response = client.delete(f"/v1/config/models/{DEFAULT_STRATEGY}")
  File "C:\Python314\Lib\site-packages\starlette\testclient.py", line 635, in delete
    return super().delete(
           ~~~~~~~~~~~~~~^
        url,
        ^^^^
    ...<6 lines>...
        extensions=extensions,
        ^^^^^^^^^^^^^^^^^^^^^^
    )
    ^
  File "C:\Python314\Lib\site-packages\httpx\_client.py", line 1251, in delete
    return self.request(
           ~~~~~~~~~~~~^
        "DELETE",
        ^^^^^^^^^
    ...<7 lines>...
        extensions=extensions,
        ^^^^^^^^^^^^^^^^^^^^^^
    )
    ^
  File "C:\Python314\Lib\site-packages\starlette\testclient.py", line 445, in request
    return super().request(
           ~~~~~~~~~~~~~~~^
        method,
        ^^^^^^^
    ...<11 lines>...
        extensions=extensions,
        ^^^^^^^^^^^^^^^^^^^^^^
    )
    ^
  File "C:\Python314\Lib\site-packages\httpx\_client.py", line 825, in request
    return self.send(request, auth=auth, follow_redirects=follow_redirects)
           ~~~~~~~~~^^^^^^^^^^^^^^^^^^^^^^^^^^^^^^^^^^^^^^^^^^^^^^^^^^^^^^^
  File "C:\Python314\Lib\site-packages\httpx\_client.py", line 914, in send
    response = self._send_handling_auth(
        request,
    ...<2 lines>...
        history=[],
    )
  File "C:\Python314\Lib\site-packages\httpx\_client.py", line 942, in _send_handling_auth
    response = self._send_handling_redirects(
        request,
        follow_redirects=follow_redirects,
        history=history,
    )
  File "C:\Python314\Lib\site-packages\httpx\_client.py", line 979, in _send_handling_redirects
    response = self._send_single_request(request)
  File "C:\Python314\Lib\site-packages\httpx\_client.py", line 1014, in _send_single_request
    response = transport.handle_request(request)
  File "C:\Python314\Lib\site-packages\starlette\testclient.py", line 348, in handle_request
    raise exc
  File "C:\Python314\Lib\site-packages\starlette\testclient.py", line 345, in handle_request
    portal.call(self.app, scope, receive, send)
    ~~~~~~~~~~~^^^^^^^^^^^^^^^^^^^^^^^^^^^^^^^^
  File "C:\Python314\Lib\site-packages\anyio\from_thread.py", line 334, in call
    return cast(T_Retval, self.start_task_soon(func, *args).result())
                          ~~~~~~~~~~~~~~~~~~~~~~~~~~~~~~~~~~~~~~~~^^
  File "C:\Python314\Lib\concurrent\futures\_base.py", line 450, in result
    return self.__get_result()
           ~~~~~~~~~~~~~~~~~^^
  File "C:\Python314\Lib\concurrent\futures\_base.py", line 395, in __get_result
    raise self._exception
  File "C:\Python314\Lib\site-packages\anyio\from_thread.py", line 259, in _call_func
    retval = await retval_or_awaitable
             ^^^^^^^^^^^^^^^^^^^^^^^^^
  File "C:\Python314\Lib\site-packages\fastapi\applications.py", line 1135, in __call__
    await super().__call__(scope, receive, send)
  File "C:\Python314\Lib\site-packages\starlette\applications.py", line 107, in __call__
    await self.middleware_stack(scope, receive, send)
  File "C:\Python314\Lib\site-packages\starlette\middleware\errors.py", line 186, in __call__
    raise exc
  File "C:\Python314\Lib\site-packages\starlette\middleware\errors.py", line 164, in __call__
    await self.app(scope, receive, _send)
  File "C:\Python314\Lib\site-packages\starlette\middleware\base.py", line 191, in __call__
    with recv_stream, send_stream, collapse_excgroups():
                                   ~~~~~~~~~~~~~~~~~~^^
  File "C:\Python314\Lib\contextlib.py", line 162, in __exit__
    self.gen.throw(value)
    ~~~~~~~~~~~~~~^^^^^^^
  File "C:\Python314\Lib\site-packages\starlette\_utils.py", line 85, in collapse_excgroups
    raise exc
  File "C:\Python314\Lib\site-packages\starlette\middleware\base.py", line 193, in __call__
    response = await self.dispatch_func(request, call_next)
               ^^^^^^^^^^^^^^^^^^^^^^^^^^^^^^^^^^^^^^^^^^^^
  File "C:\src\quorum\backend\main.py", line 165, in dispatch
    response = await call_next(request)
               ^^^^^^^^^^^^^^^^^^^^^^^^
  File "C:\Python314\Lib\site-packages\starlette\middleware\base.py", line 168, in call_next
    raise app_exc from app_exc.__cause__ or app_exc.__context__
  File "C:\Python314\Lib\site-packages\starlette\middleware\base.py", line 144, in coro
    await self.app(scope, receive_or_disconnect, send_no_error)
  File "C:\Python314\Lib\site-packages\starlette\middleware\base.py", line 191, in __call__
    with recv_stream, send_stream, collapse_excgroups():
                                   ~~~~~~~~~~~~~~~~~~^^
  File "C:\Python314\Lib\contextlib.py", line 162, in __exit__
    self.gen.throw(value)
    ~~~~~~~~~~~~~~^^^^^^^
  File "C:\Python314\Lib\site-packages\starlette\_utils.py", line 85, in collapse_excgroups
    raise exc
  File "C:\Python314\Lib\site-packages\starlette\middleware\base.py", line 193, in __call__
    response = await self.dispatch_func(request, call_next)
               ^^^^^^^^^^^^^^^^^^^^^^^^^^^^^^^^^^^^^^^^^^^^
  File "C:\src\quorum\backend\main.py", line 135, in dispatch
    response = await call_next(request)
               ^^^^^^^^^^^^^^^^^^^^^^^^
  File "C:\Python314\Lib\site-packages\starlette\middleware\base.py", line 168, in call_next
    raise app_exc from app_exc.__cause__ or app_exc.__context__
  File "C:\Python314\Lib\site-packages\starlette\middleware\base.py", line 144, in coro
    await self.app(scope, receive_or_disconnect, send_no_error)
  File "C:\Python314\Lib\site-packages\starlette\middleware\cors.py", line 85, in __call__
    await self.app(scope, receive, send)
  File "C:\Python314\Lib\site-packages\starlette\middleware\exceptions.py", line 63, in __call__
    await wrap_app_handling_exceptions(self.app, conn)(scope, receive, send)
  File "C:\Python314\Lib\site-packages\starlette\_exception_handler.py", line 53, in wrapped_app
    raise exc
  File "C:\Python314\Lib\site-packages\starlette\_exception_handler.py", line 42, in wrapped_app
    await app(scope, receive, sender)
  File "C:\Python314\Lib\site-packages\fastapi\middleware\asyncexitstack.py", line 18, in __call__
    await self.app(scope, receive, send)
  File "C:\Python314\Lib\site-packages\starlette\routing.py", line 716, in __call__
    await self.middleware_stack(scope, receive, send)
  File "C:\Python314\Lib\site-packages\starlette\routing.py", line 736, in app
    await route.handle(scope, receive, send)
  File "C:\Python314\Lib\site-packages\starlette\routing.py", line 290, in handle
    await self.app(scope, receive, send)
  File "C:\Python314\Lib\site-packages\fastapi\routing.py", line 115, in app
    await wrap_app_handling_exceptions(app, request)(scope, receive, send)
  File "C:\Python314\Lib\site-packages\starlette\_exception_handler.py", line 53, in wrapped_app
    raise exc
  File "C:\Python314\Lib\site-packages\starlette\_exception_handler.py", line 42, in wrapped_app
    await app(scope, receive, sender)
  File "C:\Python314\Lib\site-packages\fastapi\routing.py", line 101, in app
    response = await f(request)
               ^^^^^^^^^^^^^^^^
  File "C:\Python314\Lib\site-packages\fastapi\routing.py", line 345, in app
    solved_result = await solve_dependencies(
                    ^^^^^^^^^^^^^^^^^^^^^^^^^
    ...<6 lines>...
    )
    ^
  File "C:\Python314\Lib\site-packages\fastapi\dependencies\utils.py", line 643, in solve_dependencies
    solved = await call(**solved_result.values)
             ^^^^^^^^^^^^^^^^^^^^^^^^^^^^^^^^^^
  File "C:\src\quorum\backend\dependencies.py", line 70, in get_async_repository
    db_client = get_db_client_dep()
  File "C:\src\quorum\backend\dependencies.py", line 56, in get_db_client_dep
    _db_client_instance = get_db_client()
  File "C:\src\quorum\backend\database\wrapper.py", line 395, in get_db_client
    return TinyDBClient(settings.mock_db_path)
  File "C:\src\quorum\backend\database\wrapper.py", line 171, in __init__
    os.makedirs(os.path.dirname(path), exist_ok=True)
                ~~~~~~~~~~~~~~~^^^^^^
  File "<frozen ntpath>", line 263, in dirname
  File "<frozen ntpath>", line 227, in split
TypeError: expected str, bytes or os.PathLike object, not Mock

The above exception was the direct cause of the following exception:

mock_settings = <Mock name='get_settings()' spec='Settings' id='2012958579680'>

    def test_delete_default_strategy(mock_settings):
        """Ensure deleting the default strategy returns 403."""
>       response = client.delete(f"/v1/config/models/{DEFAULT_STRATEGY}")
                   ^^^^^^^^^^^^^^^^^^^^^^^^^^^^^^^^^^^^^^^^^^^^^^^^^^^^^^

backend\tests\api\routes\config\test_model_safety.py:63: 
_ _ _ _ _ _ _ _ _ _ _ _ _ _ _ _ _ _ _ _ _ _ _ _ _ _ _ _ _ _ _ _ _ _ _ _ _ _ _ _
C:\Python314\Lib\site-packages\starlette\testclient.py:635: in delete
    return super().delete(
C:\Python314\Lib\site-packages\httpx\_client.py:1251: in delete
    return self.request(
C:\Python314\Lib\site-packages\starlette\testclient.py:445: in request
    return super().request(
C:\Python314\Lib\site-packages\httpx\_client.py:825: in request
    return self.send(request, auth=auth, follow_redirects=follow_redirects)
           ^^^^^^^^^^^^^^^^^^^^^^^^^^^^^^^^^^^^^^^^^^^^^^^^^^^^^^^^^^^^^^^^
C:\Python314\Lib\site-packages\httpx\_client.py:914: in send
    response = self._send_handling_auth(
C:\Python314\Lib\site-packages\httpx\_client.py:942: in _send_handling_auth
    response = self._send_handling_redirects(
C:\Python314\Lib\site-packages\httpx\_client.py:979: in _send_handling_redirects
    response = self._send_single_request(request)
               ^^^^^^^^^^^^^^^^^^^^^^^^^^^^^^^^^^
C:\Python314\Lib\site-packages\httpx\_client.py:1014: in _send_single_request
    response = transport.handle_request(request)
               ^^^^^^^^^^^^^^^^^^^^^^^^^^^^^^^^^
C:\Python314\Lib\site-packages\starlette\testclient.py:348: in handle_request
    raise exc
C:\Python314\Lib\site-packages\starlette\testclient.py:345: in handle_request
    portal.call(self.app, scope, receive, send)
C:\Python314\Lib\site-packages\anyio\from_thread.py:334: in call
    return cast(T_Retval, self.start_task_soon(func, *args).result())
                          ^^^^^^^^^^^^^^^^^^^^^^^^^^^^^^^^^^^^^^^^^^
C:\Python314\Lib\concurrent\futures\_base.py:450: in result
    return self.__get_result()
           ^^^^^^^^^^^^^^^^^^^
C:\Python314\Lib\concurrent\futures\_base.py:395: in __get_result
    raise self._exception
C:\Python314\Lib\site-packages\anyio\from_thread.py:259: in _call_func
    retval = await retval_or_awaitable
             ^^^^^^^^^^^^^^^^^^^^^^^^^
C:\Python314\Lib\site-packages\fastapi\applications.py:1135: in __call__
    await super().__call__(scope, receive, send)
C:\Python314\Lib\site-packages\starlette\applications.py:107: in __call__
    await self.middleware_stack(scope, receive, send)
C:\Python314\Lib\site-packages\starlette\middleware\errors.py:186: in __call__
    raise exc
C:\Python314\Lib\site-packages\starlette\middleware\errors.py:164: in __call__
    await self.app(scope, receive, _send)
C:\Python314\Lib\site-packages\starlette\middleware\base.py:191: in __call__
    with recv_stream, send_stream, collapse_excgroups():
                                   ^^^^^^^^^^^^^^^^^^^^
C:\Python314\Lib\contextlib.py:162: in __exit__
    self.gen.throw(value)
C:\Python314\Lib\site-packages\starlette\_utils.py:85: in collapse_excgroups
    raise exc
C:\Python314\Lib\site-packages\starlette\middleware\base.py:193: in __call__
    response = await self.dispatch_func(request, call_next)
               ^^^^^^^^^^^^^^^^^^^^^^^^^^^^^^^^^^^^^^^^^^^^
backend\main.py:165: in dispatch
    response = await call_next(request)
               ^^^^^^^^^^^^^^^^^^^^^^^^
C:\Python314\Lib\site-packages\starlette\middleware\base.py:168: in call_next
    raise app_exc from app_exc.__cause__ or app_exc.__context__
C:\Python314\Lib\site-packages\starlette\middleware\base.py:144: in coro
    await self.app(scope, receive_or_disconnect, send_no_error)
C:\Python314\Lib\site-packages\starlette\middleware\base.py:191: in __call__
    with recv_stream, send_stream, collapse_excgroups():
                                   ^^^^^^^^^^^^^^^^^^^^
C:\Python314\Lib\contextlib.py:162: in __exit__
    self.gen.throw(value)
C:\Python314\Lib\site-packages\starlette\_utils.py:85: in collapse_excgroups
    raise exc
C:\Python314\Lib\site-packages\starlette\middleware\base.py:193: in __call__
    response = await self.dispatch_func(request, call_next)
               ^^^^^^^^^^^^^^^^^^^^^^^^^^^^^^^^^^^^^^^^^^^^
backend\main.py:135: in dispatch
    response = await call_next(request)
               ^^^^^^^^^^^^^^^^^^^^^^^^
C:\Python314\Lib\site-packages\starlette\middleware\base.py:168: in call_next
    raise app_exc from app_exc.__cause__ or app_exc.__context__
C:\Python314\Lib\site-packages\starlette\middleware\base.py:144: in coro
    await self.app(scope, receive_or_disconnect, send_no_error)
C:\Python314\Lib\site-packages\starlette\middleware\cors.py:85: in __call__
    await self.app(scope, receive, send)
C:\Python314\Lib\site-packages\starlette\middleware\exceptions.py:63: in __call__
    await wrap_app_handling_exceptions(self.app, conn)(scope, receive, send)
C:\Python314\Lib\site-packages\starlette\_exception_handler.py:53: in wrapped_app
    raise exc
C:\Python314\Lib\site-packages\starlette\_exception_handler.py:42: in wrapped_app
    await app(scope, receive, sender)
C:\Python314\Lib\site-packages\fastapi\middleware\asyncexitstack.py:18: in __call__
    await self.app(scope, receive, send)
C:\Python314\Lib\site-packages\starlette\routing.py:716: in __call__
    await self.middleware_stack(scope, receive, send)
C:\Python314\Lib\site-packages\starlette\routing.py:736: in app
    await route.handle(scope, receive, send)
C:\Python314\Lib\site-packages\starlette\routing.py:290: in handle
    await self.app(scope, receive, send)
C:\Python314\Lib\site-packages\fastapi\routing.py:115: in app
    await wrap_app_handling_exceptions(app, request)(scope, receive, send)
C:\Python314\Lib\site-packages\starlette\_exception_handler.py:53: in wrapped_app
    raise exc
C:\Python314\Lib\site-packages\starlette\_exception_handler.py:42: in wrapped_app
    await app(scope, receive, sender)
C:\Python314\Lib\site-packages\fastapi\routing.py:101: in app
    response = await f(request)
               ^^^^^^^^^^^^^^^^
C:\Python314\Lib\site-packages\fastapi\routing.py:345: in app
    solved_result = await solve_dependencies(
C:\Python314\Lib\site-packages\fastapi\dependencies\utils.py:643: in solve_dependencies
    solved = await call(**solved_result.values)
             ^^^^^^^^^^^^^^^^^^^^^^^^^^^^^^^^^^
backend\dependencies.py:70: in get_async_repository
    db_client = get_db_client_dep()
                ^^^^^^^^^^^^^^^^^^^
backend\dependencies.py:56: in get_db_client_dep
    _db_client_instance = get_db_client()
                          ^^^^^^^^^^^^^^^
backend\database\wrapper.py:395: in get_db_client
    return TinyDBClient(settings.mock_db_path)
           ^^^^^^^^^^^^^^^^^^^^^^^^^^^^^^^^^^^
backend\database\wrapper.py:171: in __init__
    os.makedirs(os.path.dirname(path), exist_ok=True)
                ^^^^^^^^^^^^^^^^^^^^^
<frozen ntpath>:263: in dirname
    ???
_ _ _ _ _ _ _ _ _ _ _ _ _ _ _ _ _ _ _ _ _ _ _ _ _ _ _ _ _ _ _ _ _ _ _ _ _ _ _ _

p = <Mock name='get_settings().mock_db_path' id='2012958588416'>

>   ???
E   TypeError: expected str, bytes or os.PathLike object, not Mock

<frozen ntpath>:227: TypeError
------------------------------ Captured log call ------------------------------
ERROR    backend.main:main.py:269 INTERNAL_SERVER_ERROR: expected str, bytes or os.PathLike object, not Mock
  + Exception Group Traceback (most recent call last):
  |   File "C:\Python314\Lib\site-packages\starlette\_utils.py", line 79, in collapse_excgroups
  |     yield
  |   File "C:\Python314\Lib\site-packages\starlette\middleware\base.py", line 192, in __call__
  |     async with anyio.create_task_group() as task_group:
  |                ~~~~~~~~~~~~~~~~~~~~~~~^^
  |   File "C:\Python314\Lib\site-packages\anyio\_backends\_asyncio.py", line 783, in __aexit__
  |     raise BaseExceptionGroup(
  |         "unhandled errors in a TaskGroup", self._exceptions
  |     ) from None
  | ExceptionGroup: unhandled errors in a TaskGroup (1 sub-exception)
  +-+---------------- 1 ----------------
    | Traceback (most recent call last):
    |   File "C:\Python314\Lib\site-packages\starlette\middleware\errors.py", line 164, in __call__
    |     await self.app(scope, receive, _send)
    |   File "C:\Python314\Lib\site-packages\starlette\middleware\base.py", line 191, in __call__
    |     with recv_stream, send_stream, collapse_excgroups():
    |                                    ~~~~~~~~~~~~~~~~~~^^
    |   File "C:\Python314\Lib\contextlib.py", line 162, in __exit__
    |     self.gen.throw(value)
    |     ~~~~~~~~~~~~~~^^^^^^^
    |   File "C:\Python314\Lib\site-packages\starlette\_utils.py", line 85, in collapse_excgroups
    |     raise exc
    |   File "C:\Python314\Lib\site-packages\starlette\middleware\base.py", line 193, in __call__
    |     response = await self.dispatch_func(request, call_next)
    |                ^^^^^^^^^^^^^^^^^^^^^^^^^^^^^^^^^^^^^^^^^^^^
    |   File "C:\src\quorum\backend\main.py", line 165, in dispatch
    |     response = await call_next(request)
    |                ^^^^^^^^^^^^^^^^^^^^^^^^
    |   File "C:\Python314\Lib\site-packages\starlette\middleware\base.py", line 168, in call_next
    |     raise app_exc from app_exc.__cause__ or app_exc.__context__
    |   File "C:\Python314\Lib\site-packages\starlette\middleware\base.py", line 144, in coro
    |     await self.app(scope, receive_or_disconnect, send_no_error)
    |   File "C:\Python314\Lib\site-packages\starlette\middleware\base.py", line 191, in __call__
    |     with recv_stream, send_stream, collapse_excgroups():
    |                                    ~~~~~~~~~~~~~~~~~~^^
    |   File "C:\Python314\Lib\contextlib.py", line 162, in __exit__
    |     self.gen.throw(value)
    |     ~~~~~~~~~~~~~~^^^^^^^
    |   File "C:\Python314\Lib\site-packages\starlette\_utils.py", line 85, in collapse_excgroups
    |     raise exc
    |   File "C:\Python314\Lib\site-packages\starlette\middleware\base.py", line 193, in __call__
    |     response = await self.dispatch_func(request, call_next)
    |                ^^^^^^^^^^^^^^^^^^^^^^^^^^^^^^^^^^^^^^^^^^^^
    |   File "C:\src\quorum\backend\main.py", line 135, in dispatch
    |     response = await call_next(request)
    |                ^^^^^^^^^^^^^^^^^^^^^^^^
    |   File "C:\Python314\Lib\site-packages\starlette\middleware\base.py", line 168, in call_next
    |     raise app_exc from app_exc.__cause__ or app_exc.__context__
    |   File "C:\Python314\Lib\site-packages\starlette\middleware\base.py", line 144, in coro
    |     await self.app(scope, receive_or_disconnect, send_no_error)
    |   File "C:\Python314\Lib\site-packages\starlette\middleware\cors.py", line 85, in __call__
    |     await self.app(scope, receive, send)
    |   File "C:\Python314\Lib\site-packages\starlette\middleware\exceptions.py", line 63, in __call__
    |     await wrap_app_handling_exceptions(self.app, conn)(scope, receive, send)
    |   File "C:\Python314\Lib\site-packages\starlette\_exception_handler.py", line 53, in wrapped_app
    |     raise exc
    |   File "C:\Python314\Lib\site-packages\starlette\_exception_handler.py", line 42, in wrapped_app
    |     await app(scope, receive, sender)
    |   File "C:\Python314\Lib\site-packages\fastapi\middleware\asyncexitstack.py", line 18, in __call__
    |     await self.app(scope, receive, send)
    |   File "C:\Python314\Lib\site-packages\starlette\routing.py", line 716, in __call__
    |     await self.middleware_stack(scope, receive, send)
    |   File "C:\Python314\Lib\site-packages\starlette\routing.py", line 736, in app
    |     await route.handle(scope, receive, send)
    |   File "C:\Python314\Lib\site-packages\starlette\routing.py", line 290, in handle
    |     await self.app(scope, receive, send)
    |   File "C:\Python314\Lib\site-packages\fastapi\routing.py", line 115, in app
    |     await wrap_app_handling_exceptions(app, request)(scope, receive, send)
    |   File "C:\Python314\Lib\site-packages\starlette\_exception_handler.py", line 53, in wrapped_app
    |     raise exc
    |   File "C:\Python314\Lib\site-packages\starlette\_exception_handler.py", line 42, in wrapped_app
    |     await app(scope, receive, sender)
    |   File "C:\Python314\Lib\site-packages\fastapi\routing.py", line 101, in app
    |     response = await f(request)
    |                ^^^^^^^^^^^^^^^^
    |   File "C:\Python314\Lib\site-packages\fastapi\routing.py", line 345, in app
    |     solved_result = await solve_dependencies(
    |                     ^^^^^^^^^^^^^^^^^^^^^^^^^
    |     ...<6 lines>...
    |     )
    |     ^
    |   File "C:\Python314\Lib\site-packages\fastapi\dependencies\utils.py", line 643, in solve_dependencies
    |     solved = await call(**solved_result.values)
    |              ^^^^^^^^^^^^^^^^^^^^^^^^^^^^^^^^^^
    |   File "C:\src\quorum\backend\dependencies.py", line 70, in get_async_repository
    |     db_client = get_db_client_dep()
    |   File "C:\src\quorum\backend\dependencies.py", line 56, in get_db_client_dep
    |     _db_client_instance = get_db_client()
    |   File "C:\src\quorum\backend\database\wrapper.py", line 395, in get_db_client
    |     return TinyDBClient(settings.mock_db_path)
    |   File "C:\src\quorum\backend\database\wrapper.py", line 171, in __init__
    |     os.makedirs(os.path.dirname(path), exist_ok=True)
    |                 ~~~~~~~~~~~~~~~^^^^^^
    |   File "<frozen ntpath>", line 263, in dirname
    |   File "<frozen ntpath>", line 227, in split
    | TypeError: expected str, bytes or os.PathLike object, not Mock
    +------------------------------------

The above exception was the direct cause of the following exception:

Traceback (most recent call last):
  File "C:\Python314\Lib\site-packages\starlette\middleware\errors.py", line 164, in __call__
    await self.app(scope, receive, _send)
  File "C:\Python314\Lib\site-packages\starlette\middleware\base.py", line 191, in __call__
    with recv_stream, send_stream, collapse_excgroups():
                                   ~~~~~~~~~~~~~~~~~~^^
  File "C:\Python314\Lib\contextlib.py", line 162, in __exit__
    self.gen.throw(value)
    ~~~~~~~~~~~~~~^^^^^^^
  File "C:\Python314\Lib\site-packages\starlette\_utils.py", line 85, in collapse_excgroups
    raise exc
  File "C:\Python314\Lib\site-packages\starlette\middleware\base.py", line 193, in __call__
    response = await self.dispatch_func(request, call_next)
               ^^^^^^^^^^^^^^^^^^^^^^^^^^^^^^^^^^^^^^^^^^^^
  File "C:\src\quorum\backend\main.py", line 165, in dispatch
    response = await call_next(request)
               ^^^^^^^^^^^^^^^^^^^^^^^^
  File "C:\Python314\Lib\site-packages\starlette\middleware\base.py", line 168, in call_next
    raise app_exc from app_exc.__cause__ or app_exc.__context__
  File "C:\Python314\Lib\site-packages\starlette\middleware\base.py", line 144, in coro
    await self.app(scope, receive_or_disconnect, send_no_error)
  File "C:\Python314\Lib\site-packages\starlette\middleware\base.py", line 191, in __call__
    with recv_stream, send_stream, collapse_excgroups():
                                   ~~~~~~~~~~~~~~~~~~^^
  File "C:\Python314\Lib\contextlib.py", line 162, in __exit__
    self.gen.throw(value)
    ~~~~~~~~~~~~~~^^^^^^^
  File "C:\Python314\Lib\site-packages\starlette\_utils.py", line 85, in collapse_excgroups
    raise exc
  File "C:\Python314\Lib\site-packages\starlette\middleware\base.py", line 193, in __call__
    response = await self.dispatch_func(request, call_next)
               ^^^^^^^^^^^^^^^^^^^^^^^^^^^^^^^^^^^^^^^^^^^^
  File "C:\src\quorum\backend\main.py", line 135, in dispatch
    response = await call_next(request)
               ^^^^^^^^^^^^^^^^^^^^^^^^
  File "C:\Python314\Lib\site-packages\starlette\middleware\base.py", line 168, in call_next
    raise app_exc from app_exc.__cause__ or app_exc.__context__
  File "C:\Python314\Lib\site-packages\starlette\middleware\base.py", line 144, in coro
    await self.app(scope, receive_or_disconnect, send_no_error)
  File "C:\Python314\Lib\site-packages\starlette\middleware\cors.py", line 85, in __call__
    await self.app(scope, receive, send)
  File "C:\Python314\Lib\site-packages\starlette\middleware\exceptions.py", line 63, in __call__
    await wrap_app_handling_exceptions(self.app, conn)(scope, receive, send)
  File "C:\Python314\Lib\site-packages\starlette\_exception_handler.py", line 53, in wrapped_app
    raise exc
  File "C:\Python314\Lib\site-packages\starlette\_exception_handler.py", line 42, in wrapped_app
    await app(scope, receive, sender)
  File "C:\Python314\Lib\site-packages\fastapi\middleware\asyncexitstack.py", line 18, in __call__
    await self.app(scope, receive, send)
  File "C:\Python314\Lib\site-packages\starlette\routing.py", line 716, in __call__
    await self.middleware_stack(scope, receive, send)
  File "C:\Python314\Lib\site-packages\starlette\routing.py", line 736, in app
    await route.handle(scope, receive, send)
  File "C:\Python314\Lib\site-packages\starlette\routing.py", line 290, in handle
    await self.app(scope, receive, send)
  File "C:\Python314\Lib\site-packages\fastapi\routing.py", line 115, in app
    await wrap_app_handling_exceptions(app, request)(scope, receive, send)
  File "C:\Python314\Lib\site-packages\starlette\_exception_handler.py", line 53, in wrapped_app
    raise exc
  File "C:\Python314\Lib\site-packages\starlette\_exception_handler.py", line 42, in wrapped_app
    await app(scope, receive, sender)
  File "C:\Python314\Lib\site-packages\fastapi\routing.py", line 101, in app
    response = await f(request)
               ^^^^^^^^^^^^^^^^
  File "C:\Python314\Lib\site-packages\fastapi\routing.py", line 345, in app
    solved_result = await solve_dependencies(
                    ^^^^^^^^^^^^^^^^^^^^^^^^^
    ...<6 lines>...
    )
    ^
  File "C:\Python314\Lib\site-packages\fastapi\dependencies\utils.py", line 643, in solve_dependencies
    solved = await call(**solved_result.values)
             ^^^^^^^^^^^^^^^^^^^^^^^^^^^^^^^^^^
  File "C:\src\quorum\backend\dependencies.py", line 70, in get_async_repository
    db_client = get_db_client_dep()
  File "C:\src\quorum\backend\dependencies.py", line 56, in get_db_client_dep
    _db_client_instance = get_db_client()
  File "C:\src\quorum\backend\database\wrapper.py", line 395, in get_db_client
    return TinyDBClient(settings.mock_db_path)
  File "C:\src\quorum\backend\database\wrapper.py", line 171, in __init__
    os.makedirs(os.path.dirname(path), exist_ok=True)
                ~~~~~~~~~~~~~~~^^^^^^
  File "<frozen ntpath>", line 263, in dirname
  File "<frozen ntpath>", line 227, in split
TypeError: expected str, bytes or os.PathLike object, not Mock
__________________________ test_delete_used_strategy __________________________
  + Exception Group Traceback (most recent call last):
  |   File "C:\Python314\Lib\site-packages\starlette\_utils.py", line 79, in collapse_excgroups
  |     yield
  |   File "C:\Python314\Lib\site-packages\starlette\middleware\base.py", line 192, in __call__
  |     async with anyio.create_task_group() as task_group:
  |                ~~~~~~~~~~~~~~~~~~~~~~~^^
  |   File "C:\Python314\Lib\site-packages\anyio\_backends\_asyncio.py", line 783, in __aexit__
  |     raise BaseExceptionGroup(
  |         "unhandled errors in a TaskGroup", self._exceptions
  |     ) from None
  | ExceptionGroup: unhandled errors in a TaskGroup (1 sub-exception)
  +-+---------------- 1 ----------------
    | Traceback (most recent call last):
    |   File "C:\Python314\Lib\site-packages\_pytest\runner.py", line 353, in from_call
    |     result: TResult | None = func()
    |                              ~~~~^^
    |   File "C:\Python314\Lib\site-packages\_pytest\runner.py", line 245, in <lambda>
    |     lambda: runtest_hook(item=item, **kwds),
    |             ~~~~~~~~~~~~^^^^^^^^^^^^^^^^^^^
    |   File "C:\Python314\Lib\site-packages\pluggy\_hooks.py", line 512, in __call__
    |     return self._hookexec(self.name, self._hookimpls.copy(), kwargs, firstresult)
    |            ~~~~~~~~~~~~~~^^^^^^^^^^^^^^^^^^^^^^^^^^^^^^^^^^^^^^^^^^^^^^^^^^^^^^^^
    |   File "C:\Python314\Lib\site-packages\pluggy\_manager.py", line 120, in _hookexec
    |     return self._inner_hookexec(hook_name, methods, kwargs, firstresult)
    |            ~~~~~~~~~~~~~~~~~~~~^^^^^^^^^^^^^^^^^^^^^^^^^^^^^^^^^^^^^^^^^
    |   File "C:\Python314\Lib\site-packages\pluggy\_callers.py", line 167, in _multicall
    |     raise exception
    |   File "C:\Python314\Lib\site-packages\pluggy\_callers.py", line 139, in _multicall
    |     teardown.throw(exception)
    |     ~~~~~~~~~~~~~~^^^^^^^^^^^
    |   File "C:\Python314\Lib\site-packages\_pytest\logging.py", line 850, in pytest_runtest_call
    |     yield
    |   File "C:\Python314\Lib\site-packages\pluggy\_callers.py", line 139, in _multicall
    |     teardown.throw(exception)
    |     ~~~~~~~~~~~~~~^^^^^^^^^^^
    |   File "C:\Python314\Lib\site-packages\_pytest\capture.py", line 900, in pytest_runtest_call
    |     return (yield)
    |             ^^^^^
    |   File "C:\Python314\Lib\site-packages\pluggy\_callers.py", line 139, in _multicall
    |     teardown.throw(exception)
    |     ~~~~~~~~~~~~~~^^^^^^^^^^^
    |   File "C:\Python314\Lib\site-packages\_pytest\skipping.py", line 268, in pytest_runtest_call
    |     return (yield)
    |             ^^^^^
    |   File "C:\Python314\Lib\site-packages\pluggy\_callers.py", line 121, in _multicall
    |     res = hook_impl.function(*args)
    |   File "C:\Python314\Lib\site-packages\_pytest\runner.py", line 179, in pytest_runtest_call
    |     item.runtest()
    |     ~~~~~~~~~~~~^^
    |   File "C:\Python314\Lib\site-packages\_pytest\python.py", line 1720, in runtest
    |     self.ihook.pytest_pyfunc_call(pyfuncitem=self)
    |     ~~~~~~~~~~~~~~~~~~~~~~~~~~~~~^^^^^^^^^^^^^^^^^
    |   File "C:\Python314\Lib\site-packages\pluggy\_hooks.py", line 512, in __call__
    |     return self._hookexec(self.name, self._hookimpls.copy(), kwargs, firstresult)
    |            ~~~~~~~~~~~~~~^^^^^^^^^^^^^^^^^^^^^^^^^^^^^^^^^^^^^^^^^^^^^^^^^^^^^^^^
    |   File "C:\Python314\Lib\site-packages\pluggy\_manager.py", line 120, in _hookexec
    |     return self._inner_hookexec(hook_name, methods, kwargs, firstresult)
    |            ~~~~~~~~~~~~~~~~~~~~^^^^^^^^^^^^^^^^^^^^^^^^^^^^^^^^^^^^^^^^^
    |   File "C:\Python314\Lib\site-packages\pluggy\_callers.py", line 167, in _multicall
    |     raise exception
    |   File "C:\Python314\Lib\site-packages\pluggy\_callers.py", line 139, in _multicall
    |     teardown.throw(exception)
    |     ~~~~~~~~~~~~~~^^^^^^^^^^^
    |   File "C:\Python314\Lib\site-packages\pluggy\_callers.py", line 53, in run_old_style_hookwrapper
    |     return result.get_result()
    |            ~~~~~~~~~~~~~~~~~^^
    |   File "C:\Python314\Lib\site-packages\pluggy\_result.py", line 103, in get_result
    |     raise exc.with_traceback(tb)
    |   File "C:\Python314\Lib\site-packages\pluggy\_callers.py", line 38, in run_old_style_hookwrapper
    |     res = yield
    |           ^^^^^
    |   File "C:\Python314\Lib\site-packages\pluggy\_callers.py", line 121, in _multicall
    |     res = hook_impl.function(*args)
    |   File "C:\Python314\Lib\site-packages\_pytest\python.py", line 166, in pytest_pyfunc_call
    |     result = testfunction(**testargs)
    |   File "C:\src\quorum\backend\tests\api\routes\config\test_model_safety.py", line 90, in test_delete_used_strategy
    |     response = client.delete("/v1/config/models/temp_strat")
    |   File "C:\Python314\Lib\site-packages\starlette\testclient.py", line 635, in delete
    |     return super().delete(
    |            ~~~~~~~~~~~~~~^
    |         url,
    |         ^^^^
    |     ...<6 lines>...
    |         extensions=extensions,
    |         ^^^^^^^^^^^^^^^^^^^^^^
    |     )
    |     ^
    |   File "C:\Python314\Lib\site-packages\httpx\_client.py", line 1251, in delete
    |     return self.request(
    |            ~~~~~~~~~~~~^
    |         "DELETE",
    |         ^^^^^^^^^
    |     ...<7 lines>...
    |         extensions=extensions,
    |         ^^^^^^^^^^^^^^^^^^^^^^
    |     )
    |     ^
    |   File "C:\Python314\Lib\site-packages\starlette\testclient.py", line 445, in request
    |     return super().request(
    |            ~~~~~~~~~~~~~~~^
    |         method,
    |         ^^^^^^^
    |     ...<11 lines>...
    |         extensions=extensions,
    |         ^^^^^^^^^^^^^^^^^^^^^^
    |     )
    |     ^
    |   File "C:\Python314\Lib\site-packages\httpx\_client.py", line 825, in request
    |     return self.send(request, auth=auth, follow_redirects=follow_redirects)
    |            ~~~~~~~~~^^^^^^^^^^^^^^^^^^^^^^^^^^^^^^^^^^^^^^^^^^^^^^^^^^^^^^^
    |   File "C:\Python314\Lib\site-packages\httpx\_client.py", line 914, in send
    |     response = self._send_handling_auth(
    |         request,
    |     ...<2 lines>...
    |         history=[],
    |     )
    |   File "C:\Python314\Lib\site-packages\httpx\_client.py", line 942, in _send_handling_auth
    |     response = self._send_handling_redirects(
    |         request,
    |         follow_redirects=follow_redirects,
    |         history=history,
    |     )
    |   File "C:\Python314\Lib\site-packages\httpx\_client.py", line 979, in _send_handling_redirects
    |     response = self._send_single_request(request)
    |   File "C:\Python314\Lib\site-packages\httpx\_client.py", line 1014, in _send_single_request
    |     response = transport.handle_request(request)
    |   File "C:\Python314\Lib\site-packages\starlette\testclient.py", line 348, in handle_request
    |     raise exc
    |   File "C:\Python314\Lib\site-packages\starlette\testclient.py", line 345, in handle_request
    |     portal.call(self.app, scope, receive, send)
    |     ~~~~~~~~~~~^^^^^^^^^^^^^^^^^^^^^^^^^^^^^^^^
    |   File "C:\Python314\Lib\site-packages\anyio\from_thread.py", line 334, in call
    |     return cast(T_Retval, self.start_task_soon(func, *args).result())
    |                           ~~~~~~~~~~~~~~~~~~~~~~~~~~~~~~~~~~~~~~~~^^
    |   File "C:\Python314\Lib\concurrent\futures\_base.py", line 450, in result
    |     return self.__get_result()
    |            ~~~~~~~~~~~~~~~~~^^
    |   File "C:\Python314\Lib\concurrent\futures\_base.py", line 395, in __get_result
    |     raise self._exception
    |   File "C:\Python314\Lib\site-packages\anyio\from_thread.py", line 259, in _call_func
    |     retval = await retval_or_awaitable
    |              ^^^^^^^^^^^^^^^^^^^^^^^^^
    |   File "C:\Python314\Lib\site-packages\fastapi\applications.py", line 1135, in __call__
    |     await super().__call__(scope, receive, send)
    |   File "C:\Python314\Lib\site-packages\starlette\applications.py", line 107, in __call__
    |     await self.middleware_stack(scope, receive, send)
    |   File "C:\Python314\Lib\site-packages\starlette\middleware\errors.py", line 186, in __call__
    |     raise exc
    |   File "C:\Python314\Lib\site-packages\starlette\middleware\errors.py", line 164, in __call__
    |     await self.app(scope, receive, _send)
    |   File "C:\Python314\Lib\site-packages\starlette\middleware\base.py", line 191, in __call__
    |     with recv_stream, send_stream, collapse_excgroups():
    |                                    ~~~~~~~~~~~~~~~~~~^^
    |   File "C:\Python314\Lib\contextlib.py", line 162, in __exit__
    |     self.gen.throw(value)
    |     ~~~~~~~~~~~~~~^^^^^^^
    |   File "C:\Python314\Lib\site-packages\starlette\_utils.py", line 85, in collapse_excgroups
    |     raise exc
    |   File "C:\Python314\Lib\site-packages\starlette\middleware\base.py", line 193, in __call__
    |     response = await self.dispatch_func(request, call_next)
    |                ^^^^^^^^^^^^^^^^^^^^^^^^^^^^^^^^^^^^^^^^^^^^
    |   File "C:\src\quorum\backend\main.py", line 165, in dispatch
    |     response = await call_next(request)
    |                ^^^^^^^^^^^^^^^^^^^^^^^^
    |   File "C:\Python314\Lib\site-packages\starlette\middleware\base.py", line 168, in call_next
    |     raise app_exc from app_exc.__cause__ or app_exc.__context__
    |   File "C:\Python314\Lib\site-packages\starlette\middleware\base.py", line 144, in coro
    |     await self.app(scope, receive_or_disconnect, send_no_error)
    |   File "C:\Python314\Lib\site-packages\starlette\middleware\base.py", line 191, in __call__
    |     with recv_stream, send_stream, collapse_excgroups():
    |                                    ~~~~~~~~~~~~~~~~~~^^
    |   File "C:\Python314\Lib\contextlib.py", line 162, in __exit__
    |     self.gen.throw(value)
    |     ~~~~~~~~~~~~~~^^^^^^^
    |   File "C:\Python314\Lib\site-packages\starlette\_utils.py", line 85, in collapse_excgroups
    |     raise exc
    |   File "C:\Python314\Lib\site-packages\starlette\middleware\base.py", line 193, in __call__
    |     response = await self.dispatch_func(request, call_next)
    |                ^^^^^^^^^^^^^^^^^^^^^^^^^^^^^^^^^^^^^^^^^^^^
    |   File "C:\src\quorum\backend\main.py", line 135, in dispatch
    |     response = await call_next(request)
    |                ^^^^^^^^^^^^^^^^^^^^^^^^
    |   File "C:\Python314\Lib\site-packages\starlette\middleware\base.py", line 168, in call_next
    |     raise app_exc from app_exc.__cause__ or app_exc.__context__
    |   File "C:\Python314\Lib\site-packages\starlette\middleware\base.py", line 144, in coro
    |     await self.app(scope, receive_or_disconnect, send_no_error)
    |   File "C:\Python314\Lib\site-packages\starlette\middleware\cors.py", line 85, in __call__
    |     await self.app(scope, receive, send)
    |   File "C:\Python314\Lib\site-packages\starlette\middleware\exceptions.py", line 63, in __call__
    |     await wrap_app_handling_exceptions(self.app, conn)(scope, receive, send)
    |   File "C:\Python314\Lib\site-packages\starlette\_exception_handler.py", line 53, in wrapped_app
    |     raise exc
    |   File "C:\Python314\Lib\site-packages\starlette\_exception_handler.py", line 42, in wrapped_app
    |     await app(scope, receive, sender)
    |   File "C:\Python314\Lib\site-packages\fastapi\middleware\asyncexitstack.py", line 18, in __call__
    |     await self.app(scope, receive, send)
    |   File "C:\Python314\Lib\site-packages\starlette\routing.py", line 716, in __call__
    |     await self.middleware_stack(scope, receive, send)
    |   File "C:\Python314\Lib\site-packages\starlette\routing.py", line 736, in app
    |     await route.handle(scope, receive, send)
    |   File "C:\Python314\Lib\site-packages\starlette\routing.py", line 290, in handle
    |     await self.app(scope, receive, send)
    |   File "C:\Python314\Lib\site-packages\fastapi\routing.py", line 115, in app
    |     await wrap_app_handling_exceptions(app, request)(scope, receive, send)
    |   File "C:\Python314\Lib\site-packages\starlette\_exception_handler.py", line 53, in wrapped_app
    |     raise exc
    |   File "C:\Python314\Lib\site-packages\starlette\_exception_handler.py", line 42, in wrapped_app
    |     await app(scope, receive, sender)
    |   File "C:\Python314\Lib\site-packages\fastapi\routing.py", line 101, in app
    |     response = await f(request)
    |                ^^^^^^^^^^^^^^^^
    |   File "C:\Python314\Lib\site-packages\fastapi\routing.py", line 345, in app
    |     solved_result = await solve_dependencies(
    |                     ^^^^^^^^^^^^^^^^^^^^^^^^^
    |     ...<6 lines>...
    |     )
    |     ^
    |   File "C:\Python314\Lib\site-packages\fastapi\dependencies\utils.py", line 643, in solve_dependencies
    |     solved = await call(**solved_result.values)
    |              ^^^^^^^^^^^^^^^^^^^^^^^^^^^^^^^^^^
    |   File "C:\src\quorum\backend\dependencies.py", line 70, in get_async_repository
    |     db_client = get_db_client_dep()
    |   File "C:\src\quorum\backend\dependencies.py", line 56, in get_db_client_dep
    |     _db_client_instance = get_db_client()
    |   File "C:\src\quorum\backend\database\wrapper.py", line 395, in get_db_client
    |     return TinyDBClient(settings.mock_db_path)
    |   File "C:\src\quorum\backend\database\wrapper.py", line 171, in __init__
    |     os.makedirs(os.path.dirname(path), exist_ok=True)
    |                 ~~~~~~~~~~~~~~~^^^^^^
    |   File "<frozen ntpath>", line 263, in dirname
    |   File "<frozen ntpath>", line 227, in split
    | TypeError: expected str, bytes or os.PathLike object, not Mock
    +------------------------------------

The above exception was the direct cause of the following exception:

Traceback (most recent call last):
  File "C:\src\quorum\backend\tests\api\routes\config\test_model_safety.py", line 90, in test_delete_used_strategy
    response = client.delete("/v1/config/models/temp_strat")
  File "C:\Python314\Lib\site-packages\starlette\testclient.py", line 635, in delete
    return super().delete(
           ~~~~~~~~~~~~~~^
        url,
        ^^^^
    ...<6 lines>...
        extensions=extensions,
        ^^^^^^^^^^^^^^^^^^^^^^
    )
    ^
  File "C:\Python314\Lib\site-packages\httpx\_client.py", line 1251, in delete
    return self.request(
           ~~~~~~~~~~~~^
        "DELETE",
        ^^^^^^^^^
    ...<7 lines>...
        extensions=extensions,
        ^^^^^^^^^^^^^^^^^^^^^^
    )
    ^
  File "C:\Python314\Lib\site-packages\starlette\testclient.py", line 445, in request
    return super().request(
           ~~~~~~~~~~~~~~~^
        method,
        ^^^^^^^
    ...<11 lines>...
        extensions=extensions,
        ^^^^^^^^^^^^^^^^^^^^^^
    )
    ^
  File "C:\Python314\Lib\site-packages\httpx\_client.py", line 825, in request
    return self.send(request, auth=auth, follow_redirects=follow_redirects)
           ~~~~~~~~~^^^^^^^^^^^^^^^^^^^^^^^^^^^^^^^^^^^^^^^^^^^^^^^^^^^^^^^
  File "C:\Python314\Lib\site-packages\httpx\_client.py", line 914, in send
    response = self._send_handling_auth(
        request,
    ...<2 lines>...
        history=[],
    )
  File "C:\Python314\Lib\site-packages\httpx\_client.py", line 942, in _send_handling_auth
    response = self._send_handling_redirects(
        request,
        follow_redirects=follow_redirects,
        history=history,
    )
  File "C:\Python314\Lib\site-packages\httpx\_client.py", line 979, in _send_handling_redirects
    response = self._send_single_request(request)
  File "C:\Python314\Lib\site-packages\httpx\_client.py", line 1014, in _send_single_request
    response = transport.handle_request(request)
  File "C:\Python314\Lib\site-packages\starlette\testclient.py", line 348, in handle_request
    raise exc
  File "C:\Python314\Lib\site-packages\starlette\testclient.py", line 345, in handle_request
    portal.call(self.app, scope, receive, send)
    ~~~~~~~~~~~^^^^^^^^^^^^^^^^^^^^^^^^^^^^^^^^
  File "C:\Python314\Lib\site-packages\anyio\from_thread.py", line 334, in call
    return cast(T_Retval, self.start_task_soon(func, *args).result())
                          ~~~~~~~~~~~~~~~~~~~~~~~~~~~~~~~~~~~~~~~~^^
  File "C:\Python314\Lib\concurrent\futures\_base.py", line 450, in result
    return self.__get_result()
           ~~~~~~~~~~~~~~~~~^^
  File "C:\Python314\Lib\concurrent\futures\_base.py", line 395, in __get_result
    raise self._exception
  File "C:\Python314\Lib\site-packages\anyio\from_thread.py", line 259, in _call_func
    retval = await retval_or_awaitable
             ^^^^^^^^^^^^^^^^^^^^^^^^^
  File "C:\Python314\Lib\site-packages\fastapi\applications.py", line 1135, in __call__
    await super().__call__(scope, receive, send)
  File "C:\Python314\Lib\site-packages\starlette\applications.py", line 107, in __call__
    await self.middleware_stack(scope, receive, send)
  File "C:\Python314\Lib\site-packages\starlette\middleware\errors.py", line 186, in __call__
    raise exc
  File "C:\Python314\Lib\site-packages\starlette\middleware\errors.py", line 164, in __call__
    await self.app(scope, receive, _send)
  File "C:\Python314\Lib\site-packages\starlette\middleware\base.py", line 191, in __call__
    with recv_stream, send_stream, collapse_excgroups():
                                   ~~~~~~~~~~~~~~~~~~^^
  File "C:\Python314\Lib\contextlib.py", line 162, in __exit__
    self.gen.throw(value)
    ~~~~~~~~~~~~~~^^^^^^^
  File "C:\Python314\Lib\site-packages\starlette\_utils.py", line 85, in collapse_excgroups
    raise exc
  File "C:\Python314\Lib\site-packages\starlette\middleware\base.py", line 193, in __call__
    response = await self.dispatch_func(request, call_next)
               ^^^^^^^^^^^^^^^^^^^^^^^^^^^^^^^^^^^^^^^^^^^^
  File "C:\src\quorum\backend\main.py", line 165, in dispatch
    response = await call_next(request)
               ^^^^^^^^^^^^^^^^^^^^^^^^
  File "C:\Python314\Lib\site-packages\starlette\middleware\base.py", line 168, in call_next
    raise app_exc from app_exc.__cause__ or app_exc.__context__
  File "C:\Python314\Lib\site-packages\starlette\middleware\base.py", line 144, in coro
    await self.app(scope, receive_or_disconnect, send_no_error)
  File "C:\Python314\Lib\site-packages\starlette\middleware\base.py", line 191, in __call__
    with recv_stream, send_stream, collapse_excgroups():
                                   ~~~~~~~~~~~~~~~~~~^^
  File "C:\Python314\Lib\contextlib.py", line 162, in __exit__
    self.gen.throw(value)
    ~~~~~~~~~~~~~~^^^^^^^
  File "C:\Python314\Lib\site-packages\starlette\_utils.py", line 85, in collapse_excgroups
    raise exc
  File "C:\Python314\Lib\site-packages\starlette\middleware\base.py", line 193, in __call__
    response = await self.dispatch_func(request, call_next)
               ^^^^^^^^^^^^^^^^^^^^^^^^^^^^^^^^^^^^^^^^^^^^
  File "C:\src\quorum\backend\main.py", line 135, in dispatch
    response = await call_next(request)
               ^^^^^^^^^^^^^^^^^^^^^^^^
  File "C:\Python314\Lib\site-packages\starlette\middleware\base.py", line 168, in call_next
    raise app_exc from app_exc.__cause__ or app_exc.__context__
  File "C:\Python314\Lib\site-packages\starlette\middleware\base.py", line 144, in coro
    await self.app(scope, receive_or_disconnect, send_no_error)
  File "C:\Python314\Lib\site-packages\starlette\middleware\cors.py", line 85, in __call__
    await self.app(scope, receive, send)
  File "C:\Python314\Lib\site-packages\starlette\middleware\exceptions.py", line 63, in __call__
    await wrap_app_handling_exceptions(self.app, conn)(scope, receive, send)
  File "C:\Python314\Lib\site-packages\starlette\_exception_handler.py", line 53, in wrapped_app
    raise exc
  File "C:\Python314\Lib\site-packages\starlette\_exception_handler.py", line 42, in wrapped_app
    await app(scope, receive, sender)
  File "C:\Python314\Lib\site-packages\fastapi\middleware\asyncexitstack.py", line 18, in __call__
    await self.app(scope, receive, send)
  File "C:\Python314\Lib\site-packages\starlette\routing.py", line 716, in __call__
    await self.middleware_stack(scope, receive, send)
  File "C:\Python314\Lib\site-packages\starlette\routing.py", line 736, in app
    await route.handle(scope, receive, send)
  File "C:\Python314\Lib\site-packages\starlette\routing.py", line 290, in handle
    await self.app(scope, receive, send)
  File "C:\Python314\Lib\site-packages\fastapi\routing.py", line 115, in app
    await wrap_app_handling_exceptions(app, request)(scope, receive, send)
  File "C:\Python314\Lib\site-packages\starlette\_exception_handler.py", line 53, in wrapped_app
    raise exc
  File "C:\Python314\Lib\site-packages\starlette\_exception_handler.py", line 42, in wrapped_app
    await app(scope, receive, sender)
  File "C:\Python314\Lib\site-packages\fastapi\routing.py", line 101, in app
    response = await f(request)
               ^^^^^^^^^^^^^^^^
  File "C:\Python314\Lib\site-packages\fastapi\routing.py", line 345, in app
    solved_result = await solve_dependencies(
                    ^^^^^^^^^^^^^^^^^^^^^^^^^
    ...<6 lines>...
    )
    ^
  File "C:\Python314\Lib\site-packages\fastapi\dependencies\utils.py", line 643, in solve_dependencies
    solved = await call(**solved_result.values)
             ^^^^^^^^^^^^^^^^^^^^^^^^^^^^^^^^^^
  File "C:\src\quorum\backend\dependencies.py", line 70, in get_async_repository
    db_client = get_db_client_dep()
  File "C:\src\quorum\backend\dependencies.py", line 56, in get_db_client_dep
    _db_client_instance = get_db_client()
  File "C:\src\quorum\backend\database\wrapper.py", line 395, in get_db_client
    return TinyDBClient(settings.mock_db_path)
  File "C:\src\quorum\backend\database\wrapper.py", line 171, in __init__
    os.makedirs(os.path.dirname(path), exist_ok=True)
                ~~~~~~~~~~~~~~~^^^^^^
  File "<frozen ntpath>", line 263, in dirname
  File "<frozen ntpath>", line 227, in split
TypeError: expected str, bytes or os.PathLike object, not Mock

The above exception was the direct cause of the following exception:

    def test_delete_used_strategy():
        """Ensure deleting a strategy used by a step returns 409."""
        # Setup usage
        repo = app.dependency_overrides[get_repository]()  # get the mock instance?
        # Wait, dependency_overrides[get_repository] is a coroutine function.
        # But for TestClient, it instantiates it per request?
        # Actually, to share state with the test, we should modify the override to return a SHARED instance.
    
        shared_repo = MockRepository()
        app.dependency_overrides[get_repository] = lambda: shared_repo
    
        # Add step using 'temp_strat'
        shared_repo.steps = [{"id": "step1", "name": "Step 1", "config": {"model_strategy": "temp_strat"}}]
    
>       response = client.delete("/v1/config/models/temp_strat")
                   ^^^^^^^^^^^^^^^^^^^^^^^^^^^^^^^^^^^^^^^^^^^^^

backend\tests\api\routes\config\test_model_safety.py:90: 
_ _ _ _ _ _ _ _ _ _ _ _ _ _ _ _ _ _ _ _ _ _ _ _ _ _ _ _ _ _ _ _ _ _ _ _ _ _ _ _
C:\Python314\Lib\site-packages\starlette\testclient.py:635: in delete
    return super().delete(
C:\Python314\Lib\site-packages\httpx\_client.py:1251: in delete
    return self.request(
C:\Python314\Lib\site-packages\starlette\testclient.py:445: in request
    return super().request(
C:\Python314\Lib\site-packages\httpx\_client.py:825: in request
    return self.send(request, auth=auth, follow_redirects=follow_redirects)
           ^^^^^^^^^^^^^^^^^^^^^^^^^^^^^^^^^^^^^^^^^^^^^^^^^^^^^^^^^^^^^^^^
C:\Python314\Lib\site-packages\httpx\_client.py:914: in send
    response = self._send_handling_auth(
C:\Python314\Lib\site-packages\httpx\_client.py:942: in _send_handling_auth
    response = self._send_handling_redirects(
C:\Python314\Lib\site-packages\httpx\_client.py:979: in _send_handling_redirects
    response = self._send_single_request(request)
               ^^^^^^^^^^^^^^^^^^^^^^^^^^^^^^^^^^
C:\Python314\Lib\site-packages\httpx\_client.py:1014: in _send_single_request
    response = transport.handle_request(request)
               ^^^^^^^^^^^^^^^^^^^^^^^^^^^^^^^^^
C:\Python314\Lib\site-packages\starlette\testclient.py:348: in handle_request
    raise exc
C:\Python314\Lib\site-packages\starlette\testclient.py:345: in handle_request
    portal.call(self.app, scope, receive, send)
C:\Python314\Lib\site-packages\anyio\from_thread.py:334: in call
    return cast(T_Retval, self.start_task_soon(func, *args).result())
                          ^^^^^^^^^^^^^^^^^^^^^^^^^^^^^^^^^^^^^^^^^^
C:\Python314\Lib\concurrent\futures\_base.py:450: in result
    return self.__get_result()
           ^^^^^^^^^^^^^^^^^^^
C:\Python314\Lib\concurrent\futures\_base.py:395: in __get_result
    raise self._exception
C:\Python314\Lib\site-packages\anyio\from_thread.py:259: in _call_func
    retval = await retval_or_awaitable
             ^^^^^^^^^^^^^^^^^^^^^^^^^
C:\Python314\Lib\site-packages\fastapi\applications.py:1135: in __call__
    await super().__call__(scope, receive, send)
C:\Python314\Lib\site-packages\starlette\applications.py:107: in __call__
    await self.middleware_stack(scope, receive, send)
C:\Python314\Lib\site-packages\starlette\middleware\errors.py:186: in __call__
    raise exc
C:\Python314\Lib\site-packages\starlette\middleware\errors.py:164: in __call__
    await self.app(scope, receive, _send)
C:\Python314\Lib\site-packages\starlette\middleware\base.py:191: in __call__
    with recv_stream, send_stream, collapse_excgroups():
                                   ^^^^^^^^^^^^^^^^^^^^
C:\Python314\Lib\contextlib.py:162: in __exit__
    self.gen.throw(value)
C:\Python314\Lib\site-packages\starlette\_utils.py:85: in collapse_excgroups
    raise exc
C:\Python314\Lib\site-packages\starlette\middleware\base.py:193: in __call__
    response = await self.dispatch_func(request, call_next)
               ^^^^^^^^^^^^^^^^^^^^^^^^^^^^^^^^^^^^^^^^^^^^
backend\main.py:165: in dispatch
    response = await call_next(request)
               ^^^^^^^^^^^^^^^^^^^^^^^^
C:\Python314\Lib\site-packages\starlette\middleware\base.py:168: in call_next
    raise app_exc from app_exc.__cause__ or app_exc.__context__
C:\Python314\Lib\site-packages\starlette\middleware\base.py:144: in coro
    await self.app(scope, receive_or_disconnect, send_no_error)
C:\Python314\Lib\site-packages\starlette\middleware\base.py:191: in __call__
    with recv_stream, send_stream, collapse_excgroups():
                                   ^^^^^^^^^^^^^^^^^^^^
C:\Python314\Lib\contextlib.py:162: in __exit__
    self.gen.throw(value)
C:\Python314\Lib\site-packages\starlette\_utils.py:85: in collapse_excgroups
    raise exc
C:\Python314\Lib\site-packages\starlette\middleware\base.py:193: in __call__
    response = await self.dispatch_func(request, call_next)
               ^^^^^^^^^^^^^^^^^^^^^^^^^^^^^^^^^^^^^^^^^^^^
backend\main.py:135: in dispatch
    response = await call_next(request)
               ^^^^^^^^^^^^^^^^^^^^^^^^
C:\Python314\Lib\site-packages\starlette\middleware\base.py:168: in call_next
    raise app_exc from app_exc.__cause__ or app_exc.__context__
C:\Python314\Lib\site-packages\starlette\middleware\base.py:144: in coro
    await self.app(scope, receive_or_disconnect, send_no_error)
C:\Python314\Lib\site-packages\starlette\middleware\cors.py:85: in __call__
    await self.app(scope, receive, send)
C:\Python314\Lib\site-packages\starlette\middleware\exceptions.py:63: in __call__
    await wrap_app_handling_exceptions(self.app, conn)(scope, receive, send)
C:\Python314\Lib\site-packages\starlette\_exception_handler.py:53: in wrapped_app
    raise exc
C:\Python314\Lib\site-packages\starlette\_exception_handler.py:42: in wrapped_app
    await app(scope, receive, sender)
C:\Python314\Lib\site-packages\fastapi\middleware\asyncexitstack.py:18: in __call__
    await self.app(scope, receive, send)
C:\Python314\Lib\site-packages\starlette\routing.py:716: in __call__
    await self.middleware_stack(scope, receive, send)
C:\Python314\Lib\site-packages\starlette\routing.py:736: in app
    await route.handle(scope, receive, send)
C:\Python314\Lib\site-packages\starlette\routing.py:290: in handle
    await self.app(scope, receive, send)
C:\Python314\Lib\site-packages\fastapi\routing.py:115: in app
    await wrap_app_handling_exceptions(app, request)(scope, receive, send)
C:\Python314\Lib\site-packages\starlette\_exception_handler.py:53: in wrapped_app
    raise exc
C:\Python314\Lib\site-packages\starlette\_exception_handler.py:42: in wrapped_app
    await app(scope, receive, sender)
C:\Python314\Lib\site-packages\fastapi\routing.py:101: in app
    response = await f(request)
               ^^^^^^^^^^^^^^^^
C:\Python314\Lib\site-packages\fastapi\routing.py:345: in app
    solved_result = await solve_dependencies(
C:\Python314\Lib\site-packages\fastapi\dependencies\utils.py:643: in solve_dependencies
    solved = await call(**solved_result.values)
             ^^^^^^^^^^^^^^^^^^^^^^^^^^^^^^^^^^
backend\dependencies.py:70: in get_async_repository
    db_client = get_db_client_dep()
                ^^^^^^^^^^^^^^^^^^^
backend\dependencies.py:56: in get_db_client_dep
    _db_client_instance = get_db_client()
                          ^^^^^^^^^^^^^^^
backend\database\wrapper.py:395: in get_db_client
    return TinyDBClient(settings.mock_db_path)
           ^^^^^^^^^^^^^^^^^^^^^^^^^^^^^^^^^^^
backend\database\wrapper.py:171: in __init__
    os.makedirs(os.path.dirname(path), exist_ok=True)
                ^^^^^^^^^^^^^^^^^^^^^
<frozen ntpath>:263: in dirname
    ???
_ _ _ _ _ _ _ _ _ _ _ _ _ _ _ _ _ _ _ _ _ _ _ _ _ _ _ _ _ _ _ _ _ _ _ _ _ _ _ _

p = <Mock name='get_settings().mock_db_path' id='2012959052800'>

>   ???
E   TypeError: expected str, bytes or os.PathLike object, not Mock

<frozen ntpath>:227: TypeError
------------------------------ Captured log call ------------------------------
ERROR    backend.main:main.py:269 INTERNAL_SERVER_ERROR: expected str, bytes or os.PathLike object, not Mock
[...]
    
>           resp = await download_execution_pdf(
                execution_id="ex1",
                repository=mock_repo,
                current_user=mock_user,
                arq_pool=AsyncMock(),
                storage=mock_storage
            )

backend\tests\api\test_pdf_security.py:78: 
_ _ _ _ _ _ _ _ _ _ _ _ _ _ _ _ _ _ _ _ _ _ _ _ _ _ _ _ _ _ _ _ _ _ _ _ _ _ _ _

execution_id = 'ex1', check_local = False
repository = <AsyncMock id='2012959057840'>
current_user = TokenData(uid='u1', role=<UserRole.MEMBER: 'MEMBER'>, organization_id='org1', email=None)
arq_pool = <AsyncMock id='2012958575648'>
storage = <MagicMock spec='LocalFileDriver' id='2012959048768'>

    @router.get(
        "/{execution_id}/pdf/download",
        summary="Download Execution PDF",
        description="Securely download the PDF report. Enqueues generation if missing.",
        response_model=PDFDownloadCheckResponse | PDFQueuedResponse | None,
    )
    async def download_execution_pdf(
        execution_id: str,
        check_local: bool = False,
        repository: AbstractWorkflowRepository = Depends(get_async_repository),
        current_user: TokenData = Depends(AuthService.get_current_user()),
        arq_pool: Any = Depends(get_arq_pool),
        storage: FileDriver = Depends(get_storage_service_dep),
    ):
        """Download PDF, Queue Generation, or Check Local Existence."""
        try:
            # 1. Fetch & Check Access
            execution = await repository.get_execution(execution_id)
            if not execution:
                raise ResourceNotFoundError(f"Execution {execution_id} not found")
    
            exec_data = execution.model_dump() if hasattr(execution, 'model_dump') else execution
            _enforce_pdf_access(current_user, exec_data)
    
            # 2. Check File
            rel_path = f"executions/{execution_id}/report.pdf"
    
            if await storage.exists(rel_path):
                if check_local:
                    # Return JSON with local path if available
                    # Use LocalFileDriver check
                    local_path = None
                    if isinstance(storage, LocalFileDriver):
                        local_path = str(storage.base_path / rel_path)
    
                    return PDFDownloadCheckResponse(
                        status="ready",
                        exists=True,
                        local_path=local_path
                    )
    
                if isinstance(storage, LocalFileDriver):
                    full_path = storage.base_path / rel_path
                    return FileResponse(
                        path=full_path,
                        filename=f"report_{execution_id}.pdf",
                        media_type="application/pdf",
                        content_disposition_type="attachment"
                    )
                else:
                    content = await storage.read(rel_path)
                    from fastapi.responses import Response
                    return Response(
                        content=content,
                        media_type="application/pdf",
                        headers={"Content-Disposition": f'attachment; filename="report_{execution_id}.pdf"'}
                    )
    
            # If check_local is true but file missing
            if check_local:
                 return PDFDownloadCheckResponse(
                    status="missing",
                    exists=False,
                    local_path=None
                )
    
            # 3. Queue Job if missing
            if arq_pool:
                await arq_pool.enqueue_job("generate_pdf_job", execution_id=execution_id)
    
                return JSONResponse(
                    status_code=status.HTTP_202_ACCEPTED,
                    content=PDFQueuedResponse(status="accepted", message="PDF generation queued.").model_dump() # JSONResponse expects dict/list
                )
            else:
                raise AppException(
                    message="Background worker unavailable.",
                    status_code=status.HTTP_503_SERVICE_UNAVAILABLE,
                    details={"error_code": "WORKER_UNAVAILABLE"}
                )
    
        except AppException:
            raise
        except Exception as e:
            error_code = ErrorCodes.PDF_DOWNLOAD_FAILED
            logger.error(f"{error_code}: {e}", exc_info=True)
>           raise AppException(
                message=str(e),
                status_code=status.HTTP_500_INTERNAL_SERVER_ERROR,
                details={"error_code": error_code}
            ) from e
E           backend.exceptions.AppException: 'bool' object can't be awaited

backend\api\routes\execution\artifacts.py:144: AppException
------------------------------ Captured log call ------------------------------
ERROR    backend.api.routes.execution.artifacts:artifacts.py:143 ErrorCodes.PDF_DOWNLOAD_FAILED: 'bool' object can't be awaited
Traceback (most recent call last):
  File "C:\src\quorum\backend\api\routes\execution\artifacts.py", line 85, in download_execution_pdf
    if await storage.exists(rel_path):
       ^^^^^^^^^^^^^^^^^^^^^^^^^^^^^^
TypeError: 'bool' object can't be awaited
______________________ test_download_endpoint_queues_job ______________________

execution_id = 'ex1', check_local = False
repository = <AsyncMock id='2012958585728'>
current_user = TokenData(uid='u1', role=<UserRole.MEMBER: 'MEMBER'>, organization_id='org1', email=None)
arq_pool = <AsyncMock id='2012958584720'>
storage = <MagicMock id='2012958586400'>

    @router.get(
        "/{execution_id}/pdf/download",
        summary="Download Execution PDF",
        description="Securely download the PDF report. Enqueues generation if missing.",
        response_model=PDFDownloadCheckResponse | PDFQueuedResponse | None,
    )
    async def download_execution_pdf(
        execution_id: str,
        check_local: bool = False,
        repository: AbstractWorkflowRepository = Depends(get_async_repository),
        current_user: TokenData = Depends(AuthService.get_current_user()),
        arq_pool: Any = Depends(get_arq_pool),
        storage: FileDriver = Depends(get_storage_service_dep),
    ):
        """Download PDF, Queue Generation, or Check Local Existence."""
        try:
            # 1. Fetch & Check Access
            execution = await repository.get_execution(execution_id)
            if not execution:
                raise ResourceNotFoundError(f"Execution {execution_id} not found")
    
            exec_data = execution.model_dump() if hasattr(execution, 'model_dump') else execution
            _enforce_pdf_access(current_user, exec_data)
    
            # 2. Check File
            rel_path = f"executions/{execution_id}/report.pdf"
    
>           if await storage.exists(rel_path):
               ^^^^^^^^^^^^^^^^^^^^^^^^^^^^^^
E           TypeError: 'bool' object can't be awaited

backend\api\routes\execution\artifacts.py:85: TypeError

The above exception was the direct cause of the following exception:

    @pytest.mark.asyncio
    async def test_download_endpoint_queues_job():
        mock_repo = AsyncMock()
        mock_repo.get_execution.return_value = {"id": "ex1", "user_id": "u1", "organization_id": "org1"}
        mock_pool = AsyncMock()
    
        mock_user = TokenData(uid="u1", role=UserRole.MEMBER, organization_id="org1")
    
        # Mock Storage
        mock_storage = MagicMock()
        mock_storage.exists.return_value = False
    
>       resp = await download_execution_pdf(
            execution_id="ex1",
            repository=mock_repo,
            current_user=mock_user,
            arq_pool=mock_pool,
            storage=mock_storage
        )

backend\tests\api\test_pdf_security.py:101: 
_ _ _ _ _ _ _ _ _ _ _ _ _ _ _ _ _ _ _ _ _ _ _ _ _ _ _ _ _ _ _ _ _ _ _ _ _ _ _ _

execution_id = 'ex1', check_local = False
repository = <AsyncMock id='2012958585728'>
current_user = TokenData(uid='u1', role=<UserRole.MEMBER: 'MEMBER'>, organization_id='org1', email=None)
arq_pool = <AsyncMock id='2012958584720'>
storage = <MagicMock id='2012958586400'>

    @router.get(
        "/{execution_id}/pdf/download",
        summary="Download Execution PDF",
        description="Securely download the PDF report. Enqueues generation if missing.",
        response_model=PDFDownloadCheckResponse | PDFQueuedResponse | None,
    )
    async def download_execution_pdf(
        execution_id: str,
        check_local: bool = False,
        repository: AbstractWorkflowRepository = Depends(get_async_repository),
        current_user: TokenData = Depends(AuthService.get_current_user()),
        arq_pool: Any = Depends(get_arq_pool),
        storage: FileDriver = Depends(get_storage_service_dep),
    ):
        """Download PDF, Queue Generation, or Check Local Existence."""
        try:
            # 1. Fetch & Check Access
            execution = await repository.get_execution(execution_id)
            if not execution:
                raise ResourceNotFoundError(f"Execution {execution_id} not found")
    
            exec_data = execution.model_dump() if hasattr(execution, 'model_dump') else execution
            _enforce_pdf_access(current_user, exec_data)
    
            # 2. Check File
            rel_path = f"executions/{execution_id}/report.pdf"
    
            if await storage.exists(rel_path):
                if check_local:
                    # Return JSON with local path if available
                    # Use LocalFileDriver check
                    local_path = None
                    if isinstance(storage, LocalFileDriver):
                        local_path = str(storage.base_path / rel_path)
    
                    return PDFDownloadCheckResponse(
                        status="ready",
                        exists=True,
                        local_path=local_path
                    )
    
                if isinstance(storage, LocalFileDriver):
                    full_path = storage.base_path / rel_path
                    return FileResponse(
                        path=full_path,
                        filename=f"report_{execution_id}.pdf",
                        media_type="application/pdf",
                        content_disposition_type="attachment"
                    )
                else:
                    content = await storage.read(rel_path)
                    from fastapi.responses import Response
                    return Response(
                        content=content,
                        media_type="application/pdf",
                        headers={"Content-Disposition": f'attachment; filename="report_{execution_id}.pdf"'}
                    )
    
            # If check_local is true but file missing
            if check_local:
                 return PDFDownloadCheckResponse(
                    status="missing",
                    exists=False,
                    local_path=None
                )
    
            # 3. Queue Job if missing
            if arq_pool:
                await arq_pool.enqueue_job("generate_pdf_job", execution_id=execution_id)
    
                return JSONResponse(
                    status_code=status.HTTP_202_ACCEPTED,
                    content=PDFQueuedResponse(status="accepted", message="PDF generation queued.").model_dump() # JSONResponse expects dict/list
                )
            else:
                raise AppException(
                    message="Background worker unavailable.",
                    status_code=status.HTTP_503_SERVICE_UNAVAILABLE,
                    details={"error_code": "WORKER_UNAVAILABLE"}
                )
    
        except AppException:
            raise
        except Exception as e:
            error_code = ErrorCodes.PDF_DOWNLOAD_FAILED
            logger.error(f"{error_code}: {e}", exc_info=True)
>           raise AppException(
                message=str(e),
                status_code=status.HTTP_500_INTERNAL_SERVER_ERROR,
                details={"error_code": error_code}
            ) from e
E           backend.exceptions.AppException: 'bool' object can't be awaited

backend\api\routes\execution\artifacts.py:144: AppException
------------------------------ Captured log call ------------------------------
ERROR    backend.api.routes.execution.artifacts:artifacts.py:143 ErrorCodes.PDF_DOWNLOAD_FAILED: 'bool' object can't be awaited
Traceback (most recent call last):
  File "C:\src\quorum\backend\api\routes\execution\artifacts.py", line 85, in download_execution_pdf
    if await storage.exists(rel_path):
       ^^^^^^^^^^^^^^^^^^^^^^^^^^^^^^
TypeError: 'bool' object can't be awaited
________________________ test_extract_concepts_success ________________________

    @pytest.mark.asyncio
    async def test_extract_concepts_success():
        # Setup Mocks
>       from backend.models.dtos.llm import LLM_Model_Config
E       ImportError: cannot import name 'LLM_Model_Config' from 'backend.models.dtos.llm' (C:\src\quorum\backend\models\dtos\llm.py)

backend\tests\api\test_tools_router.py:74: ImportError
============================== warnings summary ===============================
..\..\Python314\Lib\site-packages\google\genai\types.py:43
  C:\Python314\Lib\site-packages\google\genai\types.py:43: DeprecationWarning: '_UnionGenericAlias' is deprecated and slated for removal in Python 3.17
    VersionedUnionType = Union[builtin_types.UnionType, _UnionGenericAlias]

..\..\Python314\Lib\site-packages\litellm\litellm_core_utils\logging_utils.py:273: 15 warnings
  C:\Python314\Lib\site-packages\litellm\litellm_core_utils\logging_utils.py:273: DeprecationWarning: 'asyncio.iscoroutinefunction' is deprecated and slated for removal in Python 3.16; use inspect.iscoroutinefunction() instead
    if asyncio.iscoroutinefunction(func):

..\..\Python314\Lib\site-packages\slowapi\extension.py:717
..\..\Python314\Lib\site-packages\slowapi\extension.py:717
  C:\Python314\Lib\site-packages\slowapi\extension.py:717: DeprecationWarning: 'asyncio.iscoroutinefunction' is deprecated and slated for removal in Python 3.16; use inspect.iscoroutinefunction() instead
    if asyncio.iscoroutinefunction(func):

backend\tests\api\test_auth_router.py:38
backend\tests\api\test_auth_router.py:38
  C:\src\quorum\backend\tests\api\test_auth_router.py:38: DeprecationWarning: datetime.datetime.utcnow() is deprecated and scheduled for removal in a future version. Use timezone-aware objects to represent datetimes in UTC: datetime.datetime.now(datetime.UTC).
    created_at=datetime.utcnow(), updated_at=datetime.utcnow()

backend\tests\api\test_auth_router.py:42
backend\tests\api\test_auth_router.py:42
  C:\src\quorum\backend\tests\api\test_auth_router.py:42: DeprecationWarning: datetime.datetime.utcnow() is deprecated and scheduled for removal in a future version. Use timezone-aware objects to represent datetimes in UTC: datetime.datetime.now(datetime.UTC).
    created_at=datetime.utcnow(), updated_at=datetime.utcnow()

backend/tests/api/test_auth_router.py::test_list_users_scoping
backend/tests/api/test_auth_router.py::test_list_users_scoping
  C:\src\quorum\backend\tests\api\test_auth_router.py:112: DeprecationWarning: datetime.datetime.utcnow() is deprecated and scheduled for removal in a future version. Use timezone-aware objects to represent datetimes in UTC: datetime.datetime.now(datetime.UTC).
    User(uid="mem-1", email="mem1@example.com", role=UserRole.MEMBER, organization_id="org-A", created_at=datetime.utcnow(), updated_at=datetime.utcnow()),

backend/tests/api/test_auth_router.py::test_list_users_scoping
backend/tests/api/test_auth_router.py::test_list_users_scoping
  C:\src\quorum\backend\tests\api\test_auth_router.py:113: DeprecationWarning: datetime.datetime.utcnow() is deprecated and scheduled for removal in a future version. Use timezone-aware objects to represent datetimes in UTC: datetime.datetime.now(datetime.UTC).
    User(uid="mem-2", email="mem2@example.com", role=UserRole.MEMBER, organization_id="org-B", created_at=datetime.utcnow(), updated_at=datetime.utcnow()),

backend/tests/api/test_builder_preview.py::test_preview_step_flow
  C:\Python314\Lib\json\decoder.py:361: RuntimeWarning: coroutine 'mock_get_repository' was never awaited
    obj, end = self.scan_once(s, idx)
  Enable tracemalloc to get traceback where the object was allocated.
  See https://docs.pytest.org/en/stable/how-to/capture-warnings.html#resource-warnings for more info.

backend/tests/api/test_localization_expansion.py::test_get_agents_list_fi
  C:\Python314\Lib\json\decoder.py:361: RuntimeWarning: coroutine 'AsyncMockMixin._execute_mock_call' was never awaited
    obj, end = self.scan_once(s, idx)
  Enable tracemalloc to get traceback where the object was allocated.
  See https://docs.pytest.org/en/stable/how-to/capture-warnings.html#resource-warnings for more info.

backend/tests/api/test_organization_router.py::test_create_organization_user_strict_types
  C:\src\quorum\backend\tests\api\test_organization_router.py:141: DeprecationWarning: datetime.datetime.utcnow() is deprecated and scheduled for removal in a future version. Use timezone-aware objects to represent datetimes in UTC: datetime.datetime.now(datetime.UTC).
    created_at=datetime.utcnow()

-- Docs: https://docs.pytest.org/en/stable/how-to/capture-warnings.html
--------- generated xml file: C:\src\quorum\tests\output\results.xml ----------
=========================== short test summary info ===========================
FAILED backend/tests/api/routes/config/test_model_safety.py::test_delete_default_strategy - TypeError: expected str, bytes or os.PathLike object, not Mock
FAILED backend/tests/api/routes/config/test_model_safety.py::test_delete_used_strategy - TypeError: expected str, bytes or os.PathLike object, not Mock
FAILED backend/tests/api/routes/config/test_model_safety.py::test_delete_unused_strategy - TypeError: expected str, bytes or os.PathLike object, not Mock
FAILED backend/tests/api/routes/config/test_model_safety.py::test_delete_non_existent - TypeError: expected str, bytes or os.PathLike object, not Mock
FAILED backend/tests/api/routes/config/test_model_safety.py::test_delete_nested_strategy - TypeError: expected str, bytes or os.PathLike object, not Mock
FAILED backend/tests/api/test_builder_api.py::test_get_workflow_schema - KeyError: 'name'
FAILED backend/tests/api/test_builder_api.py::test_get_workflow_schema_fi - KeyError: 'name'
FAILED backend/tests/api/test_llm_router.py::test_list_providers - pydantic_core._pydantic_core.ValidationError: 1 validation error for ProviderListResponse
available_models
  Input should be a valid dictionary [type=dict_type, input_value=<MagicMock name='mock.fet...s()' id='2012959062208'>, input_type=MagicMock]
    For further information visit https://errors.pydantic.dev/2.12/v/dict_type
FAILED backend/tests/api/test_localization_expansion.py::test_get_generic_schema_fi - KeyError: 'name'
FAILED backend/tests/api/test_localization_expansion.py::test_get_evaluation_matrix_schema_fi - KeyError: 'scale'
FAILED backend/tests/api/test_localization_expansion.py::test_get_execution_view_fi - assert None is not None
FAILED backend/tests/api/test_organization_router.py::test_get_organization_usage_not_found - assert 500 == 404
 +  where 500 = <Response [500 Internal Server Error]>.status_code
FAILED backend/tests/api/test_pdf_security.py::test_download_endpoint_file_exists - backend.exceptions.AppException: 'bool' object can't be awaited
FAILED backend/tests/api/test_pdf_security.py::test_download_endpoint_queues_job - backend.exceptions.AppException: 'bool' object can't be awaited
FAILED backend/tests/api/test_tools_router.py::test_extract_concepts_success - ImportError: cannot import name 'LLM_Model_Config' from 'backend.models.dtos.llm' (C:\src\quorum\backend\models\dtos\llm.py)
================= 15 failed, 72 passed, 29 warnings in 7.92s ==================
