============================= test session starts =============================
platform win32 -- Python 3.14.2, pytest-9.0.2, pluggy-1.6.0 -- C:\Python314\python.exe
cachedir: .pytest_cache
rootdir: C:\src\quorum
configfile: pytest.ini
plugins: anyio-4.12.1, asyncio-1.3.0
asyncio: mode=Mode.AUTO, debug=False, asyncio_default_fixture_loop_scope=function, asyncio_default_test_loop_scope=function
collecting ... collected 3 items

backend/tests/hooks/test_reporting.py::test_generate_report_success FAILED [ 33%]
backend/tests/hooks/test_reporting.py::test_generate_report_fail_fast_missing_template_dir FAILED [ 66%]
backend/tests/hooks/test_reporting.py::test_generate_report_context_validation_failure FAILED [100%]

================================== FAILURES ===================================
________________________ test_generate_report_success _________________________
backend\tests\hooks\test_reporting.py:36: in test_generate_report_success
    assert isinstance(result, ReportResult)
E   assert False
E    +  where False = isinstance(None, ReportResult)
_____________ test_generate_report_fail_fast_missing_template_dir _____________
backend\tests\hooks\test_reporting.py:50: in test_generate_report_fail_fast_missing_template_dir
    assert "REPORT_TEMPLATE_DIR_MISSING" in str(exc.value.details)
E   assert 'REPORT_TEMPLATE_DIR_MISSING' in "{'error_code': <ErrorCodes.CONFIGURATION_ERROR: 'CONFIGURATION_ERROR'>}"
E    +  where "{'error_code': <ErrorCodes.CONFIGURATION_ERROR: 'CONFIGURATION_ERROR'>}" = str({'error_code': <ErrorCodes.CONFIGURATION_ERROR: 'CONFIGURATION_ERROR'>})
E    +    where {'error_code': <ErrorCodes.CONFIGURATION_ERROR: 'CONFIGURATION_ERROR'>} = AppException('Template directory not found at c:\\src\\quorum\\backend\\templates.').details
E    +      where AppException('Template directory not found at c:\\src\\quorum\\backend\\templates.') = <ExceptionInfo AppException('Template directory not found at c:\\src\\quorum\\backend\\templates.') tblen=2>.value
------------------------------ Captured log call ------------------------------
ERROR    backend.hooks.reporting:reporting.py:78 [ReportingHook] CONFIGURATION_ERROR: Template directory not found at c:\src\quorum\backend\templates.
_______________ test_generate_report_context_validation_failure _______________
backend\tests\hooks\test_reporting.py:72: in test_generate_report_context_validation_failure
    assert "REPORT_CONTEXT_VALIDATION_FAILED" in str(exc.value.details)
E   assert 'REPORT_CONTEXT_VALIDATION_FAILED' in "{'error_code': <ErrorCodes.EMPTY_INPUT: 'EMPTY_INPUT'>}"
E    +  where "{'error_code': <ErrorCodes.EMPTY_INPUT: 'EMPTY_INPUT'>}" = str({'error_code': <ErrorCodes.EMPTY_INPUT: 'EMPTY_INPUT'>})
E    +    where {'error_code': <ErrorCodes.EMPTY_INPUT: 'EMPTY_INPUT'>} = AppException("Missing 'inputs' in context_variables.").details
E    +      where AppException("Missing 'inputs' in context_variables.") = <ExceptionInfo AppException("Missing 'inputs' in context_variables.") tblen=2>.value
------------------------------ Captured log call ------------------------------
ERROR    backend.hooks.reporting:reporting.py:99 [ReportingHook] EMPTY_INPUT: Missing 'inputs' in context_variables.
--------- generated xml file: C:\src\quorum\tests\output\results.xml ----------
=========================== short test summary info ===========================
FAILED backend/tests/hooks/test_reporting.py::test_generate_report_success - assert False
 +  where False = isinstance(None, ReportResult)
FAILED backend/tests/hooks/test_reporting.py::test_generate_report_fail_fast_missing_template_dir - assert 'REPORT_TEMPLATE_DIR_MISSING' in "{'error_code': <ErrorCodes.CONFIGURATION_ERROR: 'CONFIGURATION_ERROR'>}"
 +  where "{'error_code': <ErrorCodes.CONFIGURATION_ERROR: 'CONFIGURATION_ERROR'>}" = str({'error_code': <ErrorCodes.CONFIGURATION_ERROR: 'CONFIGURATION_ERROR'>})
 +    where {'error_code': <ErrorCodes.CONFIGURATION_ERROR: 'CONFIGURATION_ERROR'>} = AppException('Template directory not found at c:\\src\\quorum\\backend\\templates.').details
 +      where AppException('Template directory not found at c:\\src\\quorum\\backend\\templates.') = <ExceptionInfo AppException('Template directory not found at c:\\src\\quorum\\backend\\templates.') tblen=2>.value
FAILED backend/tests/hooks/test_reporting.py::test_generate_report_context_validation_failure - assert 'REPORT_CONTEXT_VALIDATION_FAILED' in "{'error_code': <ErrorCodes.EMPTY_INPUT: 'EMPTY_INPUT'>}"
 +  where "{'error_code': <ErrorCodes.EMPTY_INPUT: 'EMPTY_INPUT'>}" = str({'error_code': <ErrorCodes.EMPTY_INPUT: 'EMPTY_INPUT'>})
 +    where {'error_code': <ErrorCodes.EMPTY_INPUT: 'EMPTY_INPUT'>} = AppException("Missing 'inputs' in context_variables.").details
 +      where AppException("Missing 'inputs' in context_variables.") = <ExceptionInfo AppException("Missing 'inputs' in context_variables.") tblen=2>.value
============================== 3 failed in 0.49s ==============================
