============================= test session starts =============================
platform win32 -- Python 3.14.2, pytest-9.0.2, pluggy-1.6.0 -- C:\Python314\python.exe
cachedir: .pytest_cache
rootdir: C:\src\quorum
configfile: pytest.ini
plugins: anyio-4.12.1, asyncio-1.3.0
asyncio: mode=Mode.AUTO, debug=False, asyncio_default_fixture_loop_scope=function, asyncio_default_test_loop_scope=function
collecting ... collected 4 items

backend/tests/hooks/test_archival.py::test_retrieve_precedent_no_repo PASSED [ 25%]
backend/tests/hooks/test_archival.py::test_retrieve_precedent_success FAILED [ 50%]
backend/tests/hooks/test_archival.py::test_retrieve_precedent_empty PASSED [ 75%]
backend/tests/hooks/test_archival.py::test_retrieve_precedent_repo_error PASSED [100%]

================================== FAILURES ===================================
_______________________ test_retrieve_precedent_success _______________________
backend\tests\hooks\test_archival.py:57: in test_retrieve_precedent_success
    past_state.execution_trace = [MockTraceEvent()]
    ^^^^^^^^^^^^^^^^^^^^^^^^^^
C:\Python314\Lib\site-packages\pydantic\main.py:1032: in __setattr__
    elif (setattr_handler := self._setattr_handler(name, value)) is not None:
                             ^^^^^^^^^^^^^^^^^^^^^^^^^^^^^^^^^^
C:\Python314\Lib\site-packages\pydantic\main.py:1068: in _setattr_handler
    _check_frozen(cls, name, value)
C:\Python314\Lib\site-packages\pydantic\main.py:89: in _check_frozen
    raise ValidationError.from_exception_data(
E   pydantic_core._pydantic_core.ValidationError: 1 validation error for WorkflowState
E   execution_trace
E     Instance is frozen [type=frozen_instance, input_value=[<test_archival.test_retr... at 0x00000254DEFA5010>], input_type=list]
E       For further information visit https://errors.pydantic.dev/2.12/v/frozen_instance
--------- generated xml file: C:\src\quorum\tests\output\results.xml ----------
=========================== short test summary info ===========================
FAILED backend/tests/hooks/test_archival.py::test_retrieve_precedent_success - pydantic_core._pydantic_core.ValidationError: 1 validation error for WorkflowState
execution_trace
  Instance is frozen [type=frozen_instance, input_value=[<test_archival.test_retr... at 0x00000254DEFA5010>], input_type=list]
    For further information visit https://errors.pydantic.dev/2.12/v/frozen_instance
========================= 1 failed, 3 passed in 0.48s =========================
