============================= test session starts =============================
platform win32 -- Python 3.14.2, pytest-9.0.2, pluggy-1.6.0 -- C:\Python314\python.exe
cachedir: .pytest_cache
rootdir: C:\src\quorum
configfile: pytest.ini
plugins: anyio-4.12.1, asyncio-1.3.0
asyncio: mode=Mode.AUTO, debug=False, asyncio_default_fixture_loop_scope=function, asyncio_default_test_loop_scope=function
collecting ... collected 218 items

backend/tests/api/routes/config/test_knowledge.py::test_ingest_knowledge_base_success PASSED [  0%]
backend/tests/api/routes/config/test_knowledge.py::test_get_ingestion_status_found PASSED [  0%]
backend/tests/api/routes/config/test_knowledge.py::test_get_ingestion_status_not_found PASSED [  1%]
backend/tests/api/routes/config/test_model_safety.py::test_delete_default_strategy PASSED [  1%]
backend/tests/api/routes/config/test_model_safety.py::test_delete_nested_default_strategy PASSED [  2%]
backend/tests/api/routes/config/test_model_safety.py::test_delete_used_strategy PASSED [  2%]
backend/tests/api/routes/config/test_model_safety.py::test_delete_unused_strategy PASSED [  3%]
backend/tests/api/routes/config/test_model_safety.py::test_delete_non_existent PASSED [  3%]
backend/tests/api/routes/config/test_model_safety.py::test_delete_nested_strategy PASSED [  4%]
backend/tests/api/test_admin_router.py::test_require_root_permission_denied PASSED [  4%]
backend/tests/api/test_admin_router.py::test_require_admin_or_root_permission_denied PASSED [  5%]
backend/tests/api/test_admin_router.py::test_create_user_fail_fast_permission PASSED [  5%]
backend/tests/api/test_admin_router.py::test_create_user_fail_fast_value_error PASSED [  5%]
backend/tests/api/test_admin_router.py::test_add_banned_phrase_validation PASSED [  6%]
backend/tests/api/test_agents_router.py::test_run_agent_not_found PASSED [  6%]
backend/tests/api/test_agents_router.py::test_run_agent_success PASSED   [  7%]
backend/tests/api/test_agents_router.py::test_run_agent_validation_error PASSED [  7%]
backend/tests/api/test_agents_router.py::test_run_agent_runtime_error PASSED [  8%]
backend/tests/api/test_agents_router.py::test_run_agent_missing_model PASSED [  8%]
backend/tests/api/test_agents_router.py::test_run_agent_invalid_strategy PASSED [  9%]
backend/tests/api/test_audit_router.py::test_audit_root_access PASSED    [  9%]
backend/tests/api/test_audit_router.py::test_audit_admin_access_own_org PASSED [ 10%]
backend/tests/api/test_audit_router.py::test_audit_admin_access_other_org_denied PASSED [ 10%]
backend/tests/api/test_audit_router.py::test_audit_member_denied PASSED  [ 11%]
backend/tests/api/test_audit_router.py::test_audit_service_failure PASSED [ 11%]
backend/tests/api/test_auth_router.py::test_verify_user_token_success PASSED [ 11%]
backend/tests/api/test_auth_router.py::test_impersonate_user_success PASSED [ 12%]
backend/tests/api/test_auth_router.py::test_impersonate_user_denied_non_root PASSED [ 12%]
backend/tests/api/test_auth_router.py::test_list_users_scoping PASSED    [ 13%]
backend/tests/api/test_builder_api.py::test_get_workflow_schema PASSED   [ 13%]
backend/tests/api/test_builder_api.py::test_get_workflow_schema_fi PASSED [ 14%]
backend/tests/api/test_builder_api.py::test_invalid_component_schema PASSED [ 14%]
backend/tests/api/test_builder_preview.py::test_preview_step_flow PASSED [ 15%]
backend/tests/api/test_builder_preview.py::test_preview_chain_flow PASSED [ 15%]
backend/tests/api/test_builder_preview.py::test_preview_not_found PASSED [ 16%]
backend/tests/api/test_llm_router.py::test_update_model_config_success PASSED [ 16%]
backend/tests/api/test_llm_router.py::test_generate_completion_invalid_strategy PASSED [ 16%]
backend/tests/api/test_llm_router.py::test_batch_completion_partial_failure PASSED [ 17%]
backend/tests/api/test_llm_router.py::test_list_providers PASSED         [ 17%]
backend/tests/api/test_localization_expansion.py::test_get_generic_schema_fi PASSED [ 18%]
backend/tests/api/test_localization_expansion.py::test_get_evaluation_matrix_schema_fi PASSED [ 18%]
backend/tests/api/test_localization_expansion.py::test_get_agents_list_fi PASSED [ 19%]
backend/tests/api/test_localization_expansion.py::test_get_schemas_list_fi PASSED [ 19%]
backend/tests/api/test_localization_expansion.py::test_get_execution_view_fi PASSED [ 20%]
backend/tests/api/test_organization_router.py::test_create_organization_root_only PASSED [ 20%]
backend/tests/api/test_organization_router.py::test_get_organization_access_control PASSED [ 21%]
backend/tests/api/test_organization_router.py::test_get_organization_usage_not_found PASSED [ 21%]
backend/tests/api/test_organization_router.py::test_delete_organization_conflict PASSED [ 22%]
backend/tests/api/test_organization_router.py::test_create_organization_user_strict_types PASSED [ 22%]
backend/tests/api/test_pdf_security.py::test_rbac_root_allow PASSED      [ 22%]
backend/tests/api/test_pdf_security.py::test_rbac_admin_allow PASSED     [ 23%]
backend/tests/api/test_pdf_security.py::test_rbac_manager_own_org_allow PASSED [ 23%]
backend/tests/api/test_pdf_security.py::test_rbac_manager_other_org_deny PASSED [ 24%]
backend/tests/api/test_pdf_security.py::test_rbac_member_own_exec_allow PASSED [ 24%]
backend/tests/api/test_pdf_security.py::test_rbac_member_other_exec_deny PASSED [ 25%]
backend/tests/api/test_pdf_security.py::test_download_endpoint_file_exists PASSED [ 25%]
backend/tests/api/test_pdf_security.py::test_download_endpoint_queues_job PASSED [ 26%]
backend/tests/api/test_settings_router.py::test_get_settings_success PASSED [ 26%]
backend/tests/api/test_settings_router.py::test_get_settings_empty_db PASSED [ 27%]
backend/tests/api/test_settings_router.py::test_update_settings_success PASSED [ 27%]
backend/tests/api/test_settings_router.py::test_update_settings_permission_denied PASSED [ 27%]
backend/tests/api/test_tools_router.py::test_web_scrape_ssrf_blocked PASSED [ 28%]
backend/tests/api/test_tools_router.py::test_web_scrape_success PASSED   [ 28%]
backend/tests/api/test_tools_router.py::test_extract_text_no_content PASSED [ 29%]
backend/tests/api/test_tools_router.py::test_extract_text_success_text PASSED [ 29%]
backend/tests/api/test_tools_router.py::test_extract_concepts_success PASSED [ 30%]
backend/tests/api/test_view_models.py::test_assessment_view_model_valid PASSED [ 30%]
backend/tests/api/test_view_models.py::test_assessment_view_model_invalid_variant PASSED [ 31%]
backend/tests/api/test_view_models.py::test_assessment_view_model_extra_forbid PASSED [ 31%]
backend/tests/api/test_workflow_control.py::test_cancel_execution_success PASSED [ 32%]
backend/tests/api/test_workflow_control.py::test_cancel_execution_already_done PASSED [ 32%]
backend/tests/api/test_workflow_control.py::test_cancel_execution_permission_denied PASSED [ 33%]
backend/tests/api/test_workflow_mapping.py::test_create_workflow_missing_mapping PASSED [ 33%]
backend/tests/api/test_workflow_mapping.py::test_update_workflow_missing_mapping PASSED [ 33%]
backend/tests/api/transformers/test_assessment.py::test_transform_success_running PASSED [ 34%]
backend/tests/api/transformers/test_assessment.py::test_transform_success_completed PASSED [ 34%]
backend/tests/api/transformers/test_assessment.py::test_transform_success_failed PASSED [ 35%]
backend/tests/api/transformers/test_assessment.py::test_transform_missing_data PASSED [ 35%]
backend/tests/api/transformers/test_domain_transformers.py::test_logic_transformer_extracts_display_model PASSED [ 36%]
backend/tests/api/transformers/test_domain_transformers.py::test_logic_transformer_handles_missing_step PASSED [ 36%]
backend/tests/api/transformers/test_domain_transformers.py::test_stress_transformer_extracts_display_model PASSED [ 37%]
backend/tests/api/transformers/test_domain_transformers.py::test_causal_transformer_extracts_display_model PASSED [ 37%]
backend/tests/api/transformers/test_domain_transformers.py::test_profiler_transformer_extracts_display_model PASSED [ 38%]
backend/tests/api/transformers/test_domain_transformers.py::test_detector_transformer_extracts_display_model PASSED [ 38%]
backend/tests/api/transformers/test_domain_transformers.py::test_driver_transformer_extracts_display_model PASSED [ 38%]
backend/tests/api/transformers/test_domain_transformers.py::test_archivist_transformer_extracts_display_model PASSED [ 39%]
backend/tests/api/transformers/test_report_transformer.py::test_report_transformer_process_all_stages PASSED [ 39%]
backend/tests/core/test_component.py::test_strict_component_execution PASSED [ 40%]
backend/tests/core/test_component.py::test_strict_component_failure PASSED [ 40%]
backend/tests/core/test_component.py::test_base_agent_compatibility PASSED [ 41%]
backend/tests/core/test_engine_errors.py::test_resolve_inputs_failure PASSED [ 41%]
backend/tests/core/test_engine_errors.py::test_execute_workflow_task_not_found PASSED [ 42%]
backend/tests/core/test_engine_errors.py::test_execute_workflow_input_validation_failed PASSED [ 42%]
backend/tests/core/test_engine_errors.py::test_execute_workflow_chat_parsing_failed PASSED [ 43%]
backend/tests/core/test_rate_limit.py::test_rate_limit_handler_structure PASSED [ 43%]
backend/tests/core/test_rate_limit.py::test_rate_limit_handler_unknown_detail PASSED [ 44%]
backend/tests/core/test_registry.py::test_register_agent_instantiation_failure PASSED [ 44%]
backend/tests/core/test_registry.py::test_agent_wrapper_configuration_failure PASSED [ 44%]
backend/tests/core/test_registry.py::test_agent_wrapper_model_override_failure PASSED [ 45%]
backend/tests/hooks/test_archival.py::test_retrieve_precedent_no_repo PASSED [ 45%]
backend/tests/hooks/test_archival.py::test_retrieve_precedent_success PASSED [ 46%]
backend/tests/hooks/test_archival.py::test_retrieve_precedent_empty PASSED [ 46%]
backend/tests/hooks/test_archival.py::test_retrieve_precedent_repo_error PASSED [ 47%]
backend/tests/hooks/test_integrity.py::test_enforce_hypothesis_linking_success PASSED [ 47%]
backend/tests/hooks/test_integrity.py::test_enforce_hypothesis_linking_bad_format PASSED [ 48%]
backend/tests/hooks/test_integrity.py::test_enforce_hypothesis_linking_sequence_gap PASSED [ 48%]
backend/tests/hooks/test_integrity.py::test_verify_citation_integrity_success PASSED [ 49%]
backend/tests/hooks/test_integrity.py::test_verify_citation_integrity_fail_fast PASSED [ 49%]
backend/tests/hooks/test_linguistics.py::test_detect_patterns_english_default PASSED [ 50%]
backend/tests/hooks/test_linguistics.py::test_detect_patterns_finnish_context PASSED [ 50%]
backend/tests/hooks/test_linguistics.py::test_detect_patterns_finnish_inputs_fallback PASSED [ 50%]
backend/tests/hooks/test_linguistics.py::test_no_patterns_clean_text PASSED [ 51%]
backend/tests/hooks/test_references.py::test_generate_bibliography_hook_success PASSED [ 51%]
backend/tests/hooks/test_references.py::test_generate_bibliography_hook_empty_text PASSED [ 52%]
backend/tests/hooks/test_references.py::test_generate_bibliography_hook_fail_fast_on_error PASSED [ 52%]
backend/tests/hooks/test_references.py::test_generate_bibliography_hook_fallback_to_repo PASSED [ 53%]
backend/tests/hooks/test_reporting.py::test_generate_report_success PASSED [ 53%]
backend/tests/hooks/test_reporting.py::test_generate_report_fail_fast_missing_template_dir PASSED [ 54%]
backend/tests/hooks/test_scoring.py::test_apply_scoring_missing_judge PASSED [ 54%]
backend/tests/hooks/test_scoring.py::test_passivity_invalid_dict_rejected PASSED [ 55%]
backend/tests/hooks/test_scoring.py::test_passivity_legacy_dict_accepted PASSED [ 55%]
backend/tests/hooks/test_scoring.py::test_apply_scoring_invalid_dict_rejected PASSED [ 55%]
backend/tests/hooks/test_search.py::test_missing_step_analyst PASSED     [ 56%]
backend/tests/hooks/test_search.py::test_invalid_step_analyst_schema PASSED [ 56%]
backend/tests/hooks/test_search.py::test_no_hypotheses PASSED            [ 57%]
backend/tests/hooks/test_search.py::test_config_error_fail_fast PASSED   [ 57%]
backend/tests/hooks/test_search.py::test_execution_success PASSED        [ 58%]
backend/tests/hooks/test_search.py::test_execution_failure_fail_fast PASSED [ 58%]
backend/tests/hooks/test_search.py::test_language_context PASSED         [ 59%]
backend/tests/hooks/test_security.py::test_sanitize_text_basic PASSED    [ 59%]
backend/tests/hooks/test_security.py::test_sanitize_hook_success PASSED  [ 60%]
backend/tests/hooks/test_security.py::test_sanitize_hook_missing_inputs PASSED [ 60%]
backend/tests/hooks/test_security.py::test_banned_phrases_check_defaults PASSED [ 61%]
backend/tests/hooks/test_security.py::test_banned_phrases_db_error PASSED [ 61%]
backend/tests/hooks/test_security.py::test_banned_phrases_detected PASSED [ 61%]
backend/tests/hooks/test_security.py::test_banned_phrases_clean PASSED   [ 62%]
backend/tests/hooks/test_validation.py::test_verify_structure_success PASSED [ 62%]
backend/tests/hooks/test_validation.py::test_verify_structure_short_input PASSED [ 63%]
backend/tests/hooks/test_validation.py::test_verify_structure_missing_context PASSED [ 63%]
backend/tests/hooks/test_validation.py::test_verify_structure_invalid_inputs_type PASSED [ 64%]
backend/tests/integration/test_config_integrity.py::test_agent_wrapper_propagates_temperature PASSED [ 64%]
backend/tests/integration/test_config_integrity.py::test_prompt_substitution PASSED [ 65%]
backend/tests/integration/test_execution_endpoints.py::test_get_execution_view_endpoint PASSED [ 65%]
backend/tests/integration/test_execution_endpoints.py::test_get_flat_report_endpoint PASSED [ 66%]
backend/tests/integration/test_execution_endpoints.py::test_get_pdf_endpoint PASSED [ 66%]
backend/tests/integration/test_pdf_worker.py::test_generate_pdf_job_success PASSED [ 66%]
backend/tests/integration/test_pdf_worker.py::test_generate_pdf_job_failure PASSED [ 67%]
backend/tests/manual/test_agents_strict_dto.py::test_agent_schemas PASSED [ 67%]
backend/tests/manual/test_agents_strict_dto.py::test_agent_execution_mock FAILED [ 68%]
backend/tests/manual/test_delete_model.py::test_delete_api SKIPPED (...) [ 68%]
backend/tests/manual/test_delete_safety.py::test_safety SKIPPED (Man...) [ 69%]
backend/tests/manual/test_ingest_dynamic_strategy.py::test_dynamic_strategy PASSED [ 69%]
backend/tests/manual/test_kb_service_injection.py::test_kb_service_init PASSED [ 70%]
backend/tests/manual/test_output_pipeline_strict.py::test_strict_accessors PASSED [ 70%]
backend/tests/manual/test_xai_flat_generation.py::TestXAIFlatGeneration::test_flat_report_generation PASSED [ 71%]
backend/tests/services/parsers/test_bibliography_parser.py::TestBibliographyParser::test_detect_bibliography_header PASSED [ 71%]
backend/tests/services/parsers/test_bibliography_parser.py::TestBibliographyParser::test_detect_bibliography_finnish PASSED [ 72%]
backend/tests/services/parsers/test_bibliography_parser.py::TestBibliographyParser::test_parse_references_simple PASSED [ 72%]
backend/tests/services/parsers/test_bibliography_parser.py::TestBibliographyParser::test_parse_references_multiline PASSED [ 72%]
backend/tests/services/parsers/test_bibliography_parser.py::TestBibliographyParser::test_no_bibliography PASSED [ 73%]
backend/tests/test_domain_enums.py::test_security_check_enum_input PASSED [ 73%]
backend/tests/test_domain_enums.py::test_security_check_string_input PASSED [ 74%]
backend/tests/test_domain_enums.py::test_security_check_invalid_input PASSED [ 74%]
backend/tests/test_domain_enums.py::test_cognitive_level_calculation PASSED [ 75%]
backend/tests/test_domain_enums.py::test_cognitive_level_string_casting PASSED [ 75%]
backend/tests/test_domain_enums.py::test_reasoning_fidelity PASSED       [ 76%]
backend/tests/test_domain_enums.py::test_counterfactual_test PASSED      [ 76%]
backend/tests/test_domain_enums.py::test_causal_analysis PASSED          [ 77%]
backend/tests/test_domain_enums.py::test_performativity_analysis PASSED  [ 77%]
backend/tests/test_domain_enums.py::test_l10n_keys_exist PASSED          [ 77%]
backend/tests/test_file_driver.py::TestLocalFileDriver::test_delete PASSED [ 78%]
backend/tests/test_file_driver.py::TestLocalFileDriver::test_get_url PASSED [ 78%]
backend/tests/test_file_driver.py::TestLocalFileDriver::test_nested_dir PASSED [ 79%]
backend/tests/test_file_driver.py::TestLocalFileDriver::test_save_and_read PASSED [ 79%]
backend/tests/test_file_driver.py::TestLocalFileDriver::test_save_string PASSED [ 80%]
backend/tests/test_file_driver.py::TestGCSFileDriver::test_delete PASSED [ 80%]
backend/tests/test_file_driver.py::TestGCSFileDriver::test_exists PASSED [ 81%]
backend/tests/test_file_driver.py::TestGCSFileDriver::test_read PASSED   [ 81%]
backend/tests/test_file_driver.py::TestGCSFileDriver::test_save PASSED   [ 82%]
backend/tests/test_storage_driver.py::test_tinydb_crud PASSED            [ 82%]
backend/tests/test_storage_driver.py::test_tinydb_query PASSED           [ 83%]
backend/tests/test_storage_driver.py::test_firestore_upsert PASSED       [ 83%]
backend/tests/test_storage_driver.py::test_firestore_get PASSED          [ 83%]
backend/tests/test_storage_driver.py::test_tinydb_serialization PASSED   [ 84%]
backend/tests/test_storage_driver.py::test_firestore_serialization PASSED [ 84%]
backend/tests/test_storage_driver.py::test_repo_delegation PASSED        [ 85%]
backend/tests/unit/test_chart_service.py::TestChartService::test_generate_radar_chart_valid PASSED [ 85%]
backend/tests/unit/test_chart_service.py::TestChartService::test_generate_radar_chart_empty PASSED [ 86%]
backend/tests/unit/test_chart_service.py::TestChartService::test_generate_radar_chart_none PASSED [ 86%]
backend/tests/unit/test_chart_service.py::TestChartService::test_generate_radar_chart_failure PASSED [ 87%]
backend/tests/unit/test_chat_log_parser.py::TestChatLogParser::test_parse_explicit_format PASSED [ 87%]
backend/tests/unit/test_chat_log_parser.py::TestChatLogParser::test_parse_gemini_format PASSED [ 88%]
backend/tests/unit/test_chat_log_parser.py::TestChatLogParser::test_parse_chatgpt_format PASSED [ 88%]
backend/tests/unit/test_chat_log_parser.py::TestChatLogParser::test_parse_claude_format PASSED [ 88%]
backend/tests/unit/test_chat_log_parser.py::TestChatLogParser::test_parse_timestamp_format PASSED [ 89%]
backend/tests/unit/test_chat_log_parser.py::TestChatLogParser::test_parse_arrow_format_with_embedded_list PASSED [ 89%]
backend/tests/unit/test_chat_log_parser.py::TestChatLogParser::test_parse_arrow_with_header_response PASSED [ 90%]
backend/tests/unit/test_chat_log_parser.py::TestChatLogParser::test_empty_input_raises_error PASSED [ 90%]
backend/tests/unit/test_chat_log_parser.py::TestChatLogParser::test_fallback_unknown_format PASSED [ 91%]
backend/tests/unit/test_engine_cancellation.py::test_engine_graceful_cancellation PASSED [ 91%]
backend/tests/unit/test_knowledge_service.py::test_retrieve_context_empty_kb PASSED [ 92%]
backend/tests/unit/test_knowledge_service.py::test_retrieve_context_no_query_returns_summary PASSED [ 92%]
backend/tests/unit/test_knowledge_service.py::test_retrieve_context_with_query_filtering PASSED [ 93%]
backend/tests/unit/test_knowledge_service.py::test_retrieve_context_no_matches PASSED [ 93%]
backend/tests/unit/test_knowledge_service.py::test_retrieve_context_exception_handling PASSED [ 94%]
backend/tests/unit/test_llm_config.py::test_llm_provider_config_defaults PASSED [ 94%]
backend/tests/unit/test_llm_config.py::test_llm_provider_config_values PASSED [ 94%]
backend/tests/unit/test_llm_config.py::test_llm_provider_config_validation PASSED [ 95%]
backend/tests/unit/test_llm_config.py::test_ui_labels_presence PASSED    [ 95%]
backend/tests/unit/test_pdf_generator.py::test_generate_execution_pdf_success PASSED [ 96%]
backend/tests/unit/test_pdf_generator.py::test_generate_execution_pdf_not_found PASSED [ 96%]
backend/tests/unit/test_pdf_generator.py::test_generate_execution_pdf_error_handling PASSED [ 97%]
backend/tests/unit/test_pdf_generator.py::test_generate_pdf_with_logic_and_ethics PASSED [ 97%]
backend/tests/unit/test_reporting_hook.py::test_generate_report_no_data PASSED [ 98%]
backend/tests/unit/test_reporting_hook.py::test_generate_report_with_data PASSED [ 98%]
backend/tests/unit/test_reporting_hook.py::test_generate_report_attributes_fallback PASSED [ 99%]
backend/tests/unit/test_retrieval_agent.py::test_retrieval_agent_hybrid_execution PASSED [ 99%]
backend/tests/unit/test_retrieval_agent.py::test_retrieval_agent_kb_failure_resilience PASSED [100%]

================================== FAILURES ===================================
__________________________ test_agent_execution_mock __________________________

    async def test_agent_execution_mock():
        print("\n--- Testing Agent Execution (Mock) ---")
    
        # MOCK DATA
        falsifier_dto_mock = {
            "thought_process": "Thinking...",
            "conclusion": "Conclusion.",
            "confidence_score": 0.9,
            "falsifier_data": {
                "is_falsifiable": True,
                "falsification_attempts": [],
                "stress_test_findings": [{"question": "Q", "evidence_held": False, "observation": "O"}],
                "fidelity_audit": {"fidelity_score": "High", "justification": "Mock fidelity audit"},
                "stress_test": {"resilience_score": 0.5, "weak_points": []},
                "fidelity": {"score": 0.8, "assessment": "Good"},
            },
        }
    
        # Helper to test an agent
        async def run_agent_test(agent, input_data, mock_response_dict):
            print(f"Testing execution of {agent.__class__.__name__}...")
    
            # Mock the LLM Client within the agent
            # We need to patch the generate method or similar.
            # BaseAgent.execute calls self.llm.generate(...)
    
            mock_llm = AsyncMock()
            # The agent expects the LLM to return a Pydantic model (DTO) if strict mode is on?
            # Actually BaseAgent.execute logic:
            # result = await self.llm.generate(..., response_model=self.DTO_SCHEMA)
            # So we mock generate to return the DTO instance.
    
            dto_instance = agent.DTO_SCHEMA(**mock_response_dict)
            mock_response = MagicMock()
            mock_response.parsed_content = dto_instance
            mock_llm.generate.return_value = mock_response
    
            # Inject mock llm
            agent.llm_provider = mock_llm
    
            # ACT
            result = await agent.execute(input_data)
    
            # ASSERT
            assert isinstance(result, agent.OUTPUT_SCHEMA)
            assert isinstance(result, agent.DTO_SCHEMA)  # Should inherit
            assert result.metadata is not None  # System injected
            assert result.thought_process == mock_response_dict["thought_process"]
            print(f"\u2705 {agent.__class__.__name__} execution successful. Output type: {type(result)}")
    
        # 1. LogicalFalsifierAgent
        falsifier = LogicalFalsifierAgent()
>       falsifier_input = FalsifierInput(
            history_text="Foo",
            step_analyst={"thought_process": "tp", "conclusion": "c", "confidence_score": 0.9, "hypotheses": []}
        )
E       pydantic_core._pydantic_core.ValidationError: 1 validation error for FalsifierInput
E       step_analyst.hypotheses
E         Value error, Analyst output must contain at least one hypothesis. [type=value_error, input_value=[], input_type=list]
E           For further information visit https://errors.pydantic.dev/2.12/v/value_error

backend\tests\manual\test_agents_strict_dto.py:109: ValidationError
---------------------------- Captured stdout call -----------------------------

--- Testing Agent Execution (Mock) ---
============================== warnings summary ===============================
..\..\Python314\Lib\site-packages\google\genai\types.py:43
  C:\Python314\Lib\site-packages\google\genai\types.py:43: DeprecationWarning: '_UnionGenericAlias' is deprecated and slated for removal in Python 3.17
    VersionedUnionType = Union[builtin_types.UnionType, _UnionGenericAlias]

..\..\Python314\Lib\site-packages\litellm\litellm_core_utils\logging_utils.py:273: 15 warnings
  C:\Python314\Lib\site-packages\litellm\litellm_core_utils\logging_utils.py:273: DeprecationWarning: 'asyncio.iscoroutinefunction' is deprecated and slated for removal in Python 3.16; use inspect.iscoroutinefunction() instead
    if asyncio.iscoroutinefunction(func):

..\..\Python314\Lib\site-packages\slowapi\extension.py:717
..\..\Python314\Lib\site-packages\slowapi\extension.py:717
  C:\Python314\Lib\site-packages\slowapi\extension.py:717: DeprecationWarning: 'asyncio.iscoroutinefunction' is deprecated and slated for removal in Python 3.16; use inspect.iscoroutinefunction() instead
    if asyncio.iscoroutinefunction(func):

backend\tests\api\test_auth_router.py:40
  C:\src\quorum\backend\tests\api\test_auth_router.py:40: DeprecationWarning: datetime.datetime.utcnow() is deprecated and scheduled for removal in a future version. Use timezone-aware objects to represent datetimes in UTC: datetime.datetime.now(datetime.UTC).
    created_at=datetime.utcnow(),

backend\tests\api\test_auth_router.py:47
  C:\src\quorum\backend\tests\api\test_auth_router.py:47: DeprecationWarning: datetime.datetime.utcnow() is deprecated and scheduled for removal in a future version. Use timezone-aware objects to represent datetimes in UTC: datetime.datetime.now(datetime.UTC).
    created_at=datetime.utcnow(),

backend/tests/api/test_auth_router.py::test_list_users_scoping
  C:\src\quorum\backend\tests\api\test_auth_router.py:126: DeprecationWarning: datetime.datetime.utcnow() is deprecated and scheduled for removal in a future version. Use timezone-aware objects to represent datetimes in UTC: datetime.datetime.now(datetime.UTC).
    created_at=datetime.utcnow(),

backend/tests/api/test_auth_router.py::test_list_users_scoping
  C:\src\quorum\backend\tests\api\test_auth_router.py:133: DeprecationWarning: datetime.datetime.utcnow() is deprecated and scheduled for removal in a future version. Use timezone-aware objects to represent datetimes in UTC: datetime.datetime.now(datetime.UTC).
    created_at=datetime.utcnow(),

backend/tests/api/test_organization_router.py::test_create_organization_root_only
  C:\Python314\Lib\typing.py:399: RuntimeWarning: coroutine 'AsyncMockMixin._execute_mock_call' was never awaited
    return _caches[func](*args, **kwds)
  Enable tracemalloc to get traceback where the object was allocated.
  See https://docs.pytest.org/en/stable/how-to/capture-warnings.html#resource-warnings for more info.

backend/tests/api/test_organization_router.py::test_create_organization_user_strict_types
  C:\src\quorum\backend\tests\api\test_organization_router.py:147: DeprecationWarning: datetime.datetime.utcnow() is deprecated and scheduled for removal in a future version. Use timezone-aware objects to represent datetimes in UTC: datetime.datetime.now(datetime.UTC).
    created_at=datetime.utcnow(),

-- Docs: https://docs.pytest.org/en/stable/how-to/capture-warnings.html
--------- generated xml file: C:\src\quorum\tests\output\results.xml ----------
=========================== short test summary info ===========================
FAILED backend/tests/manual/test_agents_strict_dto.py::test_agent_execution_mock
=========== 1 failed, 215 passed, 2 skipped, 24 warnings in 13.64s ============
