============================= test session starts =============================
platform win32 -- Python 3.14.2, pytest-9.0.2, pluggy-1.6.0 -- C:\Python314\python.exe
cachedir: .pytest_cache
rootdir: C:\src\quorum
configfile: pytest.ini
plugins: anyio-4.12.1, asyncio-1.3.0
asyncio: mode=Mode.AUTO, debug=False, asyncio_default_fixture_loop_scope=function, asyncio_default_test_loop_scope=function
collecting ... collected 7 items

backend/tests/hooks/test_security.py::test_sanitize_text_basic PASSED    [ 14%]
backend/tests/hooks/test_security.py::test_sanitize_hook_success FAILED  [ 28%]
backend/tests/hooks/test_security.py::test_sanitize_hook_missing_inputs PASSED [ 42%]
backend/tests/hooks/test_security.py::test_banned_phrases_check_defaults FAILED [ 57%]
backend/tests/hooks/test_security.py::test_banned_phrases_db_error PASSED [ 71%]
backend/tests/hooks/test_security.py::test_banned_phrases_detected PASSED [ 85%]
backend/tests/hooks/test_security.py::test_banned_phrases_clean PASSED   [100%]

================================== FAILURES ===================================
_________________________ test_sanitize_hook_success __________________________
backend\tests\hooks\test_security.py:40: in test_sanitize_hook_success
    new_state = sanitize_text_hook(mock_state)
                ^^^^^^^^^^^^^^^^^^^^^^^^^^^^^^
backend\hooks\security.py:81: in sanitize_text_hook
    raise AppException(
E   backend.exceptions.AppException: Missing mandatory input field: 'reflection_text'.
------------------------------ Captured log call ------------------------------
ERROR    backend.hooks.security:security.py:80 [SecurityHook] EMPTY_INPUT: Missing mandatory input field: 'reflection_text'.
_____________________ test_banned_phrases_check_defaults ______________________
backend\tests\hooks\test_security.py:65: in test_banned_phrases_check_defaults
    with pytest.raises(SecurityViolationError) as exc:
         ^^^^^^^^^^^^^^^^^^^^^^^^^^^^^^^^^^^^^
E   Failed: DID NOT RAISE <class 'backend.exceptions.SecurityViolationError'>
------------------------------ Captured log call ------------------------------
WARNING  backend.hooks.security:security.py:213 [SecurityHook] No repository provided. Using DEFAULT_BANNED_PHRASES.
--------- generated xml file: C:\src\quorum\tests\output\results.xml ----------
=========================== short test summary info ===========================
FAILED backend/tests/hooks/test_security.py::test_sanitize_hook_success - backend.exceptions.AppException: Missing mandatory input field: 'reflection_text'.
FAILED backend/tests/hooks/test_security.py::test_banned_phrases_check_defaults - Failed: DID NOT RAISE <class 'backend.exceptions.SecurityViolationError'>
========================= 2 failed, 5 passed in 0.45s =========================
