============================= test session starts =============================
platform win32 -- Python 3.14.2, pytest-9.0.2, pluggy-1.6.0 -- C:\src\quorum\.venv\Scripts\python.exe
cachedir: .pytest_cache
rootdir: C:\src\quorum
configfile: pytest.ini
plugins: anyio-4.12.0, logfire-4.16.0, asyncio-1.3.0
asyncio: mode=Mode.AUTO, debug=False, asyncio_default_fixture_loop_scope=function, asyncio_default_test_loop_scope=function
collecting ... collected 13 items

tests/test_e2e_api.py::test_e2e_api_mock_db FAILED                       [  7%]
tests/test_e2e_api.py::test_e2e_api_firestore_db FAILED                  [ 15%]
tests/test_integration_suite.py::TestWorkflowEngine::test_01_initial_state_inflation ERROR [ 23%]
tests/test_integration_suite.py::TestWorkflowEngine::test_02_input_inflation_failure ERROR [ 30%]
tests/test_integration_suite.py::TestWorkflowEngine::test_resolve_inputs_strict PASSED [ 38%]
tests/test_integration_suite.py::TestWorkflowEngine::test_03_execute_workflow_success ERROR [ 46%]
tests/test_integration_suite.py::TestWorkflowEngine::test_04_execute_fail_fast_validation ERROR [ 53%]
tests/test_integration_suite.py::TestWorkflowEngine::test_05_execute_task_not_found ERROR [ 61%]
tests/test_integration_suite.py::TestWorkflowEngine::test_06_halting_signal ERROR [ 69%]
tests/test_integration_suite.py::TestWorkflowEngine::test_07_hook_execution FAILED [ 76%]
tests/test_integration_suite.py::TestReportingHook::test_generate_report_success PASSED [ 84%]
tests/test_integration_suite.py::TestReportingHook::test_generate_report_fail_fast_missing_inputs PASSED [ 92%]
tests/test_integration_suite.py::TestReportingHook::test_generate_report_fallback_minimal PASSED [100%]

=================================== ERRORS ====================================
____ ERROR at setup of TestWorkflowEngine.test_01_initial_state_inflation _____
tests\test_integration_suite.py:32: in simple_workflow_def
    return WorkflowDefinition(
E   pydantic_core._pydantic_core.ValidationError: 3 validation errors for WorkflowDefinition
E   steps.0
E     Input should be a valid string [type=string_type, input_value=WorkflowStep(id='step_1',..._missing_registry=False), input_type=WorkflowStep]
E       For further information visit https://errors.pydantic.dev/2.12/v/string_type
E   steps.1
E     Input should be a valid string [type=string_type, input_value=WorkflowStep(id='step_2',..._missing_registry=False), input_type=WorkflowStep]
E       For further information visit https://errors.pydantic.dev/2.12/v/string_type
E   organization_id
E     Field required [type=missing, input_value={'id': 'test_flow', 'name...issing_registry=False)]}, input_type=dict]
E       For further information visit https://errors.pydantic.dev/2.12/v/missing
____ ERROR at setup of TestWorkflowEngine.test_02_input_inflation_failure _____
tests\test_integration_suite.py:32: in simple_workflow_def
    return WorkflowDefinition(
E   pydantic_core._pydantic_core.ValidationError: 3 validation errors for WorkflowDefinition
E   steps.0
E     Input should be a valid string [type=string_type, input_value=WorkflowStep(id='step_1',..._missing_registry=False), input_type=WorkflowStep]
E       For further information visit https://errors.pydantic.dev/2.12/v/string_type
E   steps.1
E     Input should be a valid string [type=string_type, input_value=WorkflowStep(id='step_2',..._missing_registry=False), input_type=WorkflowStep]
E       For further information visit https://errors.pydantic.dev/2.12/v/string_type
E   organization_id
E     Field required [type=missing, input_value={'id': 'test_flow', 'name...issing_registry=False)]}, input_type=dict]
E       For further information visit https://errors.pydantic.dev/2.12/v/missing
____ ERROR at setup of TestWorkflowEngine.test_03_execute_workflow_success ____
tests\test_integration_suite.py:32: in simple_workflow_def
    return WorkflowDefinition(
E   pydantic_core._pydantic_core.ValidationError: 3 validation errors for WorkflowDefinition
E   steps.0
E     Input should be a valid string [type=string_type, input_value=WorkflowStep(id='step_1',..._missing_registry=False), input_type=WorkflowStep]
E       For further information visit https://errors.pydantic.dev/2.12/v/string_type
E   steps.1
E     Input should be a valid string [type=string_type, input_value=WorkflowStep(id='step_2',..._missing_registry=False), input_type=WorkflowStep]
E       For further information visit https://errors.pydantic.dev/2.12/v/string_type
E   organization_id
E     Field required [type=missing, input_value={'id': 'test_flow', 'name...issing_registry=False)]}, input_type=dict]
E       For further information visit https://errors.pydantic.dev/2.12/v/missing
__ ERROR at setup of TestWorkflowEngine.test_04_execute_fail_fast_validation __
tests\test_integration_suite.py:32: in simple_workflow_def
    return WorkflowDefinition(
E   pydantic_core._pydantic_core.ValidationError: 3 validation errors for WorkflowDefinition
E   steps.0
E     Input should be a valid string [type=string_type, input_value=WorkflowStep(id='step_1',..._missing_registry=False), input_type=WorkflowStep]
E       For further information visit https://errors.pydantic.dev/2.12/v/string_type
E   steps.1
E     Input should be a valid string [type=string_type, input_value=WorkflowStep(id='step_2',..._missing_registry=False), input_type=WorkflowStep]
E       For further information visit https://errors.pydantic.dev/2.12/v/string_type
E   organization_id
E     Field required [type=missing, input_value={'id': 'test_flow', 'name...issing_registry=False)]}, input_type=dict]
E       For further information visit https://errors.pydantic.dev/2.12/v/missing
_____ ERROR at setup of TestWorkflowEngine.test_05_execute_task_not_found _____
tests\test_integration_suite.py:32: in simple_workflow_def
    return WorkflowDefinition(
E   pydantic_core._pydantic_core.ValidationError: 3 validation errors for WorkflowDefinition
E   steps.0
E     Input should be a valid string [type=string_type, input_value=WorkflowStep(id='step_1',..._missing_registry=False), input_type=WorkflowStep]
E       For further information visit https://errors.pydantic.dev/2.12/v/string_type
E   steps.1
E     Input should be a valid string [type=string_type, input_value=WorkflowStep(id='step_2',..._missing_registry=False), input_type=WorkflowStep]
E       For further information visit https://errors.pydantic.dev/2.12/v/string_type
E   organization_id
E     Field required [type=missing, input_value={'id': 'test_flow', 'name...issing_registry=False)]}, input_type=dict]
E       For further information visit https://errors.pydantic.dev/2.12/v/missing
_________ ERROR at setup of TestWorkflowEngine.test_06_halting_signal _________
tests\test_integration_suite.py:32: in simple_workflow_def
    return WorkflowDefinition(
E   pydantic_core._pydantic_core.ValidationError: 3 validation errors for WorkflowDefinition
E   steps.0
E     Input should be a valid string [type=string_type, input_value=WorkflowStep(id='step_1',..._missing_registry=False), input_type=WorkflowStep]
E       For further information visit https://errors.pydantic.dev/2.12/v/string_type
E   steps.1
E     Input should be a valid string [type=string_type, input_value=WorkflowStep(id='step_2',..._missing_registry=False), input_type=WorkflowStep]
E       For further information visit https://errors.pydantic.dev/2.12/v/string_type
E   organization_id
E     Field required [type=missing, input_value={'id': 'test_flow', 'name...issing_registry=False)]}, input_type=dict]
E       For further information visit https://errors.pydantic.dev/2.12/v/missing
================================== FAILURES ===================================
____________________________ test_e2e_api_mock_db _____________________________
tests\test_e2e_api.py:49: in test_e2e_api_mock_db
    assert response.status_code == 200, f"Failed to get components: {response.text}"
E   AssertionError: Failed to get components: {"type":"https://api.quorum.fi/errors/components-list-failed","title":"Components List Failed","status":500,"detail":"1 validation error for TextComponentResponse\ncontent\n  Input should be a valid string [type=string_type, input_value=['executive_summary', 'fi...alysis_recommendations'], input_type=list]\n    For further information visit https://errors.pydantic.dev/2.12/v/string_type","instance":"/v1/config/components","extensions":{"error_code":"COMPONENTS_LIST_FAILED"}}
E   assert 500 == 200
E    +  where 500 = <Response [500 Internal Server Error]>.status_code

During handling of the above exception, another exception occurred:
tests\test_e2e_api.py:59: in test_e2e_api_mock_db
    pytest.fail(f"Mock DB E2E Failed: {e}")
E   Failed: Mock DB E2E Failed: Failed to get components: {"type":"https://api.quorum.fi/errors/components-list-failed","title":"Components List Failed","status":500,"detail":"1 validation error for TextComponentResponse\ncontent\n  Input should be a valid string [type=string_type, input_value=['executive_summary', 'fi...alysis_recommendations'], input_type=list]\n    For further information visit https://errors.pydantic.dev/2.12/v/string_type","instance":"/v1/config/components","extensions":{"error_code":"COMPONENTS_LIST_FAILED"}}
E   assert 500 == 200
E    +  where 500 = <Response [500 Internal Server Error]>.status_code
---------------------------- Captured stdout call -----------------------------

[E2E] Starting Mock DB Test...
Updated backend/main.py with Lifespan and V2 Router.
------------------------------ Captured log call ------------------------------
ERROR    backend.api.routes.config.components:components.py:55 COMPONENTS_LIST_FAILED: 1 validation error for TextComponentResponse
content
  Input should be a valid string [type=string_type, input_value=['executive_summary', 'fi...alysis_recommendations'], input_type=list]
    For further information visit https://errors.pydantic.dev/2.12/v/string_type
Traceback (most recent call last):
  File "C:\src\quorum\backend\api\routes\config\components.py", line 50, in get_components
    return [_component_adapter.validate_python(c) for c in raw_components]
            ~~~~~~~~~~~~~~~~~~~~~~~~~~~~~~~~~~^^^
  File "C:\src\quorum\.venv\Lib\site-packages\pydantic\type_adapter.py", line 441, in validate_python
    return self.validator.validate_python(
           ~~~~~~~~~~~~~~~~~~~~~~~~~~~~~~^
        object,
        ^^^^^^^
    ...<6 lines>...
        by_name=by_name,
        ^^^^^^^^^^^^^^^^
    )
    ^
pydantic_core._pydantic_core.ValidationError: 1 validation error for TextComponentResponse
content
  Input should be a valid string [type=string_type, input_value=['executive_summary', 'fi...alysis_recommendations'], input_type=list]
    For further information visit https://errors.pydantic.dev/2.12/v/string_type
ERROR    backend.main:main.py:182 COMPONENTS_LIST_FAILED: 1 validation error for TextComponentResponse
content
  Input should be a valid string [type=string_type, input_value=['executive_summary', 'fi...alysis_recommendations'], input_type=list]
    For further information visit https://errors.pydantic.dev/2.12/v/string_type (Status: 500)
__________________________ test_e2e_api_firestore_db __________________________
tests\test_e2e_api.py:89: in test_e2e_api_firestore_db
    pytest.fail(f"Firestore Backend Crash: {error_detail}")
E   Failed: Firestore Backend Crash: 'AsyncStreamGenerator' object can't be awaited
---------------------------- Captured stdout call -----------------------------

[E2E] Starting Firestore DB Test...
Updated backend/main.py with Lifespan and V2 Router.
------------------------------ Captured log call ------------------------------
ERROR    backend.api.routes.config.components:components.py:55 COMPONENTS_LIST_FAILED: 'AsyncStreamGenerator' object can't be awaited
Traceback (most recent call last):
  File "C:\src\quorum\backend\api\routes\config\components.py", line 48, in get_components
    raw_components = await repo.get_all_components(type=type, exclude_types=exclude_type)
                     ^^^^^^^^^^^^^^^^^^^^^^^^^^^^^^^^^^^^^^^^^^^^^^^^^^^^^^^^^^^^^^^^^^^^
  File "C:\src\quorum\backend\database\repository.py", line 501, in get_all_components
    components = await self.driver.query("components", filters)
                 ^^^^^^^^^^^^^^^^^^^^^^^^^^^^^^^^^^^^^^^^^^^^^^
  File "C:\src\quorum\backend\database\firestore_driver.py", line 115, in query
    docs = await query.stream()
           ^^^^^^^^^^^^^^^^^^^^
TypeError: 'AsyncStreamGenerator' object can't be awaited
ERROR    backend.main:main.py:182 COMPONENTS_LIST_FAILED: 'AsyncStreamGenerator' object can't be awaited (Status: 500)
__________________ TestWorkflowEngine.test_07_hook_execution __________________
tests\test_integration_suite.py:266: in test_07_hook_execution
    wf = WorkflowDefinition(
E   pydantic_core._pydantic_core.ValidationError: 2 validation errors for WorkflowDefinition
E   steps.0
E     Input should be a valid string [type=string_type, input_value=WorkflowStep(id='step_h',..._missing_registry=False), input_type=WorkflowStep]
E       For further information visit https://errors.pydantic.dev/2.12/v/string_type
E   organization_id
E     Field required [type=missing, input_value={'id': 'hook_test', 'name...issing_registry=False)]}, input_type=dict]
E       For further information visit https://errors.pydantic.dev/2.12/v/missing
============================== warnings summary ===============================
.venv\Lib\site-packages\google\genai\types.py:43
  C:\src\quorum\.venv\Lib\site-packages\google\genai\types.py:43: DeprecationWarning: '_UnionGenericAlias' is deprecated and slated for removal in Python 3.17
    VersionedUnionType = Union[builtin_types.UnionType, _UnionGenericAlias]

.venv\Lib\site-packages\litellm\litellm_core_utils\logging_utils.py:273: 17 warnings
  C:\src\quorum\.venv\Lib\site-packages\litellm\litellm_core_utils\logging_utils.py:273: DeprecationWarning: 'asyncio.iscoroutinefunction' is deprecated and slated for removal in Python 3.16; use inspect.iscoroutinefunction() instead
    if asyncio.iscoroutinefunction(func):

.venv\Lib\site-packages\slowapi\extension.py:717
.venv\Lib\site-packages\slowapi\extension.py:717
  C:\src\quorum\.venv\Lib\site-packages\slowapi\extension.py:717: DeprecationWarning: 'asyncio.iscoroutinefunction' is deprecated and slated for removal in Python 3.16; use inspect.iscoroutinefunction() instead
    if asyncio.iscoroutinefunction(func):

-- Docs: https://docs.pytest.org/en/stable/how-to/capture-warnings.html
--------- generated xml file: C:\src\quorum\tests\output\results.xml ----------
=========================== short test summary info ===========================
FAILED tests/test_e2e_api.py::test_e2e_api_mock_db - Failed: Mock DB E2E Fail...
FAILED tests/test_e2e_api.py::test_e2e_api_firestore_db - Failed: Firestore B...
FAILED tests/test_integration_suite.py::TestWorkflowEngine::test_07_hook_execution
ERROR tests/test_integration_suite.py::TestWorkflowEngine::test_01_initial_state_inflation
ERROR tests/test_integration_suite.py::TestWorkflowEngine::test_02_input_inflation_failure
ERROR tests/test_integration_suite.py::TestWorkflowEngine::test_03_execute_workflow_success
ERROR tests/test_integration_suite.py::TestWorkflowEngine::test_04_execute_fail_fast_validation
ERROR tests/test_integration_suite.py::TestWorkflowEngine::test_05_execute_task_not_found
ERROR tests/test_integration_suite.py::TestWorkflowEngine::test_06_halting_signal
============= 3 failed, 4 passed, 20 warnings, 6 errors in 0.96s ==============
