<?xml version="1.0" encoding="utf-8"?><testsuites name="pytest tests"><testsuite name="pytest" errors="0" failures="2" skipped="0" tests="2" time="5.259" timestamp="2026-03-05T14:24:36.653268+02:00" hostname="Laptop-Risto"><testcase classname="backend.tests.test_bff_transformers" name="test_logic_transformer_graceful_degradation" time="0.003"><failure message="assert False&#10; +  where False = isinstance(None, SemanticBlock)">def test_logic_transformer_graceful_degradation():
        transformer = LogicDomainTransformer()
        # Construct a valid object but then break it to force the transformer to fail
        # We will pass an empty WorkflowState. The _extract_logician_section checks if step_logician exists,
        # but let's mock step_logician as something that will fail during transformation, e.g. missing required nested data.
    
        # Actually, we can just monkeypatch _transform_logician_data to raise an exception
        def mock_transform(*args, **kwargs):
            raise ValueError("Simulated transformation failure")
    
        transformer._transform_logician_data = mock_transform
    
        # Create valid mock state
        state = WorkflowState(
            workflow_id="test",
            step_logician=LogicianOutput(
                logician_data=LogicianData(
                    toulmin_analysis=[ToulminComponent(id="1", claim="c", data="d", warrant="w")],
                    cognitive_level=CognitiveLevel(
                        bloom_level=BloomLevel.REMEMBERING,
                        strategic_depth=StrategicDepth.LOW,
                        bloom_score=1.0,
                        strategic_score=1.0
                    ),
                    walton_scheme=WaltonScheme(identified_scheme="A", critical_questions=["Q"]),
                    toulmin_score=1.0
                ),
                thought_process="test",
                conclusion="test",
                confidence_score=1.0
            )
        )
    
        # Ensure it doesn't crash but returns the SemanticBlock with value={}
        result = transformer._extract_logician_section(state)
&gt;       assert isinstance(result, SemanticBlock)
E       assert False
E        +  where False = isinstance(None, SemanticBlock)

backend\tests\test_bff_transformers.py:46: AssertionError</failure></testcase><testcase classname="backend.tests.test_bff_transformers" name="test_falsification_transformer_graceful_degradation" time="0.001"><failure message="assert False&#10; +  where False = isinstance(None, SemanticBlock)">def test_falsification_transformer_graceful_degradation():
        transformer = FalsificationDomainTransformer()
    
        def mock_transform(*args, **kwargs):
            raise ValueError("Simulated transformation failure")
    
        transformer._transform_falsifier_data = mock_transform
    
        state = WorkflowState(
            workflow_id="test",
            step_falsifier=FalsifierOutput(
                falsifier_data=FalsifierData(
                    stress_test_findings=[],
                    fidelity_audit=ReasoningFidelity(
                        fidelity_score=FidelityLevel.WEAK,
                        fidelity_numeric=1.0,
                        abductive_score=1.0,
                        plausibility_score=1.0,
                        justification="test"
                    )
                ),
                thought_process="test",
                conclusion="test",
                confidence_score=1.0
            )
        )
    
        result = transformer._extract_falsifier_section(state)
&gt;       assert isinstance(result, SemanticBlock)
E       assert False
E        +  where False = isinstance(None, SemanticBlock)

backend\tests\test_bff_transformers.py:79: AssertionError</failure></testcase></testsuite></testsuites>