============================= test session starts =============================
platform win32 -- Python 3.14.0, pytest-9.0.2, pluggy-1.6.0 -- C:\Users\risto\AppData\Local\Python\pythoncore-3.14-64\python.exe
cachedir: .pytest_cache
rootdir: C:\src\quorum
configfile: pytest.ini
plugins: anyio-4.12.0, logfire-4.18.0, asyncio-1.3.0
asyncio: mode=Mode.AUTO, debug=False, asyncio_default_fixture_loop_scope=function, asyncio_default_test_loop_scope=function
collecting ... collected 3 items

tests/integration/test_sitra_integration.py::test_sitra_files_exist PASSED [ 33%]
tests/integration/test_sitra_integration.py::test_sitra_db_record FAILED [ 66%]
tests/integration/test_sitra_integration.py::test_llm_connectivity FAILED [100%]

================================== FAILURES ===================================
____________________________ test_sitra_db_record _____________________________
tests\integration\test_sitra_integration.py:83: in test_sitra_db_record
    assert found_record is not None, f"Execution {TARGET_EXECUTION_ID} (or fallback) not found in DB."
E   AssertionError: Execution 1e205b2c-c907-45a1-a5e5-3fa4cc10952f (or fallback) not found in DB.
E   assert None is not None
____________________________ test_llm_connectivity ____________________________
C:\Users\risto\AppData\Local\Python\pythoncore-3.14-64\Lib\site-packages\litellm\llms\vertex_ai\gemini\vertex_and_google_ai_studio_gemini.py:2383: in async_completion
    response = await client.post(
C:\Users\risto\AppData\Local\Python\pythoncore-3.14-64\Lib\site-packages\litellm\litellm_core_utils\logging_utils.py:190: in async_wrapper
    result = await func(*args, **kwargs)
             ^^^^^^^^^^^^^^^^^^^^^^^^^^^
C:\Users\risto\AppData\Local\Python\pythoncore-3.14-64\Lib\site-packages\litellm\llms\custom_httpx\http_handler.py:464: in post
    raise e
C:\Users\risto\AppData\Local\Python\pythoncore-3.14-64\Lib\site-packages\litellm\llms\custom_httpx\http_handler.py:420: in post
    response.raise_for_status()
C:\Users\risto\AppData\Local\Python\pythoncore-3.14-64\Lib\site-packages\httpx\_models.py:829: in raise_for_status
    raise HTTPStatusError(message, request=request, response=self)
E   httpx.HTTPStatusError: Client error '404 Not Found' for url 'https://us-central1-aiplatform.googleapis.com/v1/projects/cognitive-quorum/locations/us-central1/publishers/google/models/gemini-pro:generateContent'
E   For more information check: https://developer.mozilla.org/en-US/docs/Web/HTTP/Status/404

During handling of the above exception, another exception occurred:
C:\Users\risto\AppData\Local\Python\pythoncore-3.14-64\Lib\site-packages\litellm\main.py:609: in acompletion
    response = await init_response
               ^^^^^^^^^^^^^^^^^^^
C:\Users\risto\AppData\Local\Python\pythoncore-3.14-64\Lib\site-packages\litellm\llms\vertex_ai\gemini\vertex_and_google_ai_studio_gemini.py:2392: in async_completion
    raise VertexAIError(
E   litellm.llms.vertex_ai.common_utils.VertexAIError: {
E     "error": {
E       "code": 404,
E       "message": "Publisher Model `projects/cognitive-quorum/locations/us-central1/publishers/google/models/gemini-pro` was not found or your project does not have access to it. Please ensure you are using a valid model version. For more information, see: https://cloud.google.com/vertex-ai/generative-ai/docs/learn/model-versions",
E       "status": "NOT_FOUND"
E     }
E   }

During handling of the above exception, another exception occurred:
tests\integration\test_sitra_integration.py:122: in test_llm_connectivity
    response: LLMResponse = await provider.generate(
C:\Users\risto\AppData\Local\Python\pythoncore-3.14-64\Lib\site-packages\tenacity\asyncio\__init__.py:189: in async_wrapped
    return await copy(fn, *args, **kwargs)
           ^^^^^^^^^^^^^^^^^^^^^^^^^^^^^^^
C:\Users\risto\AppData\Local\Python\pythoncore-3.14-64\Lib\site-packages\tenacity\asyncio\__init__.py:111: in __call__
    do = await self.iter(retry_state=retry_state)
         ^^^^^^^^^^^^^^^^^^^^^^^^^^^^^^^^^^^^^^^^
C:\Users\risto\AppData\Local\Python\pythoncore-3.14-64\Lib\site-packages\tenacity\asyncio\__init__.py:153: in iter
    result = await action(retry_state)
             ^^^^^^^^^^^^^^^^^^^^^^^^^
C:\Users\risto\AppData\Local\Python\pythoncore-3.14-64\Lib\site-packages\tenacity\_utils.py:99: in inner
    return call(*args, **kwargs)
           ^^^^^^^^^^^^^^^^^^^^^
C:\Users\risto\AppData\Local\Python\pythoncore-3.14-64\Lib\site-packages\tenacity\__init__.py:420: in exc_check
    raise retry_exc.reraise()
          ^^^^^^^^^^^^^^^^^^^
C:\Users\risto\AppData\Local\Python\pythoncore-3.14-64\Lib\site-packages\tenacity\__init__.py:187: in reraise
    raise self.last_attempt.result()
          ^^^^^^^^^^^^^^^^^^^^^^^^^^
C:\Users\risto\AppData\Local\Python\pythoncore-3.14-64\Lib\concurrent\futures\_base.py:443: in result
    return self.__get_result()
           ^^^^^^^^^^^^^^^^^^^
C:\Users\risto\AppData\Local\Python\pythoncore-3.14-64\Lib\concurrent\futures\_base.py:395: in __get_result
    raise self._exception
C:\Users\risto\AppData\Local\Python\pythoncore-3.14-64\Lib\site-packages\tenacity\asyncio\__init__.py:114: in __call__
    result = await fn(*args, **kwargs)
             ^^^^^^^^^^^^^^^^^^^^^^^^^
backend\llm\provider.py:477: in generate
    raise e
backend\llm\provider.py:353: in generate
    response = await self.router.acompletion(**call_kwargs)  # type: ignore[call-overload]
               ^^^^^^^^^^^^^^^^^^^^^^^^^^^^^^^^^^^^^^^^^^^^
C:\Users\risto\AppData\Local\Python\pythoncore-3.14-64\Lib\site-packages\litellm\router.py:1345: in acompletion
    raise e
C:\Users\risto\AppData\Local\Python\pythoncore-3.14-64\Lib\site-packages\litellm\router.py:1321: in acompletion
    response = await self.async_function_with_fallbacks(**kwargs)
               ^^^^^^^^^^^^^^^^^^^^^^^^^^^^^^^^^^^^^^^^^^^^^^^^^^
C:\Users\risto\AppData\Local\Python\pythoncore-3.14-64\Lib\site-packages\litellm\router.py:4514: in async_function_with_fallbacks
    return await self.async_function_with_fallbacks_common_utils(
C:\Users\risto\AppData\Local\Python\pythoncore-3.14-64\Lib\site-packages\litellm\router.py:4472: in async_function_with_fallbacks_common_utils
    raise original_exception
C:\Users\risto\AppData\Local\Python\pythoncore-3.14-64\Lib\site-packages\litellm\router.py:4506: in async_function_with_fallbacks
    response = await self.async_function_with_retries(*args, **kwargs)
               ^^^^^^^^^^^^^^^^^^^^^^^^^^^^^^^^^^^^^^^^^^^^^^^^^^^^^^^
C:\Users\risto\AppData\Local\Python\pythoncore-3.14-64\Lib\site-packages\litellm\router.py:4628: in async_function_with_retries
    self.should_retry_this_error(
C:\Users\risto\AppData\Local\Python\pythoncore-3.14-64\Lib\site-packages\litellm\router.py:4804: in should_retry_this_error
    raise error
C:\Users\risto\AppData\Local\Python\pythoncore-3.14-64\Lib\site-packages\litellm\router.py:4602: in async_function_with_retries
    response = await self.make_call(original_function, *args, **kwargs)
               ^^^^^^^^^^^^^^^^^^^^^^^^^^^^^^^^^^^^^^^^^^^^^^^^^^^^^^^^
C:\Users\risto\AppData\Local\Python\pythoncore-3.14-64\Lib\site-packages\litellm\router.py:4722: in make_call
    response = await response
               ^^^^^^^^^^^^^^
C:\Users\risto\AppData\Local\Python\pythoncore-3.14-64\Lib\site-packages\litellm\router.py:1627: in _acompletion
    raise e
C:\Users\risto\AppData\Local\Python\pythoncore-3.14-64\Lib\site-packages\litellm\router.py:1571: in _acompletion
    response = await _response
               ^^^^^^^^^^^^^^^
C:\Users\risto\AppData\Local\Python\pythoncore-3.14-64\Lib\site-packages\litellm\utils.py:1666: in wrapper_async
    raise e
C:\Users\risto\AppData\Local\Python\pythoncore-3.14-64\Lib\site-packages\litellm\utils.py:1512: in wrapper_async
    result = await original_function(*args, **kwargs)
             ^^^^^^^^^^^^^^^^^^^^^^^^^^^^^^^^^^^^^^^^
C:\Users\risto\AppData\Local\Python\pythoncore-3.14-64\Lib\site-packages\litellm\main.py:628: in acompletion
    raise exception_type(
C:\Users\risto\AppData\Local\Python\pythoncore-3.14-64\Lib\site-packages\litellm\litellm_core_utils\exception_mapping_utils.py:2340: in exception_type
    raise e
C:\Users\risto\AppData\Local\Python\pythoncore-3.14-64\Lib\site-packages\litellm\litellm_core_utils\exception_mapping_utils.py:1395: in exception_type
    raise NotFoundError(
E   litellm.exceptions.NotFoundError: litellm.NotFoundError: Vertex_aiException - {
E     "error": {
E       "code": 404,
E       "message": "Publisher Model `projects/cognitive-quorum/locations/us-central1/publishers/google/models/gemini-pro` was not found or your project does not have access to it. Please ensure you are using a valid model version. For more information, see: https://cloud.google.com/vertex-ai/generative-ai/docs/learn/model-versions",
E       "status": "NOT_FOUND"
E     }
E   }
E   . Received Model Group=vertex_ai/gemini-pro
E   Available Model Group Fallbacks=None

During handling of the above exception, another exception occurred:
tests\integration\test_sitra_integration.py:138: in test_llm_connectivity
    pytest.fail(f"LLM Connectivity Failed: {e}")
E   Failed: LLM Connectivity Failed: litellm.NotFoundError: Vertex_aiException - {
E     "error": {
E       "code": 404,
E       "message": "Publisher Model `projects/cognitive-quorum/locations/us-central1/publishers/google/models/gemini-pro` was not found or your project does not have access to it. Please ensure you are using a valid model version. For more information, see: https://cloud.google.com/vertex-ai/generative-ai/docs/learn/model-versions",
E       "status": "NOT_FOUND"
E     }
E   }
E   . Received Model Group=vertex_ai/gemini-pro
E   Available Model Group Fallbacks=None
---------------------------- Captured stdout call -----------------------------

[Test] Initializing LiteLLMProvider...
[Test] Sending 'Hello World' to Vertex AI...
------------------------------ Captured log call ------------------------------
ERROR    backend.llm.provider:provider.py:474 [LiteLLM] Execution Failed (NotFoundError): litellm.NotFoundError: Vertex_aiException - {
  "error": {
    "code": 404,
    "message": "Publisher Model `projects/cognitive-quorum/locations/us-central1/publishers/google/models/gemini-pro` was not found or your project does not have access to it. Please ensure you are using a valid model version. For more information, see: https://cloud.google.com/vertex-ai/generative-ai/docs/learn/model-versions",
    "status": "NOT_FOUND"
  }
}
. Received Model Group=vertex_ai/gemini-pro
Available Model G... [TRUNCATED]
WARNING  backend.llm.provider:provider.py:31 Retrying LLM call... (Attempt 1/2)
ERROR    backend.llm.provider:provider.py:474 [LiteLLM] Execution Failed (NotFoundError): litellm.NotFoundError: Vertex_aiException - {
  "error": {
    "code": 404,
    "message": "Publisher Model `projects/cognitive-quorum/locations/us-central1/publishers/google/models/gemini-pro` was not found or your project does not have access to it. Please ensure you are using a valid model version. For more information, see: https://cloud.google.com/vertex-ai/generative-ai/docs/learn/model-versions",
    "status": "NOT_FOUND"
  }
}
. Received Model Group=vertex_ai/gemini-pro
Available Model G... [TRUNCATED]
============================== warnings summary ===============================
..\..\Users\risto\AppData\Local\Python\pythoncore-3.14-64\Lib\site-packages\litellm\litellm_core_utils\logging_utils.py:273: 17 warnings
  C:\Users\risto\AppData\Local\Python\pythoncore-3.14-64\Lib\site-packages\litellm\litellm_core_utils\logging_utils.py:273: DeprecationWarning: 'asyncio.iscoroutinefunction' is deprecated and slated for removal in Python 3.16; use inspect.iscoroutinefunction() instead
    if asyncio.iscoroutinefunction(func):

..\..\Users\risto\AppData\Local\Python\pythoncore-3.14-64\Lib\site-packages\google\genai\types.py:43
  C:\Users\risto\AppData\Local\Python\pythoncore-3.14-64\Lib\site-packages\google\genai\types.py:43: DeprecationWarning: '_UnionGenericAlias' is deprecated and slated for removal in Python 3.17
    VersionedUnionType = Union[builtin_types.UnionType, _UnionGenericAlias]

..\..\Users\risto\AppData\Local\Python\pythoncore-3.14-64\Lib\site-packages\slowapi\extension.py:717
..\..\Users\risto\AppData\Local\Python\pythoncore-3.14-64\Lib\site-packages\slowapi\extension.py:717
  C:\Users\risto\AppData\Local\Python\pythoncore-3.14-64\Lib\site-packages\slowapi\extension.py:717: DeprecationWarning: 'asyncio.iscoroutinefunction' is deprecated and slated for removal in Python 3.16; use inspect.iscoroutinefunction() instead
    if asyncio.iscoroutinefunction(func):

tests/integration/test_sitra_integration.py::test_llm_connectivity
  C:\Users\risto\AppData\Local\Python\pythoncore-3.14-64\Lib\site-packages\aiohttp\connector.py:963: DeprecationWarning: enable_cleanup_closed ignored because https://github.com/python/cpython/pull/118960 is fixed in Python version sys.version_info(major=3, minor=14, micro=0, releaselevel='final', serial=0)
    super().__init__(

-- Docs: https://docs.pytest.org/en/stable/how-to/capture-warnings.html
--------- generated xml file: C:\src\quorum\tests\output\results.xml ----------
=========================== short test summary info ===========================
FAILED tests/integration/test_sitra_integration.py::test_sitra_db_record - As...
FAILED tests/integration/test_sitra_integration.py::test_llm_connectivity - F...
================== 2 failed, 1 passed, 21 warnings in 8.90s ===================
