<?xml version="1.0" encoding="utf-8"?><testsuites name="pytest tests"><testsuite name="pytest" errors="0" failures="1" skipped="0" tests="3" time="0.398" timestamp="2026-02-19T02:26:24.652295+02:00" hostname="Laptop-Risto"><testcase classname="tests.test_logician_strict" name="test_logician_input_strictness" time="0.002" /><testcase classname="tests.test_logician_strict" name="test_logician_agent_fail_fast_missing_dependency" time="0.002"><failure message="Failed: DID NOT RAISE &lt;class 'backend.exceptions.AgentExecutionError'&gt;">mock_llm_factory = &lt;MagicMock id='2572209063984'&gt;

    @pytest.mark.asyncio
    async def test_logician_agent_fail_fast_missing_dependency(mock_llm_factory):
        """Verify LogicianAgent raises AgentExecutionError if step_analyst is missing."""
    
        # Setup
        agent = LogicianAgent(
            model="test-model",
            provider="google"
        )
    
        # Create Input WITHOUT analyst output (simulating the failure case)
        # Note: After fix, step_analyst is Optional=None, so this is valid Input
        # but the Agent.prepare_context should raise error.
        input_data = LogicianInput(
            history_text="Chat history",
            step_analyst=None
        )
    
        # Execution should fail in prepare_context
&gt;       with pytest.raises(AgentExecutionError) as exc:
             ^^^^^^^^^^^^^^^^^^^^^^^^^^^^^^^^^^
E       Failed: DID NOT RAISE &lt;class 'backend.exceptions.AgentExecutionError'&gt;

tests\test_logician_strict.py:71: Failed</failure></testcase><testcase classname="tests.test_logician_strict" name="test_logician_agent_success_with_dependency" time="0.005" /></testsuite></testsuites>