<?xml version="1.0" encoding="utf-8"?><testsuites name="pytest tests"><testsuite name="pytest" errors="0" failures="2" skipped="0" tests="4" time="0.481" timestamp="2026-02-19T02:35:06.155838+02:00" hostname="Laptop-Risto"><testcase classname="tests.test_analyst_strict" name="test_analyst_fail_fast_short_input" time="0.003" /><testcase classname="tests.test_analyst_strict" name="test_analyst_success_valid_input" time="0.007"><failure message="backend.exceptions.AgentExecutionError: ErrorCodes.AGENT_SCHEMA_VALIDATION_FAILED - Cause: AnalystDTO validation failed. Missing required fields: thought_process, conclusion, confidence_score, hypotheses">self = &lt;backend.agents.analyst.AnalystAgent object at 0x000001F93CD07110&gt;
input_data = AnalystInput(history_text='Long enough text Long enough text Long enough text Long enough text Long enough text Long e...xt Long enough text Long enough text Long enough text Long enough text ', product_text=None, last_reasoning_trace=None)
execution_context = None, system_instruction = 'Analyze this.'
kwargs = {'mock_identity': 'AnalystAgent'}
error_code = &lt;ErrorCodes.AGENT_SCHEMA_VALIDATION_FAILED: 'AGENT_SCHEMA_VALIDATION_FAILED'&gt;
cast = &lt;function cast at 0x000001F9273A5DD0&gt;
user_prompt = 'Proceed with your task according to the system instructions.'
response_schema = &lt;class 'backend.models.domain.analyst.AnalystDTO'&gt;
additional_context = None

    async def execute(
        self,
        input_data: InputT,
        execution_context: dict[str, Any] | None = None,
        system_instruction: str | None = None,
        **kwargs: Any,
    ) -&gt; OutputT:
        """Standard execution entry point.
    
        Takes typed input model, processes it via the LLM Provider, and returns the typed result.
        Enforces RFC 7807 Error Handling and Pydantic Schema Validation.
    
        Args:
            input_data (InputT): The resolved input model (or dict) from the Workflow Engine.
            execution_context (dict[str, Any] | None): Access to repository, config, or global state.
            system_instruction (str | None): Optional prompt override (rarely used).
            **kwargs: Additional parameters for LLM (temperature, max_tokens, etc).
    
        Returns:
            OutputT: The execution result (response domain model).
    
        Raises:
            AgentExecutionError: If execution fails (wraps all internal exceptions).
        """
        logger.info(f"[{self.__class__.__name__}] Starting execution...")
        try:
            # 0. STRICT INPUT VALIDATION (Phase 8: Type Safety)
            # The Engine is responsible for inflating dict -&gt; Model.
            # Here we enforce that we actually received a Model.
            if self.INPUT_SCHEMA:
                if not isinstance(input_data, self.INPUT_SCHEMA):
                     # FAIL FAST: This is a system integrity failure.
                     # The Engine should have converted it.
                     msg = f"Agent '{self.__class__.__name__}' expected model '{self.INPUT_SCHEMA.__name__}' but received '{type(input_data)}'."
                     error_code = ErrorCodes.AGENT_INVALID_INPUT
                     logger.critical(f"{error_code}: {msg}")
                     raise AgentExecutionError(
                         detail=error_code,
                         original_error=TypeError(msg),
                         agent_name=self.__class__.__name__
                     )
    
                try:
                    # Double-check validation (redundant if strict, but safe)
                    # strict: cast to type[BaseModel]
                    from typing import cast
                    if issubclass(self.INPUT_SCHEMA, BaseModel):
                         cast(type[BaseModel], self.INPUT_SCHEMA).model_validate(input_data)
                    logger.debug(f"[{self.__class__.__name__}] Input Validation Successful: {self.INPUT_SCHEMA.__name__}")
                except ValidationError as e:
                     error_code = ErrorCodes.AGENT_INVALID_INPUT
                     logger.error(f"{error_code}: Input validation failed for {self.__class__.__name__} - {e}", exc_info=True)
                     raise AgentExecutionError(
                         detail=error_code,
                         original_error=e,
                         agent_name=self.__class__.__name__
                     ) from e
            elif isinstance(input_data, dict):
                 # Legacy Fallback? NO. Zero-Compromise means we MUST have a schema eventually.
                 # But for incremental migration, we allow dict if INPUT_SCHEMA is None.
                 pass
            # 1. Use Generic User Prompt (The System Instruction carries the context)
            user_prompt = "Proceed with your task according to the system instructions."
    
            # 3. Determine Output Schema (Subclasses must define this!)
            response_schema = self.get_response_schema()
    
            # 3.5 Lifecycle Hook: Prepare Context
            logger.info(f"[{self.__class__.__name__}] Lifecycle Hook: prepare_context")
            additional_context = await self.prepare_context(input_data, execution_context, **kwargs)
            if additional_context:
                system_instruction = (system_instruction or "") + "\n\n" + additional_context
                logger.debug(f"[{self.__class__.__name__}] Appended dynamic context.")
    
            # 2. Get System Instruction (Check AFTER dynamic context injection)
            if not system_instruction:
                raise AgentExecutionError(
                    detail=ErrorCodes.AGENT_MISSING_INSTRUCTION,
                    original_error=ValueError(
                        f"Agent {self.__class__.__name__} executed without system_instruction. "
                        "Strict mode requires DB-sourced prompts."
                    ),
                )
    
            # 3.5.5 Schema Injection (Modern Polish)
            if system_instruction and "{{SCHEMA_EXAMPLE}}" in system_instruction:
                if response_schema:
                    try:
                        # Pydantic v2: model_json_schema()
                        schema_dict = response_schema.model_json_schema()
                        schema_text = json.dumps(schema_dict, indent=2, ensure_ascii=False)
                        system_instruction = system_instruction.replace("{{SCHEMA_EXAMPLE}}", schema_text)
                        logger.info(
                            f"[{self.__class__.__name__}] Injected JSON Schema into {{SCHEMA_EXAMPLE}} placeholder."
                        )
                    except Exception as e:
                         logger.warning(f"[{self.__class__.__name__}] Failed to inject schema example: {e}")
                else:
                    logger.warning(
                        f"[{self.__class__.__name__}] Prompt has {{SCHEMA_EXAMPLE}} but no response_schema defined."
                    )
    
    
            # 3.6 Context Continuity Check (Transient Reasoning Trace)
            # Access trace from input_data or context?
            # Assuming input_data might contain 'last_reasoning_trace' if mapped?
            # Or execution_context?
            # For now, if we are strictly stateless, we depend on inputs.
            # However, prompt says "Remove all imports and type hints referring to WorkflowState."
            # So we check input_data or kwargs.
            if kwargs.get("pass_reasoning_token"):
                 pass # Already in kwargs
            else:
                 # Safe Access for InputT (Dict or Model)
                 trace = None
                 if isinstance(input_data, dict):
                     trace = input_data.get("last_reasoning_trace")
                 else:
                     trace = input_data.last_reasoning_trace
    
                 if trace:
                    logger.info(f"[{self.__class__.__name__}] Chain of Thought: Injecting previous reasoning trace.")
                    kwargs["pass_reasoning_token"] = trace
    
            # --- LOGGING EXECUTION CONFIG ---
            conf_model = self.model
            conf_temp = kwargs.get("temperature", "Default")
            conf_tokens = kwargs.get("max_tokens", "Default")
    
            logger.info(f"[{self.__class__.__name__}] &gt;&gt;&gt; EXECUTION START &lt;&lt;&lt;")
    
            # Identify extras
            # Identify extras
            std_keys = {
                "temperature",
                "max_tokens",
                "pass_reasoning_token",
                "mock_identity",
                "system_instruction",
                "repository",
                "output_key",
                "usage_key",
                "execution_config",
                "step_id",
            }
            extras = {k: v for k, v in kwargs.items() if k not in std_keys}
    
            logger.info(
                f"[{self.__class__.__name__}] MODEL: {conf_model} | TEMP: {conf_temp} | "
                f"TOKENS: {conf_tokens} | EXTRAS: {extras}"
            )
            # --------------------------------
    
            if not self.llm_provider:
                error_msg = (
                    f"[{self.__class__.__name__}] LLM Provider not configured. Call set_model() before execute()."
                )
                logger.error(error_msg)
                raise AgentExecutionError(detail=ErrorCodes.AGENT_NOT_CONFIGURED, original_error=ValueError(error_msg))
    
            # 4. Call LLM (The "Mask" handles the details) — ASYNC WAIT
            kwargs["mock_identity"] = self.__class__.__name__
    
            response_obj = await self.llm_provider.generate(
                prompt=user_prompt,
                system_instruction=system_instruction,
                response_schema=response_schema,
                **kwargs,
            )
    
            # Handle Response Content
            if response_schema:
                # OPTIMIZATION: Use pre-parsed content if available (Instructor Pattern)
                if response_obj.parsed_content is not None:
                    logger.debug(f"[{self.__class__.__name__}] Structured Output used directly (No re-parsing).")
                    response_data = response_obj.parsed_content
                else:
                    # Provider ensures content is valid JSON string if schema was used
    
                    try:
                        response_data = json.loads(response_obj.content)
                    except json.JSONDecodeError as e:
                        # STRICT MODE: If json keys are malformed after provider, we fail.
                        error_code = ErrorCodes.AGENT_RESPONSE_MALFORMED
                        logger.error(f"{error_code}: Failed to parse JSON content from provider - {e}", exc_info=True)
                        raise AgentExecutionError(detail=error_code, original_error=e) from e
                    except Exception as e:
                        # General fallback for other errors during parsing
                        error_code = ErrorCodes.AGENT_RESPONSE_PARSING_FAILED
                        logger.error(f"{error_code}: Unexpected error during JSON parsing - {e}", exc_info=True)
                        raise AgentExecutionError(detail=error_code, original_error=e) from e
            else:
                response_data = response_obj.content
    
            # 4.5 Capture Usage/Cost (Return in metadata or separate logging?)
            # Since we return a dict, we can't update state directly.
            # Should we attach usage to the response?
            # For now, we just log it as the prompt requested "return its result".
            # If the engine handles usage, it needs parsing.
            # But the prompt said: "The agent should no longer modify state objects; it should purely return its result as a dictionary (or Pydantic model)."
            # We assume usage tracking is handled by the caller or logging for now.
            logger.info(f"BaseAgent processing usage. Response token_usage: {response_obj.token_usage}")
    
            # 4.6 Capture Audit Logs (Prompts)
            if hasattr(response_obj, "messages") and response_obj.messages:
                 # DE-DUPLICATION LOGIC (Jan 2026):
                 # Replace massive input strings (like full history_text) with references &lt;&lt;REFERENCE: key&gt;&gt;
                 # to keep the audit log readable. The full content exists in execution['inputs'].
                 sanitized_messages = []
                 try:
                     import copy
                     sanitized_messages: list[dict[str, Any]] = copy.deepcopy(response_obj.messages)
    
                     for msg in sanitized_messages:
                         if "content" in msg and isinstance(msg["content"], str):
                             content_str = msg["content"]
    
                             # Handle Pydantic Models or Dicts
                             start_inputs: Any = input_data
                             if isinstance(start_inputs, BaseModel):
                                 start_inputs = start_inputs.model_dump()
    
                             if isinstance(start_inputs, dict):
                                 for key, value in start_inputs.items():
                                     # Only replace if value is a long string (avoid replacing 'id' or '1')
                                     if isinstance(value, str) and len(value) &gt; 100:
                                         if value in content_str:
                                             # Replace with reference
                                             content_str = content_str.replace(value, f"&lt;&lt;REFERENCE: {key}&gt;&gt;")
                             msg["content"] = content_str
                 except Exception as e:
                     logger.warning(f"Audit log sanitization failed: {e}. Saving raw logs.")
                     sanitized_messages = response_obj.messages
    
                     # Convert to AuditLogEntry (Strict Schema)
                     audit_entries = []
                     timestamp_now = datetime.now(timezone.utc)
    
                     for msg in sanitized_messages:
                         try:
                             role = msg.get("role", "unknown")
                             content = msg.get("content", "")
                             if not isinstance(content, str):
                                 content = str(content)
    
                             entry = AuditLogEntry(
                                 timestamp=timestamp_now,
                                 level="INFO", # Default for chat logs
                                 message=content[:5000], # Truncate massive logs
                                 context={"original_role": role}
                             )
                             audit_entries.append(entry)
                         except Exception as e:
                             logger.warning(f"Failed to convert message to AuditLogEntry: {e}")
    
                     if isinstance(response_data, dict):
                         if "metadata" not in response_data:
                             response_data["metadata"] = {}
                         if isinstance(response_data["metadata"], dict):
                             response_data["metadata"]["audit_logs"] = audit_entries
                     elif isinstance(response_data, BaseModel):
                         if hasattr(response_data, "metadata"):
                             if isinstance(response_data.metadata, dict):
                                 response_data.metadata["audit_logs"] = audit_entries
                             elif hasattr(response_data.metadata, "audit_logs"): # Check field existence first
                                 # We enabled extra="allow" in Metadata but strict validation means type must match
                                 try:
                                    # If metadata is a model (Metadata), set the field
                                    if hasattr(response_data.metadata, "model_dump"):
                                         # Pydantic model
                                         # We can't set directly if it's frozen, but BaseAgent constructs it?
                                         # Metadata is frozen=False.
                                         response_data.metadata.audit_logs = audit_entries
                                    else:
                                         # Unknown type
                                         pass
                                 except Exception as e:
                                    logger.warning(f"Could not attach audit logs to metadata model: {e}")
    
             # FORCE SYSTEM AUTHORITY (Metadata &amp; Checksums)
            if response_data is not None:
                response_data = self._apply_python_authority(response_data)
    
    
    
            # 6. Lifecycle Hook: Post Process (HEALING PATTERN)
            # STRATEGY: "Late Validation"
            # We intentionally keep response_data as a Dict (if possible) during this phase.
            # This allows the 'post_process' hook to "heal" structural errors (like missing IDs or
            # malformed keys) that would otherwise cause Pydantic validation to crash immediately.
            # The Agent is responsible for ensuring the data is valid BEFORE the strict check below.
            logger.info(f"[{self.__class__.__name__}] Lifecycle Hook: post_process")
    
            # SCRUBBER (Jan 2026): Remove 'instructor' library prompt leakage
            if response_data is not None:
                response_data = self._scrub_prompt_leakage(response_data)
    
            # HEALING STEP: Fix structure before validation
            response_data = self.post_process(response_data)
    
            # 7. LATE VALIDATION (Schema Enforcement)
            # Since Provider no longer enforces schema (to allow healing), we must do it here.
            # This is the "Fail Fast" gate: If data is still invalid after healing, we crash.
            # FIX (Jan 2026): Use explicit None check to catch empty dicts {} which are Falsy.
            if response_schema and response_data is not None:
                try:
                    # If it's already a model, we are good (provider might have done it distinctively)
                    if isinstance(response_data, BaseModel):
                        pass
                    else:
                        # Convert dict to Model (Validation happens here)
&gt;                       response_data = response_schema.model_validate(response_data)
                                        ^^^^^^^^^^^^^^^^^^^^^^^^^^^^^^^^^^^^^^^^^^^^^
E                       pydantic_core._pydantic_core.ValidationError: 4 validation errors for AnalystDTO
E                       thought_process
E                         Field required [type=missing, input_value={'metadata': {'luontiaika...7f18e1294982b3a5d1934a'}, input_type=dict]
E                           For further information visit https://errors.pydantic.dev/2.12/v/missing
E                       conclusion
E                         Field required [type=missing, input_value={'metadata': {'luontiaika...7f18e1294982b3a5d1934a'}, input_type=dict]
E                           For further information visit https://errors.pydantic.dev/2.12/v/missing
E                       confidence_score
E                         Field required [type=missing, input_value={'metadata': {'luontiaika...7f18e1294982b3a5d1934a'}, input_type=dict]
E                           For further information visit https://errors.pydantic.dev/2.12/v/missing
E                       hypotheses
E                         Field required [type=missing, input_value={'metadata': {'luontiaika...7f18e1294982b3a5d1934a'}, input_type=dict]
E                           For further information visit https://errors.pydantic.dev/2.12/v/missing

backend\agents\base.py:629: ValidationError

The above exception was the direct cause of the following exception:

mock_llm_factory = &lt;MagicMock id='2169979082400'&gt;

    @pytest.mark.asyncio
    async def test_analyst_success_valid_input(mock_llm_factory):
        """Verify AnalystAgent succeeds with valid input."""
    
        agent = AnalystAgent(
            model="test-model",
            provider="google"
        )
    
        # Input sufficiently long
        input_data = AnalystInput(
            history_text="Long enough text " * 20, # &gt; 100 chars
            product_text=None,
            reflection_text=None
        )
    
        # Should not raise
&gt;       await agent.execute(input_data, system_instruction="Analyze this.")

tests\test_analyst_strict.py:56: 
_ _ _ _ _ _ _ _ _ _ _ _ _ _ _ _ _ _ _ _ _ _ _ _ _ _ _ _ _ _ _ _ _ _ _ _ _ _ _ _
backend\agents\analyst.py:114: in execute
    result_obj = await super().execute(input_data, execution_context, system_instruction, **kwargs)
                 ^^^^^^^^^^^^^^^^^^^^^^^^^^^^^^^^^^^^^^^^^^^^^^^^^^^^^^^^^^^^^^^^^^^^^^^^^^^^^^^^^^
_ _ _ _ _ _ _ _ _ _ _ _ _ _ _ _ _ _ _ _ _ _ _ _ _ _ _ _ _ _ _ _ _ _ _ _ _ _ _ _

self = &lt;backend.agents.analyst.AnalystAgent object at 0x000001F93CD07110&gt;
input_data = AnalystInput(history_text='Long enough text Long enough text Long enough text Long enough text Long enough text Long e...xt Long enough text Long enough text Long enough text Long enough text ', product_text=None, last_reasoning_trace=None)
execution_context = None, system_instruction = 'Analyze this.'
kwargs = {'mock_identity': 'AnalystAgent'}
error_code = &lt;ErrorCodes.AGENT_SCHEMA_VALIDATION_FAILED: 'AGENT_SCHEMA_VALIDATION_FAILED'&gt;
cast = &lt;function cast at 0x000001F9273A5DD0&gt;
user_prompt = 'Proceed with your task according to the system instructions.'
response_schema = &lt;class 'backend.models.domain.analyst.AnalystDTO'&gt;
additional_context = None

    async def execute(
        self,
        input_data: InputT,
        execution_context: dict[str, Any] | None = None,
        system_instruction: str | None = None,
        **kwargs: Any,
    ) -&gt; OutputT:
        """Standard execution entry point.
    
        Takes typed input model, processes it via the LLM Provider, and returns the typed result.
        Enforces RFC 7807 Error Handling and Pydantic Schema Validation.
    
        Args:
            input_data (InputT): The resolved input model (or dict) from the Workflow Engine.
            execution_context (dict[str, Any] | None): Access to repository, config, or global state.
            system_instruction (str | None): Optional prompt override (rarely used).
            **kwargs: Additional parameters for LLM (temperature, max_tokens, etc).
    
        Returns:
            OutputT: The execution result (response domain model).
    
        Raises:
            AgentExecutionError: If execution fails (wraps all internal exceptions).
        """
        logger.info(f"[{self.__class__.__name__}] Starting execution...")
        try:
            # 0. STRICT INPUT VALIDATION (Phase 8: Type Safety)
            # The Engine is responsible for inflating dict -&gt; Model.
            # Here we enforce that we actually received a Model.
            if self.INPUT_SCHEMA:
                if not isinstance(input_data, self.INPUT_SCHEMA):
                     # FAIL FAST: This is a system integrity failure.
                     # The Engine should have converted it.
                     msg = f"Agent '{self.__class__.__name__}' expected model '{self.INPUT_SCHEMA.__name__}' but received '{type(input_data)}'."
                     error_code = ErrorCodes.AGENT_INVALID_INPUT
                     logger.critical(f"{error_code}: {msg}")
                     raise AgentExecutionError(
                         detail=error_code,
                         original_error=TypeError(msg),
                         agent_name=self.__class__.__name__
                     )
    
                try:
                    # Double-check validation (redundant if strict, but safe)
                    # strict: cast to type[BaseModel]
                    from typing import cast
                    if issubclass(self.INPUT_SCHEMA, BaseModel):
                         cast(type[BaseModel], self.INPUT_SCHEMA).model_validate(input_data)
                    logger.debug(f"[{self.__class__.__name__}] Input Validation Successful: {self.INPUT_SCHEMA.__name__}")
                except ValidationError as e:
                     error_code = ErrorCodes.AGENT_INVALID_INPUT
                     logger.error(f"{error_code}: Input validation failed for {self.__class__.__name__} - {e}", exc_info=True)
                     raise AgentExecutionError(
                         detail=error_code,
                         original_error=e,
                         agent_name=self.__class__.__name__
                     ) from e
            elif isinstance(input_data, dict):
                 # Legacy Fallback? NO. Zero-Compromise means we MUST have a schema eventually.
                 # But for incremental migration, we allow dict if INPUT_SCHEMA is None.
                 pass
            # 1. Use Generic User Prompt (The System Instruction carries the context)
            user_prompt = "Proceed with your task according to the system instructions."
    
            # 3. Determine Output Schema (Subclasses must define this!)
            response_schema = self.get_response_schema()
    
            # 3.5 Lifecycle Hook: Prepare Context
            logger.info(f"[{self.__class__.__name__}] Lifecycle Hook: prepare_context")
            additional_context = await self.prepare_context(input_data, execution_context, **kwargs)
            if additional_context:
                system_instruction = (system_instruction or "") + "\n\n" + additional_context
                logger.debug(f"[{self.__class__.__name__}] Appended dynamic context.")
    
            # 2. Get System Instruction (Check AFTER dynamic context injection)
            if not system_instruction:
                raise AgentExecutionError(
                    detail=ErrorCodes.AGENT_MISSING_INSTRUCTION,
                    original_error=ValueError(
                        f"Agent {self.__class__.__name__} executed without system_instruction. "
                        "Strict mode requires DB-sourced prompts."
                    ),
                )
    
            # 3.5.5 Schema Injection (Modern Polish)
            if system_instruction and "{{SCHEMA_EXAMPLE}}" in system_instruction:
                if response_schema:
                    try:
                        # Pydantic v2: model_json_schema()
                        schema_dict = response_schema.model_json_schema()
                        schema_text = json.dumps(schema_dict, indent=2, ensure_ascii=False)
                        system_instruction = system_instruction.replace("{{SCHEMA_EXAMPLE}}", schema_text)
                        logger.info(
                            f"[{self.__class__.__name__}] Injected JSON Schema into {{SCHEMA_EXAMPLE}} placeholder."
                        )
                    except Exception as e:
                         logger.warning(f"[{self.__class__.__name__}] Failed to inject schema example: {e}")
                else:
                    logger.warning(
                        f"[{self.__class__.__name__}] Prompt has {{SCHEMA_EXAMPLE}} but no response_schema defined."
                    )
    
    
            # 3.6 Context Continuity Check (Transient Reasoning Trace)
            # Access trace from input_data or context?
            # Assuming input_data might contain 'last_reasoning_trace' if mapped?
            # Or execution_context?
            # For now, if we are strictly stateless, we depend on inputs.
            # However, prompt says "Remove all imports and type hints referring to WorkflowState."
            # So we check input_data or kwargs.
            if kwargs.get("pass_reasoning_token"):
                 pass # Already in kwargs
            else:
                 # Safe Access for InputT (Dict or Model)
                 trace = None
                 if isinstance(input_data, dict):
                     trace = input_data.get("last_reasoning_trace")
                 else:
                     trace = input_data.last_reasoning_trace
    
                 if trace:
                    logger.info(f"[{self.__class__.__name__}] Chain of Thought: Injecting previous reasoning trace.")
                    kwargs["pass_reasoning_token"] = trace
    
            # --- LOGGING EXECUTION CONFIG ---
            conf_model = self.model
            conf_temp = kwargs.get("temperature", "Default")
            conf_tokens = kwargs.get("max_tokens", "Default")
    
            logger.info(f"[{self.__class__.__name__}] &gt;&gt;&gt; EXECUTION START &lt;&lt;&lt;")
    
            # Identify extras
            # Identify extras
            std_keys = {
                "temperature",
                "max_tokens",
                "pass_reasoning_token",
                "mock_identity",
                "system_instruction",
                "repository",
                "output_key",
                "usage_key",
                "execution_config",
                "step_id",
            }
            extras = {k: v for k, v in kwargs.items() if k not in std_keys}
    
            logger.info(
                f"[{self.__class__.__name__}] MODEL: {conf_model} | TEMP: {conf_temp} | "
                f"TOKENS: {conf_tokens} | EXTRAS: {extras}"
            )
            # --------------------------------
    
            if not self.llm_provider:
                error_msg = (
                    f"[{self.__class__.__name__}] LLM Provider not configured. Call set_model() before execute()."
                )
                logger.error(error_msg)
                raise AgentExecutionError(detail=ErrorCodes.AGENT_NOT_CONFIGURED, original_error=ValueError(error_msg))
    
            # 4. Call LLM (The "Mask" handles the details) — ASYNC WAIT
            kwargs["mock_identity"] = self.__class__.__name__
    
            response_obj = await self.llm_provider.generate(
                prompt=user_prompt,
                system_instruction=system_instruction,
                response_schema=response_schema,
                **kwargs,
            )
    
            # Handle Response Content
            if response_schema:
                # OPTIMIZATION: Use pre-parsed content if available (Instructor Pattern)
                if response_obj.parsed_content is not None:
                    logger.debug(f"[{self.__class__.__name__}] Structured Output used directly (No re-parsing).")
                    response_data = response_obj.parsed_content
                else:
                    # Provider ensures content is valid JSON string if schema was used
    
                    try:
                        response_data = json.loads(response_obj.content)
                    except json.JSONDecodeError as e:
                        # STRICT MODE: If json keys are malformed after provider, we fail.
                        error_code = ErrorCodes.AGENT_RESPONSE_MALFORMED
                        logger.error(f"{error_code}: Failed to parse JSON content from provider - {e}", exc_info=True)
                        raise AgentExecutionError(detail=error_code, original_error=e) from e
                    except Exception as e:
                        # General fallback for other errors during parsing
                        error_code = ErrorCodes.AGENT_RESPONSE_PARSING_FAILED
                        logger.error(f"{error_code}: Unexpected error during JSON parsing - {e}", exc_info=True)
                        raise AgentExecutionError(detail=error_code, original_error=e) from e
            else:
                response_data = response_obj.content
    
            # 4.5 Capture Usage/Cost (Return in metadata or separate logging?)
            # Since we return a dict, we can't update state directly.
            # Should we attach usage to the response?
            # For now, we just log it as the prompt requested "return its result".
            # If the engine handles usage, it needs parsing.
            # But the prompt said: "The agent should no longer modify state objects; it should purely return its result as a dictionary (or Pydantic model)."
            # We assume usage tracking is handled by the caller or logging for now.
            logger.info(f"BaseAgent processing usage. Response token_usage: {response_obj.token_usage}")
    
            # 4.6 Capture Audit Logs (Prompts)
            if hasattr(response_obj, "messages") and response_obj.messages:
                 # DE-DUPLICATION LOGIC (Jan 2026):
                 # Replace massive input strings (like full history_text) with references &lt;&lt;REFERENCE: key&gt;&gt;
                 # to keep the audit log readable. The full content exists in execution['inputs'].
                 sanitized_messages = []
                 try:
                     import copy
                     sanitized_messages: list[dict[str, Any]] = copy.deepcopy(response_obj.messages)
    
                     for msg in sanitized_messages:
                         if "content" in msg and isinstance(msg["content"], str):
                             content_str = msg["content"]
    
                             # Handle Pydantic Models or Dicts
                             start_inputs: Any = input_data
                             if isinstance(start_inputs, BaseModel):
                                 start_inputs = start_inputs.model_dump()
    
                             if isinstance(start_inputs, dict):
                                 for key, value in start_inputs.items():
                                     # Only replace if value is a long string (avoid replacing 'id' or '1')
                                     if isinstance(value, str) and len(value) &gt; 100:
                                         if value in content_str:
                                             # Replace with reference
                                             content_str = content_str.replace(value, f"&lt;&lt;REFERENCE: {key}&gt;&gt;")
                             msg["content"] = content_str
                 except Exception as e:
                     logger.warning(f"Audit log sanitization failed: {e}. Saving raw logs.")
                     sanitized_messages = response_obj.messages
    
                     # Convert to AuditLogEntry (Strict Schema)
                     audit_entries = []
                     timestamp_now = datetime.now(timezone.utc)
    
                     for msg in sanitized_messages:
                         try:
                             role = msg.get("role", "unknown")
                             content = msg.get("content", "")
                             if not isinstance(content, str):
                                 content = str(content)
    
                             entry = AuditLogEntry(
                                 timestamp=timestamp_now,
                                 level="INFO", # Default for chat logs
                                 message=content[:5000], # Truncate massive logs
                                 context={"original_role": role}
                             )
                             audit_entries.append(entry)
                         except Exception as e:
                             logger.warning(f"Failed to convert message to AuditLogEntry: {e}")
    
                     if isinstance(response_data, dict):
                         if "metadata" not in response_data:
                             response_data["metadata"] = {}
                         if isinstance(response_data["metadata"], dict):
                             response_data["metadata"]["audit_logs"] = audit_entries
                     elif isinstance(response_data, BaseModel):
                         if hasattr(response_data, "metadata"):
                             if isinstance(response_data.metadata, dict):
                                 response_data.metadata["audit_logs"] = audit_entries
                             elif hasattr(response_data.metadata, "audit_logs"): # Check field existence first
                                 # We enabled extra="allow" in Metadata but strict validation means type must match
                                 try:
                                    # If metadata is a model (Metadata), set the field
                                    if hasattr(response_data.metadata, "model_dump"):
                                         # Pydantic model
                                         # We can't set directly if it's frozen, but BaseAgent constructs it?
                                         # Metadata is frozen=False.
                                         response_data.metadata.audit_logs = audit_entries
                                    else:
                                         # Unknown type
                                         pass
                                 except Exception as e:
                                    logger.warning(f"Could not attach audit logs to metadata model: {e}")
    
             # FORCE SYSTEM AUTHORITY (Metadata &amp; Checksums)
            if response_data is not None:
                response_data = self._apply_python_authority(response_data)
    
    
    
            # 6. Lifecycle Hook: Post Process (HEALING PATTERN)
            # STRATEGY: "Late Validation"
            # We intentionally keep response_data as a Dict (if possible) during this phase.
            # This allows the 'post_process' hook to "heal" structural errors (like missing IDs or
            # malformed keys) that would otherwise cause Pydantic validation to crash immediately.
            # The Agent is responsible for ensuring the data is valid BEFORE the strict check below.
            logger.info(f"[{self.__class__.__name__}] Lifecycle Hook: post_process")
    
            # SCRUBBER (Jan 2026): Remove 'instructor' library prompt leakage
            if response_data is not None:
                response_data = self._scrub_prompt_leakage(response_data)
    
            # HEALING STEP: Fix structure before validation
            response_data = self.post_process(response_data)
    
            # 7. LATE VALIDATION (Schema Enforcement)
            # Since Provider no longer enforces schema (to allow healing), we must do it here.
            # This is the "Fail Fast" gate: If data is still invalid after healing, we crash.
            # FIX (Jan 2026): Use explicit None check to catch empty dicts {} which are Falsy.
            if response_schema and response_data is not None:
                try:
                    # If it's already a model, we are good (provider might have done it distinctively)
                    if isinstance(response_data, BaseModel):
                        pass
                    else:
                        # Convert dict to Model (Validation happens here)
                        response_data = response_schema.model_validate(response_data)
                        logger.info(f"[{self.__class__.__name__}] Late Validation Successful: {response_schema.__name__}")
                except ValidationError as e:
                    # If healing failed to fix it, we crash now.
                    error_code = ErrorCodes.AGENT_SCHEMA_VALIDATION_FAILED
                    logger.error(f"{error_code}: Post-Healing Validation Failed - {e}", exc_info=True)
&gt;                   raise AgentExecutionError(detail=error_code, original_error=e) from e
E                   backend.exceptions.AgentExecutionError: ErrorCodes.AGENT_SCHEMA_VALIDATION_FAILED - Cause: AnalystDTO validation failed. Missing required fields: thought_process, conclusion, confidence_score, hypotheses

backend\agents\base.py:635: AgentExecutionError</failure></testcase><testcase classname="tests.test_falsifier_strict" name="test_falsifier_fail_fast_missing_dependency" time="0.002" /><testcase classname="tests.test_falsifier_strict" name="test_falsifier_success_with_dependency" time="0.003"><failure message="pydantic_core._pydantic_core.ValidationError: 1 validation error for Hypothesis&#10;  Value error, Hypothesis claims evidence_found=True but provides no quotes. [type=value_error, input_value={'id': 'h1', 'claim_text'...ue, 'search_query': 'q'}, input_type=dict]&#10;    For further information visit https://errors.pydantic.dev/2.12/v/value_error">mock_llm_factory = &lt;MagicMock id='2169979091136'&gt;

    @pytest.mark.asyncio
    async def test_falsifier_success_with_dependency(mock_llm_factory):
        """Verify LogicalFalsifierAgent succeeds when dependency is provided."""
    
        agent = LogicalFalsifierAgent(
            model="test-model",
            provider="google"
        )
    
        analyst_output = AnalystOutput(
            thought_process="Thinking",
            conclusion="Done",
            confidence_score=1.0,
            hypotheses=[
&gt;               Hypothesis(id="h1", claim_text="Claim", evidence_found=True, search_query="q")
            ]
        )
E       pydantic_core._pydantic_core.ValidationError: 1 validation error for Hypothesis
E         Value error, Hypothesis claims evidence_found=True but provides no quotes. [type=value_error, input_value={'id': 'h1', 'claim_text'...ue, 'search_query': 'q'}, input_type=dict]
E           For further information visit https://errors.pydantic.dev/2.12/v/value_error

tests\test_falsifier_strict.py:53: ValidationError</failure></testcase></testsuite></testsuites>