<?xml version="1.0" encoding="utf-8"?><testsuites name="pytest tests"><testsuite name="pytest" errors="2" failures="0" skipped="0" tests="2" time="0.447" timestamp="2026-02-19T02:33:31.780410+02:00" hostname="Laptop-Risto"><testcase classname="" name="tests.test_analyst_strict" time="0.000"><error message="collection failure">ImportError while importing test module 'C:\src\quorum\tests\test_analyst_strict.py'.
Hint: make sure your test modules/packages have valid Python names.
Traceback:
C:\Users\risto\AppData\Roaming\uv\python\cpython-3.14.2-windows-x86_64-none\Lib\importlib\__init__.py:88: in import_module
    return _bootstrap._gcd_import(name[level:], package, level)
           ^^^^^^^^^^^^^^^^^^^^^^^^^^^^^^^^^^^^^^^^^^^^^^^^^^^^
tests\test_analyst_strict.py:5: in &lt;module&gt;
    from backend.agents.analyst import AnalystAgent
backend\agents\analyst.py:15: in &lt;module&gt;
    from backend.models.domain import AnalystDTO, AnalystInput, AnalystOutput
E   ImportError: cannot import name 'AnalystDTO' from 'backend.models.domain' (C:\src\quorum\backend\models\domain\__init__.py)</error></testcase><testcase classname="" name="tests.test_falsifier_strict" time="0.000"><error message="collection failure">ImportError while importing test module 'C:\src\quorum\tests\test_falsifier_strict.py'.
Hint: make sure your test modules/packages have valid Python names.
Traceback:
C:\Users\risto\AppData\Roaming\uv\python\cpython-3.14.2-windows-x86_64-none\Lib\importlib\__init__.py:88: in import_module
    return _bootstrap._gcd_import(name[level:], package, level)
           ^^^^^^^^^^^^^^^^^^^^^^^^^^^^^^^^^^^^^^^^^^^^^^^^^^^^
tests\test_falsifier_strict.py:6: in &lt;module&gt;
    from backend.agents.critics import LogicalFalsifierAgent
backend\agents\critics.py:15: in &lt;module&gt;
    from backend.models.domain import (
E   ImportError: cannot import name 'CausalDTO' from 'backend.models.domain' (C:\src\quorum\backend\models\domain\__init__.py)</error></testcase></testsuite></testsuites>