<?xml version="1.0" encoding="utf-8"?><testsuites name="pytest tests"><testsuite name="pytest" errors="0" failures="2" skipped="0" tests="4" time="0.412" timestamp="2026-02-19T02:34:25.366914+02:00" hostname="Laptop-Risto"><testcase classname="tests.test_analyst_strict" name="test_analyst_fail_fast_short_input" time="0.003" /><testcase classname="tests.test_analyst_strict" name="test_analyst_success_valid_input" time="0.002"><failure message="backend.exceptions.AgentExecutionError: ErrorCodes.AGENT_MISSING_INSTRUCTION - Cause: Agent AnalystAgent executed without system_instruction. Strict mode requires DB-sourced prompts.">mock_llm_factory = &lt;MagicMock id='2009434444800'&gt;

    @pytest.mark.asyncio
    async def test_analyst_success_valid_input(mock_llm_factory):
        """Verify AnalystAgent succeeds with valid input."""
    
        agent = AnalystAgent(
            model="test-model",
            provider="google"
        )
    
        # Input sufficiently long
        input_data = AnalystInput(
            history_text="Long enough text " * 20, # &gt; 100 chars
            product_text=None,
            reflection_text=None
        )
    
        # Should not raise
&gt;       await agent.execute(input_data)

tests\test_analyst_strict.py:56: 
_ _ _ _ _ _ _ _ _ _ _ _ _ _ _ _ _ _ _ _ _ _ _ _ _ _ _ _ _ _ _ _ _ _ _ _ _ _ _ _
backend\agents\analyst.py:114: in execute
    result_obj = await super().execute(input_data, execution_context, system_instruction, **kwargs)
                 ^^^^^^^^^^^^^^^^^^^^^^^^^^^^^^^^^^^^^^^^^^^^^^^^^^^^^^^^^^^^^^^^^^^^^^^^^^^^^^^^^^
_ _ _ _ _ _ _ _ _ _ _ _ _ _ _ _ _ _ _ _ _ _ _ _ _ _ _ _ _ _ _ _ _ _ _ _ _ _ _ _

self = &lt;backend.agents.analyst.AnalystAgent object at 0x000001D3DB9C7110&gt;
input_data = AnalystInput(history_text='Long enough text Long enough text Long enough text Long enough text Long enough text Long e...xt Long enough text Long enough text Long enough text Long enough text ', product_text=None, last_reasoning_trace=None)
execution_context = None, system_instruction = None, kwargs = {}
cast = &lt;function cast at 0x000001D3C6075DD0&gt;
user_prompt = 'Proceed with your task according to the system instructions.'
response_schema = &lt;class 'backend.models.domain.analyst.AnalystDTO'&gt;
additional_context = None

    async def execute(
        self,
        input_data: InputT,
        execution_context: dict[str, Any] | None = None,
        system_instruction: str | None = None,
        **kwargs: Any,
    ) -&gt; OutputT:
        """Standard execution entry point.
    
        Takes typed input model, processes it via the LLM Provider, and returns the typed result.
        Enforces RFC 7807 Error Handling and Pydantic Schema Validation.
    
        Args:
            input_data (InputT): The resolved input model (or dict) from the Workflow Engine.
            execution_context (dict[str, Any] | None): Access to repository, config, or global state.
            system_instruction (str | None): Optional prompt override (rarely used).
            **kwargs: Additional parameters for LLM (temperature, max_tokens, etc).
    
        Returns:
            OutputT: The execution result (response domain model).
    
        Raises:
            AgentExecutionError: If execution fails (wraps all internal exceptions).
        """
        logger.info(f"[{self.__class__.__name__}] Starting execution...")
        try:
            # 0. STRICT INPUT VALIDATION (Phase 8: Type Safety)
            # The Engine is responsible for inflating dict -&gt; Model.
            # Here we enforce that we actually received a Model.
            if self.INPUT_SCHEMA:
                if not isinstance(input_data, self.INPUT_SCHEMA):
                     # FAIL FAST: This is a system integrity failure.
                     # The Engine should have converted it.
                     msg = f"Agent '{self.__class__.__name__}' expected model '{self.INPUT_SCHEMA.__name__}' but received '{type(input_data)}'."
                     error_code = ErrorCodes.AGENT_INVALID_INPUT
                     logger.critical(f"{error_code}: {msg}")
                     raise AgentExecutionError(
                         detail=error_code,
                         original_error=TypeError(msg),
                         agent_name=self.__class__.__name__
                     )
    
                try:
                    # Double-check validation (redundant if strict, but safe)
                    # strict: cast to type[BaseModel]
                    from typing import cast
                    if issubclass(self.INPUT_SCHEMA, BaseModel):
                         cast(type[BaseModel], self.INPUT_SCHEMA).model_validate(input_data)
                    logger.debug(f"[{self.__class__.__name__}] Input Validation Successful: {self.INPUT_SCHEMA.__name__}")
                except ValidationError as e:
                     error_code = ErrorCodes.AGENT_INVALID_INPUT
                     logger.error(f"{error_code}: Input validation failed for {self.__class__.__name__} - {e}", exc_info=True)
                     raise AgentExecutionError(
                         detail=error_code,
                         original_error=e,
                         agent_name=self.__class__.__name__
                     ) from e
            elif isinstance(input_data, dict):
                 # Legacy Fallback? NO. Zero-Compromise means we MUST have a schema eventually.
                 # But for incremental migration, we allow dict if INPUT_SCHEMA is None.
                 pass
            # 1. Use Generic User Prompt (The System Instruction carries the context)
            user_prompt = "Proceed with your task according to the system instructions."
    
            # 3. Determine Output Schema (Subclasses must define this!)
            response_schema = self.get_response_schema()
    
            # 3.5 Lifecycle Hook: Prepare Context
            logger.info(f"[{self.__class__.__name__}] Lifecycle Hook: prepare_context")
            additional_context = await self.prepare_context(input_data, execution_context, **kwargs)
            if additional_context:
                system_instruction = (system_instruction or "") + "\n\n" + additional_context
                logger.debug(f"[{self.__class__.__name__}] Appended dynamic context.")
    
            # 2. Get System Instruction (Check AFTER dynamic context injection)
            if not system_instruction:
&gt;               raise AgentExecutionError(
                    detail=ErrorCodes.AGENT_MISSING_INSTRUCTION,
                    original_error=ValueError(
                        f"Agent {self.__class__.__name__} executed without system_instruction. "
                        "Strict mode requires DB-sourced prompts."
                    ),
                )
E               backend.exceptions.AgentExecutionError: ErrorCodes.AGENT_MISSING_INSTRUCTION - Cause: Agent AnalystAgent executed without system_instruction. Strict mode requires DB-sourced prompts.

backend\agents\base.py:394: AgentExecutionError</failure></testcase><testcase classname="tests.test_falsifier_strict" name="test_falsifier_fail_fast_missing_dependency" time="0.002" /><testcase classname="tests.test_falsifier_strict" name="test_falsifier_success_with_dependency" time="0.006"><failure message="pydantic_core._pydantic_core.ValidationError: 1 validation error for AnalystOutput&#10;hypotheses&#10;  Value error, Analyst output must contain at least one hypothesis. [type=value_error, input_value=[], input_type=list]&#10;    For further information visit https://errors.pydantic.dev/2.12/v/value_error">mock_llm_factory = &lt;MagicMock id='2009434451184'&gt;

    @pytest.mark.asyncio
    async def test_falsifier_success_with_dependency(mock_llm_factory):
        """Verify LogicalFalsifierAgent succeeds when dependency is provided."""
    
        agent = LogicalFalsifierAgent(
            model="test-model",
            provider="google"
        )
    
&gt;       analyst_output = AnalystOutput(
            thought_process="Thinking",
            conclusion="Done",
            confidence_score=1.0,
            hypotheses=[]
        )
E       pydantic_core._pydantic_core.ValidationError: 1 validation error for AnalystOutput
E       hypotheses
E         Value error, Analyst output must contain at least one hypothesis. [type=value_error, input_value=[], input_type=list]
E           For further information visit https://errors.pydantic.dev/2.12/v/value_error

tests\test_falsifier_strict.py:48: ValidationError</failure></testcase></testsuite></testsuites>