<?xml version="1.0" encoding="utf-8"?><testsuites name="pytest tests"><testsuite name="pytest" errors="0" failures="0" skipped="0" tests="4" time="0.052" timestamp="2026-02-19T02:27:47.322999+02:00" hostname="Laptop-Risto"><testcase classname="tests.test_logician_strict" name="test_logician_input_strictness" time="0.002" /><testcase classname="tests.test_logician_strict" name="test_logician_agent_fallback_when_analyst_missing" time="0.003" /><testcase classname="tests.test_logician_strict" name="test_logician_agent_fail_fast_missing_all" time="0.002" /><testcase classname="tests.test_logician_strict" name="test_logician_agent_success_with_dependency" time="0.002" /></testsuite></testsuites>