<?xml version="1.0" encoding="utf-8"?><testsuites name="pytest tests"><testsuite name="pytest" errors="1" failures="0" skipped="0" tests="1" time="0.424" timestamp="2026-02-19T02:24:21.010754+02:00" hostname="Laptop-Risto"><testcase classname="" name="tests.test_logician_strict" time="0.000"><error message="collection failure">ImportError while importing test module 'C:\src\quorum\tests\test_logician_strict.py'.
Hint: make sure your test modules/packages have valid Python names.
Traceback:
C:\Users\risto\AppData\Roaming\uv\python\cpython-3.14.2-windows-x86_64-none\Lib\importlib\__init__.py:88: in import_module
    return _bootstrap._gcd_import(name[level:], package, level)
           ^^^^^^^^^^^^^^^^^^^^^^^^^^^^^^^^^^^^^^^^^^^^^^^^^^^^
tests\test_logician_strict.py:6: in &lt;module&gt;
    from backend.agents.logician import LogicianAgent
backend\agents\logician.py:16: in &lt;module&gt;
    from backend.models.domain import LogicianInput, LogicianOutput, LogicianOutputDTO
E   ImportError: cannot import name 'LogicianOutputDTO' from 'backend.models.domain' (C:\src\quorum\backend\models\domain\__init__.py)</error></testcase></testsuite></testsuites>