<?xml version="1.0" encoding="utf-8"?><testsuites name="pytest tests"><testsuite name="pytest" errors="0" failures="1" skipped="0" tests="4" time="0.420" timestamp="2026-02-19T02:27:03.929364+02:00" hostname="Laptop-Risto"><testcase classname="tests.test_logician_strict" name="test_logician_input_strictness" time="0.003" /><testcase classname="tests.test_logician_strict" name="test_logician_agent_fallback_when_analyst_missing" time="0.002" /><testcase classname="tests.test_logician_strict" name="test_logician_agent_fail_fast_missing_all" time="0.002"><failure message="AttributeError: 'AgentExecutionError' object has no attribute 'original_error'">mock_llm_factory = &lt;MagicMock id='2053037659136'&gt;

    @pytest.mark.asyncio
    async def test_logician_agent_fail_fast_missing_all(mock_llm_factory):
        """Verify LogicianAgent raises AgentExecutionError if BOTH step_analyst and history_text are missing/empty."""
    
        agent = LogicianAgent(
            model="test-model",
            provider="google"
        )
    
        input_data = LogicianInput(
            history_text="", # Empty
            step_analyst=None
        )
    
        with pytest.raises(AgentExecutionError) as exc:
            await agent.prepare_context(input_data, None)
    
&gt;       assert "Missing mandatory input" in str(exc.value.original_error) or "Missing mandatory input" in str(exc.value.message)
                                                ^^^^^^^^^^^^^^^^^^^^^^^^
E       AttributeError: 'AgentExecutionError' object has no attribute 'original_error'

tests\test_logician_strict.py:91: AttributeError</failure></testcase><testcase classname="tests.test_logician_strict" name="test_logician_agent_success_with_dependency" time="0.002" /></testsuite></testsuites>