============================= test session starts =============================
platform win32 -- Python 3.14.2, pytest-9.0.2, pluggy-1.6.0 -- C:\Python314\python.exe
cachedir: .pytest_cache
rootdir: c:\src\quorum
configfile: pytest.ini
plugins: anyio-4.12.1, asyncio-1.3.0
asyncio: mode=Mode.AUTO, debug=False, asyncio_default_fixture_loop_scope=function, asyncio_default_test_loop_scope=function
collecting ... collected 9 items

tests\api\transformers\test_domain_transformers.py::test_logic_transformer_extracts_display_model PASSED [ 11%]
tests\api\transformers\test_domain_transformers.py::test_logic_transformer_handles_missing_step PASSED [ 22%]
tests\api\transformers\test_domain_transformers.py::test_stress_transformer_extracts_display_model PASSED [ 33%]
tests\api\transformers\test_domain_transformers.py::test_causal_transformer_extracts_display_model PASSED [ 44%]
tests\api\transformers\test_domain_transformers.py::test_profiler_transformer_extracts_display_model PASSED [ 55%]
tests\api\transformers\test_domain_transformers.py::test_detector_transformer_extracts_display_model FAILED [ 66%]
tests\api\transformers\test_domain_transformers.py::test_driver_transformer_extracts_display_model PASSED [ 77%]
tests\api\transformers\test_domain_transformers.py::test_archivist_transformer_extracts_display_model PASSED [ 88%]
tests\api\transformers\test_report_transformer.py::test_report_transformer_process_all_stages PASSED [100%]

================================== FAILURES ===================================
______________ test_detector_transformer_extracts_display_model _______________

self = <backend.api.transformers.domain.profiling.ProfilingDomainTransformer object at 0x000001F29B2F9810>
steps = {'step_detector': {'performativity_analysis': {'authenticity_assessment': 'High', 'authenticity_score': 2.5, 'description': 'authenticity_desc', 'performativity_heuristics': [{'flag_raised': True, 'heuristic_name': 'H1'}], ...}}}

    def _extract_detector_section(self, steps: dict) -> UiSection | None:
        step = steps.get("step_detector")
        # Fallback to Panel if not in root steps (though usually root)
        if not step:
             panel = steps.get("step_panel", {})
             step = panel.get("performativity_analysis") or panel.get("performatiivisuus_auditointi")
    
        if not step:
            return None
    
        try:
             # PerformativityOutput
             # Strict Validation
>           model = PerformativityOutput(**step)
                    ^^^^^^^^^^^^^^^^^^^^^^^^^^^^
E           pydantic_core._pydantic_core.ValidationError: 4 validation errors for PerformativityOutput
E           reasoning_trace
E             Field required [type=missing, input_value={'performativity_analysis...': 'authenticity_desc'}}, input_type=dict]
E               For further information visit https://errors.pydantic.dev/2.12/v/missing
E           performativity_analysis.performativity_heuristics.0.description
E             Field required [type=missing, input_value={'heuristic_name': 'H1', 'flag_raised': True}, input_type=dict]
E               For further information visit https://errors.pydantic.dev/2.12/v/missing
E           performativity_analysis.pre_mortem_analysis
E             Field required [type=missing, input_value={'authenticity_score': 2....n': 'authenticity_desc'}, input_type=dict]
E               For further information visit https://errors.pydantic.dev/2.12/v/missing
E           performativity_analysis.authenticity_assessment
E             Input should be 'AUTH_ORGANIC', 'AUTH_PERFORMATIVE' or 'AUTH_UNKNOWN' [type=enum, input_value='High', input_type=str]
E               For further information visit https://errors.pydantic.dev/2.12/v/enum

api\transformers\domain\profiling.py:168: ValidationError

The above exception was the direct cause of the following exception:

    def test_detector_transformer_extracts_display_model():
        transformer = ProfilingDomainTransformer()
        mock_step = {
            "step_detector": {
                "performativity_analysis": {
                    "authenticity_score": 2.5,
                    "authenticity_assessment": "High",
                    "performativity_heuristics": [
                        {"heuristic_name": "H1", "flag_raised": True}
                    ],
                    "reasoning_trace": "Trace"
                }
            }
        }
    
>       section = transformer._extract_detector_section(mock_step)
                  ^^^^^^^^^^^^^^^^^^^^^^^^^^^^^^^^^^^^^^^^^^^^^^^^

tests\api\transformers\test_domain_transformers.py:168: 
_ _ _ _ _ _ _ _ _ _ _ _ _ _ _ _ _ _ _ _ _ _ _ _ _ _ _ _ _ _ _ _ _ _ _ _ _ _ _ _

self = <backend.api.transformers.domain.profiling.ProfilingDomainTransformer object at 0x000001F29B2F9810>
steps = {'step_detector': {'performativity_analysis': {'authenticity_assessment': 'High', 'authenticity_score': 2.5, 'description': 'authenticity_desc', 'performativity_heuristics': [{'flag_raised': True, 'heuristic_name': 'H1'}], ...}}}

    def _extract_detector_section(self, steps: dict) -> UiSection | None:
        step = steps.get("step_detector")
        # Fallback to Panel if not in root steps (though usually root)
        if not step:
             panel = steps.get("step_panel", {})
             step = panel.get("performativity_analysis") or panel.get("performatiivisuus_auditointi")
    
        if not step:
            return None
    
        try:
             # PerformativityOutput
             # Strict Validation
            model = PerformativityOutput(**step)
        except Exception as e:
            error_code = "PERFORMATIVITY_VALIDATION_FAILED"
            logger.error(f"{error_code}: {e}", exc_info=True)
>           raise AppException(
                message=str(e),
                status_code=500,
                details={"error_code": error_code}
            ) from e
E           backend.exceptions.AppException: 4 validation errors for PerformativityOutput
E           reasoning_trace
E             Field required [type=missing, input_value={'performativity_analysis...': 'authenticity_desc'}}, input_type=dict]
E               For further information visit https://errors.pydantic.dev/2.12/v/missing
E           performativity_analysis.performativity_heuristics.0.description
E             Field required [type=missing, input_value={'heuristic_name': 'H1', 'flag_raised': True}, input_type=dict]
E               For further information visit https://errors.pydantic.dev/2.12/v/missing
E           performativity_analysis.pre_mortem_analysis
E             Field required [type=missing, input_value={'authenticity_score': 2....n': 'authenticity_desc'}, input_type=dict]
E               For further information visit https://errors.pydantic.dev/2.12/v/missing
E           performativity_analysis.authenticity_assessment
E             Input should be 'AUTH_ORGANIC', 'AUTH_PERFORMATIVE' or 'AUTH_UNKNOWN' [type=enum, input_value='High', input_type=str]
E               For further information visit https://errors.pydantic.dev/2.12/v/enum

api\transformers\domain\profiling.py:172: AppException
------------------------------ Captured log call ------------------------------
ERROR    backend.api.transformers.domain.profiling:profiling.py:171 PERFORMATIVITY_VALIDATION_FAILED: 4 validation errors for PerformativityOutput
reasoning_trace
  Field required [type=missing, input_value={'performativity_analysis...': 'authenticity_desc'}}, input_type=dict]
    For further information visit https://errors.pydantic.dev/2.12/v/missing
performativity_analysis.performativity_heuristics.0.description
  Field required [type=missing, input_value={'heuristic_name': 'H1', 'flag_raised': True}, input_type=dict]
    For further information visit https://errors.pydantic.dev/2.12/v/missing
performativity_analysis.pre_mortem_analysis
  Field required [type=missing, input_value={'authenticity_score': 2....n': 'authenticity_desc'}, input_type=dict]
    For further information visit https://errors.pydantic.dev/2.12/v/missing
performativity_analysis.authenticity_assessment
  Input should be 'AUTH_ORGANIC', 'AUTH_PERFORMATIVE' or 'AUTH_UNKNOWN' [type=enum, input_value='High', input_type=str]
    For further information visit https://errors.pydantic.dev/2.12/v/enum
Traceback (most recent call last):
  File "c:\src\quorum\backend\api\transformers\domain\profiling.py", line 168, in _extract_detector_section
    model = PerformativityOutput(**step)
  File "C:\Python314\Lib\site-packages\pydantic\main.py", line 250, in __init__
    validated_self = self.__pydantic_validator__.validate_python(data, self_instance=self)
pydantic_core._pydantic_core.ValidationError: 4 validation errors for PerformativityOutput
reasoning_trace
  Field required [type=missing, input_value={'performativity_analysis...': 'authenticity_desc'}}, input_type=dict]
    For further information visit https://errors.pydantic.dev/2.12/v/missing
performativity_analysis.performativity_heuristics.0.description
  Field required [type=missing, input_value={'heuristic_name': 'H1', 'flag_raised': True}, input_type=dict]
    For further information visit https://errors.pydantic.dev/2.12/v/missing
performativity_analysis.pre_mortem_analysis
  Field required [type=missing, input_value={'authenticity_score': 2....n': 'authenticity_desc'}, input_type=dict]
    For further information visit https://errors.pydantic.dev/2.12/v/missing
performativity_analysis.authenticity_assessment
  Input should be 'AUTH_ORGANIC', 'AUTH_PERFORMATIVE' or 'AUTH_UNKNOWN' [type=enum, input_value='High', input_type=str]
    For further information visit https://errors.pydantic.dev/2.12/v/enum
============================== warnings summary ===============================
..\..\..\Python314\Lib\site-packages\google\genai\types.py:43
  C:\Python314\Lib\site-packages\google\genai\types.py:43: DeprecationWarning: '_UnionGenericAlias' is deprecated and slated for removal in Python 3.17
    VersionedUnionType = Union[builtin_types.UnionType, _UnionGenericAlias]

..\..\..\Python314\Lib\site-packages\litellm\litellm_core_utils\logging_utils.py:273: 15 warnings
  C:\Python314\Lib\site-packages\litellm\litellm_core_utils\logging_utils.py:273: DeprecationWarning: 'asyncio.iscoroutinefunction' is deprecated and slated for removal in Python 3.16; use inspect.iscoroutinefunction() instead
    if asyncio.iscoroutinefunction(func):

..\..\..\Python314\Lib\site-packages\pydantic\_internal\_generate_schema.py:319
  C:\Python314\Lib\site-packages\pydantic\_internal\_generate_schema.py:319: PydanticDeprecatedSince20: `json_encoders` is deprecated. See https://docs.pydantic.dev/2.12/concepts/serialization/#custom-serializers for alternatives. Deprecated in Pydantic V2.0 to be removed in V3.0. See Pydantic V2 Migration Guide at https://errors.pydantic.dev/2.12/migration/
    warnings.warn(

-- Docs: https://docs.pytest.org/en/stable/how-to/capture-warnings.html
----- generated xml file: c:\src\quorum\backend\tests\output\results.xml ------
=========================== short test summary info ===========================
FAILED tests\api\transformers\test_domain_transformers.py::test_detector_transformer_extracts_display_model
================== 1 failed, 8 passed, 17 warnings in 5.63s ===================
