SF:lib\core\api\studio_client.dart
DA:8,1
DA:10,2
DA:20,1
DA:25,1
DA:26,2
DA:27,2
DA:31,0
DA:32,0
DA:33,0
DA:38,1
DA:42,3
DA:43,1
DA:47,0
DA:50,0
DA:54,0
DA:58,0
DA:59,0
DA:63,0
DA:64,0
DA:65,0
DA:69,0
DA:70,0
DA:71,0
DA:77,0
DA:78,0
DA:79,0
DA:83,0
DA:84,0
DA:85,0
DA:89,0
DA:93,0
DA:94,0
DA:98,0
DA:101,0
DA:102,0
DA:106,0
DA:107,0
DA:111,0
DA:112,0
DA:113,0
DA:117,0
DA:118,0
DA:119,0
DA:123,0
DA:124,0
DA:125,0
DA:127,0
DA:128,0
DA:134,0
DA:135,0
DA:136,0
DA:140,0
DA:141,0
DA:142,0
DA:146,0
DA:150,0
DA:151,0
DA:155,0
DA:156,0
DA:160,0
DA:161,0
DA:162,0
DA:166,0
DA:167,0
DA:168,0
DA:172,0
DA:173,0
DA:174,0
DA:179,0
DA:180,0
DA:181,0
DA:185,0
DA:186,0
DA:187,0
DA:191,0
DA:192,0
DA:193,0
DA:197,0
DA:201,0
DA:202,0
DA:206,0
DA:207,0
DA:211,0
DA:212,0
DA:213,0
DA:217,0
DA:218,0
DA:219,0
DA:225,0
DA:226,0
DA:227,0
DA:231,0
DA:232,0
DA:233,0
DA:237,0
DA:238,0
DA:239,0
DA:243,0
DA:244,0
DA:245,0
DA:251,0
DA:252,0
DA:253,0
DA:257,0
DA:258,0
DA:259,0
DA:263,0
DA:267,0
DA:268,0
DA:272,0
DA:273,0
DA:277,0
DA:278,0
DA:279,0
DA:283,0
DA:284,0
DA:285,0
DA:291,0
DA:292,0
DA:293,0
DA:297,0
DA:298,0
DA:299,0
DA:303,0
DA:307,0
DA:308,0
DA:312,0
DA:313,0
DA:317,0
DA:318,0
DA:319,0
DA:323,0
DA:324,0
DA:325,0
LF:134
LH:9
end_of_record
SF:lib\core\api\studio_client.g.dart
DA:14,9
DA:22,3
DA:23,3
DA:33,1
DA:34,1
DA:36,1
DA:39,1
DA:41,1
DA:43,1
DA:47,2
DA:48,2
DA:50,2
DA:55,1
LF:13
LH:13
end_of_record
SF:lib\core\network\api_client.g.dart
DA:13,3
DA:17,1
DA:18,1
DA:28,1
DA:29,1
DA:31,1
DA:34,1
DA:36,1
DA:38,1
DA:42,0
DA:43,0
DA:45,0
DA:50,1
LF:13
LH:10
end_of_record
SF:lib\core\network\api_client.dart
DA:33,0
DA:34,0
DA:37,0
DA:39,0
DA:41,0
DA:45,0
DA:50,0
DA:59,1
DA:62,2
DA:64,0
DA:65,0
DA:66,1
DA:69,0
DA:77,0
DA:80,0
DA:83,0
DA:86,0
DA:89,0
LF:18
LH:3
end_of_record
SF:lib\core\environment\env.g.dart
DA:25,3
DA:54,1
DA:55,1
DA:65,1
DA:66,1
DA:68,1
DA:71,1
DA:73,1
DA:75,1
DA:79,0
DA:80,0
DA:82,0
DA:87,1
LF:13
LH:10
end_of_record
SF:lib\core\environment\env.dart
DA:19,1
DA:21,1
DA:30,1
DA:31,2
DA:32,0
DA:33,0
DA:42,1
DA:43,3
DA:44,1
DA:51,3
DA:54,0
DA:55,0
DA:56,0
DA:57,0
DA:58,0
DA:59,0
LF:16
LH:8
end_of_record
SF:lib\core\error\app_exception.dart
DA:13,6
DA:25,0
DA:26,0
DA:32,3
DA:33,6
DA:34,9
DA:36,0
DA:37,0
DA:38,0
DA:43,0
DA:47,0
DA:51,0
DA:55,0
DA:59,0
DA:67,0
DA:75,0
DA:83,0
DA:91,10
LF:18
LH:5
end_of_record
SF:lib\core\error\app_exception.g.dart
DA:9,0
DA:10,0
DA:11,0
DA:23,0
DA:24,0
DA:25,0
DA:26,0
DA:27,0
DA:29,0
DA:31,0
DA:32,0
DA:33,0
DA:35,0
DA:41,0
DA:42,0
DA:43,0
DA:44,0
DA:45,0
DA:46,0
DA:47,0
DA:48,0
DA:49,0
LF:22
LH:0
end_of_record
SF:lib\core\logging\logger_service.g.dart
DA:14,12
DA:22,4
DA:23,4
DA:33,0
DA:34,0
DA:36,0
DA:39,0
DA:41,0
DA:43,0
DA:47,4
DA:48,4
DA:50,4
DA:55,0
LF:13
LH:6
end_of_record
SF:lib\core\logging\logger_service.dart
DA:14,0
DA:16,0
DA:23,0
DA:30,0
DA:31,0
DA:32,0
DA:33,0
DA:37,0
DA:38,0
DA:39,0
DA:47,0
DA:53,0
DA:65,0
DA:66,0
DA:67,0
DA:68,0
DA:71,0
DA:73,0
DA:77,0
DA:78,0
DA:79,0
DA:80,0
DA:81,0
DA:86,0
DA:87,0
DA:91,0
DA:97,0
DA:98,0
DA:104,0
DA:107,0
DA:116,0
DA:117,0
DA:121,0
DA:122,0
DA:126,0
DA:132,0
DA:142,0
DA:144,0
DA:145,0
DA:148,0
DA:151,0
DA:155,0
DA:157,0
DA:158,0
DA:159,0
DA:166,0
DA:168,0
DA:169,0
DA:170,0
DA:175,0
DA:176,0
DA:177,0
DA:178,0
DA:180,0
DA:181,0
DA:182,0
DA:187,0
DA:196,0
DA:197,0
DA:199,0
DA:200,0
DA:203,0
DA:204,0
DA:211,0
DA:213,0
DA:215,0
DA:218,0
DA:219,0
DA:222,0
DA:228,0
LF:70
LH:0
end_of_record
SF:lib\core\network\interceptors\auth_interceptor.dart
DA:19,0
DA:21,0
DA:27,0
DA:28,0
DA:32,0
DA:33,0
DA:36,0
DA:37,0
DA:39,0
DA:40,0
DA:43,0
DA:51,0
DA:53,0
DA:57,0
LF:14
LH:0
end_of_record
SF:lib\core\network\interceptors\error_interceptor.dart
DA:9,0
DA:11,0
DA:14,0
DA:15,0
DA:16,0
DA:19,0
DA:20,0
DA:22,0
DA:24,0
DA:26,0
DA:31,0
DA:32,0
DA:36,0
DA:37,0
DA:38,0
DA:39,0
DA:40,0
DA:41,0
DA:42,0
DA:49,0
DA:50,0
DA:51,0
DA:54,0
DA:56,0
DA:58,0
DA:59,0
DA:60,0
DA:61,0
DA:62,0
DA:68,0
DA:70,0
DA:71,0
DA:73,0
DA:75,0
DA:76,0
DA:77,0
DA:81,0
DA:82,0
DA:83,0
DA:84,0
DA:85,0
DA:86,0
DA:94,0
DA:95,0
DA:96,0
DA:97,0
DA:98,0
DA:99,0
DA:100,0
DA:101,0
DA:102,0
DA:103,0
DA:110,0
DA:111,0
DA:112,0
DA:113,0
DA:114,0
DA:115,0
DA:116,0
DA:117,0
DA:118,0
DA:119,0
DA:126,0
DA:127,0
DA:128,0
DA:129,0
DA:130,0
DA:131,0
DA:132,0
DA:139,0
DA:140,0
DA:141,0
DA:142,0
DA:143,0
DA:144,0
LF:75
LH:0
end_of_record
SF:lib\core\network\interceptors\dio_logger_interceptor.dart
DA:8,0
DA:10,0
DA:12,0
DA:14,0
DA:15,0
DA:18,0
DA:20,0
DA:22,0
DA:24,0
DA:36,0
DA:42,0
LF:11
LH:0
end_of_record
SF:lib\core\network\interceptors\locale_interceptor.dart
DA:10,0
DA:12,0
DA:16,0
DA:19,0
DA:22,0
DA:24,0
LF:6
LH:0
end_of_record
SF:lib\features\auth\presentation\providers\mock_auth_provider.dart
DA:7,0
DA:9,0
LF:2
LH:0
end_of_record
SF:lib\features\auth\presentation\providers\mock_auth_provider.g.dart
DA:13,0
DA:16,0
DA:17,0
DA:27,0
DA:28,0
DA:30,0
DA:32,0
DA:35,0
DA:36,0
DA:38,0
DA:43,0
DA:47,0
DA:50,0
DA:52,0
DA:59,0
LF:15
LH:0
end_of_record
SF:lib\features\auth\presentation\providers\firebase_instance_provider.g.dart
DA:13,0
DA:18,0
DA:19,0
DA:29,0
DA:30,0
DA:32,0
DA:35,0
DA:37,0
DA:39,0
DA:43,0
DA:44,0
DA:46,0
DA:51,0
LF:13
LH:0
end_of_record
SF:lib\features\auth\presentation\providers\firebase_instance_provider.dart
DA:6,0
DA:8,0
LF:2
LH:0
end_of_record
SF:lib\core\models\prompt_block_category.dart
DA:22,1
DA:24,1
DA:26,1
DA:28,1
DA:30,1
DA:32,1
DA:34,1
DA:36,1
DA:41,1
DA:42,1
DA:43,3
DA:44,0
DA:45,0
DA:51,0
DA:52,0
DA:54,0
DA:55,0
DA:56,0
DA:57,0
DA:58,0
DA:59,0
DA:60,0
DA:61,0
DA:62,0
DA:63,0
DA:64,0
DA:65,0
DA:66,0
DA:67,0
LF:29
LH:11
end_of_record
SF:lib\l10n\gen\app_localizations.dart
DA:65,15
DA:66,30
DA:70,15
DA:71,15
DA:7434,2
DA:7436,15
DA:7438,30
DA:7441,15
DA:7443,45
DA:7445,0
DA:7449,15
DA:7451,15
DA:7452,15
DA:7453,15
DA:7454,0
DA:7455,0
DA:7458,0
LF:17
LH:13
end_of_record
SF:lib\core\error\app_error_boundary.dart
DA:15,3
DA:17,3
DA:18,3
DA:25,3
DA:27,3
DA:28,6
DA:30,1
DA:31,1
DA:32,3
DA:33,2
DA:34,3
DA:35,1
DA:36,4
DA:38,4
DA:41,2
DA:42,2
DA:47,3
DA:51,3
DA:53,3
DA:54,3
DA:58,0
DA:59,0
DA:60,0
DA:64,1
DA:65,1
DA:66,1
DA:68,1
DA:69,1
DA:70,1
DA:71,1
DA:73,0
DA:74,0
DA:77,2
DA:78,0
DA:80,0
DA:81,0
DA:83,0
DA:86,1
DA:89,1
DA:90,2
DA:91,3
DA:92,1
DA:94,1
DA:97,1
DA:98,1
DA:99,1
DA:100,1
DA:102,2
DA:105,1
DA:106,1
DA:107,1
DA:108,3
DA:109,2
DA:114,1
DA:115,1
DA:117,2
DA:120,1
DA:126,1
DA:128,3
DA:129,2
DA:140,3
DA:142,3
DA:144,2
DA:146,6
LF:64
LH:55
end_of_record
SF:lib\l10n\gen\app_localizations_en.dart
DA:9,30
DA:11,0
DA:14,1
DA:17,3
DA:20,0
DA:24,0
DA:27,0
DA:30,0
DA:33,0
DA:36,0
DA:39,0
DA:42,0
DA:46,0
DA:48,0
DA:51,0
DA:54,0
DA:57,1
DA:59,1
DA:62,0
DA:64,0
DA:67,0
DA:70,0
DA:73,0
DA:76,0
DA:79,0
DA:82,0
DA:85,0
DA:88,0
DA:91,0
DA:94,0
DA:96,0
DA:99,0
DA:102,0
DA:104,0
DA:107,0
DA:110,0
DA:113,0
DA:116,0
DA:119,0
DA:122,0
DA:125,0
DA:128,0
DA:131,0
DA:134,0
DA:136,0
DA:139,0
DA:141,0
DA:144,0
DA:147,0
DA:150,0
DA:153,0
DA:156,0
DA:159,0
DA:161,0
DA:164,2
DA:167,0
DA:170,0
DA:173,0
DA:176,0
DA:178,0
DA:181,0
DA:184,0
DA:188,0
DA:190,0
DA:193,0
DA:197,0
DA:200,0
DA:203,0
DA:206,0
DA:209,0
DA:212,0
DA:215,3
DA:218,3
DA:221,1
DA:224,3
DA:227,3
DA:231,0
DA:234,0
DA:237,0
DA:240,0
DA:243,0
DA:246,0
DA:249,0
DA:252,0
DA:255,0
DA:257,0
DA:260,0
DA:263,0
DA:266,0
DA:268,0
DA:271,0
DA:273,0
DA:276,0
DA:279,0
DA:282,0
DA:285,0
DA:288,0
DA:291,0
DA:294,0
DA:297,0
DA:300,0
DA:303,3
DA:306,0
DA:309,0
DA:312,0
DA:315,0
DA:318,0
DA:321,0
DA:324,0
DA:327,0
DA:330,0
DA:332,0
DA:335,0
DA:338,0
DA:340,0
DA:343,0
DA:346,0
DA:349,0
DA:352,0
DA:355,0
DA:358,0
DA:361,0
DA:364,0
DA:367,0
DA:370,0
DA:373,0
DA:376,0
DA:379,0
DA:382,0
DA:385,0
DA:388,0
DA:391,0
DA:394,0
DA:397,0
DA:401,0
DA:404,0
DA:407,0
DA:410,0
DA:413,0
DA:416,0
DA:419,0
DA:422,0
DA:425,0
DA:428,0
DA:431,0
DA:434,0
DA:436,0
DA:439,0
DA:442,0
DA:444,0
DA:447,0
DA:450,0
DA:453,0
DA:456,0
DA:459,0
DA:463,0
DA:466,0
DA:469,2
DA:472,0
DA:475,0
DA:478,0
DA:481,0
DA:482,0
DA:484,0
DA:487,0
DA:490,0
DA:491,0
DA:493,0
DA:496,0
DA:499,0
DA:502,0
DA:505,0
DA:508,0
DA:511,0
DA:514,0
DA:517,0
DA:520,0
DA:523,0
DA:526,0
DA:528,0
DA:531,0
DA:534,0
DA:537,0
DA:540,0
DA:543,0
DA:546,0
DA:549,0
DA:552,0
DA:555,0
DA:558,0
DA:561,0
DA:564,0
DA:567,0
DA:570,0
DA:573,0
DA:576,0
DA:579,0
DA:582,0
DA:585,0
DA:588,0
DA:591,0
DA:594,0
DA:597,0
DA:599,0
DA:602,0
DA:605,0
DA:608,0
DA:611,0
DA:614,0
DA:618,0
DA:622,0
DA:625,0
DA:628,0
DA:631,0
DA:634,0
DA:637,0
DA:640,0
DA:643,0
DA:645,0
DA:648,0
DA:651,0
DA:655,0
DA:658,0
DA:661,0
DA:664,0
DA:667,0
DA:670,0
DA:673,0
DA:676,0
DA:680,0
DA:683,0
DA:686,0
DA:689,0
DA:692,0
DA:695,0
DA:698,0
DA:701,0
DA:704,0
DA:707,0
DA:710,0
DA:713,0
DA:716,0
DA:719,0
DA:723,0
DA:726,0
DA:729,0
DA:732,0
DA:735,0
DA:738,0
DA:741,0
DA:744,0
DA:747,1
DA:750,1
DA:753,0
DA:755,0
DA:758,0
DA:761,0
DA:764,0
DA:767,0
DA:770,0
DA:774,0
DA:778,0
DA:782,0
DA:786,0
DA:790,0
DA:793,0
DA:796,0
DA:799,0
DA:802,0
DA:805,0
DA:808,0
DA:811,0
DA:814,0
DA:817,0
DA:820,0
DA:823,0
DA:826,0
DA:829,0
DA:832,0
DA:835,0
DA:838,0
DA:841,0
DA:844,3
DA:847,0
DA:850,0
DA:853,0
DA:856,0
DA:859,0
DA:862,0
DA:865,0
DA:868,0
DA:871,0
DA:874,0
DA:877,0
DA:880,0
DA:883,0
DA:886,0
DA:889,0
DA:892,0
DA:895,0
DA:898,0
DA:901,0
DA:904,0
DA:908,0
DA:912,0
DA:916,0
DA:920,0
DA:924,0
DA:928,0
DA:932,0
DA:936,0
DA:939,0
DA:942,0
DA:945,3
DA:948,0
DA:951,0
DA:954,0
DA:957,0
DA:960,0
DA:963,0
DA:966,0
DA:969,0
DA:972,0
DA:975,0
DA:978,0
DA:981,0
DA:984,0
DA:987,0
DA:990,0
DA:993,0
DA:996,0
DA:999,0
DA:1002,0
DA:1005,0
DA:1008,0
DA:1010,0
DA:1013,0
DA:1016,0
DA:1019,0
DA:1022,0
DA:1025,0
DA:1028,0
DA:1031,0
DA:1034,0
DA:1037,0
DA:1040,0
DA:1043,0
DA:1046,0
DA:1049,0
DA:1052,1
DA:1055,1
DA:1058,0
DA:1061,0
DA:1064,0
DA:1067,1
DA:1070,0
DA:1073,0
DA:1076,1
DA:1079,1
DA:1082,1
DA:1085,1
DA:1088,0
DA:1091,0
DA:1094,0
DA:1097,0
DA:1100,0
DA:1104,0
DA:1107,0
DA:1110,0
DA:1113,0
DA:1117,0
DA:1120,0
DA:1124,0
DA:1127,0
DA:1130,0
DA:1133,0
DA:1136,0
DA:1139,0
DA:1142,0
DA:1145,0
DA:1148,0
DA:1151,0
DA:1154,0
DA:1156,0
DA:1159,0
DA:1162,0
DA:1164,0
DA:1167,0
DA:1170,0
DA:1173,0
DA:1176,1
DA:1179,0
DA:1182,0
DA:1185,0
DA:1188,0
DA:1191,0
DA:1194,0
DA:1197,0
DA:1201,0
DA:1204,0
DA:1207,0
DA:1211,0
DA:1214,0
DA:1217,0
DA:1219,0
DA:1222,0
DA:1225,0
DA:1228,0
DA:1231,0
DA:1234,0
DA:1237,0
DA:1240,0
DA:1243,0
DA:1246,0
DA:1249,0
DA:1252,0
DA:1255,0
DA:1258,0
DA:1261,0
DA:1264,0
DA:1267,0
DA:1270,0
DA:1273,0
DA:1276,0
DA:1279,0
DA:1282,0
DA:1285,0
DA:1288,0
DA:1291,0
DA:1294,0
DA:1297,0
DA:1300,0
DA:1303,0
DA:1306,0
DA:1309,0
DA:1312,0
DA:1315,0
DA:1318,0
DA:1321,0
DA:1323,0
DA:1326,0
DA:1328,0
DA:1331,0
DA:1335,0
DA:1338,0
DA:1341,0
DA:1344,0
DA:1347,0
DA:1350,0
DA:1353,0
DA:1356,0
DA:1359,0
DA:1362,0
DA:1365,0
DA:1368,0
DA:1371,0
DA:1375,0
DA:1378,0
DA:1382,0
DA:1385,0
DA:1389,0
DA:1392,0
DA:1396,0
DA:1400,0
DA:1404,0
DA:1408,0
DA:1411,0
DA:1414,0
DA:1417,0
DA:1420,0
DA:1423,0
DA:1426,0
DA:1429,0
DA:1432,0
DA:1435,0
DA:1438,0
DA:1441,0
DA:1444,0
DA:1447,0
DA:1450,0
DA:1453,0
DA:1456,0
DA:1459,0
DA:1461,0
DA:1464,0
DA:1466,0
DA:1469,0
DA:1472,0
DA:1476,0
DA:1479,0
DA:1482,0
DA:1486,0
DA:1489,1
DA:1492,0
DA:1496,0
DA:1499,0
DA:1501,0
DA:1504,0
DA:1507,0
DA:1511,0
DA:1515,0
DA:1519,2
DA:1522,0
DA:1525,0
DA:1528,0
DA:1532,0
DA:1536,0
DA:1539,0
DA:1542,0
DA:1545,0
DA:1548,0
DA:1551,0
DA:1554,0
DA:1558,0
DA:1561,0
DA:1564,0
DA:1566,0
DA:1569,0
DA:1572,0
DA:1576,0
DA:1579,0
DA:1582,0
DA:1586,0
DA:1590,0
DA:1594,0
DA:1597,0
DA:1601,0
DA:1605,0
DA:1609,0
DA:1612,0
DA:1614,0
DA:1617,0
DA:1619,0
DA:1622,0
DA:1625,0
DA:1628,0
DA:1631,0
DA:1633,0
DA:1636,0
DA:1639,0
DA:1642,0
DA:1645,0
DA:1648,0
DA:1651,0
DA:1654,0
DA:1657,0
DA:1660,0
DA:1663,0
DA:1667,0
DA:1670,0
DA:1673,0
DA:1676,0
DA:1679,0
DA:1682,0
DA:1684,0
DA:1687,0
DA:1689,0
DA:1692,0
DA:1696,0
DA:1699,0
DA:1703,1
DA:1706,1
DA:1709,1
DA:1712,1
DA:1715,1
DA:1718,1
DA:1721,1
DA:1724,1
DA:1727,1
DA:1730,1
DA:1733,1
DA:1736,1
DA:1739,1
DA:1742,1
DA:1745,0
DA:1748,0
DA:1751,0
DA:1754,0
DA:1757,0
DA:1761,0
DA:1764,0
DA:1767,0
DA:1770,0
DA:1773,0
DA:1776,0
DA:1780,0
DA:1783,0
DA:1786,0
DA:1789,0
DA:1792,0
DA:1795,0
DA:1798,1
DA:1801,1
DA:1805,0
DA:1808,0
DA:1811,0
DA:1814,0
DA:1817,0
DA:1820,0
DA:1823,0
DA:1827,0
DA:1830,1
DA:1834,1
DA:1837,1
DA:1840,1
DA:1843,1
DA:1846,1
DA:1849,1
DA:1852,1
DA:1855,1
DA:1859,1
DA:1863,1
DA:1867,0
DA:1870,0
DA:1874,0
DA:1877,0
DA:1880,0
DA:1883,0
DA:1886,0
DA:1888,0
DA:1891,2
DA:1895,0
DA:1899,0
DA:1903,0
DA:1907,0
DA:1911,0
DA:1915,0
DA:1919,0
DA:1922,0
DA:1926,0
DA:1929,0
DA:1932,0
DA:1935,0
DA:1938,0
DA:1940,0
DA:1943,0
DA:1945,0
DA:1948,0
DA:1952,0
DA:1955,0
DA:1957,0
DA:1960,0
DA:1963,0
DA:1965,0
DA:1968,0
DA:1971,0
DA:1974,0
DA:1977,0
DA:1980,0
DA:1983,0
DA:1986,0
DA:1990,0
DA:1992,0
DA:1995,0
DA:1997,0
DA:2000,0
DA:2002,0
DA:2005,0
DA:2007,0
DA:2010,0
DA:2013,0
DA:2016,0
DA:2018,0
DA:2021,0
DA:2023,0
DA:2026,0
DA:2029,0
DA:2032,0
DA:2035,0
DA:2038,0
DA:2041,0
DA:2044,0
DA:2047,0
DA:2051,0
DA:2055,1
DA:2058,1
DA:2061,1
DA:2064,1
DA:2067,1
DA:2070,1
DA:2073,0
DA:2077,0
DA:2081,0
DA:2084,0
DA:2087,0
DA:2090,0
DA:2094,0
DA:2097,0
DA:2100,0
DA:2103,0
DA:2106,0
DA:2109,0
DA:2112,0
DA:2115,0
DA:2118,0
DA:2121,0
DA:2124,0
DA:2127,0
DA:2130,0
DA:2133,0
DA:2136,0
DA:2139,0
DA:2142,0
DA:2145,0
DA:2148,0
DA:2151,1
DA:2155,0
DA:2159,1
DA:2163,0
DA:2166,0
DA:2169,0
DA:2172,0
DA:2176,0
DA:2179,0
DA:2182,0
DA:2185,0
DA:2188,0
DA:2191,0
DA:2194,0
DA:2197,0
DA:2200,0
DA:2203,0
DA:2206,0
DA:2209,0
DA:2211,0
DA:2214,0
DA:2217,0
DA:2220,0
DA:2223,0
DA:2226,0
DA:2229,0
DA:2232,0
DA:2235,0
DA:2238,0
DA:2241,0
DA:2244,0
DA:2247,0
DA:2251,0
DA:2254,0
DA:2257,6
DA:2260,6
DA:2262,6
DA:2265,1
DA:2268,1
DA:2271,1
DA:2273,1
DA:2276,0
DA:2279,0
DA:2282,0
DA:2286,0
DA:2290,0
DA:2293,0
DA:2296,0
DA:2299,0
DA:2302,0
DA:2305,0
DA:2308,0
DA:2311,0
DA:2313,0
DA:2316,0
DA:2319,0
DA:2322,0
DA:2325,0
DA:2328,0
DA:2331,0
DA:2333,0
DA:2336,0
DA:2339,0
DA:2342,0
DA:2344,0
DA:2347,0
DA:2349,0
DA:2352,0
DA:2354,0
DA:2357,0
DA:2360,0
DA:2362,0
DA:2365,0
DA:2368,0
DA:2371,0
DA:2373,0
DA:2376,0
DA:2378,0
DA:2381,0
DA:2383,0
DA:2386,0
DA:2388,0
DA:2391,0
DA:2394,0
DA:2397,0
DA:2400,0
DA:2403,0
DA:2406,0
DA:2409,0
DA:2412,0
DA:2415,0
DA:2418,0
DA:2421,0
DA:2424,0
DA:2427,0
DA:2429,0
DA:2432,0
DA:2435,0
DA:2438,0
DA:2441,0
DA:2445,0
DA:2448,0
DA:2451,0
DA:2454,0
DA:2457,0
DA:2460,0
DA:2463,0
DA:2466,0
DA:2469,0
DA:2472,0
DA:2475,0
DA:2479,1
DA:2483,0
DA:2487,0
DA:2490,0
DA:2493,0
DA:2496,0
DA:2499,0
DA:2502,0
DA:2505,0
DA:2508,0
DA:2511,0
DA:2514,0
DA:2517,0
DA:2519,0
DA:2522,0
DA:2525,0
DA:2528,0
DA:2531,0
DA:2534,0
DA:2537,0
DA:2540,0
DA:2543,2
DA:2546,2
DA:2549,1
DA:2552,0
DA:2555,0
DA:2558,0
DA:2561,1
DA:2564,0
DA:2566,0
DA:2569,0
DA:2572,0
DA:2574,0
DA:2577,0
DA:2579,0
DA:2582,0
DA:2584,0
DA:2587,0
DA:2589,0
DA:2592,0
DA:2594,0
DA:2597,0
DA:2600,0
DA:2603,0
DA:2605,0
DA:2608,0
DA:2610,0
DA:2613,0
DA:2616,0
DA:2619,1
DA:2622,0
DA:2625,0
DA:2628,0
DA:2631,0
DA:2634,0
DA:2636,0
DA:2639,0
DA:2642,0
DA:2645,0
DA:2648,1
DA:2650,1
DA:2653,0
DA:2655,0
DA:2658,0
DA:2660,0
DA:2663,0
DA:2666,0
DA:2669,0
DA:2672,0
DA:2675,0
DA:2678,0
DA:2681,0
DA:2684,1
DA:2687,0
DA:2689,0
DA:2692,0
DA:2695,1
DA:2698,1
DA:2701,0
DA:2703,0
DA:2706,0
DA:2709,1
DA:2712,1
DA:2715,1
DA:2718,1
DA:2721,1
DA:2724,2
DA:2727,1
DA:2730,1
DA:2733,1
DA:2737,1
DA:2740,1
DA:2743,0
DA:2747,0
DA:2750,0
DA:2753,0
DA:2756,0
DA:2759,0
DA:2762,0
DA:2765,0
DA:2768,0
DA:2771,0
DA:2774,0
DA:2777,0
DA:2780,0
DA:2783,0
DA:2786,0
DA:2789,0
DA:2792,0
DA:2795,0
DA:2797,0
DA:2800,0
DA:2803,0
DA:2806,0
DA:2810,0
DA:2812,0
DA:2815,0
DA:2818,0
DA:2821,0
DA:2824,0
DA:2827,0
DA:2829,0
DA:2832,0
DA:2835,0
DA:2838,0
DA:2841,0
DA:2844,0
DA:2847,0
DA:2850,0
DA:2853,0
DA:2857,0
DA:2860,0
DA:2862,0
DA:2865,0
DA:2868,0
DA:2870,0
DA:2873,0
DA:2877,0
DA:2880,0
DA:2882,0
DA:2885,0
DA:2888,0
DA:2891,0
DA:2894,0
DA:2897,0
DA:2901,0
DA:2905,0
DA:2908,0
DA:2911,0
DA:2914,0
DA:2917,0
DA:2920,0
DA:2923,0
DA:2927,0
DA:2931,3
DA:2934,0
DA:2937,0
DA:2940,0
DA:2943,0
DA:2946,0
DA:2949,0
DA:2952,0
DA:2955,0
DA:2958,0
DA:2961,2
DA:2964,0
DA:2967,0
DA:2970,0
DA:2973,0
DA:2976,0
DA:2980,0
DA:2983,0
DA:2986,0
DA:2989,0
DA:2992,0
DA:2995,0
DA:2998,0
DA:3001,0
DA:3003,0
DA:3006,1
DA:3008,1
DA:3011,0
DA:3014,0
DA:3017,0
DA:3020,1
DA:3023,1
DA:3026,0
DA:3029,1
DA:3032,1
DA:3035,1
DA:3038,1
DA:3041,1
DA:3044,1
DA:3047,0
DA:3050,0
DA:3053,0
DA:3056,0
DA:3060,0
DA:3064,0
DA:3068,0
DA:3071,0
DA:3074,0
DA:3077,0
DA:3080,0
DA:3082,0
DA:3085,0
DA:3088,1
DA:3091,1
DA:3094,0
DA:3097,0
DA:3100,0
DA:3102,0
DA:3105,0
DA:3109,0
DA:3112,0
DA:3115,0
DA:3118,0
DA:3121,0
DA:3123,0
DA:3126,0
DA:3129,0
DA:3133,0
DA:3136,0
DA:3139,0
DA:3142,0
DA:3145,0
DA:3148,0
DA:3151,0
DA:3154,0
DA:3156,0
DA:3159,0
DA:3162,0
DA:3165,0
DA:3169,0
DA:3173,0
DA:3177,0
DA:3181,0
DA:3184,0
DA:3188,0
DA:3192,0
DA:3196,0
DA:3199,0
DA:3202,0
DA:3205,0
DA:3209,0
DA:3212,0
DA:3215,0
DA:3218,0
DA:3221,0
DA:3223,0
DA:3226,0
DA:3229,0
DA:3231,0
DA:3234,0
DA:3237,0
DA:3241,0
DA:3244,0
DA:3246,0
DA:3249,0
DA:3252,0
DA:3255,0
DA:3258,0
DA:3261,0
DA:3267,0
DA:3270,0
DA:3273,0
DA:3276,0
DA:3279,0
DA:3283,0
DA:3286,0
DA:3289,0
DA:3292,0
DA:3295,0
DA:3298,0
DA:3302,0
DA:3304,0
DA:3307,0
DA:3310,0
DA:3313,0
DA:3315,0
DA:3318,0
DA:3321,0
DA:3323,0
DA:3326,0
DA:3329,0
DA:3332,0
DA:3335,0
DA:3339,0
DA:3342,0
DA:3344,0
DA:3347,0
DA:3350,0
DA:3353,0
DA:3356,0
DA:3360,0
DA:3364,0
DA:3367,0
DA:3370,0
DA:3373,0
DA:3376,0
DA:3380,0
DA:3383,0
DA:3386,0
DA:3389,0
DA:3392,0
DA:3395,0
DA:3398,0
DA:3401,0
DA:3404,0
DA:3407,0
DA:3411,0
DA:3415,1
DA:3418,0
DA:3421,0
DA:3424,0
DA:3427,0
DA:3430,0
DA:3433,0
DA:3436,0
DA:3439,0
DA:3442,0
DA:3445,0
DA:3448,0
DA:3451,0
DA:3454,0
DA:3457,0
DA:3461,0
DA:3465,0
DA:3468,0
DA:3470,0
DA:3473,0
DA:3475,0
DA:3478,0
DA:3480,0
DA:3483,1
DA:3486,0
DA:3489,1
DA:3493,1
DA:3497,1
DA:3500,0
DA:3503,0
DA:3507,0
DA:3510,0
DA:3514,0
DA:3517,0
DA:3521,1
DA:3524,1
DA:3528,1
DA:3531,1
DA:3535,1
DA:3539,0
DA:3542,0
DA:3545,0
DA:3548,0
DA:3551,0
DA:3554,0
DA:3557,0
DA:3561,0
DA:3564,0
DA:3567,0
DA:3570,0
DA:3573,0
DA:3577,1
DA:3581,1
DA:3584,0
DA:3586,0
DA:3589,0
DA:3591,0
DA:3594,0
DA:3596,0
DA:3599,0
DA:3602,0
DA:3606,0
DA:3610,0
DA:3613,1
DA:3615,1
DA:3618,0
DA:3621,0
DA:3624,0
DA:3627,0
DA:3630,0
DA:3633,0
DA:3636,0
DA:3639,0
DA:3642,0
DA:3644,0
DA:3647,0
DA:3650,0
DA:3652,0
DA:3655,0
DA:3659,0
DA:3661,0
DA:3664,0
DA:3666,0
DA:3669,0
DA:3672,0
DA:3674,0
DA:3677,0
DA:3680,0
DA:3683,1
DA:3686,1
DA:3689,0
DA:3692,0
DA:3695,0
DA:3698,1
DA:3701,1
DA:3704,1
DA:3707,1
DA:3710,1
DA:3713,1
DA:3716,1
DA:3719,1
DA:3722,1
DA:3725,1
DA:3728,1
DA:3731,1
DA:3735,1
DA:3739,2
DA:3742,1
DA:3745,0
DA:3748,0
DA:3750,0
DA:3753,0
DA:3756,0
DA:3759,0
DA:3762,0
DA:3765,0
DA:3768,0
DA:3771,0
DA:3774,0
DA:3777,0
DA:3780,0
DA:3783,0
DA:3786,0
DA:3789,0
DA:3792,0
DA:3795,0
DA:3798,0
DA:3801,0
DA:3804,0
DA:3807,1
DA:3810,1
DA:3813,1
DA:3816,1
DA:3819,1
DA:3822,1
DA:3825,1
DA:3828,1
DA:3831,1
DA:3834,1
DA:3837,1
DA:3840,1
DA:3843,1
DA:3846,1
DA:3849,1
DA:3852,1
DA:3855,1
DA:3859,1
DA:3863,1
DA:3867,1
DA:3871,1
DA:3875,1
DA:3879,1
DA:3883,1
DA:3887,1
DA:3891,1
DA:3895,1
DA:3899,1
DA:3903,1
DA:3907,0
DA:3910,0
DA:3912,0
DA:3915,0
DA:3918,1
DA:3922,1
DA:3925,0
DA:3927,0
DA:3930,0
DA:3933,0
DA:3936,0
DA:3939,0
DA:3942,0
DA:3945,0
DA:3947,0
DA:3950,0
DA:3953,0
DA:3956,0
DA:3959,0
DA:3962,0
DA:3965,1
DA:3968,1
DA:3972,1
DA:3976,1
DA:3980,1
DA:3983,1
DA:3986,1
DA:3989,1
DA:3992,1
DA:3995,1
DA:3997,1
DA:4000,1
DA:4002,1
DA:4005,1
DA:4008,1
DA:4012,1
DA:4015,1
DA:4018,1
DA:4021,0
DA:4024,0
DA:4027,0
DA:4030,0
DA:4033,0
DA:4037,0
DA:4041,0
DA:4045,0
DA:4048,0
DA:4051,0
DA:4055,0
DA:4058,0
DA:4061,0
DA:4064,0
DA:4067,0
DA:4070,0
DA:4073,0
DA:4076,0
DA:4079,0
LF:1342
LH:186
end_of_record
SF:lib\l10n\gen\app_localizations_fi.dart
DA:9,0
DA:11,0
DA:14,0
DA:17,0
DA:20,0
DA:24,0
DA:27,0
DA:30,0
DA:33,0
DA:36,0
DA:39,0
DA:42,0
DA:46,0
DA:48,0
DA:51,0
DA:54,0
DA:57,0
DA:59,0
DA:62,0
DA:64,0
DA:67,0
DA:70,0
DA:73,0
DA:76,0
DA:79,0
DA:82,0
DA:85,0
DA:88,0
DA:91,0
DA:94,0
DA:96,0
DA:99,0
DA:102,0
DA:104,0
DA:107,0
DA:110,0
DA:113,0
DA:116,0
DA:119,0
DA:122,0
DA:125,0
DA:128,0
DA:131,0
DA:134,0
DA:136,0
DA:139,0
DA:141,0
DA:144,0
DA:147,0
DA:150,0
DA:153,0
DA:156,0
DA:159,0
DA:161,0
DA:164,0
DA:167,0
DA:170,0
DA:173,0
DA:177,0
DA:179,0
DA:182,0
DA:186,0
DA:190,0
DA:192,0
DA:195,0
DA:199,0
DA:202,0
DA:205,0
DA:208,0
DA:211,0
DA:214,0
DA:217,0
DA:220,0
DA:223,0
DA:226,0
DA:229,0
DA:233,0
DA:237,0
DA:240,0
DA:243,0
DA:246,0
DA:249,0
DA:252,0
DA:255,0
DA:258,0
DA:260,0
DA:263,0
DA:266,0
DA:269,0
DA:271,0
DA:274,0
DA:276,0
DA:279,0
DA:282,0
DA:285,0
DA:288,0
DA:291,0
DA:294,0
DA:297,0
DA:300,0
DA:303,0
DA:306,0
DA:309,0
DA:312,0
DA:315,0
DA:318,0
DA:321,0
DA:324,0
DA:327,0
DA:330,0
DA:333,0
DA:335,0
DA:338,0
DA:341,0
DA:343,0
DA:346,0
DA:349,0
DA:352,0
DA:355,0
DA:358,0
DA:361,0
DA:364,0
DA:367,0
DA:370,0
DA:373,0
DA:376,0
DA:379,0
DA:382,0
DA:385,0
DA:388,0
DA:391,0
DA:394,0
DA:397,0
DA:400,0
DA:403,0
DA:406,0
DA:409,0
DA:412,0
DA:415,0
DA:418,0
DA:421,0
DA:424,0
DA:427,0
DA:430,0
DA:433,0
DA:436,0
DA:438,0
DA:441,0
DA:444,0
DA:446,0
DA:449,0
DA:452,0
DA:455,0
DA:458,0
DA:461,0
DA:465,0
DA:468,0
DA:471,0
DA:474,0
DA:477,0
DA:480,0
DA:483,0
DA:484,0
DA:486,0
DA:489,0
DA:492,0
DA:493,0
DA:495,0
DA:498,0
DA:501,0
DA:504,0
DA:507,0
DA:510,0
DA:513,0
DA:516,0
DA:519,0
DA:522,0
DA:525,0
DA:528,0
DA:530,0
DA:533,0
DA:536,0
DA:539,0
DA:542,0
DA:545,0
DA:548,0
DA:551,0
DA:554,0
DA:557,0
DA:560,0
DA:563,0
DA:566,0
DA:569,0
DA:572,0
DA:575,0
DA:578,0
DA:581,0
DA:584,0
DA:587,0
DA:590,0
DA:593,0
DA:596,0
DA:599,0
DA:601,0
DA:604,0
DA:607,0
DA:610,0
DA:613,0
DA:616,0
DA:620,0
DA:624,0
DA:628,0
DA:631,0
DA:634,0
DA:637,0
DA:640,0
DA:643,0
DA:646,0
DA:648,0
DA:651,0
DA:654,0
DA:658,0
DA:661,0
DA:664,0
DA:667,0
DA:670,0
DA:673,0
DA:676,0
DA:679,0
DA:683,0
DA:686,0
DA:689,0
DA:692,0
DA:695,0
DA:698,0
DA:701,0
DA:704,0
DA:707,0
DA:710,0
DA:713,0
DA:717,0
DA:720,0
DA:723,0
DA:727,0
DA:730,0
DA:733,0
DA:736,0
DA:739,0
DA:742,0
DA:745,0
DA:748,0
DA:751,0
DA:754,0
DA:757,0
DA:759,0
DA:762,0
DA:765,0
DA:768,0
DA:771,0
DA:774,0
DA:778,0
DA:782,0
DA:786,0
DA:790,0
DA:794,0
DA:797,0
DA:800,0
DA:803,0
DA:806,0
DA:809,0
DA:812,0
DA:815,0
DA:818,0
DA:821,0
DA:824,0
DA:827,0
DA:830,0
DA:833,0
DA:836,0
DA:839,0
DA:842,0
DA:845,0
DA:848,0
DA:851,0
DA:854,0
DA:857,0
DA:860,0
DA:863,0
DA:866,0
DA:869,0
DA:872,0
DA:875,0
DA:878,0
DA:881,0
DA:884,0
DA:887,0
DA:890,0
DA:893,0
DA:896,0
DA:899,0
DA:902,0
DA:905,0
DA:908,0
DA:912,0
DA:916,0
DA:920,0
DA:924,0
DA:928,0
DA:932,0
DA:936,0
DA:940,0
DA:943,0
DA:946,0
DA:949,0
DA:952,0
DA:955,0
DA:958,0
DA:961,0
DA:964,0
DA:967,0
DA:970,0
DA:973,0
DA:976,0
DA:979,0
DA:982,0
DA:985,0
DA:988,0
DA:991,0
DA:994,0
DA:997,0
DA:1000,0
DA:1003,0
DA:1006,0
DA:1009,0
DA:1012,0
DA:1014,0
DA:1017,0
DA:1020,0
DA:1023,0
DA:1026,0
DA:1029,0
DA:1032,0
DA:1035,0
DA:1038,0
DA:1041,0
DA:1044,0
DA:1047,0
DA:1050,0
DA:1053,0
DA:1056,0
DA:1059,0
DA:1062,0
DA:1065,0
DA:1068,0
DA:1071,0
DA:1074,0
DA:1077,0
DA:1080,0
DA:1083,0
DA:1086,0
DA:1089,0
DA:1092,0
DA:1095,0
DA:1098,0
DA:1101,0
DA:1104,0
DA:1108,0
DA:1111,0
DA:1114,0
DA:1117,0
DA:1121,0
DA:1124,0
DA:1128,0
DA:1132,0
DA:1135,0
DA:1139,0
DA:1142,0
DA:1145,0
DA:1148,0
DA:1151,0
DA:1155,0
DA:1158,0
DA:1161,0
DA:1163,0
DA:1166,0
DA:1169,0
DA:1171,0
DA:1174,0
DA:1177,0
DA:1180,0
DA:1183,0
DA:1186,0
DA:1189,0
DA:1192,0
DA:1195,0
DA:1198,0
DA:1201,0
DA:1204,0
DA:1208,0
DA:1211,0
DA:1214,0
DA:1218,0
DA:1221,0
DA:1224,0
DA:1226,0
DA:1229,0
DA:1232,0
DA:1235,0
DA:1238,0
DA:1241,0
DA:1244,0
DA:1247,0
DA:1250,0
DA:1253,0
DA:1256,0
DA:1259,0
DA:1262,0
DA:1265,0
DA:1268,0
DA:1271,0
DA:1274,0
DA:1277,0
DA:1280,0
DA:1283,0
DA:1286,0
DA:1289,0
DA:1292,0
DA:1295,0
DA:1298,0
DA:1301,0
DA:1304,0
DA:1307,0
DA:1310,0
DA:1313,0
DA:1316,0
DA:1319,0
DA:1322,0
DA:1325,0
DA:1328,0
DA:1330,0
DA:1333,0
DA:1335,0
DA:1338,0
DA:1342,0
DA:1345,0
DA:1348,0
DA:1351,0
DA:1354,0
DA:1357,0
DA:1360,0
DA:1363,0
DA:1366,0
DA:1369,0
DA:1372,0
DA:1375,0
DA:1378,0
DA:1382,0
DA:1385,0
DA:1389,0
DA:1392,0
DA:1396,0
DA:1399,0
DA:1403,0
DA:1407,0
DA:1411,0
DA:1415,0
DA:1418,0
DA:1421,0
DA:1424,0
DA:1427,0
DA:1430,0
DA:1433,0
DA:1436,0
DA:1439,0
DA:1442,0
DA:1445,0
DA:1448,0
DA:1451,0
DA:1454,0
DA:1457,0
DA:1460,0
DA:1463,0
DA:1466,0
DA:1468,0
DA:1471,0
DA:1473,0
DA:1476,0
DA:1479,0
DA:1482,0
DA:1485,0
DA:1488,0
DA:1492,0
DA:1495,0
DA:1498,0
DA:1502,0
DA:1505,0
DA:1507,0
DA:1510,0
DA:1513,0
DA:1517,0
DA:1521,0
DA:1525,0
DA:1528,0
DA:1531,0
DA:1534,0
DA:1538,0
DA:1542,0
DA:1545,0
DA:1548,0
DA:1551,0
DA:1554,0
DA:1557,0
DA:1560,0
DA:1564,0
DA:1567,0
DA:1570,0
DA:1572,0
DA:1575,0
DA:1578,0
DA:1582,0
DA:1585,0
DA:1588,0
DA:1592,0
DA:1596,0
DA:1600,0
DA:1603,0
DA:1606,0
DA:1610,0
DA:1614,0
DA:1618,0
DA:1620,0
DA:1623,0
DA:1625,0
DA:1628,0
DA:1631,0
DA:1634,0
DA:1637,0
DA:1639,0
DA:1642,0
DA:1645,0
DA:1648,0
DA:1651,0
DA:1654,0
DA:1657,0
DA:1660,0
DA:1663,0
DA:1666,0
DA:1669,0
DA:1673,0
DA:1676,0
DA:1679,0
DA:1682,0
DA:1685,0
DA:1688,0
DA:1690,0
DA:1693,0
DA:1695,0
DA:1698,0
DA:1702,0
DA:1705,0
DA:1709,0
DA:1712,0
DA:1715,0
DA:1718,0
DA:1721,0
DA:1724,0
DA:1727,0
DA:1730,0
DA:1733,0
DA:1736,0
DA:1739,0
DA:1742,0
DA:1745,0
DA:1749,0
DA:1752,0
DA:1755,0
DA:1758,0
DA:1761,0
DA:1764,0
DA:1768,0
DA:1771,0
DA:1774,0
DA:1777,0
DA:1780,0
DA:1783,0
DA:1787,0
DA:1790,0
DA:1793,0
DA:1796,0
DA:1799,0
DA:1802,0
DA:1805,0
DA:1808,0
DA:1812,0
DA:1815,0
DA:1818,0
DA:1822,0
DA:1825,0
DA:1828,0
DA:1831,0
DA:1835,0
DA:1838,0
DA:1842,0
DA:1845,0
DA:1848,0
DA:1852,0
DA:1855,0
DA:1858,0
DA:1861,0
DA:1864,0
DA:1868,0
DA:1872,0
DA:1876,0
DA:1879,0
DA:1883,0
DA:1886,0
DA:1889,0
DA:1892,0
DA:1895,0
DA:1897,0
DA:1900,0
DA:1904,0
DA:1908,0
DA:1912,0
DA:1916,0
DA:1920,0
DA:1924,0
DA:1927,0
DA:1930,0
DA:1934,0
DA:1937,0
DA:1940,0
DA:1943,0
DA:1946,0
DA:1948,0
DA:1951,0
DA:1953,0
DA:1956,0
DA:1960,0
DA:1964,0
DA:1966,0
DA:1969,0
DA:1973,0
DA:1975,0
DA:1978,0
DA:1981,0
DA:1984,0
DA:1987,0
DA:1990,0
DA:1993,0
DA:1996,0
DA:2000,0
DA:2002,0
DA:2005,0
DA:2007,0
DA:2010,0
DA:2012,0
DA:2015,0
DA:2017,0
DA:2020,0
DA:2023,0
DA:2026,0
DA:2028,0
DA:2031,0
DA:2033,0
DA:2036,0
DA:2039,0
DA:2042,0
DA:2045,0
DA:2048,0
DA:2051,0
DA:2054,0
DA:2057,0
DA:2061,0
DA:2065,0
DA:2068,0
DA:2071,0
DA:2074,0
DA:2077,0
DA:2080,0
DA:2083,0
DA:2087,0
DA:2091,0
DA:2095,0
DA:2098,0
DA:2101,0
DA:2105,0
DA:2108,0
DA:2111,0
DA:2114,0
DA:2117,0
DA:2120,0
DA:2123,0
DA:2126,0
DA:2129,0
DA:2132,0
DA:2135,0
DA:2138,0
DA:2141,0
DA:2144,0
DA:2147,0
DA:2150,0
DA:2153,0
DA:2156,0
DA:2159,0
DA:2162,0
DA:2166,0
DA:2170,0
DA:2174,0
DA:2177,0
DA:2180,0
DA:2183,0
DA:2187,0
DA:2190,0
DA:2193,0
DA:2196,0
DA:2199,0
DA:2202,0
DA:2205,0
DA:2208,0
DA:2211,0
DA:2214,0
DA:2217,0
DA:2220,0
DA:2222,0
DA:2225,0
DA:2228,0
DA:2231,0
DA:2234,0
DA:2237,0
DA:2240,0
DA:2243,0
DA:2246,0
DA:2249,0
DA:2252,0
DA:2255,0
DA:2258,0
DA:2262,0
DA:2265,0
DA:2268,0
DA:2271,0
DA:2273,0
DA:2276,0
DA:2279,0
DA:2282,0
DA:2284,0
DA:2287,0
DA:2290,0
DA:2293,0
DA:2297,0
DA:2301,0
DA:2304,0
DA:2307,0
DA:2310,0
DA:2313,0
DA:2316,0
DA:2319,0
DA:2322,0
DA:2324,0
DA:2327,0
DA:2330,0
DA:2333,0
DA:2336,0
DA:2339,0
DA:2342,0
DA:2344,0
DA:2347,0
DA:2350,0
DA:2353,0
DA:2355,0
DA:2358,0
DA:2360,0
DA:2363,0
DA:2365,0
DA:2368,0
DA:2371,0
DA:2373,0
DA:2376,0
DA:2379,0
DA:2382,0
DA:2384,0
DA:2387,0
DA:2389,0
DA:2392,0
DA:2394,0
DA:2397,0
DA:2399,0
DA:2402,0
DA:2405,0
DA:2408,0
DA:2411,0
DA:2414,0
DA:2417,0
DA:2420,0
DA:2423,0
DA:2426,0
DA:2429,0
DA:2432,0
DA:2435,0
DA:2438,0
DA:2440,0
DA:2443,0
DA:2446,0
DA:2449,0
DA:2452,0
DA:2456,0
DA:2460,0
DA:2463,0
DA:2466,0
DA:2469,0
DA:2472,0
DA:2475,0
DA:2478,0
DA:2481,0
DA:2485,0
DA:2488,0
DA:2492,0
DA:2496,0
DA:2500,0
DA:2503,0
DA:2506,0
DA:2509,0
DA:2512,0
DA:2515,0
DA:2518,0
DA:2521,0
DA:2524,0
DA:2527,0
DA:2530,0
DA:2532,0
DA:2535,0
DA:2538,0
DA:2541,0
DA:2544,0
DA:2547,0
DA:2550,0
DA:2553,0
DA:2556,0
DA:2559,0
DA:2562,0
DA:2565,0
DA:2568,0
DA:2571,0
DA:2574,0
DA:2577,0
DA:2579,0
DA:2582,0
DA:2585,0
DA:2587,0
DA:2590,0
DA:2592,0
DA:2595,0
DA:2597,0
DA:2600,0
DA:2602,0
DA:2605,0
DA:2607,0
DA:2610,0
DA:2613,0
DA:2617,0
DA:2619,0
DA:2622,0
DA:2624,0
DA:2627,0
DA:2630,0
DA:2633,0
DA:2636,0
DA:2639,0
DA:2642,0
DA:2646,0
DA:2649,0
DA:2651,0
DA:2654,0
DA:2657,0
DA:2660,0
DA:2664,0
DA:2666,0
DA:2669,0
DA:2671,0
DA:2674,0
DA:2676,0
DA:2679,0
DA:2682,0
DA:2685,0
DA:2688,0
DA:2691,0
DA:2695,0
DA:2698,0
DA:2701,0
DA:2704,0
DA:2706,0
DA:2709,0
DA:2712,0
DA:2715,0
DA:2718,0
DA:2720,0
DA:2723,0
DA:2726,0
DA:2729,0
DA:2732,0
DA:2735,0
DA:2738,0
DA:2741,0
DA:2744,0
DA:2747,0
DA:2750,0
DA:2754,0
DA:2757,0
DA:2760,0
DA:2764,0
DA:2767,0
DA:2770,0
DA:2773,0
DA:2776,0
DA:2779,0
DA:2782,0
DA:2785,0
DA:2788,0
DA:2791,0
DA:2794,0
DA:2797,0
DA:2800,0
DA:2803,0
DA:2806,0
DA:2809,0
DA:2812,0
DA:2814,0
DA:2817,0
DA:2820,0
DA:2823,0
DA:2827,0
DA:2829,0
DA:2832,0
DA:2835,0
DA:2838,0
DA:2841,0
DA:2844,0
DA:2846,0
DA:2849,0
DA:2852,0
DA:2855,0
DA:2858,0
DA:2861,0
DA:2864,0
DA:2867,0
DA:2871,0
DA:2875,0
DA:2878,0
DA:2880,0
DA:2883,0
DA:2886,0
DA:2888,0
DA:2891,0
DA:2895,0
DA:2898,0
DA:2900,0
DA:2903,0
DA:2906,0
DA:2909,0
DA:2912,0
DA:2915,0
DA:2919,0
DA:2923,0
DA:2926,0
DA:2929,0
DA:2932,0
DA:2935,0
DA:2938,0
DA:2942,0
DA:2946,0
DA:2950,0
DA:2953,0
DA:2956,0
DA:2959,0
DA:2962,0
DA:2965,0
DA:2968,0
DA:2971,0
DA:2974,0
DA:2977,0
DA:2980,0
DA:2983,0
DA:2986,0
DA:2989,0
DA:2992,0
DA:2995,0
DA:2998,0
DA:3001,0
DA:3004,0
DA:3007,0
DA:3010,0
DA:3013,0
DA:3016,0
DA:3019,0
DA:3021,0
DA:3024,0
DA:3026,0
DA:3029,0
DA:3032,0
DA:3035,0
DA:3038,0
DA:3041,0
DA:3044,0
DA:3047,0
DA:3050,0
DA:3053,0
DA:3056,0
DA:3059,0
DA:3062,0
DA:3065,0
DA:3068,0
DA:3071,0
DA:3074,0
DA:3078,0
DA:3082,0
DA:3086,0
DA:3089,0
DA:3092,0
DA:3095,0
DA:3098,0
DA:3100,0
DA:3103,0
DA:3106,0
DA:3109,0
DA:3112,0
DA:3115,0
DA:3118,0
DA:3120,0
DA:3123,0
DA:3127,0
DA:3130,0
DA:3133,0
DA:3136,0
DA:3139,0
DA:3141,0
DA:3144,0
DA:3148,0
DA:3152,0
DA:3155,0
DA:3158,0
DA:3161,0
DA:3164,0
DA:3167,0
DA:3170,0
DA:3174,0
DA:3176,0
DA:3179,0
DA:3182,0
DA:3186,0
DA:3190,0
DA:3194,0
DA:3198,0
DA:3202,0
DA:3205,0
DA:3209,0
DA:3213,0
DA:3217,0
DA:3220,0
DA:3224,0
DA:3227,0
DA:3231,0
DA:3234,0
DA:3237,0
DA:3240,0
DA:3243,0
DA:3245,0
DA:3248,0
DA:3251,0
DA:3253,0
DA:3256,0
DA:3259,0
DA:3263,0
DA:3266,0
DA:3268,0
DA:3271,0
DA:3275,0
DA:3278,0
DA:3282,0
DA:3285,0
DA:3291,0
DA:3294,0
DA:3297,0
DA:3300,0
DA:3303,0
DA:3307,0
DA:3310,0
DA:3313,0
DA:3316,0
DA:3319,0
DA:3322,0
DA:3326,0
DA:3328,0
DA:3331,0
DA:3334,0
DA:3337,0
DA:3339,0
DA:3342,0
DA:3346,0
DA:3348,0
DA:3351,0
DA:3354,0
DA:3358,0
DA:3361,0
DA:3365,0
DA:3369,0
DA:3371,0
DA:3374,0
DA:3377,0
DA:3380,0
DA:3383,0
DA:3387,0
DA:3391,0
DA:3394,0
DA:3397,0
DA:3400,0
DA:3403,0
DA:3407,0
DA:3410,0
DA:3413,0
DA:3416,0
DA:3419,0
DA:3422,0
DA:3425,0
DA:3428,0
DA:3431,0
DA:3434,0
DA:3438,0
DA:3442,0
DA:3445,0
DA:3448,0
DA:3451,0
DA:3454,0
DA:3457,0
DA:3460,0
DA:3463,0
DA:3466,0
DA:3469,0
DA:3473,0
DA:3476,0
DA:3479,0
DA:3482,0
DA:3485,0
DA:3489,0
DA:3493,0
DA:3496,0
DA:3498,0
DA:3501,0
DA:3503,0
DA:3506,0
DA:3508,0
DA:3511,0
DA:3514,0
DA:3517,0
DA:3520,0
DA:3523,0
DA:3526,0
DA:3529,0
DA:3533,0
DA:3537,0
DA:3541,0
DA:3544,0
DA:3548,0
DA:3551,0
DA:3555,0
DA:3558,0
DA:3562,0
DA:3566,0
DA:3569,0
DA:3572,0
DA:3575,0
DA:3578,0
DA:3581,0
DA:3584,0
DA:3588,0
DA:3591,0
DA:3594,0
DA:3597,0
DA:3600,0
DA:3604,0
DA:3607,0
DA:3610,0
DA:3612,0
DA:3615,0
DA:3617,0
DA:3620,0
DA:3622,0
DA:3625,0
DA:3628,0
DA:3632,0
DA:3636,0
DA:3639,0
DA:3641,0
DA:3644,0
DA:3647,0
DA:3650,0
DA:3653,0
DA:3656,0
DA:3659,0
DA:3662,0
DA:3665,0
DA:3668,0
DA:3670,0
DA:3673,0
DA:3676,0
DA:3678,0
DA:3681,0
DA:3684,0
DA:3686,0
DA:3689,0
DA:3691,0
DA:3694,0
DA:3697,0
DA:3699,0
DA:3702,0
DA:3705,0
DA:3708,0
DA:3711,0
DA:3714,0
DA:3717,0
DA:3720,0
DA:3723,0
DA:3726,0
DA:3729,0
DA:3732,0
DA:3735,0
DA:3738,0
DA:3741,0
DA:3744,0
DA:3747,0
DA:3750,0
DA:3753,0
DA:3756,0
DA:3760,0
DA:3764,0
DA:3768,0
DA:3772,0
DA:3775,0
DA:3777,0
DA:3780,0
DA:3783,0
DA:3786,0
DA:3789,0
DA:3792,0
DA:3795,0
DA:3798,0
DA:3801,0
DA:3804,0
DA:3807,0
DA:3810,0
DA:3813,0
DA:3816,0
DA:3819,0
DA:3822,0
DA:3825,0
DA:3828,0
DA:3831,0
DA:3834,0
DA:3837,0
DA:3840,0
DA:3843,0
DA:3846,0
DA:3849,0
DA:3852,0
DA:3855,0
DA:3858,0
DA:3861,0
DA:3864,0
DA:3867,0
DA:3870,0
DA:3873,0
DA:3876,0
DA:3879,0
DA:3882,0
DA:3886,0
DA:3890,0
DA:3894,0
DA:3898,0
DA:3902,0
DA:3906,0
DA:3910,0
DA:3914,0
DA:3918,0
DA:3922,0
DA:3926,0
DA:3930,0
DA:3934,0
DA:3937,0
DA:3939,0
DA:3942,0
DA:3946,0
DA:3950,0
DA:3953,0
DA:3955,0
DA:3958,0
DA:3961,0
DA:3964,0
DA:3967,0
DA:3970,0
DA:3973,0
DA:3975,0
DA:3978,0
DA:3981,0
DA:3984,0
DA:3987,0
DA:3990,0
DA:3993,0
DA:3996,0
DA:4000,0
DA:4003,0
DA:4007,0
DA:4011,0
DA:4014,0
DA:4017,0
DA:4020,0
DA:4023,0
DA:4025,0
DA:4028,0
DA:4030,0
DA:4033,0
DA:4036,0
DA:4040,0
DA:4043,0
DA:4046,0
DA:4049,0
DA:4052,0
DA:4055,0
DA:4059,0
DA:4062,0
DA:4066,0
DA:4069,0
DA:4073,0
DA:4076,0
DA:4079,0
DA:4083,0
DA:4086,0
DA:4089,0
DA:4092,0
DA:4095,0
DA:4098,0
DA:4101,0
DA:4104,0
DA:4107,0
LF:1342
LH:0
end_of_record
SF:lib\core\ui\error_view.dart
DA:21,2
DA:33,2
DA:36,8
DA:38,2
DA:39,2
DA:42,4
DA:43,4
DA:44,4
DA:46,2
DA:48,2
DA:50,2
DA:51,4
DA:53,2
DA:55,2
DA:56,2
DA:57,2
DA:58,2
DA:60,2
DA:61,2
DA:62,6
DA:63,6
DA:71,2
DA:73,0
DA:75,0
DA:76,0
DA:78,0
DA:79,0
DA:81,0
DA:82,0
DA:88,4
DA:90,2
DA:92,2
DA:94,2
DA:96,6
DA:97,2
DA:104,6
DA:106,2
DA:107,2
DA:109,2
DA:110,2
DA:111,2
DA:112,2
DA:113,2
DA:117,2
DA:118,2
DA:121,2
DA:122,6
DA:123,2
DA:125,2
DA:126,4
DA:127,2
DA:142,2
DA:146,2
DA:147,2
DA:149,2
DA:151,2
DA:153,2
DA:154,2
DA:155,4
DA:156,6
DA:170,2
DA:174,2
DA:177,2
DA:178,2
DA:179,0
DA:181,2
DA:182,12
LF:67
LH:59
end_of_record
SF:lib\core\error\app_error_ext.dart
DA:11,2
DA:12,4
DA:13,8
DA:14,0
DA:16,4
DA:17,4
DA:18,0
DA:21,4
DA:22,4
DA:24,4
DA:25,4
DA:26,4
DA:27,4
DA:33,0
DA:34,0
DA:36,0
DA:38,0
DA:44,2
DA:45,0
DA:47,2
DA:48,2
DA:51,1
DA:52,0
DA:53,0
DA:55,0
DA:58,1
DA:59,0
DA:60,0
DA:63,0
DA:64,0
DA:65,0
DA:66,0
DA:67,0
DA:68,0
DA:69,0
DA:70,0
DA:71,0
DA:72,0
DA:76,1
DA:82,2
DA:85,2
DA:86,0
DA:87,2
DA:88,2
DA:91,2
DA:92,2
DA:93,2
DA:94,2
DA:97,2
DA:98,2
DA:99,2
DA:100,0
DA:103,2
DA:104,2
DA:105,2
DA:106,6
DA:109,0
DA:110,0
DA:111,0
DA:112,0
DA:113,0
DA:116,0
DA:119,0
DA:120,0
DA:121,0
DA:122,0
DA:123,0
DA:124,0
DA:125,0
DA:126,0
DA:127,0
DA:128,0
DA:129,0
DA:131,0
LF:74
LH:32
end_of_record
SF:lib\core\api\execution_client.dart
DA:8,0
DA:10,0
DA:20,0
DA:26,0
DA:32,0
DA:34,0
DA:42,0
DA:47,0
DA:48,0
DA:49,0
DA:51,0
DA:55,0
DA:56,0
DA:57,0
DA:61,0
DA:66,0
DA:67,0
DA:68,0
DA:70,0
DA:74,0
DA:79,0
DA:80,0
DA:83,0
LF:23
LH:0
end_of_record
SF:lib\core\api\execution_client.g.dart
DA:14,6
DA:23,2
DA:24,2
DA:34,0
DA:35,0
DA:37,0
DA:40,0
DA:42,0
DA:44,0
DA:48,2
DA:49,2
DA:51,2
DA:56,0
LF:13
LH:6
end_of_record
SF:lib\core\api\sse_client.g.dart
DA:14,3
DA:22,1
DA:23,1
DA:33,0
DA:34,0
DA:36,0
DA:39,0
DA:41,0
DA:43,0
DA:47,1
DA:48,1
DA:50,1
DA:55,0
LF:13
LH:6
end_of_record
SF:lib\core\api\sse_client.dart
DA:13,0
DA:15,0
DA:16,0
DA:17,0
DA:28,0
DA:34,0
DA:35,0
DA:36,0
DA:37,0
DA:39,0
DA:40,0
DA:41,0
DA:46,0
DA:48,0
DA:53,0
DA:54,0
DA:55,0
DA:57,0
DA:58,0
DA:59,0
DA:60,0
DA:64,0
DA:65,0
DA:66,0
DA:67,0
DA:68,0
DA:69,0
DA:70,0
DA:72,0
DA:74,0
DA:75,0
DA:78,0
DA:85,0
LF:33
LH:0
end_of_record
SF:lib\features\execution\controllers\execution_controller.g.dart
DA:14,3
DA:29,1
DA:30,1
DA:40,0
DA:41,0
DA:43,0
DA:47,0
DA:49,0
DA:51,0
DA:55,0
DA:65,3
DA:81,1
DA:82,1
DA:92,1
DA:93,1
DA:95,1
DA:97,1
DA:100,1
DA:112,1
DA:116,1
DA:118,1
DA:125,2
LF:22
LH:15
end_of_record
SF:lib\features\execution\controllers\execution_controller.dart
DA:20,0
DA:25,0
DA:26,0
DA:27,0
DA:28,0
DA:31,0
DA:33,0
DA:34,0
DA:36,0
DA:57,0
DA:58,0
DA:59,0
DA:60,0
DA:61,0
DA:75,1
DA:78,3
DA:79,2
DA:85,1
DA:91,1
DA:92,1
DA:93,1
DA:96,3
DA:97,1
DA:104,1
DA:107,3
DA:110,1
DA:112,0
DA:113,0
DA:114,0
DA:121,0
DA:126,0
DA:127,0
DA:128,0
DA:129,0
DA:131,0
DA:136,0
DA:138,0
DA:139,0
DA:140,0
DA:142,0
DA:143,0
DA:146,0
DA:149,0
DA:150,0
DA:152,0
DA:154,0
DA:155,0
DA:156,0
DA:162,0
DA:169,0
DA:170,0
DA:171,0
DA:172,0
DA:177,1
DA:179,3
DA:180,1
DA:183,2
DA:186,1
DA:187,0
DA:192,1
DA:193,2
DA:197,2
DA:199,4
DA:200,4
DA:205,3
DA:206,2
DA:207,2
DA:208,2
DA:212,2
DA:216,0
DA:217,0
DA:218,0
DA:219,0
DA:225,0
DA:229,1
DA:230,3
DA:232,1
DA:233,1
DA:234,1
DA:235,1
DA:236,1
DA:237,2
DA:241,1
DA:242,0
DA:248,1
DA:250,0
DA:251,0
DA:252,0
DA:262,1
DA:263,0
DA:264,0
DA:265,0
DA:270,1
DA:271,1
DA:273,1
DA:278,2
DA:279,2
DA:280,3
DA:281,3
DA:286,0
DA:287,0
DA:288,0
DA:293,2
DA:296,1
DA:299,2
DA:300,3
DA:301,0
DA:302,3
DA:303,2
DA:306,0
DA:307,0
DA:308,0
DA:310,0
DA:311,0
DA:313,0
DA:314,0
DA:315,0
DA:316,0
DA:317,0
DA:319,0
DA:321,0
DA:322,0
DA:323,0
DA:324,0
DA:325,0
DA:326,0
DA:332,0
DA:333,0
DA:334,0
DA:344,0
DA:346,0
DA:349,0
DA:351,0
LF:133
LH:51
end_of_record
SF:lib\core\utils\safe_isolate.dart
DA:5,6
DA:7,0
DA:9,6
LF:3
LH:2
end_of_record
SF:lib\core\models\enums.dart
DA:125,1
DA:127,1
DA:129,1
DA:131,1
DA:133,1
DA:135,1
DA:140,0
DA:141,0
DA:142,0
DA:143,0
DA:169,0
DA:172,3
DA:175,3
DA:178,3
DA:190,2
DA:192,2
DA:194,2
DA:196,2
DA:198,2
DA:200,2
DA:202,2
DA:204,2
DA:206,2
DA:208,2
DA:210,2
DA:212,2
DA:214,2
DA:216,2
DA:218,2
LF:29
LH:24
end_of_record
SF:lib\features\execution\models\report_data_v2_dto.dart
DA:60,5
DA:61,5
DA:65,2
DA:66,4
DA:67,2
DA:68,2
LF:6
LH:6
end_of_record
SF:lib\features\execution\models\report_data_v2_dto.g.dart
DA:9,5
DA:11,5
DA:14,5
DA:15,5
DA:47,5
DA:48,10
DA:49,10
DA:50,10
DA:51,10
DA:52,5
DA:54,5
DA:56,5
DA:58,5
DA:60,10
DA:61,5
DA:63,5
DA:65,10
DA:66,5
DA:68,5
DA:70,5
DA:72,5
DA:74,5
DA:76,5
DA:77,0
DA:78,0
DA:79,0
DA:83,5
DA:85,5
DA:87,10
DA:88,5
DA:90,5
DA:92,3
DA:94,5
DA:96,5
DA:98,3
DA:99,1
DA:102,5
DA:104,5
DA:106,5
DA:107,3
DA:110,5
DA:112,5
DA:113,3
DA:114,2
DA:116,1
DA:121,5
DA:123,5
DA:124,0
DA:126,10
DA:127,10
DA:128,5
DA:130,5
DA:132,10
DA:133,5
DA:135,5
DA:137,5
DA:139,5
DA:141,5
DA:143,5
DA:145,5
DA:147,5
DA:149,0
DA:150,0
DA:152,0
DA:188,0
DA:190,0
DA:191,0
DA:192,0
DA:193,0
DA:194,0
DA:195,0
DA:196,0
DA:197,0
DA:198,0
DA:199,0
DA:200,0
DA:201,0
DA:202,0
DA:203,0
DA:205,0
DA:206,0
DA:207,0
DA:208,0
DA:209,0
DA:210,0
DA:211,0
DA:213,0
DA:214,0
DA:215,0
DA:216,0
DA:217,0
DA:218,0
DA:219,0
DA:220,0
DA:221,0
LF:95
LH:57
end_of_record
SF:lib\features\execution\models\execution_record.dart
DA:11,2
DA:12,2
DA:19,1
DA:46,1
DA:47,1
DA:51,0
DA:52,0
DA:53,0
DA:54,0
LF:9
LH:5
end_of_record
SF:lib\features\execution\models\execution_record.g.dart
DA:9,1
DA:11,1
DA:14,1
DA:15,1
DA:36,1
DA:37,2
DA:38,2
DA:39,3
DA:40,1
DA:42,2
DA:44,1
DA:46,1
DA:48,2
DA:49,1
DA:51,1
DA:53,2
DA:54,2
DA:55,2
DA:56,1
DA:58,1
DA:60,1
DA:62,1
DA:64,2
DA:65,2
DA:66,2
DA:67,1
DA:69,1
DA:71,0
DA:90,0
DA:91,0
DA:92,0
DA:93,0
DA:94,0
DA:95,0
DA:96,0
DA:97,0
DA:98,0
DA:99,0
DA:100,0
DA:101,0
DA:102,0
DA:103,0
DA:104,0
DA:105,0
DA:106,0
DA:107,0
LF:46
LH:27
end_of_record
SF:lib\features\execution\models\atom_result_dto.dart
DA:14,1
DA:15,1
DA:26,0
DA:27,0
DA:53,1
DA:54,1
LF:6
LH:4
end_of_record
SF:lib\features\execution\models\atom_result_dto.g.dart
DA:9,1
DA:10,2
DA:11,1
DA:12,1
DA:13,2
DA:14,2
DA:19,0
DA:20,0
DA:22,0
DA:23,0
DA:24,0
DA:25,0
DA:26,0
DA:27,0
DA:32,0
DA:33,0
DA:34,0
DA:35,0
DA:38,1
DA:40,1
DA:43,1
DA:44,1
DA:60,1
DA:61,2
DA:62,2
DA:63,1
DA:65,2
DA:67,1
DA:69,1
DA:71,1
DA:73,2
DA:74,1
DA:76,1
DA:78,1
DA:80,1
DA:82,1
DA:84,1
DA:86,0
DA:88,1
DA:90,1
DA:91,0
DA:92,0
DA:96,1
DA:98,1
DA:99,2
DA:101,1
DA:103,1
DA:104,2
DA:122,0
DA:123,0
DA:124,0
DA:125,0
DA:126,0
DA:127,0
DA:128,0
DA:129,0
DA:130,0
DA:131,0
DA:132,0
DA:133,0
DA:134,0
LF:61
LH:33
end_of_record
SF:lib\features\execution\models\execution_metrics_dto.dart
DA:17,3
DA:18,3
LF:2
LH:2
end_of_record
SF:lib\features\execution\models\execution_metrics_dto.g.dart
DA:9,3
DA:10,3
DA:13,3
DA:14,3
DA:23,3
DA:24,9
DA:25,9
DA:26,3
DA:28,6
DA:30,3
DA:32,6
DA:44,0
DA:46,0
DA:47,0
DA:48,0
DA:49,0
DA:50,0
LF:17
LH:11
end_of_record
SF:lib\features\execution\models\hydrated_atom_dto.dart
DA:17,1
DA:18,1
LF:2
LH:2
end_of_record
SF:lib\features\execution\models\hydrated_atom_dto.g.dart
DA:9,1
DA:10,1
DA:13,1
DA:14,1
DA:22,1
DA:23,1
DA:25,2
DA:27,2
DA:28,2
DA:39,0
DA:40,0
DA:41,0
DA:42,0
DA:43,0
LF:14
LH:9
end_of_record
SF:lib\features\execution\models\matrix_scorecard_dto.dart
DA:24,1
DA:25,1
DA:42,1
DA:43,1
DA:58,1
DA:59,1
DA:84,1
DA:85,1
DA:109,0
DA:110,0
DA:115,3
DA:170,1
DA:171,1
DA:174,3
DA:175,3
DA:176,6
DA:177,6
DA:178,9
DA:180,9
LF:19
LH:17
end_of_record
SF:lib\features\execution\models\matrix_scorecard_dto.g.dart
DA:9,1
DA:10,1
DA:13,1
DA:14,1
DA:23,1
DA:24,1
DA:26,1
DA:28,1
DA:30,1
DA:32,1
DA:34,1
DA:36,1
DA:38,1
DA:51,0
DA:52,0
DA:53,0
DA:54,0
DA:55,0
DA:56,0
DA:59,1
DA:61,1
DA:64,1
DA:65,1
DA:74,1
DA:75,2
DA:76,1
DA:78,1
DA:79,0
DA:81,1
DA:83,1
DA:84,0
DA:86,2
DA:97,0
DA:98,0
DA:99,0
DA:100,0
DA:101,0
DA:102,0
DA:105,1
DA:106,1
DA:109,1
DA:110,1
DA:120,0
DA:121,1
DA:123,2
DA:125,0
DA:126,0
DA:128,0
DA:129,0
DA:130,0
DA:132,0
DA:134,0
DA:135,0
DA:137,0
DA:150,0
DA:152,0
DA:153,0
DA:154,0
DA:155,0
DA:156,0
DA:157,0
DA:171,1
DA:172,1
DA:175,1
DA:176,1
DA:195,1
DA:196,2
DA:197,3
DA:198,2
DA:199,2
DA:200,1
DA:202,2
DA:204,1
DA:206,1
DA:207,1
DA:208,2
DA:210,1
DA:212,1
DA:214,2
DA:216,1
DA:218,2
DA:220,1
DA:222,1
DA:224,1
DA:226,1
DA:228,1
DA:230,1
DA:232,1
DA:234,1
DA:236,0
DA:238,1
DA:240,1
DA:242,1
DA:244,2
DA:265,0
DA:266,0
DA:267,0
DA:268,0
DA:269,0
DA:270,0
DA:271,0
DA:272,0
DA:273,0
DA:274,0
DA:275,0
DA:276,0
DA:277,0
DA:278,0
DA:279,0
DA:280,0
DA:292,0
DA:294,0
DA:297,0
DA:298,0
DA:316,0
DA:317,0
DA:318,0
DA:319,0
DA:320,0
DA:321,0
DA:322,0
DA:323,0
DA:325,0
DA:327,0
DA:328,0
DA:330,0
DA:332,0
DA:334,0
DA:335,0
DA:337,0
DA:339,0
DA:340,0
DA:342,0
DA:343,0
DA:345,0
DA:363,0
DA:364,0
DA:365,0
DA:366,0
DA:367,0
DA:368,0
DA:369,0
DA:370,0
DA:371,0
DA:372,0
DA:373,0
DA:374,0
DA:375,0
DA:376,0
DA:377,0
DA:380,1
DA:382,1
DA:385,1
DA:386,1
DA:421,1
DA:422,2
DA:423,2
DA:424,1
DA:426,2
DA:428,2
DA:429,2
DA:430,1
DA:432,1
DA:434,2
DA:435,2
DA:436,1
DA:438,1
DA:440,2
DA:441,2
DA:442,1
DA:444,1
DA:446,2
DA:447,2
DA:448,1
DA:450,1
DA:452,1
DA:454,2
DA:456,1
DA:458,1
DA:460,2
DA:461,1
DA:463,1
DA:465,3
DA:466,1
DA:469,1
DA:471,1
DA:472,0
DA:475,1
DA:477,1
DA:478,0
DA:481,1
DA:483,1
DA:484,0
DA:487,1
DA:489,1
DA:491,2
DA:492,1
DA:494,1
DA:496,1
DA:498,1
DA:500,1
DA:502,1
DA:504,1
DA:506,1
DA:508,1
DA:509,2
DA:511,1
DA:514,1
DA:516,1
DA:518,0
DA:519,0
DA:521,0
DA:524,1
DA:526,1
DA:527,0
DA:562,0
DA:564,0
DA:565,0
DA:566,0
DA:567,0
DA:568,0
DA:569,0
DA:570,0
DA:571,0
DA:572,0
DA:573,0
DA:574,0
DA:575,0
DA:576,0
DA:577,0
DA:578,0
DA:579,0
DA:580,0
DA:581,0
DA:582,0
DA:583,0
DA:584,0
DA:585,0
DA:586,0
DA:587,0
DA:588,0
DA:589,0
DA:590,0
DA:591,0
DA:592,0
DA:593,0
DA:594,0
DA:595,0
DA:596,0
LF:249
LH:120
end_of_record
SF:lib\features\execution\models\tda_state.dart
DA:25,1
DA:26,1
LF:2
LH:2
end_of_record
SF:lib\features\execution\models\tda_state.g.dart
DA:9,0
DA:10,0
DA:11,0
DA:12,0
DA:13,0
DA:18,0
DA:19,0
DA:22,2
DA:25,1
DA:26,1
DA:35,0
DA:36,0
DA:37,0
DA:38,0
DA:39,0
DA:50,0
DA:51,0
DA:52,0
DA:53,0
DA:54,0
DA:57,0
DA:60,0
DA:61,0
DA:65,0
DA:66,0
DA:67,0
DA:68,0
DA:79,0
DA:80,0
DA:81,0
DA:82,0
LF:31
LH:3
end_of_record
SF:lib\shared\models\i18n_text.dart
DA:11,11
DA:18,6
DA:19,6
DA:22,4
DA:23,8
DA:24,12
DA:25,8
DA:27,0
LF:8
LH:7
end_of_record
SF:lib\shared\models\i18n_text.g.dart
DA:9,6
DA:10,12
DA:11,6
DA:12,6
DA:13,6
DA:15,6
DA:17,6
DA:19,6
DA:20,6
DA:21,12
DA:29,2
DA:30,1
DA:31,1
LF:13
LH:13
end_of_record
SF:lib\shared\models\sdui_block_dto.dart
DA:12,5
DA:161,4
DA:162,4
DA:174,1
DA:175,1
LF:5
LH:5
end_of_record
SF:lib\shared\models\sdui_block_dto.g.dart
DA:9,1
DA:11,1
DA:14,1
DA:15,1
DA:25,1
DA:26,2
DA:27,2
DA:28,1
DA:30,1
DA:31,4
DA:34,1
DA:36,1
DA:37,3
DA:39,2
DA:46,0
DA:47,0
DA:48,0
DA:49,0
DA:50,0
DA:51,0
DA:52,0
DA:55,1
DA:56,2
DA:57,1
DA:58,1
DA:59,2
DA:60,1
DA:62,1
DA:63,1
DA:64,1
DA:65,1
DA:67,1
DA:69,2
DA:74,0
DA:76,0
DA:77,0
DA:78,0
DA:79,0
DA:82,0
DA:84,0
DA:87,0
DA:88,0
DA:99,0
DA:100,0
DA:101,0
DA:102,0
DA:103,0
DA:104,0
DA:106,0
DA:108,0
DA:109,0
DA:112,0
DA:119,0
DA:120,0
DA:121,0
DA:122,0
DA:123,0
DA:124,0
DA:125,0
DA:126,0
DA:129,1
DA:131,1
DA:134,1
DA:135,1
DA:146,1
DA:147,2
DA:148,2
DA:149,1
DA:151,2
DA:153,1
DA:155,1
DA:156,0
DA:159,1
DA:161,1
DA:162,0
DA:164,2
DA:171,0
DA:172,0
DA:173,0
DA:174,0
DA:175,0
DA:176,0
DA:177,0
DA:178,0
DA:189,2
DA:191,2
DA:194,2
DA:195,2
DA:205,2
DA:206,4
DA:207,4
DA:208,2
DA:210,2
DA:211,0
DA:214,2
DA:216,2
DA:217,0
DA:219,4
DA:226,0
DA:228,0
DA:229,0
DA:230,0
DA:231,0
DA:232,0
DA:233,0
DA:236,4
DA:237,8
DA:238,4
DA:239,4
DA:240,8
DA:241,8
DA:242,8
DA:247,0
DA:248,0
DA:249,0
DA:250,0
DA:251,0
DA:254,1
DA:255,1
DA:258,1
DA:259,1
DA:269,1
DA:270,2
DA:271,2
DA:272,1
DA:274,4
DA:276,1
DA:278,5
DA:280,2
DA:290,0
DA:291,0
DA:292,0
DA:293,0
DA:294,0
DA:295,0
DA:296,0
DA:299,1
DA:301,1
DA:304,1
DA:305,1
DA:309,1
DA:310,2
DA:311,2
DA:312,2
DA:313,2
DA:320,0
DA:322,0
DA:323,0
DA:324,0
DA:325,0
DA:326,0
DA:329,1
DA:330,1
DA:333,1
DA:334,1
DA:343,1
DA:344,2
DA:345,1
DA:347,4
DA:349,2
DA:350,2
DA:360,0
DA:361,0
DA:362,0
DA:363,0
DA:364,0
DA:365,0
DA:368,1
DA:369,2
DA:370,1
DA:371,1
DA:372,2
DA:373,1
DA:375,1
DA:376,3
DA:377,1
DA:379,2
DA:384,0
DA:385,0
DA:386,0
DA:387,0
DA:388,0
DA:391,0
DA:393,0
DA:396,0
DA:397,0
DA:410,0
DA:411,0
DA:412,0
DA:413,0
DA:415,0
DA:416,0
DA:418,0
DA:420,0
DA:421,0
DA:423,0
DA:424,0
DA:426,0
DA:427,0
DA:430,0
DA:432,0
DA:434,0
DA:445,0
DA:446,0
DA:447,0
DA:448,0
DA:449,0
DA:450,0
DA:451,0
DA:452,0
DA:453,0
DA:454,0
DA:457,0
DA:459,0
DA:462,0
DA:463,0
DA:464,0
DA:465,0
DA:466,0
DA:468,0
DA:470,0
DA:477,0
DA:478,0
DA:479,0
DA:480,0
DA:481,0
DA:484,0
DA:485,0
DA:486,0
DA:487,0
DA:488,0
DA:489,0
DA:494,0
DA:496,0
DA:498,1
DA:500,2
DA:501,1
DA:502,1
DA:503,2
DA:504,1
DA:506,1
DA:508,1
DA:510,1
DA:512,0
DA:513,0
DA:514,0
DA:516,0
DA:519,2
DA:524,0
DA:526,0
DA:527,0
DA:528,0
DA:529,0
DA:530,0
DA:533,1
DA:535,2
DA:536,1
DA:537,1
DA:538,2
DA:539,1
DA:541,1
DA:543,1
DA:545,1
DA:547,0
DA:548,0
DA:549,0
DA:551,0
DA:554,2
DA:559,0
DA:561,0
DA:562,0
DA:563,0
DA:564,0
DA:565,0
DA:568,1
DA:570,2
DA:571,1
DA:572,1
DA:573,2
DA:574,1
DA:576,1
DA:578,1
DA:580,1
DA:582,0
DA:583,0
DA:584,0
DA:586,0
DA:589,2
DA:594,0
DA:595,0
DA:596,0
DA:597,0
DA:598,0
DA:599,0
DA:602,1
DA:604,1
DA:607,1
DA:608,1
DA:620,1
DA:621,2
DA:622,1
DA:624,1
DA:626,1
DA:628,1
DA:630,0
DA:631,0
DA:632,0
DA:634,0
DA:637,1
DA:639,1
DA:640,0
DA:641,0
DA:642,0
DA:646,1
DA:648,1
DA:649,0
DA:650,0
DA:651,0
DA:652,0
DA:657,1
DA:659,1
DA:660,0
DA:662,2
DA:674,0
DA:676,0
DA:677,0
DA:678,0
DA:679,0
DA:680,0
DA:681,0
DA:683,0
DA:684,0
DA:686,0
DA:687,0
DA:707,1
DA:709,2
DA:710,1
DA:711,1
DA:712,2
DA:713,1
DA:715,1
DA:716,4
DA:719,1
DA:721,1
DA:722,2
DA:728,0
DA:730,0
DA:731,0
DA:732,0
DA:733,0
LF:350
LH:158
end_of_record
SF:lib\features\auth\presentation\login_screen.dart
DA:13,1
DA:15,1
DA:17,3
DA:18,1
DA:19,1
DA:20,1
DA:21,1
DA:24,1
DA:28,0
DA:29,0
DA:30,0
DA:32,0
DA:33,0
DA:37,1
DA:38,1
DA:39,1
DA:40,1
DA:43,1
DA:45,1
DA:48,1
DA:49,1
DA:51,3
DA:53,2
DA:58,1
DA:59,1
DA:60,3
DA:61,2
DA:68,1
DA:69,0
DA:73,1
DA:75,1
DA:76,1
DA:82,0
DA:83,0
DA:84,0
DA:86,0
DA:87,0
DA:92,1
DA:93,1
DA:95,1
DA:96,1
DA:102,0
DA:103,0
DA:104,0
DA:105,0
DA:110,1
DA:112,1
DA:114,0
DA:115,1
DA:116,1
DA:118,2
DA:123,2
DA:138,1
DA:140,1
DA:142,1
DA:143,1
DA:144,1
DA:146,0
DA:147,0
DA:149,0
DA:150,0
DA:151,0
DA:158,0
DA:159,0
DA:160,0
DA:161,0
DA:163,0
DA:165,0
DA:168,0
DA:172,1
DA:173,1
DA:180,1
DA:189,1
DA:190,1
DA:191,1
DA:193,0
DA:194,0
DA:195,0
DA:200,1
DA:201,1
DA:202,1
DA:204,0
DA:205,0
DA:209,1
DA:210,1
DA:211,1
DA:213,0
DA:214,0
DA:218,1
DA:219,1
DA:220,1
DA:222,0
DA:223,0
DA:227,1
DA:228,1
DA:229,1
DA:231,0
DA:236,1
DA:237,1
DA:238,1
DA:240,0
LF:101
LH:62
end_of_record
SF:lib\features\execution\views\widgets\atom_matrix_table_widget.dart
DA:17,3
DA:24,3
DA:26,3
DA:27,3
DA:30,3
DA:31,15
DA:32,3
DA:33,9
DA:37,3
DA:38,3
DA:40,6
DA:42,3
DA:45,3
DA:46,3
DA:47,3
DA:48,9
DA:53,3
DA:54,3
DA:55,9
DA:56,3
DA:59,0
DA:60,3
DA:62,3
DA:63,6
DA:64,3
DA:66,9
DA:67,3
DA:68,3
DA:69,9
DA:71,6
DA:74,9
DA:75,0
DA:76,0
DA:77,0
DA:79,0
DA:89,3
DA:95,3
DA:97,3
DA:99,3
DA:100,3
DA:101,6
DA:103,3
DA:104,3
DA:105,6
DA:106,3
DA:108,3
DA:109,3
DA:113,6
DA:114,2
DA:115,3
DA:117,3
DA:118,3
DA:122,6
DA:123,1
DA:125,1
DA:126,1
DA:130,6
DA:131,2
DA:138,6
DA:139,3
DA:141,3
DA:142,3
DA:146,6
DA:147,3
DA:149,3
DA:150,3
DA:159,6
DA:160,3
DA:161,5
DA:162,6
DA:163,4
DA:164,1
DA:165,1
DA:166,1
DA:169,3
DA:174,3
DA:176,3
DA:177,6
DA:178,3
DA:180,3
DA:182,3
DA:183,3
DA:185,3
DA:186,3
DA:187,3
DA:189,6
DA:191,0
DA:192,9
DA:193,6
DA:194,3
DA:201,3
DA:202,0
DA:203,0
DA:205,0
DA:206,0
DA:217,6
DA:218,2
DA:219,3
DA:221,3
DA:224,6
DA:225,3
DA:226,5
DA:227,5
DA:228,3
DA:230,3
DA:231,3
DA:235,3
DA:238,6
DA:239,1
DA:241,1
DA:242,1
DA:249,6
DA:250,2
DA:252,2
DA:254,6
DA:255,3
DA:257,3
DA:259,3
DA:260,1
DA:265,1
DA:266,2
DA:267,1
DA:271,1
DA:272,3
DA:273,1
DA:276,2
DA:283,6
DA:284,3
DA:286,3
DA:287,3
DA:295,9
DA:296,3
DA:297,3
DA:302,0
DA:308,0
DA:309,0
DA:312,0
DA:313,0
DA:314,0
DA:315,0
DA:316,0
DA:317,0
DA:318,0
DA:319,0
DA:320,0
DA:323,0
DA:324,0
DA:326,0
DA:327,0
DA:329,0
DA:330,0
DA:331,0
DA:332,0
DA:333,0
DA:334,0
DA:335,0
DA:340,0
DA:341,0
DA:343,0
DA:344,0
DA:354,0
DA:356,0
DA:357,0
DA:358,0
DA:359,0
DA:360,0
DA:361,0
DA:363,0
DA:364,0
DA:365,0
DA:367,0
DA:368,0
DA:370,0
DA:375,0
DA:376,0
DA:377,0
DA:379,0
DA:380,0
DA:381,0
DA:383,0
DA:390,0
DA:391,0
DA:393,0
DA:394,0
DA:401,0
DA:402,0
DA:404,0
DA:409,0
DA:410,0
DA:411,0
DA:412,0
DA:413,0
DA:414,0
DA:415,0
DA:417,0
DA:419,0
DA:420,0
DA:426,2
DA:431,4
DA:442,6
DA:443,2
DA:445,2
DA:447,4
DA:448,4
DA:449,5
DA:451,2
DA:453,2
DA:455,2
DA:456,2
DA:457,2
DA:464,2
DA:465,2
DA:466,2
DA:468,4
DA:469,6
DA:472,2
DA:473,4
DA:478,2
DA:480,6
DA:482,0
DA:485,2
DA:486,2
DA:494,2
DA:495,4
DA:499,2
DA:502,2
DA:503,2
DA:504,4
DA:505,2
DA:507,2
DA:509,2
DA:510,2
DA:511,2
DA:518,2
DA:519,2
DA:521,2
DA:523,2
DA:531,2
DA:532,6
DA:533,2
DA:535,2
DA:539,2
DA:540,2
DA:542,2
DA:552,2
DA:553,2
DA:555,2
DA:557,2
DA:559,2
DA:560,2
DA:562,2
DA:563,2
DA:566,2
DA:567,2
DA:568,2
DA:569,2
DA:570,2
DA:575,2
DA:576,2
DA:583,2
DA:584,2
DA:586,2
DA:592,4
DA:593,2
DA:595,2
DA:596,8
DA:597,2
DA:610,2
DA:620,2
DA:642,2
DA:651,2
DA:655,2
DA:661,2
DA:662,4
DA:663,4
DA:664,4
DA:665,0
DA:666,0
DA:668,4
DA:669,2
DA:671,2
DA:672,2
DA:674,2
DA:675,2
DA:676,2
DA:680,2
DA:681,4
DA:682,2
DA:684,2
DA:690,2
DA:692,2
DA:693,2
DA:694,2
DA:696,2
DA:697,2
DA:699,2
DA:701,2
DA:702,2
DA:703,2
DA:706,4
DA:712,2
DA:713,2
LF:302
LH:225
end_of_record
SF:lib\theme\app_colors.dart
DA:11,2
DA:13,2
DA:15,2
DA:17,2
DA:19,2
DA:21,0
DA:23,0
LF:7
LH:5
end_of_record
SF:lib\features\execution\views\widgets\matrix_row_item_widget.dart
DA:12,0
DA:14,1
DA:16,1
DA:17,2
DA:18,3
DA:21,0
DA:23,3
DA:24,0
DA:26,1
DA:32,1
DA:34,1
DA:36,0
DA:38,2
DA:39,0
DA:41,1
DA:43,1
DA:45,1
DA:46,1
DA:47,1
DA:50,1
DA:51,1
DA:52,3
DA:53,0
DA:54,4
DA:55,1
DA:56,2
DA:57,3
DA:61,4
DA:63,1
DA:64,2
DA:65,3
DA:68,0
DA:69,2
DA:73,1
DA:74,2
DA:75,3
DA:77,0
DA:78,2
DA:83,0
DA:85,0
DA:86,0
DA:87,0
DA:89,0
DA:90,0
DA:93,0
DA:96,0
DA:97,0
DA:98,0
DA:99,0
DA:107,1
DA:108,1
DA:109,3
DA:111,0
DA:117,1
DA:120,1
DA:121,1
DA:122,2
DA:124,7
DA:125,3
DA:129,2
DA:130,1
DA:131,4
DA:132,3
DA:135,2
DA:136,0
DA:139,2
DA:140,2
DA:141,3
DA:142,1
DA:143,5
DA:144,3
DA:145,2
DA:155,1
DA:156,1
DA:157,2
DA:160,3
DA:162,1
DA:165,2
DA:166,1
DA:168,1
DA:173,1
DA:174,2
DA:175,3
DA:176,1
DA:178,1
DA:180,1
DA:181,1
DA:182,3
DA:183,3
DA:188,1
DA:190,3
DA:191,1
DA:194,1
DA:195,2
DA:196,0
DA:202,1
LF:96
LH:74
end_of_record
SF:lib\features\execution\views\widgets\sdui_blocks_renderer.dart
DA:22,1
DA:28,1
DA:30,2
DA:32,0
DA:35,3
DA:37,1
DA:38,1
DA:39,1
DA:40,1
DA:41,1
DA:42,1
DA:43,1
DA:44,0
DA:45,0
DA:47,0
DA:50,1
DA:51,0
DA:52,0
DA:54,0
DA:57,1
DA:59,0
DA:60,0
DA:62,1
DA:64,0
DA:65,0
DA:66,0
DA:67,0
DA:68,0
DA:71,1
DA:73,0
DA:74,0
DA:75,0
DA:76,0
DA:77,0
DA:80,1
DA:81,1
DA:82,1
DA:83,1
DA:84,1
DA:85,2
DA:89,1
DA:93,0
DA:94,0
DA:99,0
DA:100,0
DA:102,0
DA:105,0
DA:107,0
DA:110,0
DA:111,0
DA:112,0
DA:118,0
DA:123,0
DA:124,0
DA:126,0
DA:129,0
DA:130,0
DA:133,0
DA:135,0
DA:136,0
DA:137,0
DA:138,0
DA:143,0
DA:144,0
DA:145,0
DA:147,0
DA:154,0
DA:155,0
DA:156,0
DA:157,0
DA:160,0
DA:161,0
DA:162,0
DA:164,0
DA:165,0
DA:167,0
DA:169,0
DA:170,0
DA:171,0
DA:172,0
DA:178,0
DA:179,0
DA:183,0
DA:184,0
DA:185,0
DA:186,0
DA:188,0
DA:190,0
DA:193,0
DA:194,0
DA:195,0
DA:201,0
DA:203,0
DA:204,0
DA:205,0
DA:207,0
DA:208,0
DA:209,0
DA:211,0
DA:214,0
DA:216,0
DA:218,0
DA:220,0
DA:221,0
DA:222,0
DA:223,0
DA:225,0
DA:226,0
DA:227,0
DA:228,0
DA:232,0
DA:236,0
DA:237,0
DA:238,0
DA:240,0
DA:241,0
DA:242,0
DA:243,0
DA:247,0
DA:248,0
DA:249,0
DA:250,0
DA:259,0
DA:260,0
DA:262,0
DA:264,0
DA:265,0
DA:266,0
DA:270,0
DA:272,0
DA:281,0
DA:282,0
DA:283,0
DA:284,0
DA:287,0
DA:288,0
DA:289,0
DA:291,0
DA:293,0
DA:294,0
DA:295,0
DA:296,0
DA:297,0
DA:301,0
DA:302,0
DA:303,0
DA:304,0
DA:313,0
DA:314,0
DA:316,0
DA:317,0
DA:320,0
DA:321,0
DA:322,0
DA:324,0
DA:326,0
DA:328,0
DA:329,0
DA:330,0
DA:331,0
DA:337,0
DA:344,0
DA:350,0
DA:356,0
DA:357,0
DA:359,0
DA:362,0
DA:363,0
DA:364,0
DA:365,0
LF:170
LH:22
end_of_record
SF:lib\features\execution\views\widgets\sdui_alert_box_widget.dart
DA:11,0
DA:13,0
DA:15,0
DA:20,0
DA:21,0
DA:23,0
DA:26,0
DA:28,0
DA:31,0
DA:32,0
DA:33,0
DA:34,0
DA:37,0
DA:39,0
DA:44,0
DA:47,0
DA:49,0
DA:50,0
DA:51,0
DA:54,0
DA:56,0
DA:57,0
DA:59,0
LF:23
LH:0
end_of_record
SF:lib\shared\widgets\output_renderer.dart
DA:7,0
DA:9,0
DA:11,0
DA:14,0
DA:15,0
DA:19,0
DA:22,0
DA:23,0
DA:25,0
DA:26,0
DA:28,0
DA:29,0
DA:34,0
DA:36,0
DA:38,0
DA:40,0
DA:42,0
DA:43,0
DA:44,0
DA:46,0
DA:52,0
DA:54,0
DA:55,0
DA:57,0
DA:58,0
LF:25
LH:0
end_of_record
SF:lib\features\execution\views\widgets\sdui_grid_widget.dart
DA:9,0
DA:11,0
DA:13,0
DA:15,0
DA:17,0
DA:18,0
DA:19,0
DA:20,0
DA:23,0
DA:24,0
DA:26,0
DA:29,0
DA:31,0
DA:32,0
DA:33,0
DA:35,0
DA:37,0
DA:41,0
LF:18
LH:0
end_of_record
SF:lib\shared\widgets\logic_radar_chart.dart
DA:7,0
DA:11,0
DA:13,0
DA:19,0
DA:20,0
DA:23,0
DA:24,0
DA:25,0
DA:27,0
DA:28,0
DA:30,0
DA:31,0
DA:32,0
DA:33,0
DA:38,0
DA:41,0
DA:42,0
DA:43,0
DA:46,0
DA:48,0
DA:53,0
DA:54,0
DA:56,0
DA:58,0
DA:59,0
DA:61,0
DA:65,0
DA:66,0
DA:67,0
DA:70,0
DA:72,0
DA:73,0
DA:77,0
DA:78,0
LF:34
LH:0
end_of_record
SF:lib\shared\widgets\logic_matrix_chart.dart
DA:8,0
DA:19,0
DA:20,0
DA:21,0
DA:22,0
DA:23,0
DA:24,0
DA:25,0
DA:28,0
DA:32,0
DA:33,0
DA:46,0
DA:48,0
DA:50,0
DA:53,0
DA:54,0
DA:55,0
DA:57,0
DA:58,0
DA:59,0
DA:62,0
DA:64,0
DA:65,0
DA:67,0
DA:68,0
DA:69,0
DA:70,0
DA:71,0
DA:74,0
DA:76,0
DA:79,0
DA:85,0
DA:87,0
DA:88,0
DA:89,0
DA:90,0
DA:91,0
DA:96,0
DA:97,0
DA:98,0
DA:99,0
DA:101,0
DA:103,0
DA:105,0
DA:106,0
DA:108,0
DA:110,0
DA:113,0
DA:115,0
DA:116,0
DA:117,0
DA:121,0
DA:125,0
DA:126,0
DA:127,0
DA:129,0
DA:130,0
DA:135,0
DA:136,0
DA:138,0
DA:139,0
DA:149,0
DA:150,0
DA:152,0
DA:153,0
DA:161,0
DA:165,0
DA:166,0
DA:167,0
DA:169,0
DA:170,0
DA:175,0
DA:176,0
DA:178,0
DA:179,0
DA:196,0
DA:198,0
DA:199,0
DA:201,0
DA:208,0
DA:210,0
DA:211,0
DA:212,0
DA:215,0
LF:84
LH:0
end_of_record
SF:lib\features\execution\views\widgets\sdui_matrix_table_widget.dart
DA:9,0
DA:11,0
DA:13,0
DA:17,0
DA:18,0
DA:19,0
DA:20,0
DA:22,0
DA:23,0
DA:25,0
DA:27,0
DA:28,0
DA:29,0
DA:34,0
DA:35,0
DA:36,0
DA:37,0
DA:38,0
DA:44,0
DA:45,0
DA:46,0
DA:47,0
DA:50,0
DA:51,0
DA:54,0
DA:55,0
DA:56,0
DA:57,0
DA:58,0
DA:61,0
DA:62,0
DA:63,0
DA:65,0
DA:66,0
DA:67,0
DA:68,0
DA:69,0
DA:71,0
DA:78,0
DA:79,0
DA:80,0
DA:81,0
DA:82,0
DA:83,0
DA:84,0
DA:85,0
DA:88,0
DA:89,0
DA:90,0
DA:92,0
DA:93,0
DA:94,0
DA:95,0
DA:98,0
DA:104,0
DA:105,0
DA:106,0
DA:113,0
DA:114,0
DA:115,0
DA:125,0
DA:126,0
DA:128,0
DA:129,0
DA:131,0
DA:138,0
DA:140,0
DA:144,0
DA:147,0
DA:149,0
DA:152,0
DA:153,0
DA:155,0
DA:157,0
DA:161,0
DA:162,0
DA:164,0
DA:166,0
DA:173,0
DA:174,0
DA:179,0
DA:181,0
DA:182,0
DA:183,0
DA:184,0
DA:193,0
LF:86
LH:0
end_of_record
SF:lib\features\execution\views\widgets\xai_evidence_box.dart
DA:18,0
DA:20,0
DA:22,0
DA:24,0
DA:25,0
DA:27,0
DA:33,0
DA:34,0
DA:36,0
DA:38,0
DA:39,0
DA:40,0
DA:41,0
DA:43,0
DA:46,0
DA:48,0
DA:49,0
DA:50,0
DA:51,0
DA:53,0
DA:59,0
DA:65,0
DA:66,0
DA:69,0
DA:74,0
DA:77,0
DA:78,0
DA:79,0
DA:81,0
DA:82,0
DA:83,0
DA:84,0
DA:85,0
DA:86,0
DA:88,0
DA:91,0
DA:92,0
DA:93,0
DA:95,0
DA:103,0
DA:105,0
DA:106,0
DA:109,0
DA:112,0
DA:113,0
DA:116,0
DA:117,0
DA:123,0
DA:124,0
DA:125,0
DA:126,0
DA:127,0
DA:130,0
DA:131,0
DA:132,0
DA:139,0
DA:140,0
DA:141,0
DA:148,0
DA:153,0
DA:154,0
DA:155,0
DA:157,0
DA:158,0
DA:159,0
DA:160,0
DA:168,0
DA:169,0
DA:174,0
DA:175,0
DA:176,0
DA:177,0
DA:178,0
DA:179,0
DA:181,0
DA:184,0
DA:185,0
DA:186,0
DA:187,0
DA:197,0
DA:198,0
DA:203,0
DA:204,0
DA:205,0
DA:206,0
DA:214,0
DA:215,0
DA:220,0
DA:225,0
DA:226,0
DA:227,0
DA:228,0
DA:229,0
DA:232,0
DA:234,0
DA:235,0
DA:241,0
DA:242,0
DA:243,0
DA:244,0
DA:245,0
DA:246,0
DA:247,0
DA:252,0
DA:253,0
DA:254,0
DA:269,0
DA:270,0
DA:275,0
DA:276,0
DA:277,0
DA:279,0
DA:283,0
DA:288,0
DA:291,0
DA:292,0
DA:293,0
DA:298,0
DA:299,0
DA:300,0
DA:304,0
DA:305,0
DA:308,0
DA:309,0
DA:312,0
DA:317,0
DA:318,0
DA:325,0
DA:326,0
DA:332,0
DA:337,0
DA:339,0
DA:340,0
DA:341,0
DA:342,0
DA:344,0
DA:348,0
DA:350,0
DA:351,0
DA:353,0
DA:354,0
DA:358,0
DA:359,0
DA:360,0
DA:361,0
DA:362,0
LF:146
LH:0
end_of_record
SF:lib\features\studio\models\model_config.dart
DA:19,1
DA:20,1
DA:48,0
DA:49,0
LF:4
LH:2
end_of_record
SF:lib\features\studio\models\model_config.g.dart
DA:9,1
DA:10,2
DA:11,1
DA:12,1
DA:13,1
DA:15,2
DA:17,2
DA:18,2
DA:19,1
DA:21,1
DA:22,1
DA:23,0
DA:25,0
DA:34,0
DA:35,0
DA:36,0
DA:37,0
DA:38,0
DA:39,0
DA:42,0
DA:44,0
DA:47,0
DA:48,0
DA:70,0
DA:71,0
DA:72,0
DA:73,0
DA:75,0
DA:77,0
DA:78,0
DA:79,0
DA:80,0
DA:81,0
DA:83,0
DA:85,0
DA:87,0
DA:89,0
DA:90,0
DA:91,0
DA:93,0
DA:95,0
DA:96,0
DA:98,0
DA:99,0
DA:101,0
DA:102,0
DA:103,0
DA:105,0
DA:129,0
DA:130,0
DA:131,0
DA:132,0
DA:133,0
DA:134,0
DA:135,0
DA:136,0
DA:137,0
DA:138,0
DA:139,0
DA:140,0
DA:141,0
DA:142,0
DA:143,0
DA:144,0
DA:145,0
DA:146,0
DA:147,0
LF:67
LH:11
end_of_record
SF:lib\utils\json_converters.dart
DA:6,0
DA:8,0
DA:11,0
DA:13,0
DA:14,0
DA:19,0
DA:21,0
DA:31,0
DA:33,0
DA:35,0
DA:36,0
DA:37,0
DA:41,0
DA:42,0
DA:46,0
DA:48,0
DA:54,1
DA:56,6
DA:58,6
DA:59,6
DA:60,0
DA:61,0
DA:67,1
LF:23
LH:5
end_of_record
SF:lib\features\studio\controllers\model_registry_controller.g.dart
DA:15,6
DA:23,2
DA:24,2
DA:34,1
DA:35,1
DA:37,0
DA:39,0
DA:42,1
DA:51,0
DA:55,0
DA:57,0
DA:64,0
DA:71,3
DA:84,1
DA:87,1
DA:95,1
DA:96,1
DA:98,0
DA:100,0
DA:102,0
DA:105,1
DA:109,1
DA:111,0
DA:113,0
DA:114,0
DA:117,1
DA:119,4
DA:122,1
DA:124,2
DA:128,1
DA:134,1
DA:135,1
DA:145,1
DA:146,1
DA:148,0
DA:155,3
DA:168,1
DA:169,1
DA:179,1
DA:180,1
DA:182,1
DA:186,1
DA:188,0
DA:190,0
DA:194,1
DA:197,3
DA:201,1
DA:204,1
DA:212,1
DA:213,1
DA:215,0
DA:217,0
DA:219,0
DA:222,1
DA:224,1
DA:226,1
DA:228,4
DA:231,1
DA:233,2
DA:237,1
DA:248,1
DA:249,1
DA:257,1
DA:258,1
DA:260,0
DA:265,3
DA:266,0
DA:269,1
DA:272,1
DA:274,1
DA:281,4
LF:71
LH:51
end_of_record
SF:lib\features\studio\controllers\model_registry_controller.dart
DA:20,0
DA:23,0
DA:24,0
DA:27,0
DA:28,0
DA:29,0
DA:30,0
DA:31,0
DA:32,0
DA:33,0
DA:34,0
DA:39,0
DA:40,0
DA:42,0
DA:43,0
DA:45,0
DA:46,0
DA:47,0
DA:48,0
DA:53,0
DA:54,0
DA:59,0
DA:60,0
DA:61,0
DA:63,0
DA:64,0
DA:66,0
DA:68,0
DA:73,0
DA:74,0
DA:75,0
DA:76,0
DA:80,0
DA:81,0
DA:82,0
DA:83,0
DA:84,0
DA:85,0
DA:92,0
DA:93,0
DA:94,0
DA:95,0
DA:96,0
DA:97,0
DA:99,0
DA:104,0
DA:106,0
DA:107,0
DA:109,0
DA:110,0
DA:111,0
DA:112,0
DA:115,0
DA:116,0
DA:117,0
DA:118,0
DA:119,0
DA:121,0
DA:126,0
DA:127,0
DA:130,0
DA:131,0
DA:132,0
DA:133,0
DA:137,0
DA:138,0
DA:139,0
DA:140,0
DA:144,0
DA:145,0
DA:146,0
DA:147,0
DA:148,0
DA:149,0
DA:151,0
DA:156,0
DA:157,0
DA:159,0
DA:160,0
DA:161,0
DA:162,0
DA:165,0
DA:166,0
DA:167,0
DA:168,0
DA:172,0
DA:173,0
DA:174,0
DA:175,0
DA:176,0
DA:177,0
DA:183,0
DA:185,0
DA:186,0
DA:187,0
DA:191,0
DA:193,0
DA:194,0
DA:201,1
DA:204,5
DA:208,0
DA:209,0
DA:212,0
DA:213,0
DA:215,0
DA:216,0
DA:217,0
DA:218,0
LF:108
LH:2
end_of_record
SF:lib\utils\riverpod_extensions.dart
DA:9,3
DA:11,3
DA:13,5
DA:14,2
DA:17,6
DA:18,6
DA:21,3
DA:22,0
LF:8
LH:7
end_of_record
SF:lib\theme\app_durations.dart
DA:8,0
LF:1
LH:0
end_of_record
SF:lib\features\studio\views\model_registry_view.dart
DA:17,0
DA:19,1
DA:21,1
DA:22,3
DA:23,2
DA:24,2
DA:27,4
DA:30,2
DA:31,3
DA:34,1
DA:35,0
DA:36,0
DA:40,0
DA:43,3
DA:55,1
DA:64,0
DA:65,0
DA:66,0
DA:68,0
DA:69,0
DA:71,0
DA:73,0
DA:74,0
DA:75,0
DA:76,0
DA:77,0
DA:78,0
DA:79,0
DA:81,0
DA:82,0
DA:83,0
DA:85,0
DA:86,0
DA:92,0
DA:95,0
DA:96,0
DA:97,0
DA:98,0
DA:100,0
DA:102,0
DA:103,0
DA:104,0
DA:105,0
DA:106,0
DA:107,0
DA:114,0
DA:115,0
DA:116,0
DA:118,0
DA:120,0
DA:121,0
DA:122,0
DA:123,0
DA:125,0
DA:127,0
DA:129,0
DA:130,0
DA:131,0
DA:132,0
DA:133,0
DA:134,0
DA:141,1
DA:142,1
DA:143,2
DA:144,1
DA:145,1
DA:146,0
DA:156,1
DA:157,1
DA:159,3
DA:161,1
DA:162,1
DA:164,1
DA:166,2
DA:167,1
DA:169,1
DA:172,1
DA:174,1
DA:176,1
DA:177,1
DA:179,1
DA:186,1
DA:187,1
DA:188,1
DA:190,1
DA:192,1
DA:193,1
DA:194,1
DA:198,1
DA:199,1
DA:200,2
DA:204,1
DA:205,1
DA:206,2
DA:215,1
DA:221,1
DA:222,3
DA:223,3
DA:224,2
DA:226,6
DA:229,0
DA:230,0
DA:231,0
DA:233,0
DA:234,0
DA:237,1
DA:239,1
DA:240,1
DA:242,1
DA:243,1
DA:244,1
DA:247,1
DA:248,0
DA:249,0
DA:250,0
DA:252,0
DA:253,0
DA:255,0
DA:256,0
DA:259,2
DA:264,2
DA:265,3
DA:266,1
DA:267,1
DA:269,1
DA:271,1
DA:273,3
DA:274,3
DA:275,1
DA:276,1
DA:278,1
DA:280,1
DA:282,1
DA:283,1
DA:285,1
DA:286,1
DA:287,2
DA:293,1
DA:294,1
DA:296,4
DA:298,0
DA:300,0
DA:301,0
DA:303,0
DA:305,0
DA:306,0
DA:307,0
DA:315,1
DA:317,1
DA:318,1
DA:319,1
DA:320,1
DA:323,0
DA:324,0
DA:329,1
DA:331,1
DA:333,2
DA:334,2
DA:335,0
DA:336,1
DA:337,0
DA:338,0
DA:340,1
DA:341,1
DA:346,2
DA:347,1
DA:348,1
DA:350,0
DA:351,1
DA:353,1
DA:354,2
DA:356,1
DA:359,1
DA:360,0
DA:362,0
DA:364,0
DA:371,1
DA:372,1
DA:373,1
DA:375,0
DA:377,0
DA:380,1
DA:381,1
DA:382,1
DA:384,0
DA:386,0
DA:389,1
DA:390,1
DA:391,1
DA:393,0
DA:395,0
DA:398,1
DA:399,1
DA:400,1
DA:402,0
DA:403,0
DA:405,1
DA:406,1
DA:407,1
DA:408,0
DA:410,0
DA:413,1
DA:414,1
DA:415,1
DA:417,0
DA:419,1
DA:420,1
DA:421,1
DA:423,0
DA:425,1
DA:426,1
DA:427,1
DA:429,0
DA:430,0
DA:432,1
DA:433,1
DA:434,1
DA:436,0
DA:437,0
DA:440,1
DA:441,1
DA:442,1
DA:443,0
DA:445,0
DA:446,0
DA:450,1
DA:451,1
DA:452,1
DA:454,0
DA:456,0
DA:460,1
DA:461,1
DA:462,1
DA:463,0
DA:465,0
DA:468,1
DA:469,1
DA:470,1
DA:471,0
DA:472,0
DA:478,1
DA:486,1
DA:492,1
DA:493,0
DA:495,1
DA:497,1
DA:500,1
DA:504,0
DA:505,0
DA:507,0
DA:508,0
DA:509,0
DA:512,0
DA:516,0
DA:517,0
DA:519,0
DA:520,0
DA:521,0
DA:525,0
DA:532,1
DA:537,1
DA:539,1
DA:541,1
DA:550,1
DA:556,1
DA:558,1
DA:559,1
DA:561,1
DA:565,0
DA:566,0
DA:567,0
DA:570,0
DA:571,0
DA:572,0
DA:579,1
DA:585,1
DA:587,1
DA:588,0
DA:590,1
DA:594,0
DA:595,0
DA:596,0
DA:599,0
DA:600,0
DA:601,0
DA:608,1
DA:613,1
DA:615,1
DA:616,1
LF:289
LH:159
end_of_record
SF:lib\features\studio\controllers\output_profile_controller.dart
DA:23,1
DA:25,2
DA:26,1
DA:29,1
DA:30,3
DA:31,0
DA:32,0
DA:33,0
DA:38,0
DA:39,0
DA:41,0
DA:42,0
DA:44,0
DA:45,0
DA:46,0
DA:47,0
DA:52,0
DA:53,0
DA:58,0
DA:59,0
DA:60,0
DA:62,0
DA:63,0
DA:65,0
DA:67,0
DA:72,0
DA:73,0
DA:74,0
DA:75,0
DA:79,0
DA:80,0
DA:81,0
DA:82,0
DA:83,0
DA:84,0
DA:91,0
DA:92,0
DA:93,0
DA:94,0
DA:95,0
DA:96,0
DA:98,0
DA:103,0
DA:105,0
DA:106,0
DA:108,0
DA:109,0
DA:110,0
DA:111,0
DA:114,0
DA:115,0
DA:116,0
DA:117,0
DA:118,0
DA:120,0
DA:125,0
DA:126,0
DA:129,0
DA:130,0
DA:131,0
DA:132,0
DA:136,0
DA:137,0
DA:138,0
DA:139,0
DA:143,0
DA:144,0
DA:145,0
DA:146,0
DA:147,0
DA:148,0
DA:150,0
DA:155,0
DA:156,0
DA:158,0
DA:159,0
DA:160,0
DA:161,0
DA:164,0
DA:165,0
DA:166,0
DA:167,0
DA:171,0
DA:172,0
DA:173,0
DA:174,0
DA:175,0
DA:176,0
DA:182,1
DA:184,2
DA:185,0
DA:186,0
DA:193,1
DA:195,5
DA:196,0
DA:197,0
DA:200,0
DA:201,0
DA:204,0
DA:208,0
DA:209,0
DA:212,1
DA:213,1
DA:215,3
DA:216,3
DA:217,2
DA:218,0
DA:220,2
DA:223,1
DA:225,2
DA:226,6
DA:231,2
DA:232,0
DA:237,1
DA:238,1
DA:239,2
DA:240,1
DA:245,2
DA:246,2
DA:248,0
DA:249,2
DA:251,0
DA:252,2
DA:254,0
DA:255,2
DA:257,0
DA:258,2
DA:259,2
DA:260,3
DA:261,2
DA:262,2
DA:263,2
DA:264,2
DA:265,1
DA:267,3
DA:268,3
DA:270,0
DA:271,3
DA:273,0
DA:276,1
DA:279,1
DA:280,3
DA:281,1
LF:143
LH:43
end_of_record
SF:lib\features\studio\controllers\output_profile_controller.g.dart
DA:15,3
DA:24,1
DA:25,1
DA:35,1
DA:36,1
DA:38,0
DA:40,0
DA:43,1
DA:52,1
DA:56,1
DA:58,1
DA:65,2
DA:72,3
DA:85,1
DA:88,1
DA:96,1
DA:97,1
DA:99,0
DA:101,0
DA:103,0
DA:106,1
DA:110,1
DA:112,1
DA:114,1
DA:115,1
DA:118,1
DA:120,4
DA:123,1
DA:125,2
DA:129,1
DA:135,1
DA:136,1
DA:146,1
DA:147,1
DA:149,0
DA:154,6
DA:158,2
DA:161,2
DA:169,2
DA:170,2
DA:172,0
DA:174,0
DA:176,0
DA:179,1
DA:181,1
DA:183,2
DA:185,8
DA:188,2
DA:190,4
DA:194,2
DA:205,2
DA:206,2
DA:214,2
DA:215,2
DA:217,0
DA:222,6
DA:223,0
DA:226,2
DA:229,2
DA:231,2
DA:238,8
LF:61
LH:50
end_of_record
SF:lib\features\studio\models\output_profile.dart
DA:13,4
DA:44,1
DA:45,1
DA:50,2
DA:62,1
DA:63,1
DA:68,4
DA:125,1
DA:126,1
LF:9
LH:9
end_of_record
SF:lib\features\studio\models\output_profile.g.dart
DA:9,1
DA:11,1
DA:14,1
DA:15,1
DA:33,1
DA:34,1
DA:36,1
DA:37,1
DA:40,1
DA:42,2
DA:44,1
DA:46,1
DA:48,1
DA:50,1
DA:51,0
DA:53,1
DA:55,1
DA:56,0
DA:58,1
DA:60,1
DA:61,1
DA:64,1
DA:66,1
DA:68,1
DA:70,1
DA:72,0
DA:74,1
DA:76,1
DA:78,3
DA:79,1
DA:82,1
DA:84,1
DA:86,1
DA:88,2
DA:90,1
DA:92,1
DA:93,0
DA:94,0
DA:95,0
DA:99,1
DA:101,1
DA:102,0
DA:120,0
DA:122,0
DA:123,0
DA:124,0
DA:125,0
DA:126,0
DA:127,0
DA:128,0
DA:129,0
DA:130,0
DA:131,0
DA:132,0
DA:133,0
DA:134,0
DA:135,0
DA:137,0
DA:162,1
DA:163,1
DA:166,1
DA:167,1
DA:178,1
DA:179,2
DA:180,1
DA:182,1
DA:184,1
DA:186,1
DA:188,1
DA:190,2
DA:192,1
DA:194,1
DA:195,0
DA:197,1
DA:199,1
DA:200,0
DA:215,0
DA:216,0
DA:217,0
DA:218,0
DA:219,0
DA:220,0
DA:221,0
DA:222,0
DA:225,1
DA:227,1
DA:230,1
DA:231,1
DA:261,1
DA:262,1
DA:264,2
DA:266,2
DA:267,1
DA:269,2
DA:271,2
DA:272,1
DA:274,2
DA:276,1
DA:278,2
DA:280,1
DA:282,2
DA:284,1
DA:286,2
DA:288,1
DA:290,1
DA:291,3
DA:294,1
DA:296,1
DA:298,3
DA:299,1
DA:302,1
DA:304,1
DA:306,3
DA:307,1
DA:310,1
DA:312,2
DA:314,1
DA:316,1
DA:317,1
DA:320,1
DA:322,2
DA:324,1
DA:326,2
DA:328,1
DA:330,2
DA:332,2
DA:333,1
DA:335,1
DA:336,1
DA:337,1
DA:338,2
DA:342,1
DA:344,1
DA:345,1
DA:346,1
DA:347,2
DA:351,1
DA:353,1
DA:354,1
DA:355,1
DA:356,2
DA:360,1
DA:362,1
DA:364,1
DA:365,2
DA:367,1
DA:370,1
DA:372,1
DA:374,3
DA:375,1
DA:378,1
DA:380,1
DA:382,3
DA:383,1
DA:399,1
DA:401,1
DA:403,1
DA:405,1
DA:407,1
DA:434,0
DA:436,0
DA:437,0
DA:438,0
DA:439,0
DA:440,0
DA:441,0
DA:442,0
DA:443,0
DA:444,0
DA:445,0
DA:446,0
DA:447,0
DA:448,0
DA:449,0
DA:450,0
DA:451,0
DA:452,0
DA:453,0
DA:454,0
DA:455,0
DA:456,0
DA:457,0
DA:458,0
DA:459,0
DA:461,0
DA:462,0
DA:464,0
DA:465,0
DA:467,0
DA:468,0
DA:469,0
DA:470,0
DA:471,0
DA:472,0
DA:473,0
LF:195
LH:126
end_of_record
SF:lib\core\state\mutation.dart
DA:10,2
DA:12,0
DA:13,4
DA:14,2
DA:15,0
DA:16,0
DA:18,0
DA:19,0
DA:20,0
DA:27,2
DA:31,2
DA:33,2
DA:34,0
DA:36,0
DA:37,0
DA:38,0
DA:42,0
DA:44,0
DA:45,0
DA:48,2
DA:50,4
DA:61,1
DA:70,1
DA:72,2
DA:82,1
DA:83,1
DA:84,1
DA:85,1
DA:89,0
DA:90,0
DA:91,0
DA:92,0
LF:32
LH:15
end_of_record
SF:lib\features\studio\controllers\mcp_gateways_controller.g.dart
DA:15,3
DA:27,1
DA:28,1
DA:38,1
DA:39,1
DA:41,1
DA:43,1
DA:46,1
DA:55,1
DA:59,1
DA:65,1
DA:75,2
DA:82,0
DA:97,0
DA:100,0
DA:108,0
DA:109,0
DA:111,0
DA:113,0
DA:115,0
DA:118,0
DA:122,0
DA:124,0
DA:126,0
DA:127,0
DA:130,0
DA:132,0
DA:135,0
DA:137,0
DA:141,0
DA:147,0
DA:148,0
DA:158,0
DA:159,0
DA:161,0
DA:166,0
DA:170,0
DA:173,0
DA:181,0
DA:182,0
DA:184,0
DA:186,0
DA:188,0
DA:191,0
DA:193,0
DA:195,0
DA:197,0
DA:200,0
DA:202,0
DA:206,0
DA:217,0
DA:218,0
DA:226,0
DA:227,0
DA:229,0
DA:235,0
DA:238,0
DA:242,0
DA:245,0
DA:255,0
LF:60
LH:12
end_of_record
SF:lib\features\studio\controllers\mcp_gateways_controller.dart
DA:20,1
DA:23,2
DA:24,1
DA:27,1
DA:28,3
DA:29,1
DA:33,0
DA:34,0
DA:36,0
DA:37,0
DA:39,0
DA:40,0
DA:41,0
DA:42,0
DA:47,0
DA:51,0
DA:52,0
DA:55,0
DA:56,0
DA:57,0
DA:59,0
DA:60,0
DA:61,0
DA:63,0
DA:65,0
DA:70,0
DA:71,0
DA:74,0
DA:75,0
DA:76,0
DA:77,0
DA:78,0
DA:79,0
DA:86,0
DA:87,0
DA:88,0
DA:89,0
DA:90,0
DA:91,0
DA:93,0
DA:98,0
DA:100,0
DA:101,0
DA:103,0
DA:104,0
DA:105,0
DA:106,0
DA:109,0
DA:110,0
DA:111,0
DA:112,0
DA:113,0
DA:115,0
DA:120,0
DA:121,0
DA:124,0
DA:125,0
DA:128,0
DA:129,0
DA:130,0
DA:131,0
DA:135,0
DA:136,0
DA:137,0
DA:138,0
DA:139,0
DA:140,0
DA:142,0
DA:147,0
DA:148,0
DA:150,0
DA:151,0
DA:153,0
DA:154,0
DA:155,0
DA:156,0
DA:160,0
DA:161,0
DA:162,0
DA:163,0
DA:164,0
DA:165,0
DA:171,0
DA:173,0
DA:174,0
DA:181,0
DA:184,0
DA:187,0
DA:188,0
DA:192,0
DA:193,0
DA:196,0
DA:197,0
DA:199,0
DA:201,0
DA:204,0
DA:207,0
DA:208,0
DA:211,0
DA:212,0
DA:215,0
DA:216,0
DA:217,0
DA:218,0
DA:219,0
DA:223,0
DA:224,0
DA:226,0
DA:230,0
DA:231,0
DA:233,0
DA:234,0
DA:235,0
DA:236,0
DA:237,0
LF:115
LH:6
end_of_record
SF:lib\features\studio\controllers\prompt_blocks_controller.g.dart
DA:14,0
DA:27,0
DA:30,0
DA:38,0
DA:39,0
DA:41,0
DA:43,0
DA:45,0
DA:48,0
DA:52,0
DA:54,0
DA:56,0
DA:57,0
DA:60,0
DA:62,0
DA:65,0
DA:67,0
DA:71,0
DA:77,0
DA:78,0
DA:88,0
DA:89,0
DA:91,0
DA:96,0
DA:100,0
DA:103,0
DA:111,0
DA:112,0
DA:114,0
DA:116,0
DA:118,0
DA:121,0
DA:123,0
DA:125,0
DA:127,0
DA:130,0
DA:132,0
DA:136,0
DA:147,0
DA:148,0
DA:156,0
DA:157,0
DA:159,0
DA:165,0
DA:168,0
DA:171,0
DA:173,0
DA:180,0
DA:188,9
DA:196,3
DA:197,3
DA:207,3
DA:208,3
DA:210,1
DA:212,1
DA:215,3
DA:224,3
DA:228,3
DA:230,3
DA:237,6
LF:60
LH:12
end_of_record
SF:lib\features\studio\controllers\prompt_blocks_controller.dart
DA:18,0
DA:20,0
DA:21,0
DA:22,0
DA:23,0
DA:30,0
DA:32,0
DA:33,0
DA:36,0
DA:37,0
DA:40,0
DA:41,0
DA:42,0
DA:43,0
DA:44,0
DA:45,0
DA:48,0
DA:49,0
DA:50,0
DA:62,1
DA:64,2
DA:65,1
DA:68,1
DA:69,3
DA:70,1
DA:72,1
DA:76,0
DA:77,0
DA:79,0
DA:80,0
DA:82,0
DA:83,0
DA:84,0
DA:85,0
DA:90,0
DA:91,0
DA:92,0
DA:95,0
DA:96,0
DA:97,0
DA:99,0
DA:100,0
DA:102,0
DA:104,0
DA:109,0
DA:110,0
DA:111,0
DA:112,0
DA:116,0
DA:117,0
DA:118,0
DA:119,0
DA:120,0
DA:121,0
DA:128,0
DA:129,0
DA:130,0
DA:131,0
DA:132,0
DA:133,0
DA:135,0
DA:140,0
DA:141,0
DA:145,0
DA:146,0
DA:147,0
DA:148,0
DA:152,0
DA:153,0
DA:154,0
DA:155,0
DA:159,0
DA:160,0
DA:161,0
DA:162,0
DA:163,0
DA:164,0
DA:166,0
DA:171,0
DA:172,0
DA:174,0
DA:175,0
DA:176,0
DA:177,0
DA:180,0
DA:181,0
DA:182,0
DA:183,0
DA:187,0
DA:188,0
DA:189,0
DA:190,0
DA:191,0
DA:192,0
DA:197,1
DA:199,3
DA:200,1
DA:202,0
DA:203,0
DA:204,0
DA:205,0
DA:208,1
DA:209,2
DA:210,1
DA:211,3
DA:212,1
DA:214,0
DA:219,0
DA:224,0
DA:225,0
DA:226,0
DA:228,0
DA:229,0
DA:230,0
DA:231,0
DA:232,0
DA:234,0
LF:117
LH:15
end_of_record
SF:lib\features\studio\models\prompt_block.dart
DA:35,0
DA:36,0
DA:37,0
DA:38,0
DA:39,0
DA:46,1
DA:54,1
DA:55,1
DA:60,1
DA:70,1
DA:71,1
DA:76,1
DA:86,1
DA:87,1
DA:92,1
DA:122,1
DA:123,1
DA:126,0
DA:134,0
DA:135,0
DA:136,0
DA:152,1
DA:163,1
DA:164,1
DA:169,1
DA:177,1
DA:178,1
DA:183,1
DA:193,1
DA:194,1
DA:201,2
DA:232,2
DA:233,2
DA:236,0
DA:237,0
DA:238,0
DA:239,0
DA:243,2
DA:246,4
DA:248,4
DA:249,2
LF:41
LH:28
end_of_record
SF:lib\features\studio\models\prompt_block.g.dart
DA:9,1
DA:10,1
DA:13,1
DA:14,1
DA:18,1
DA:19,2
DA:20,1
DA:22,1
DA:33,0
DA:34,0
DA:35,0
DA:36,0
DA:39,1
DA:40,1
DA:43,1
DA:44,1
DA:48,1
DA:49,2
DA:50,1
DA:52,1
DA:62,0
DA:64,0
DA:65,0
DA:66,0
DA:69,2
DA:72,1
DA:73,1
DA:77,1
DA:78,2
DA:79,1
DA:81,1
DA:89,0
DA:90,0
DA:91,0
DA:92,0
DA:95,1
DA:97,1
DA:100,1
DA:101,1
DA:122,1
DA:123,2
DA:124,1
DA:126,1
DA:128,1
DA:130,1
DA:132,1
DA:133,1
DA:134,1
DA:136,1
DA:139,1
DA:141,1
DA:143,3
DA:144,1
DA:147,1
DA:149,1
DA:151,1
DA:153,1
DA:154,2
DA:156,1
DA:158,1
DA:160,2
DA:161,1
DA:163,2
DA:165,1
DA:167,1
DA:168,1
DA:171,1
DA:173,1
DA:174,2
DA:176,1
DA:178,1
DA:180,2
DA:181,2
DA:182,1
DA:184,1
DA:186,2
DA:210,0
DA:211,0
DA:212,0
DA:213,0
DA:214,0
DA:215,0
DA:216,0
DA:217,0
DA:218,0
DA:219,0
DA:220,0
DA:221,0
DA:222,0
DA:223,0
DA:224,0
DA:225,0
DA:226,0
DA:227,0
DA:228,0
DA:229,0
DA:242,2
DA:245,1
DA:246,1
DA:250,1
DA:251,1
DA:253,2
DA:255,2
DA:256,1
DA:258,1
DA:260,3
DA:261,1
DA:273,0
DA:274,0
DA:275,0
DA:276,0
DA:277,0
DA:280,1
DA:281,2
DA:282,1
DA:283,1
DA:284,1
DA:286,2
DA:288,2
DA:293,0
DA:294,0
DA:295,0
DA:296,0
DA:299,1
DA:300,2
DA:301,1
DA:305,1
DA:306,3
DA:307,1
DA:309,1
DA:310,1
DA:312,2
DA:313,1
DA:315,1
DA:316,3
DA:317,1
DA:323,0
DA:324,0
DA:325,0
DA:326,0
DA:327,0
DA:328,0
DA:331,4
DA:334,2
DA:335,2
DA:361,2
DA:362,2
DA:364,4
DA:366,4
DA:367,4
DA:368,2
DA:370,4
DA:372,2
DA:374,4
DA:376,4
DA:377,2
DA:379,2
DA:381,4
DA:382,2
DA:384,2
DA:385,2
DA:388,2
DA:390,2
DA:392,2
DA:394,2
DA:395,3
DA:397,2
DA:399,2
DA:401,1
DA:403,2
DA:405,2
DA:407,2
DA:409,2
DA:411,5
DA:412,5
DA:413,4
DA:414,4
DA:415,2
DA:417,2
DA:418,3
DA:419,1
DA:421,2
DA:423,2
DA:424,3
DA:425,1
DA:427,2
DA:429,2
DA:430,0
DA:431,0
DA:453,0
DA:454,0
DA:455,0
DA:456,0
DA:457,0
DA:458,0
DA:459,0
DA:460,0
DA:461,0
DA:462,0
DA:463,0
DA:464,0
DA:465,0
DA:466,0
DA:467,0
DA:468,0
DA:469,0
DA:470,0
DA:471,0
DA:472,0
DA:473,0
LF:210
LH:140
end_of_record
SF:lib\features\studio\controllers\studio_controller.dart
DA:20,1
DA:22,2
DA:23,1
DA:24,0
DA:25,0
DA:29,0
DA:31,0
DA:32,0
DA:33,0
DA:37,0
DA:39,0
DA:40,0
DA:41,0
DA:42,0
DA:43,0
DA:51,1
DA:53,5
DA:54,0
DA:57,0
DA:58,0
DA:61,1
DA:62,1
DA:63,3
DA:64,3
DA:65,2
DA:66,1
DA:69,0
DA:70,0
DA:71,0
DA:79,0
DA:81,0
DA:85,0
DA:86,0
DA:87,0
DA:88,0
DA:92,0
DA:93,0
DA:96,0
DA:97,0
DA:98,0
DA:99,0
DA:100,0
DA:101,0
DA:104,0
DA:105,0
DA:106,0
DA:118,1
DA:120,2
DA:121,1
DA:124,1
DA:125,3
DA:126,1
DA:127,1
DA:131,0
DA:132,0
DA:134,0
DA:135,0
DA:137,0
DA:138,0
DA:139,0
DA:140,0
DA:145,1
DA:146,1
DA:147,2
DA:150,2
DA:151,0
DA:152,0
DA:154,0
DA:155,0
DA:157,0
DA:159,0
DA:164,3
DA:167,1
DA:168,1
DA:170,1
DA:171,1
DA:172,1
DA:175,4
DA:176,3
DA:177,1
DA:178,1
DA:179,0
DA:180,0
DA:187,1
DA:188,1
DA:189,2
DA:190,1
DA:191,3
DA:192,1
DA:194,0
DA:199,0
DA:201,0
DA:202,0
DA:204,0
DA:205,0
DA:206,0
DA:207,0
DA:210,0
DA:211,0
DA:212,0
DA:213,0
DA:214,0
DA:216,0
DA:221,0
DA:222,0
DA:224,0
DA:225,0
DA:226,0
DA:227,0
DA:230,0
DA:231,0
DA:232,0
DA:233,0
DA:237,0
DA:241,0
DA:242,0
DA:243,0
DA:244,0
DA:245,0
DA:246,0
DA:248,0
DA:253,0
DA:254,0
DA:256,0
DA:257,0
DA:258,0
DA:259,0
DA:261,0
DA:262,0
DA:263,0
DA:264,0
DA:268,0
DA:269,0
DA:270,0
DA:271,0
DA:272,0
DA:273,0
DA:278,0
DA:280,0
DA:281,0
DA:283,0
DA:284,0
DA:285,0
DA:286,0
DA:287,0
DA:289,0
DA:298,0
DA:300,0
DA:301,0
DA:304,0
DA:305,0
DA:306,0
DA:308,0
DA:309,0
DA:314,0
DA:315,0
DA:317,0
DA:318,0
DA:320,0
DA:321,0
DA:322,0
DA:323,0
DA:328,0
DA:329,0
DA:334,0
DA:335,0
DA:337,0
DA:338,0
DA:343,0
DA:344,0
DA:345,0
DA:346,0
DA:347,0
DA:351,0
DA:352,0
DA:354,0
DA:356,0
DA:361,0
DA:362,0
DA:363,0
DA:364,0
DA:365,0
DA:369,0
DA:370,0
DA:371,0
DA:372,0
DA:373,0
DA:377,0
DA:378,0
DA:379,0
DA:386,0
DA:387,0
DA:388,0
DA:389,0
DA:390,0
DA:391,0
DA:393,0
DA:398,0
DA:400,0
DA:401,0
DA:403,0
DA:404,0
DA:405,0
DA:406,0
DA:407,0
DA:410,0
DA:413,0
DA:414,0
DA:415,0
DA:416,0
DA:417,0
DA:419,0
DA:424,0
DA:425,0
DA:428,0
DA:429,0
DA:430,0
DA:431,0
DA:432,0
DA:436,0
DA:437,0
DA:438,0
DA:439,0
DA:443,0
DA:444,0
DA:445,0
DA:446,0
DA:447,0
DA:448,0
DA:450,0
DA:455,0
DA:456,0
DA:458,0
DA:459,0
DA:462,0
DA:463,0
DA:466,0
DA:467,0
DA:468,0
DA:469,0
DA:473,0
DA:474,0
DA:475,0
DA:476,0
DA:477,0
DA:478,0
DA:483,0
DA:485,0
DA:486,0
DA:487,0
DA:489,0
DA:490,0
DA:491,0
DA:492,0
DA:493,0
DA:495,0
LF:256
LH:38
end_of_record
SF:lib\features\studio\controllers\studio_controller.g.dart
DA:14,3
DA:23,1
DA:26,1
DA:34,1
DA:35,1
DA:37,0
DA:39,0
DA:41,0
DA:44,1
DA:47,1
DA:49,1
DA:51,1
DA:52,1
DA:55,1
DA:57,4
DA:60,1
DA:62,2
DA:66,1
DA:72,1
DA:73,1
DA:83,1
DA:84,1
DA:86,0
DA:93,4
DA:94,2
DA:107,2
DA:110,2
DA:118,2
DA:119,2
DA:121,0
DA:123,0
DA:125,0
DA:128,2
DA:132,2
DA:134,0
DA:136,0
DA:137,0
DA:140,2
DA:142,2
DA:143,6
DA:146,2
DA:148,4
DA:152,2
DA:159,2
DA:160,2
DA:170,2
DA:171,2
DA:173,0
DA:180,0
DA:193,0
DA:196,0
DA:204,0
DA:205,0
DA:207,0
DA:209,0
DA:211,0
DA:214,0
DA:218,0
DA:220,0
DA:222,0
DA:223,0
DA:226,0
DA:228,0
DA:231,0
DA:233,0
DA:237,0
DA:243,0
DA:244,0
DA:254,0
DA:255,0
DA:257,0
DA:262,3
DA:266,1
DA:269,1
DA:277,1
DA:278,1
DA:280,0
DA:282,0
DA:284,0
DA:287,1
DA:289,1
DA:291,1
DA:293,4
DA:296,1
DA:298,2
DA:302,1
DA:313,1
DA:314,1
DA:322,1
DA:323,1
DA:325,0
DA:330,3
DA:331,2
DA:334,1
DA:337,1
DA:339,1
DA:346,4
DA:351,3
DA:355,1
DA:358,1
DA:366,1
DA:367,1
DA:369,0
DA:371,0
DA:373,0
DA:376,0
DA:378,0
DA:380,1
DA:382,4
DA:385,1
DA:387,2
DA:391,1
DA:402,1
DA:403,1
DA:411,1
DA:412,1
DA:414,0
DA:419,3
DA:420,0
DA:423,1
DA:426,1
DA:428,1
DA:435,4
DA:443,6
DA:451,2
DA:452,2
DA:462,2
DA:463,2
DA:465,1
DA:467,1
DA:470,2
DA:478,2
DA:481,2
DA:483,2
DA:490,4
DA:498,3
DA:506,1
DA:507,1
DA:517,1
DA:518,1
DA:520,0
DA:522,0
DA:525,1
DA:532,1
DA:536,1
DA:538,1
DA:545,2
LF:147
LH:100
end_of_record
SF:lib\features\studio\models\workflow.dart
DA:15,1
DA:24,1
DA:25,1
DA:30,3
DA:45,2
DA:46,2
DA:51,1
DA:64,1
DA:65,1
DA:72,2
DA:118,1
DA:119,1
DA:124,3
DA:165,2
DA:166,2
DA:169,1
DA:170,2
DA:171,1
DA:172,1
DA:176,2
DA:179,4
DA:181,4
DA:182,2
LF:23
LH:23
end_of_record
SF:lib\features\studio\models\workflow.g.dart
DA:9,1
DA:10,2
DA:11,1
DA:12,1
DA:13,2
DA:14,1
DA:16,2
DA:18,2
DA:23,0
DA:24,0
DA:25,0
DA:26,0
DA:27,0
DA:30,2
DA:31,2
DA:34,2
DA:35,2
DA:49,2
DA:50,4
DA:51,2
DA:53,4
DA:55,4
DA:56,2
DA:58,2
DA:60,2
DA:62,2
DA:63,3
DA:66,2
DA:68,4
DA:70,2
DA:72,2
DA:74,4
DA:75,2
DA:77,2
DA:79,1
DA:80,1
DA:81,1
DA:83,1
DA:99,0
DA:100,0
DA:101,0
DA:102,0
DA:103,0
DA:104,0
DA:105,0
DA:106,0
DA:107,0
DA:108,0
DA:109,0
DA:110,0
DA:111,0
DA:114,2
DA:117,1
DA:118,1
DA:130,1
DA:131,1
DA:133,2
DA:135,1
DA:137,2
DA:139,1
DA:141,1
DA:142,3
DA:144,1
DA:146,1
DA:147,1
DA:148,2
DA:152,1
DA:154,2
DA:156,1
DA:158,1
DA:160,1
DA:162,1
DA:177,0
DA:178,0
DA:179,0
DA:180,0
DA:182,0
DA:183,0
DA:184,0
DA:185,0
DA:186,0
DA:209,1
DA:211,1
DA:214,1
DA:215,1
DA:238,1
DA:239,1
DA:241,2
DA:243,2
DA:244,1
DA:246,2
DA:248,1
DA:250,1
DA:252,2
DA:253,1
DA:255,2
DA:257,1
DA:260,1
DA:262,2
DA:264,1
DA:267,1
DA:269,2
DA:271,1
DA:274,1
DA:276,1
DA:277,0
DA:279,1
DA:281,1
DA:282,0
DA:284,1
DA:286,1
DA:287,0
DA:289,2
DA:290,1
DA:292,1
DA:293,0
DA:295,1
DA:297,1
DA:298,3
DA:300,1
DA:302,1
DA:304,2
DA:305,2
DA:306,2
DA:326,0
DA:327,0
DA:328,0
DA:329,0
DA:330,0
DA:331,0
DA:332,0
DA:333,0
DA:334,0
DA:335,0
DA:337,0
DA:338,0
DA:339,0
DA:341,0
DA:342,0
DA:343,0
DA:345,0
DA:346,0
DA:347,0
DA:348,0
DA:349,0
DA:350,0
DA:351,0
DA:352,0
DA:353,0
DA:354,0
DA:357,1
DA:360,0
DA:362,0
DA:365,0
DA:367,1
DA:369,1
DA:372,1
DA:373,1
DA:396,1
DA:397,1
DA:399,2
DA:401,2
DA:402,1
DA:404,2
DA:406,1
DA:408,1
DA:410,2
DA:411,1
DA:413,2
DA:415,1
DA:418,1
DA:420,2
DA:422,1
DA:425,1
DA:427,2
DA:429,1
DA:432,1
DA:434,1
DA:435,0
DA:437,1
DA:439,1
DA:440,0
DA:442,1
DA:444,1
DA:445,0
DA:447,2
DA:448,1
DA:450,1
DA:451,0
DA:453,1
DA:455,1
DA:456,0
DA:458,1
DA:460,1
DA:462,2
DA:463,2
DA:464,2
DA:484,0
DA:485,0
DA:486,0
DA:487,0
DA:488,0
DA:489,0
DA:490,0
DA:491,0
DA:492,0
DA:493,0
DA:495,0
DA:496,0
DA:497,0
DA:499,0
DA:500,0
DA:501,0
DA:503,0
DA:504,0
DA:505,0
DA:506,0
DA:507,0
DA:508,0
DA:509,0
DA:510,0
DA:511,0
DA:512,0
DA:515,4
DA:518,2
DA:519,2
DA:545,2
DA:546,2
DA:548,4
DA:550,4
DA:551,2
DA:553,4
DA:555,2
DA:557,4
DA:559,4
DA:560,6
DA:561,4
DA:562,4
DA:563,2
DA:565,2
DA:567,2
DA:569,2
DA:570,1
DA:571,0
DA:573,0
DA:578,2
DA:580,2
DA:582,2
DA:584,3
DA:586,2
DA:588,2
DA:589,2
DA:592,2
DA:594,2
DA:596,2
DA:598,2
DA:600,2
DA:602,2
DA:604,2
DA:606,2
DA:608,2
DA:610,2
DA:611,6
DA:614,2
DA:616,2
DA:618,2
DA:620,2
DA:622,4
DA:623,2
DA:626,2
DA:628,2
DA:630,4
DA:631,2
DA:655,2
DA:656,2
DA:657,1
DA:658,2
DA:659,2
DA:660,1
DA:661,1
DA:662,1
DA:663,1
DA:664,1
DA:665,2
DA:666,0
DA:668,1
DA:669,1
DA:671,2
DA:672,1
DA:673,1
DA:674,1
DA:675,1
DA:676,1
DA:677,1
DA:678,3
DA:679,3
LF:296
LH:202
end_of_record
SF:lib\features\studio\views\step_builder_view.dart
DA:25,1
DA:27,1
DA:29,1
DA:31,2
DA:32,3
DA:33,2
DA:35,0
DA:36,0
DA:37,0
DA:40,3
DA:41,2
DA:42,2
DA:44,1
DA:45,2
DA:46,3
DA:49,0
DA:50,0
DA:51,0
DA:55,0
DA:58,1
DA:60,1
DA:61,1
DA:62,2
DA:68,1
DA:75,1
DA:76,1
DA:82,0
DA:83,0
DA:84,0
DA:85,0
DA:87,0
DA:88,0
DA:92,0
DA:93,0
DA:94,0
DA:96,0
DA:97,0
DA:100,0
DA:101,0
DA:102,0
DA:104,0
DA:105,0
DA:108,0
DA:115,0
DA:116,0
DA:117,0
DA:119,0
DA:121,0
DA:122,0
DA:123,0
DA:124,0
DA:125,0
DA:126,0
DA:127,0
DA:129,0
DA:131,0
DA:132,0
DA:133,0
DA:134,0
DA:142,1
DA:152,1
DA:153,0
DA:154,0
DA:155,0
DA:157,0
DA:159,0
DA:161,0
DA:162,0
DA:163,0
DA:165,0
DA:166,0
DA:172,0
DA:173,0
DA:174,0
DA:175,0
DA:182,0
DA:183,0
DA:184,0
DA:185,0
DA:186,0
DA:187,0
DA:194,1
DA:195,0
DA:196,0
DA:197,0
DA:199,0
DA:200,0
DA:203,0
DA:204,0
DA:205,0
DA:207,0
DA:208,0
DA:209,0
DA:210,0
DA:211,0
DA:212,0
DA:219,0
DA:220,0
DA:221,0
DA:222,0
DA:223,0
DA:224,0
DA:225,0
DA:231,0
DA:232,0
DA:233,0
DA:234,0
DA:235,0
DA:239,0
DA:247,0
DA:248,0
DA:249,0
DA:250,0
DA:251,0
DA:255,0
DA:258,0
DA:259,0
[...]
DA:72,8
DA:75,2
DA:77,4
DA:81,1
DA:88,2
DA:89,2
DA:100,2
DA:101,2
DA:103,0
LF:26
LH:25
end_of_record
SF:lib\features\execution\providers\hydrated_reference_provider.dart
DA:10,1
DA:12,3
DA:15,1
DA:16,1
DA:20,2
LF:5
LH:5
end_of_record
SF:lib\features\execution\providers\report_data_v2_provider.g.dart
DA:15,3
DA:23,1
DA:26,1
DA:34,1
DA:35,1
DA:37,0
DA:39,0
DA:41,0
DA:44,0
DA:46,0
DA:49,0
DA:50,0
DA:52,0
DA:56,1
DA:58,4
DA:61,1
DA:63,2
DA:67,1
DA:81,1
DA:82,1
DA:93,1
DA:94,1
DA:96,0
DA:104,3
DA:105,0
DA:108,1
DA:111,1
DA:113,1
DA:120,4
LF:29
LH:19
end_of_record
SF:lib\features\execution\providers\report_data_v2_provider.dart
DA:10,0
DA:18,0
DA:19,0
LF:3
LH:0
end_of_record
SF:lib\features\execution\views\widgets\sdui_node_renderer.dart
DA:15,1
DA:21,1
DA:24,1
DA:25,5
DA:30,0
DA:31,0
DA:36,1
DA:37,1
DA:39,0
DA:41,1
DA:43,0
DA:45,1
DA:47,0
DA:49,2
DA:51,1
DA:52,2
DA:60,0
DA:61,0
DA:62,0
DA:63,0
DA:64,0
DA:66,0
DA:67,0
DA:68,0
DA:69,0
DA:72,0
DA:73,0
DA:74,0
DA:78,0
DA:79,0
DA:93,0
DA:94,0
DA:95,0
DA:96,0
DA:97,0
DA:99,0
DA:100,0
DA:103,0
DA:104,0
DA:106,0
DA:107,0
DA:108,0
DA:110,0
DA:111,0
DA:112,0
DA:126,0
DA:127,0
DA:128,0
DA:129,0
DA:130,0
DA:131,0
DA:133,0
DA:134,0
DA:135,0
DA:137,0
DA:140,0
DA:141,0
DA:143,0
DA:144,0
DA:146,0
DA:147,0
DA:151,0
DA:153,0
DA:154,0
DA:155,0
DA:156,0
DA:158,0
DA:174,1
DA:179,1
DA:180,1
DA:181,1
DA:182,3
DA:183,1
DA:185,1
DA:186,1
DA:189,1
DA:190,1
DA:192,1
DA:193,1
DA:198,2
DA:200,1
DA:201,1
DA:203,2
DA:204,3
DA:205,1
DA:206,1
DA:208,2
LF:87
LH:31
end_of_record
SF:lib\features\execution\views\widgets\report_renderer_v2_widget.dart
DA:11,0
DA:17,0
DA:19,0
DA:22,0
DA:23,0
DA:24,0
DA:29,0
DA:30,0
DA:31,0
DA:37,0
DA:38,0
DA:44,0
DA:45,0
DA:46,0
DA:47,0
DA:48,0
DA:53,0
DA:55,0
DA:56,0
DA:58,0
DA:59,0
DA:64,0
DA:66,0
DA:67,0
DA:76,0
LF:25
LH:0
end_of_record
SF:lib\features\execution\views\widgets\diagnostic_scorecard_widget.dart
DA:13,1
DA:20,1
DA:22,2
DA:25,2
DA:29,1
DA:31,1
DA:34,1
DA:35,1
DA:36,1
DA:37,1
DA:38,1
LF:11
LH:11
end_of_record
SF:lib\features\studio\models\blueprint_config.dart
DA:18,1
DA:19,1
LF:2
LH:2
end_of_record
SF:lib\features\studio\models\blueprint_config.g.dart
DA:9,1
DA:10,2
DA:11,1
DA:12,1
DA:13,1
DA:15,1
DA:16,1
DA:23,0
DA:24,0
LF:9
LH:7
end_of_record
SF:lib\features\studio\views\components\bars_matrix_builder.dart
DA:13,1
DA:19,1
DA:21,1
DA:24,1
DA:25,1
DA:28,2
DA:32,2
DA:33,5
DA:35,1
DA:36,1
DA:37,3
DA:38,1
DA:39,1
DA:40,3
DA:44,1
DA:48,1
DA:51,1
DA:52,2
DA:53,1
DA:56,1
DA:58,0
DA:60,0
DA:61,0
DA:69,1
DA:74,1
DA:75,5
DA:76,0
DA:79,1
DA:82,3
DA:83,1
DA:84,1
DA:85,4
DA:87,1
DA:88,0
DA:89,1
DA:90,1
DA:92,1
DA:95,1
DA:96,1
DA:98,1
DA:99,1
DA:100,1
DA:101,1
DA:102,2
DA:103,2
DA:113,1
DA:114,1
DA:117,3
DA:119,0
DA:124,1
DA:125,1
DA:128,3
DA:130,0
DA:137,3
DA:138,1
DA:139,2
DA:140,1
DA:143,3
DA:150,1
DA:153,2
DA:154,0
DA:155,1
DA:156,2
DA:158,5
DA:159,0
DA:160,1
DA:162,1
DA:163,3
DA:164,1
DA:166,1
DA:168,1
DA:169,1
DA:176,1
DA:177,1
DA:178,1
DA:180,1
DA:182,2
DA:188,3
DA:190,1
DA:193,1
DA:194,1
DA:195,1
DA:196,1
DA:197,2
DA:202,1
DA:203,1
DA:204,1
DA:206,2
DA:207,1
DA:209,2
DA:210,1
DA:212,1
DA:213,1
DA:214,1
DA:218,1
DA:219,1
DA:222,1
DA:224,1
DA:225,1
DA:226,1
DA:227,1
DA:228,1
DA:229,1
DA:230,1
DA:237,3
DA:238,0
DA:243,0
DA:244,0
DA:246,0
DA:247,0
DA:249,0
DA:250,0
DA:251,0
DA:253,0
DA:255,0
DA:274,0
DA:275,0
DA:277,0
DA:280,0
DA:281,0
DA:283,0
DA:284,0
DA:285,0
DA:286,0
DA:291,0
DA:292,0
DA:293,0
DA:295,0
DA:296,0
DA:297,0
LF:130
LH:96
end_of_record
SF:lib\features\studio\views\widgets\scale_editor_modal.dart
DA:12,0
DA:14,0
DA:15,0
DA:21,0
DA:23,0
DA:24,0
DA:27,0
DA:28,0
DA:31,0
DA:32,0
DA:33,0
DA:34,0
DA:40,0
DA:44,0
DA:45,0
DA:46,0
DA:47,0
DA:48,0
DA:52,0
DA:54,0
DA:55,0
DA:57,0
DA:59,0
DA:60,0
DA:61,0
DA:62,0
DA:64,0
DA:66,0
DA:67,0
DA:68,0
DA:70,0
DA:75,0
DA:77,0
DA:79,0
DA:80,0
DA:81,0
DA:87,0
DA:88,0
DA:90,0
DA:95,0
DA:98,0
DA:103,0
DA:104,0
DA:108,0
DA:109,0
DA:114,0
DA:115,0
DA:124,0
DA:125,0
DA:126,0
DA:128,0
DA:130,0
DA:131,0
DA:133,0
DA:135,0
DA:136,0
DA:138,0
DA:139,0
DA:140,0
DA:145,0
DA:146,0
DA:148,0
DA:150,0
DA:156,0
DA:157,0
DA:158,0
DA:162,0
DA:163,0
DA:170,0
DA:171,0
DA:172,0
DA:173,0
DA:175,0
DA:178,0
DA:186,0
DA:188,0
DA:189,0
DA:190,0
DA:191,0
DA:192,0
DA:194,0
DA:195,0
DA:204,0
DA:206,0
DA:207,0
DA:208,0
DA:214,0
DA:215,0
DA:216,0
DA:217,0
DA:218,0
DA:220,0
DA:221,0
DA:223,0
DA:231,0
DA:232,0
DA:234,0
DA:237,0
DA:248,0
DA:249,0
DA:250,0
DA:252,0
DA:254,0
DA:256,0
DA:257,0
DA:258,0
DA:259,0
DA:260,0
DA:262,0
DA:265,0
DA:267,0
DA:269,0
DA:270,0
DA:273,0
DA:274,0
DA:275,0
DA:281,0
DA:286,0
DA:287,0
DA:289,0
DA:290,0
DA:291,0
DA:293,0
DA:294,0
DA:296,0
DA:299,0
DA:300,0
DA:308,0
DA:309,0
DA:318,0
DA:319,0
DA:321,0
DA:322,0
DA:329,0
DA:330,0
DA:332,0
DA:334,0
DA:335,0
DA:337,0
DA:341,0
DA:342,0
DA:344,0
DA:347,0
DA:348,0
DA:354,0
DA:355,0
DA:366,0
DA:367,0
DA:368,0
DA:369,0
DA:371,0
DA:375,0
DA:376,0
DA:378,0
DA:381,0
DA:382,0
DA:387,0
DA:388,0
DA:389,0
DA:390,0
DA:400,0
DA:401,0
DA:402,0
DA:403,0
DA:405,0
DA:406,0
DA:408,0
DA:411,0
DA:412,0
DA:414,0
DA:417,0
DA:418,0
DA:423,0
DA:424,0
DA:425,0
DA:426,0
DA:452,0
DA:454,0
DA:456,0
DA:457,0
DA:459,0
DA:463,0
DA:464,0
DA:466,0
DA:469,0
DA:470,0
DA:476,0
DA:477,0
DA:478,0
DA:479,0
DA:490,0
DA:491,0
DA:492,0
DA:493,0
DA:495,0
DA:496,0
DA:498,0
DA:501,0
DA:502,0
DA:504,0
DA:507,0
DA:508,0
DA:513,0
DA:514,0
DA:515,0
DA:516,0
DA:528,0
DA:530,0
DA:531,0
DA:532,0
DA:533,0
DA:534,0
DA:539,0
DA:540,0
DA:541,0
DA:542,0
DA:544,0
DA:548,0
DA:549,0
DA:551,0
DA:554,0
DA:555,0
DA:560,0
DA:561,0
DA:574,0
DA:575,0
DA:576,0
DA:577,0
DA:579,0
DA:581,0
DA:583,0
DA:586,0
DA:587,0
DA:589,0
DA:592,0
DA:593,0
DA:598,0
DA:599,0
DA:600,0
DA:601,0
DA:612,0
DA:614,0
DA:615,0
DA:616,0
DA:617,0
DA:618,0
DA:623,0
DA:624,0
DA:625,0
DA:626,0
DA:628,0
DA:632,0
DA:633,0
DA:635,0
DA:638,0
DA:639,0
DA:644,0
DA:645,0
DA:659,0
DA:661,0
DA:662,0
DA:663,0
DA:664,0
DA:665,0
DA:666,0
DA:667,0
DA:669,0
DA:673,0
DA:674,0
DA:676,0
DA:679,0
DA:680,0
DA:685,0
DA:686,0
DA:687,0
DA:688,0
DA:691,0
DA:700,0
DA:702,0
DA:704,0
DA:706,0
DA:713,0
DA:714,0
DA:715,0
DA:716,0
DA:718,0
DA:719,0
DA:721,0
DA:725,0
DA:726,0
DA:728,0
DA:731,0
DA:732,0
DA:739,0
DA:740,0
DA:741,0
DA:743,0
DA:746,0
DA:756,0
DA:757,0
DA:758,0
DA:762,0
DA:763,0
DA:771,0
DA:772,0
DA:774,0
DA:776,0
DA:777,0
DA:779,0
DA:780,0
DA:785,0
DA:786,0
DA:788,0
DA:789,0
DA:793,0
DA:794,0
DA:803,0
DA:804,0
DA:809,0
DA:810,0
DA:811,0
DA:812,0
DA:814,0
DA:815,0
DA:817,0
DA:821,0
DA:822,0
DA:824,0
DA:825,0
DA:828,0
DA:829,0
DA:840,0
DA:841,0
DA:843,0
DA:844,0
DA:856,0
DA:858,0
DA:859,0
DA:860,0
DA:861,0
DA:862,0
DA:864,0
DA:865,0
DA:867,0
DA:871,0
DA:872,0
DA:874,0
DA:877,0
DA:878,0
DA:883,0
DA:884,0
DA:895,0
DA:896,0
DA:898,0
DA:899,0
DA:901,0
DA:903,0
DA:905,0
DA:908,0
DA:909,0
DA:911,0
DA:914,0
DA:915,0
DA:930,0
DA:931,0
DA:933,0
DA:934,0
DA:936,0
LF:368
LH:0
end_of_record
SF:lib\features\studio\views\widgets\xai\fallback_error_card.dart
DA:9,1
DA:15,1
DA:17,1
DA:19,1
DA:22,1
DA:23,3
DA:24,1
DA:25,3
DA:26,2
DA:27,2
DA:28,2
DA:31,1
DA:33,1
DA:34,1
DA:35,1
DA:36,1
DA:38,2
DA:42,1
DA:43,1
DA:44,1
DA:45,3
DA:46,2
DA:56,1
DA:57,1
DA:58,3
DA:59,2
LF:26
LH:26
end_of_record
SF:lib\features\studio\views\widgets\expected_input_editor_box.dart
DA:12,1
DA:19,1
DA:20,1
DA:29,1
DA:31,1
DA:32,5
DA:33,2
DA:34,3
DA:36,4
DA:37,4
DA:40,1
DA:41,2
DA:42,0
DA:46,0
DA:47,0
DA:48,0
DA:49,0
DA:54,0
DA:56,0
DA:57,0
DA:58,0
DA:60,0
DA:61,0
DA:65,1
DA:67,3
DA:68,3
DA:70,2
DA:71,2
DA:73,2
DA:74,2
DA:75,2
DA:76,2
DA:77,1
DA:80,0
DA:81,0
DA:84,1
DA:86,1
DA:87,2
DA:88,2
DA:90,1
DA:93,1
DA:94,4
DA:95,1
DA:97,1
DA:99,1
DA:101,1
DA:102,1
DA:104,1
DA:105,1
DA:106,1
DA:107,1
DA:108,1
DA:109,1
DA:110,1
DA:115,1
DA:116,1
DA:118,3
DA:120,1
DA:121,2
DA:126,1
DA:128,1
DA:129,1
DA:130,2
DA:131,1
DA:132,0
DA:133,0
DA:136,1
DA:137,2
DA:138,1
DA:139,0
DA:140,0
DA:141,0
DA:142,0
DA:143,0
DA:145,0
DA:146,0
DA:150,1
DA:151,2
DA:152,1
DA:153,0
DA:154,0
DA:160,1
DA:161,1
DA:164,1
DA:166,3
DA:167,1
DA:168,1
DA:169,1
DA:170,1
DA:171,1
DA:172,1
DA:173,1
DA:174,1
DA:175,0
DA:176,0
DA:177,0
DA:180,0
DA:181,0
DA:182,0
DA:185,0
DA:186,0
DA:188,0
DA:189,0
DA:193,0
DA:194,0
DA:198,0
DA:199,0
DA:203,0
DA:204,0
DA:205,0
DA:210,1
DA:215,1
DA:216,1
DA:217,1
DA:218,0
DA:219,0
DA:223,1
DA:224,1
DA:225,1
DA:226,0
DA:227,0
DA:231,1
DA:232,1
DA:233,1
DA:235,1
DA:236,1
DA:241,1
DA:243,1
DA:244,1
DA:245,1
DA:246,3
DA:252,1
DA:254,1
DA:255,1
DA:256,1
DA:257,3
DA:264,1
DA:266,0
DA:267,0
DA:274,0
DA:282,0
DA:283,0
DA:285,0
DA:287,0
DA:288,0
DA:289,0
DA:291,0
DA:293,0
DA:294,0
DA:295,0
DA:297,0
DA:298,0
DA:302,0
DA:303,0
DA:304,0
DA:306,0
DA:308,0
DA:310,0
DA:311,0
DA:312,0
DA:313,0
DA:314,0
DA:315,0
DA:316,0
DA:318,0
DA:319,0
DA:325,0
DA:326,0
DA:327,0
DA:328,0
DA:330,0
DA:331,0
DA:332,0
DA:338,0
DA:339,0
DA:341,0
DA:342,0
DA:343,0
DA:345,0
DA:346,0
DA:347,0
DA:348,0
DA:355,0
DA:356,0
DA:357,0
DA:358,0
DA:359,0
DA:360,0
DA:361,0
DA:370,0
DA:371,0
DA:372,0
DA:373,0
DA:374,0
DA:382,0
DA:385,0
LF:196
LH:92
end_of_record
SF:lib\features\studio\views\widgets\profile\layout_editor_card.dart
DA:17,1
DA:25,0
DA:26,0
DA:27,0
DA:35,0
DA:38,1
DA:40,1
DA:42,1
DA:44,1
DA:45,1
DA:47,1
DA:48,1
DA:49,1
DA:52,1
DA:53,1
DA:55,2
DA:60,2
DA:61,0
DA:63,0
DA:66,1
DA:69,2
DA:70,1
DA:71,1
DA:73,2
DA:74,0
DA:75,0
DA:76,0
DA:77,0
DA:79,0
DA:80,0
DA:81,0
DA:82,0
DA:98,1
DA:105,1
DA:107,2
DA:109,1
DA:112,1
DA:113,1
DA:114,2
DA:116,1
DA:117,2
DA:118,1
DA:120,4
DA:122,1
DA:123,4
DA:124,0
DA:125,0
DA:128,1
DA:129,2
DA:130,1
DA:133,1
DA:134,1
DA:135,2
DA:142,2
DA:143,3
DA:144,1
DA:145,0
DA:147,0
DA:152,1
DA:154,2
DA:155,0
DA:156,0
DA:157,0
LF:63
LH:42
end_of_record
SF:lib\features\studio\views\widgets\xai\matrix_observability_accordion.dart
DA:13,1
DA:23,1
DA:25,1
DA:27,1
DA:30,1
DA:31,2
DA:32,1
DA:34,1
DA:36,1
DA:38,1
DA:39,1
DA:40,1
DA:41,1
DA:43,2
DA:47,1
DA:48,1
DA:50,1
DA:51,1
DA:52,1
DA:53,3
DA:59,1
DA:60,1
DA:61,2
DA:71,1
DA:72,1
DA:73,1
DA:74,1
DA:76,1
DA:77,2
DA:82,1
DA:83,1
DA:85,1
DA:86,2
DA:98,1
DA:104,1
DA:107,2
DA:110,1
DA:111,2
DA:113,1
DA:115,1
DA:117,1
DA:118,3
DA:120,1
DA:122,1
DA:123,1
DA:124,1
DA:125,3
DA:126,2
DA:134,1
DA:136,3
LF:50
LH:50
end_of_record
SF:lib\features\studio\views\widgets\profile\blocks\base_block_card.dart
DA:17,1
DA:29,1
DA:31,1
DA:32,1
DA:34,1
DA:37,1
DA:38,1
DA:39,1
DA:40,1
DA:41,1
DA:42,2
DA:45,1
DA:46,1
DA:47,2
DA:48,1
DA:50,1
DA:52,1
DA:53,1
DA:54,1
DA:55,1
DA:56,1
DA:58,1
DA:59,1
DA:60,1
DA:63,1
DA:64,1
DA:67,1
DA:68,1
DA:69,1
DA:70,1
DA:73,1
DA:74,1
DA:75,1
DA:79,4
DA:81,1
DA:82,1
DA:83,3
DA:84,1
DA:92,3
DA:93,1
DA:95,0
DA:96,1
DA:102,3
DA:106,1
LF:44
LH:43
end_of_record
SF:lib\features\studio\views\widgets\profile\blocks\block_card_registry.dart
DA:18,1
DA:20,1
DA:21,2
DA:22,1
DA:23,1
DA:24,1
DA:25,2
DA:26,1
DA:27,2
DA:28,1
DA:29,1
DA:30,1
DA:31,2
DA:32,2
DA:33,2
DA:37,1
DA:39,1
DA:40,1
DA:41,1
DA:42,1
DA:43,1
DA:44,1
DA:45,2
DA:46,1
DA:47,0
DA:48,2
DA:49,1
DA:50,1
DA:51,1
DA:52,2
DA:53,2
DA:54,2
DA:58,1
DA:69,1
DA:72,2
DA:78,2
DA:81,1
DA:82,1
DA:88,2
DA:95,2
DA:103,2
DA:109,2
DA:112,1
DA:113,1
DA:119,2
DA:125,2
DA:128,1
DA:129,1
DA:138,2
DA:141,1
DA:142,1
DA:151,2
DA:157,2
DA:160,1
DA:161,1
DA:167,2
DA:170,1
DA:171,1
DA:177,2
DA:180,1
DA:181,1
DA:191,1
DA:192,1
LF:63
LH:62
end_of_record
SF:lib\features\studio\views\widgets\profile\blocks\matrix_graphs_block_card.dart
DA:20,1
DA:29,1
DA:31,1
DA:32,3
DA:36,2
DA:37,1
DA:38,1
DA:40,1
DA:42,1
DA:43,1
DA:46,1
DA:47,0
DA:48,0
DA:50,0
DA:51,0
DA:54,0
DA:56,0
DA:58,1
DA:60,1
DA:61,1
DA:62,1
DA:64,1
DA:65,1
DA:66,3
DA:70,0
DA:71,0
DA:72,0
DA:74,0
DA:75,0
DA:78,0
DA:79,0
DA:80,0
DA:81,0
DA:82,0
DA:84,0
DA:85,0
DA:86,0
DA:88,0
DA:90,0
DA:91,0
DA:92,0
DA:94,0
DA:95,0
DA:99,1
DA:100,1
DA:102,1
DA:103,1
DA:104,1
DA:105,2
DA:107,1
DA:113,5
DA:116,2
LF:52
LH:27
end_of_record
SF:lib\features\studio\views\widgets\profile\blocks\matrix_summary_table_card.dart
DA:25,1
DA:32,1
DA:33,2
DA:34,4
DA:35,1
DA:43,1
DA:44,3
DA:45,1
DA:46,3
DA:48,1
DA:49,1
DA:51,0
DA:53,5
DA:56,1
DA:58,1
DA:59,3
DA:62,1
DA:64,1
DA:66,1
DA:67,1
DA:70,1
DA:71,0
DA:72,0
DA:74,0
DA:75,0
DA:78,0
DA:80,0
DA:82,1
DA:84,1
DA:85,1
DA:86,1
DA:87,1
DA:89,3
DA:92,1
DA:95,2
DA:96,2
DA:99,1
DA:100,1
DA:102,1
DA:103,1
DA:104,1
DA:107,2
DA:109,0
DA:111,1
DA:112,2
DA:116,1
DA:118,3
DA:120,1
DA:121,1
DA:122,1
DA:124,3
DA:127,2
DA:128,1
DA:130,1
DA:131,1
DA:132,2
DA:133,0
DA:134,0
DA:135,0
DA:137,0
DA:138,0
DA:140,0
DA:142,0
DA:143,0
DA:144,0
LF:65
LH:48
end_of_record
SF:lib\features\studio\views\widgets\profile\blocks\metadata_block_card.dart
DA:25,1
DA:32,1
DA:34,1
DA:35,3
DA:39,1
DA:41,1
DA:42,1
DA:45,1
DA:46,1
DA:47,3
DA:49,0
DA:50,0
DA:53,1
DA:55,5
DA:57,1
DA:59,1
DA:60,1
DA:61,1
DA:62,1
DA:64,3
DA:67,1
DA:70,2
DA:71,3
DA:72,1
DA:73,1
DA:75,0
DA:76,0
DA:78,0
DA:79,0
DA:82,0
DA:84,0
DA:87,1
LF:32
LH:24
end_of_record
SF:lib\features\studio\views\widgets\profile\blocks\simple_toggle_block_card.dart
DA:17,1
DA:28,1
DA:30,4
DA:32,1
DA:33,1
DA:34,1
DA:35,1
DA:36,1
DA:38,1
DA:39,1
DA:40,3
DA:42,2
DA:43,2
DA:46,0
DA:48,5
LF:15
LH:14
end_of_record
SF:lib\features\studio\views\widgets\profile\blocks\xai_extensions_block_card.dart
DA:16,1
DA:23,1
DA:25,1
DA:26,3
DA:30,1
DA:31,4
DA:34,1
DA:35,1
DA:36,1
DA:37,1
DA:38,2
DA:39,1
DA:40,1
DA:41,1
DA:43,1
DA:45,1
DA:47,1
DA:48,1
DA:51,1
DA:52,0
DA:53,0
DA:55,0
DA:56,0
DA:59,0
DA:61,0
DA:63,1
DA:65,1
DA:66,1
DA:67,1
DA:68,1
DA:70,3
DA:74,3
DA:77,1
DA:78,1
DA:79,2
DA:80,1
DA:81,1
DA:82,1
DA:83,2
DA:84,3
DA:85,0
DA:86,0
DA:87,0
DA:90,0
DA:92,0
DA:94,0
DA:95,0
DA:101,1
DA:107,0
DA:110,1
DA:111,1
DA:112,1
DA:113,1
DA:115,1
DA:116,1
DA:117,3
DA:118,3
DA:120,1
DA:124,2
DA:125,3
DA:126,0
DA:127,0
DA:128,0
DA:136,1
DA:138,1
DA:139,4
DA:140,3
DA:142,1
DA:143,1
DA:147,0
DA:148,0
DA:150,0
DA:153,0
DA:154,0
DA:157,0
DA:158,0
DA:159,0
DA:172,1
DA:174,2
DA:175,2
DA:176,0
DA:177,0
DA:178,0
DA:179,0
DA:180,0
DA:181,0
DA:182,0
DA:183,0
DA:184,0
DA:185,0
DA:186,0
DA:187,0
DA:188,0
LF:93
LH:55
end_of_record
SF:lib\features\studio\views\output_profile_crud_view.dart
DA:20,1
DA:22,1
DA:24,1
DA:25,3
DA:26,4
DA:29,2
DA:30,3
DA:33,4
DA:34,3
DA:35,1
DA:39,0
DA:42,3
DA:44,1
DA:45,1
DA:46,1
DA:47,2
DA:48,1
DA:49,1
DA:50,2
DA:51,2
DA:52,2
DA:55,1
DA:56,1
DA:57,0
DA:67,1
DA:68,1
DA:69,1
DA:71,3
DA:73,0
DA:74,0
DA:75,1
DA:77,1
DA:78,1
DA:79,1
DA:81,2
DA:86,1
DA:88,1
DA:89,1
DA:90,2
DA:91,2
DA:92,2
DA:102,1
DA:109,2
DA:112,2
DA:113,1
DA:114,0
DA:117,2
DA:119,5
DA:122,5
DA:123,1
DA:125,1
DA:126,2
DA:127,1
DA:128,2
DA:129,3
DA:132,1
DA:134,1
DA:136,2
DA:137,2
DA:138,2
DA:139,1
DA:140,3
DA:141,3
DA:147,0
DA:153,0
DA:154,0
DA:156,0
DA:158,0
DA:159,0
DA:162,0
DA:164,0
DA:165,0
DA:166,0
DA:167,0
DA:168,0
DA:169,0
DA:170,0
DA:172,0
DA:173,0
DA:174,0
DA:176,0
DA:177,0
DA:183,0
DA:186,0
DA:187,0
DA:188,0
DA:190,0
DA:192,0
DA:193,0
DA:194,0
DA:195,0
LF:91
LH:58
end_of_record
SF:lib\features\studio\views\widgets\profile\tabs\profile_general_tab.dart
DA:14,1
DA:16,1
DA:18,1
DA:19,4
DA:20,2
DA:22,1
DA:25,0
DA:26,0
DA:29,1
DA:31,1
DA:32,1
DA:33,1
DA:35,1
DA:37,1
DA:38,1
DA:39,1
DA:40,1
DA:41,1
DA:47,1
DA:48,1
DA:49,1
DA:50,1
DA:53,0
DA:54,0
DA:59,3
DA:60,1
DA:61,1
DA:62,2
DA:63,1
DA:67,4
DA:68,1
DA:69,1
DA:72,1
DA:73,1
DA:76,2
DA:77,1
DA:78,1
DA:80,1
DA:81,1
DA:85,2
DA:86,1
DA:87,1
DA:89,1
DA:90,2
DA:91,1
DA:93,1
DA:94,1
DA:100,0
DA:102,0
DA:108,1
DA:111,0
DA:112,0
DA:116,1
DA:117,1
DA:118,1
DA:119,0
DA:120,0
DA:124,1
DA:125,1
DA:126,1
DA:127,0
DA:129,0
DA:130,0
DA:131,0
DA:132,0
DA:137,1
DA:138,1
DA:139,1
DA:140,0
DA:142,0
DA:143,0
DA:144,0
DA:145,0
LF:73
LH:53
end_of_record
SF:lib\features\studio\views\widgets\profile\tabs\profile_scoring_tab.dart
DA:14,1
DA:16,1
DA:18,1
DA:19,4
DA:20,1
DA:23,0
DA:24,0
DA:27,1
DA:29,1
DA:30,1
DA:31,1
DA:33,1
DA:35,1
DA:36,1
DA:37,1
DA:38,1
DA:42,1
DA:43,1
DA:44,1
DA:47,1
DA:48,1
DA:50,1
DA:51,1
DA:55,1
DA:57,1
DA:58,1
DA:62,1
DA:64,1
DA:65,1
DA:70,0
DA:72,0
DA:79,1
DA:80,1
DA:81,3
DA:84,1
DA:85,1
DA:86,1
DA:90,1
DA:91,1
DA:93,1
DA:94,0
DA:97,2
DA:98,1
DA:99,1
DA:100,1
DA:101,1
DA:102,1
DA:103,2
DA:104,2
DA:105,2
DA:106,2
DA:109,1
DA:110,0
DA:111,0
DA:117,1
DA:118,1
DA:119,1
DA:123,1
DA:124,1
DA:125,1
DA:128,1
DA:129,1
DA:131,1
DA:132,1
DA:136,2
DA:137,1
DA:139,1
DA:140,1
DA:141,1
DA:142,1
DA:143,1
DA:144,1
DA:145,1
DA:146,1
DA:147,1
DA:152,0
DA:153,0
DA:159,2
DA:161,1
DA:162,2
DA:163,1
DA:164,1
DA:166,1
DA:169,1
DA:170,1
DA:171,1
DA:172,0
DA:173,0
DA:177,1
DA:178,1
DA:179,1
DA:180,1
DA:181,1
DA:187,2
LF:94
LH:83
end_of_record
SF:lib\features\studio\views\widgets\profile\tabs\profile_layouts_tab.dart
DA:16,1
DA:18,1
DA:20,1
DA:21,4
DA:22,1
DA:25,2
DA:26,2
DA:27,2
DA:29,0
DA:30,0
DA:33,1
DA:36,1
DA:37,0
DA:38,0
DA:39,0
DA:40,0
DA:43,0
DA:44,0
DA:47,0
DA:48,0
DA:49,0
DA:51,0
DA:52,0
DA:53,0
DA:54,0
DA:55,0
DA:56,0
DA:58,0
DA:64,1
DA:65,1
DA:67,1
DA:68,1
DA:69,1
DA:71,1
DA:72,1
DA:73,1
DA:74,1
DA:75,3
DA:87,0
DA:88,0
DA:90,0
DA:92,0
DA:93,0
DA:95,0
DA:96,0
DA:97,0
DA:98,0
DA:100,0
DA:102,0
DA:103,0
DA:104,0
DA:109,0
DA:110,0
DA:111,0
DA:114,0
DA:117,0
DA:118,0
DA:119,0
DA:121,0
DA:122,0
DA:123,0
DA:124,0
DA:126,0
DA:127,0
DA:128,0
DA:130,0
DA:131,0
DA:134,0
DA:139,0
DA:147,0
DA:149,0
DA:151,0
DA:153,0
DA:154,0
DA:155,0
DA:156,0
DA:159,0
DA:161,0
DA:163,0
DA:164,0
DA:165,0
DA:166,0
DA:171,0
DA:174,0
DA:175,0
DA:177,0
DA:178,0
DA:179,0
DA:180,0
DA:181,0
DA:182,0
DA:183,0
DA:187,0
LF:93
LH:20
end_of_record
SF:lib\features\studio\views\widgets\profile\blocks\bibliography_block_card.dart
DA:15,1
DA:22,1
DA:24,1
DA:25,3
DA:29,1
DA:31,1
DA:32,1
DA:35,1
DA:36,0
DA:37,0
DA:39,0
DA:40,0
DA:43,0
DA:45,0
DA:47,1
DA:49,1
DA:50,1
DA:51,3
LF:18
LH:12
end_of_record
SF:lib\features\studio\views\widgets\profile\blocks\synthesis_text_block_card.dart
DA:19,1
DA:27,1
DA:29,1
DA:30,3
DA:33,2
DA:34,2
DA:36,1
DA:38,1
DA:39,1
DA:42,1
DA:43,0
DA:44,0
DA:46,0
DA:47,0
DA:50,0
DA:52,0
DA:54,1
DA:56,1
DA:57,1
DA:58,1
DA:59,1
DA:61,3
DA:64,1
DA:65,1
DA:67,1
DA:69,1
DA:70,1
DA:72,1
DA:73,1
DA:75,2
DA:77,1
DA:78,0
DA:80,0
DA:81,0
DA:82,0
DA:83,0
DA:84,0
DA:85,0
DA:86,0
DA:92,0
DA:93,0
DA:94,0
DA:95,0
DA:101,1
DA:102,1
DA:103,2
DA:104,0
DA:105,0
DA:106,0
DA:107,0
DA:113,1
DA:114,1
DA:115,1
DA:116,0
DA:117,0
DA:118,0
DA:119,0
DA:120,0
LF:58
LH:31
end_of_record
SF:lib\features\studio\views\widgets\profile\blocks\matrix_graph_item_editor.dart
DA:20,0
DA:30,0
DA:32,0
DA:33,0
DA:34,0
DA:35,0
DA:36,0
DA:38,0
DA:40,0
DA:41,0
DA:43,0
DA:46,0
DA:47,0
DA:48,0
DA:50,0
DA:51,0
DA:52,0
DA:54,0
DA:56,0
DA:57,0
DA:58,0
DA:59,0
DA:62,0
DA:63,0
DA:64,0
DA:67,0
DA:68,0
DA:69,0
DA:70,0
DA:72,0
DA:74,0
DA:76,0
DA:78,0
DA:80,0
DA:82,0
DA:84,0
DA:85,0
DA:91,0
DA:96,0
DA:97,0
DA:100,0
DA:101,0
DA:105,0
DA:106,0
DA:107,0
DA:108,0
DA:109,0
DA:110,0
DA:114,0
DA:116,0
DA:117,0
DA:132,0
DA:134,0
DA:135,0
DA:136,0
DA:137,0
DA:142,0
DA:149,0
DA:150,0
DA:151,0
DA:152,0
DA:154,0
DA:155,0
DA:157,0
DA:159,0
DA:162,0
DA:163,0
DA:167,0
DA:168,0
DA:170,0
DA:172,0
DA:173,0
DA:174,0
DA:175,0
DA:176,0
DA:178,0
DA:180,0
DA:181,0
DA:182,0
DA:183,0
DA:189,0
DA:190,0
DA:191,0
DA:192,0
DA:194,0
DA:195,0
DA:197,0
DA:199,0
DA:200,0
DA:201,0
LF:90
LH:0
end_of_record
SF:lib\features\studio\views\widgets\profile\tabs\profile_metadata_section.dart
DA:11,1
DA:23,1
DA:25,1
DA:26,4
DA:27,1
DA:30,0
DA:31,0
DA:34,1
DA:36,1
DA:37,1
DA:38,1
DA:39,3
DA:42,2
DA:44,2
DA:45,2
DA:46,2
DA:47,2
DA:48,2
DA:49,2
DA:50,2
DA:53,1
DA:54,1
DA:55,2
DA:56,0
DA:57,0
DA:58,0
DA:59,0
DA:61,0
DA:63,0
DA:64,0
DA:65,0
DA:67,0
LF:32
LH:21
end_of_record
SF:lib\features\studio\views\widgets\profile\tabs\profile_xai_extensions_section.dart
DA:13,1
DA:15,1
DA:17,1
DA:18,4
DA:19,1
DA:22,1
DA:23,3
DA:26,0
DA:27,0
DA:30,1
DA:32,1
DA:33,1
DA:34,1
DA:35,1
DA:40,3
DA:42,1
DA:43,1
DA:44,2
DA:45,1
DA:46,1
DA:47,1
DA:48,2
DA:49,2
DA:50,0
DA:51,0
DA:52,0
DA:54,0
DA:55,0
DA:57,0
DA:59,0
DA:60,0
DA:68,1
DA:69,0
DA:73,1
DA:74,1
DA:75,1
DA:79,1
DA:82,1
DA:85,2
DA:87,1
DA:88,1
DA:89,1
DA:90,1
DA:91,0
DA:93,1
DA:94,1
DA:95,2
DA:96,0
DA:97,0
DA:98,0
DA:100,0
DA:101,0
DA:103,0
DA:105,0
DA:106,0
DA:114,1
DA:121,1
DA:123,2
DA:124,2
DA:125,0
DA:126,0
DA:127,0
DA:128,0
DA:129,0
DA:130,0
DA:131,0
DA:132,0
DA:133,0
DA:134,0
DA:135,0
DA:136,0
DA:137,0
LF:72
LH:39
end_of_record
