SF:lib\core\api\sse_client.g.dart
DA:14,3
DA:22,1
DA:23,1
DA:33,0
DA:34,0
DA:36,0
DA:39,0
DA:41,0
DA:43,0
DA:47,1
DA:48,1
DA:50,1
DA:55,0
LF:13
LH:6
end_of_record
SF:lib\core\api\sse_client.dart
DA:13,0
DA:15,0
DA:16,0
DA:17,0
DA:28,1
DA:34,1
DA:35,2
DA:36,1
DA:37,1
DA:39,1
DA:40,1
DA:41,1
DA:46,2
DA:48,0
DA:53,1
DA:54,2
DA:55,1
DA:57,2
DA:58,1
DA:59,2
DA:60,1
DA:64,2
DA:65,1
DA:66,1
DA:67,1
DA:68,1
DA:69,1
DA:70,2
DA:71,2
DA:79,0
LF:30
LH:24
end_of_record
SF:lib\core\logging\logger_service.g.dart
DA:14,21
DA:22,7
DA:23,7
DA:33,2
DA:34,2
DA:36,2
DA:39,2
DA:41,2
DA:43,2
DA:47,5
DA:48,5
DA:50,5
DA:55,2
LF:13
LH:13
end_of_record
SF:lib\core\logging\logger_service.dart
DA:14,2
DA:16,2
DA:23,2
DA:30,4
DA:31,2
DA:32,2
DA:33,2
DA:37,0
DA:38,0
DA:39,2
DA:47,0
DA:53,0
DA:65,0
DA:66,0
DA:67,0
DA:68,0
DA:71,0
DA:73,0
DA:77,0
DA:78,0
DA:79,0
DA:80,0
DA:81,0
DA:86,0
DA:87,0
DA:91,0
DA:97,0
DA:98,0
DA:104,0
DA:107,0
DA:116,0
DA:117,0
DA:121,0
DA:122,0
DA:126,0
DA:132,0
DA:142,0
DA:144,0
DA:145,0
DA:148,0
DA:151,0
DA:155,0
DA:157,0
DA:158,0
DA:159,0
DA:166,0
DA:168,0
DA:169,0
DA:170,0
DA:175,0
DA:176,0
DA:177,0
DA:178,0
DA:180,0
DA:181,0
DA:182,0
DA:187,0
DA:196,0
DA:197,0
DA:199,0
DA:200,0
DA:203,0
DA:204,0
DA:211,0
DA:213,0
DA:215,0
DA:218,0
DA:219,0
DA:222,0
DA:228,0
LF:70
LH:8
end_of_record
SF:lib\features\execution\models\execution_record.dart
DA:13,6
DA:20,3
DA:78,3
DA:79,3
DA:83,0
DA:84,0
DA:85,0
DA:86,0
LF:8
LH:4
end_of_record
SF:lib\features\execution\models\execution_record.g.dart
DA:9,3
DA:11,3
DA:14,3
DA:15,3
DA:60,3
DA:61,6
DA:62,6
DA:63,6
DA:64,9
DA:65,3
DA:67,4
DA:69,3
DA:71,3
DA:73,3
DA:75,3
DA:77,3
DA:79,3
DA:81,8
DA:82,3
DA:84,5
DA:86,3
DA:88,4
DA:90,3
DA:92,4
DA:94,3
DA:96,4
DA:98,3
DA:100,4
DA:102,3
DA:104,4
DA:106,3
DA:108,4
DA:110,3
DA:112,4
DA:114,3
DA:116,3
DA:118,3
DA:120,3
DA:122,3
DA:124,3
DA:126,1
DA:128,6
DA:129,6
DA:130,3
DA:132,3
DA:134,3
DA:136,3
DA:138,3
DA:140,3
DA:142,3
DA:144,3
DA:146,3
DA:148,3
DA:149,2
DA:150,1
DA:152,3
DA:154,3
DA:156,6
DA:157,3
DA:159,4
DA:160,2
DA:163,3
DA:165,3
DA:167,1
DA:168,1
DA:171,3
DA:173,3
DA:175,3
DA:177,3
DA:179,7
DA:180,6
DA:181,6
DA:182,6
DA:183,6
DA:184,6
DA:185,6
DA:227,0
DA:228,0
DA:229,0
DA:230,0
DA:231,0
DA:232,0
DA:233,0
DA:234,0
DA:235,0
DA:236,0
DA:237,0
DA:238,0
DA:239,0
DA:240,0
DA:241,0
DA:242,0
DA:243,0
DA:244,0
DA:245,0
DA:246,0
DA:247,0
DA:248,0
DA:249,0
DA:250,0
DA:251,0
DA:252,0
DA:253,0
DA:254,0
DA:255,0
DA:256,0
DA:257,0
DA:258,0
DA:259,0
DA:260,0
DA:261,0
DA:262,0
DA:263,0
DA:264,0
DA:265,0
DA:266,0
DA:267,0
DA:268,0
LF:118
LH:76
end_of_record
SF:lib\core\error\app_exception.dart
DA:13,11
DA:25,0
DA:26,0
DA:32,5
DA:33,10
DA:34,15
DA:36,0
DA:37,0
DA:38,0
DA:43,0
DA:47,0
DA:51,0
DA:55,0
DA:59,1
DA:60,1
DA:68,0
DA:76,0
DA:84,0
DA:92,0
DA:100,12
LF:20
LH:7
end_of_record
SF:lib\core\error\app_exception.g.dart
DA:9,0
DA:10,0
DA:11,0
DA:23,0
DA:24,0
DA:25,0
DA:26,0
DA:27,0
DA:29,0
DA:31,0
DA:32,0
DA:33,0
DA:35,0
DA:41,0
DA:42,0
DA:43,0
DA:44,0
DA:45,0
DA:46,0
DA:47,0
DA:48,0
DA:49,0
LF:22
LH:0
end_of_record
SF:lib\core\models\enums.dart
DA:117,0
DA:120,3
DA:123,3
DA:126,3
DA:138,3
DA:140,3
DA:142,3
DA:144,3
DA:146,3
DA:148,3
DA:150,3
DA:152,3
DA:154,3
DA:156,3
DA:158,3
DA:160,3
DA:162,3
DA:164,0
DA:166,0
LF:19
LH:16
end_of_record
SF:lib\core\utils\safe_isolate.dart
DA:5,6
DA:7,0
DA:9,6
LF:3
LH:2
end_of_record
SF:lib\features\execution\models\atom_result_dto.dart
DA:14,1
DA:15,1
DA:26,0
DA:27,0
DA:56,1
DA:57,1
LF:6
LH:4
end_of_record
SF:lib\features\execution\models\atom_result_dto.g.dart
DA:9,1
DA:10,2
DA:11,1
DA:12,1
DA:13,2
DA:14,2
DA:19,0
DA:20,0
DA:22,0
DA:23,0
DA:24,0
DA:25,0
DA:26,0
DA:27,0
DA:32,0
DA:33,0
DA:34,0
DA:35,0
DA:38,1
DA:40,1
DA:43,1
DA:44,1
DA:61,1
DA:62,2
DA:63,2
DA:64,1
DA:66,2
DA:68,1
DA:70,1
DA:72,1
DA:74,2
DA:75,1
DA:77,1
DA:79,1
DA:81,1
DA:83,1
DA:85,1
DA:87,1
DA:89,1
DA:91,0
DA:93,1
DA:95,1
DA:96,0
DA:97,0
DA:101,1
DA:103,1
DA:104,2
DA:106,1
DA:108,1
DA:109,2
DA:128,0
DA:129,0
DA:130,0
DA:131,0
DA:132,0
DA:133,0
DA:134,0
DA:135,0
DA:136,0
DA:137,0
DA:138,0
DA:139,0
DA:140,0
DA:141,0
LF:64
LH:35
end_of_record
SF:lib\features\execution\models\execution_create_request_dto.dart
DA:11,2
DA:23,1
DA:24,1
LF:3
LH:3
end_of_record
SF:lib\features\execution\models\execution_create_request_dto.g.dart
DA:9,1
DA:11,1
DA:14,1
DA:15,1
DA:25,1
DA:26,2
DA:27,2
DA:28,1
DA:30,1
DA:32,2
DA:33,1
DA:35,2
DA:49,0
DA:51,0
DA:52,0
DA:53,0
DA:54,0
DA:55,0
DA:56,0
LF:19
LH:12
end_of_record
SF:lib\features\execution\models\execution_metadata.dart
DA:11,1
DA:24,1
DA:25,1
LF:3
LH:3
end_of_record
SF:lib\features\execution\models\execution_metadata.g.dart
DA:9,1
DA:10,1
DA:13,1
DA:14,1
DA:24,1
DA:25,1
DA:27,2
DA:29,1
DA:31,2
DA:33,1
DA:35,1
DA:37,1
DA:39,2
DA:41,1
DA:43,1
DA:57,0
DA:58,0
DA:59,0
DA:60,0
DA:61,0
DA:62,0
DA:63,0
LF:22
LH:15
end_of_record
SF:lib\features\execution\models\execution_metrics_dto.dart
DA:17,3
DA:18,3
LF:2
LH:2
end_of_record
SF:lib\features\execution\models\execution_metrics_dto.g.dart
DA:9,3
DA:10,3
DA:13,3
DA:14,3
DA:23,3
DA:24,9
DA:25,9
DA:26,3
DA:28,6
DA:30,3
DA:32,6
DA:44,0
DA:46,0
DA:47,0
DA:48,0
DA:49,0
DA:50,0
LF:17
LH:11
end_of_record
SF:lib\features\execution\models\execution_step.dart
DA:10,1
DA:35,1
DA:36,1
LF:3
LH:3
end_of_record
SF:lib\features\execution\models\execution_step.g.dart
DA:9,1
DA:10,1
DA:13,1
DA:14,1
DA:35,1
DA:36,2
DA:37,2
DA:38,2
DA:39,2
DA:40,2
DA:41,2
DA:42,2
DA:43,1
DA:45,1
DA:47,1
DA:49,1
DA:51,1
DA:53,1
DA:55,1
DA:57,1
DA:59,1
DA:61,1
DA:63,1
DA:65,1
DA:67,1
DA:69,1
DA:71,1
DA:73,1
DA:75,1
DA:77,1
DA:99,0
DA:100,0
DA:101,0
DA:102,0
DA:103,0
DA:104,0
DA:105,0
DA:106,0
DA:107,0
DA:108,0
DA:109,0
DA:110,0
DA:111,0
DA:112,0
DA:113,0
DA:114,0
DA:115,0
DA:116,0
LF:48
LH:30
end_of_record
SF:lib\features\execution\models\report_data_v2_dto.dart
DA:60,5
DA:61,5
DA:65,2
DA:66,4
DA:67,2
DA:68,2
LF:6
LH:6
end_of_record
SF:lib\features\execution\models\report_data_v2_dto.g.dart
DA:9,5
DA:11,5
DA:14,5
DA:15,5
DA:47,5
DA:48,10
DA:49,10
DA:50,10
DA:51,10
DA:52,5
DA:54,5
DA:56,5
DA:58,5
DA:60,10
DA:61,5
DA:63,5
DA:65,10
DA:66,5
DA:68,5
DA:70,5
DA:72,5
DA:74,5
DA:76,5
DA:77,0
DA:78,0
DA:79,0
DA:83,5
DA:85,5
DA:87,10
DA:88,5
DA:90,5
DA:92,3
DA:94,5
DA:96,5
DA:98,3
DA:99,1
DA:102,5
DA:104,5
DA:106,5
DA:107,3
DA:110,5
DA:112,5
DA:113,3
DA:114,2
DA:116,1
DA:121,5
DA:123,5
DA:124,0
DA:126,10
DA:127,10
DA:128,5
DA:130,5
DA:132,10
DA:133,5
DA:135,5
DA:137,5
DA:139,5
DA:141,5
DA:143,5
DA:145,5
DA:147,5
DA:149,0
DA:150,0
DA:152,0
DA:188,0
DA:190,0
DA:191,0
DA:192,0
DA:193,0
DA:194,0
DA:195,0
DA:196,0
DA:197,0
DA:198,0
DA:199,0
DA:200,0
DA:201,0
DA:202,0
DA:203,0
DA:205,0
DA:206,0
DA:207,0
DA:208,0
DA:209,0
DA:210,0
DA:211,0
DA:213,0
DA:214,0
DA:215,0
DA:216,0
DA:217,0
DA:218,0
DA:219,0
DA:220,0
DA:221,0
LF:95
LH:57
end_of_record
SF:lib\features\execution\models\hydrated_atom_dto.dart
DA:17,1
DA:18,1
LF:2
LH:2
end_of_record
SF:lib\features\execution\models\hydrated_atom_dto.g.dart
DA:9,1
DA:10,1
DA:13,1
DA:14,1
DA:22,1
DA:23,1
DA:25,2
DA:27,2
DA:28,2
DA:39,0
DA:40,0
DA:41,0
DA:42,0
DA:43,0
LF:14
LH:9
end_of_record
SF:lib\features\execution\models\matrix_scorecard_dto.dart
DA:24,2
DA:25,2
DA:42,2
DA:43,2
DA:58,1
DA:59,1
DA:84,2
DA:85,2
DA:109,1
DA:110,1
DA:115,4
DA:178,2
DA:179,2
DA:182,5
DA:183,5
DA:184,10
DA:185,10
DA:186,15
DA:188,15
LF:19
LH:19
end_of_record
SF:lib\features\execution\models\matrix_scorecard_dto.g.dart
DA:9,2
DA:10,2
DA:13,2
DA:14,2
DA:23,2
DA:24,2
DA:26,2
DA:28,2
DA:30,2
DA:32,2
DA:34,2
DA:36,2
DA:38,2
DA:51,0
DA:52,0
DA:53,0
DA:54,0
DA:55,0
DA:56,0
DA:59,2
DA:61,2
DA:64,2
DA:65,2
DA:74,2
DA:75,4
DA:76,2
DA:78,2
DA:79,3
DA:81,2
DA:83,2
DA:84,2
DA:86,4
DA:97,0
DA:98,0
DA:99,0
DA:100,0
DA:101,0
DA:102,0
DA:105,1
DA:106,1
DA:109,1
DA:110,1
DA:120,0
DA:121,1
DA:123,2
DA:125,0
DA:126,0
DA:128,0
DA:129,0
DA:130,0
DA:132,0
DA:134,0
DA:135,0
DA:137,0
DA:150,0
DA:152,0
DA:153,0
DA:154,0
DA:155,0
DA:156,0
DA:157,0
DA:171,2
DA:172,2
DA:175,2
DA:176,2
DA:195,2
DA:196,4
DA:197,6
DA:198,4
DA:199,4
DA:200,2
DA:202,4
DA:204,2
DA:206,2
DA:207,2
DA:208,4
DA:210,2
DA:212,2
DA:214,4
DA:216,2
DA:218,4
DA:220,2
DA:222,2
DA:224,2
DA:226,2
DA:228,2
DA:230,2
DA:232,2
DA:234,2
DA:236,0
DA:238,2
DA:240,2
DA:242,2
DA:244,4
DA:265,0
DA:266,0
DA:267,0
DA:268,0
DA:269,0
DA:270,0
DA:271,0
DA:272,0
DA:273,0
DA:274,0
DA:275,0
DA:276,0
DA:277,0
DA:278,0
DA:279,0
DA:280,0
DA:292,1
DA:294,1
DA:297,1
DA:298,1
DA:316,1
DA:317,2
DA:318,2
DA:319,2
DA:320,2
DA:321,2
DA:322,2
DA:323,1
DA:325,1
DA:327,2
DA:328,1
DA:330,1
DA:332,1
DA:334,1
DA:335,3
DA:337,1
DA:339,1
DA:340,3
DA:342,2
DA:343,1
DA:345,2
DA:363,0
DA:364,0
DA:365,0
DA:366,0
DA:367,0
DA:368,0
DA:369,0
DA:370,0
DA:371,0
DA:372,0
DA:373,0
DA:374,0
DA:375,0
DA:376,0
DA:377,0
DA:380,2
DA:382,2
DA:385,2
DA:386,2
DA:428,2
DA:429,4
DA:430,4
DA:431,2
DA:433,4
DA:435,4
DA:436,4
DA:437,2
DA:439,2
DA:441,4
DA:442,4
DA:443,2
DA:445,2
DA:447,4
DA:448,4
DA:449,2
DA:451,2
DA:453,4
DA:454,4
DA:455,2
DA:457,2
DA:459,2
DA:461,2
DA:463,4
DA:464,4
DA:465,2
DA:467,2
DA:469,2
DA:471,2
DA:473,4
DA:474,4
DA:475,2
DA:477,4
DA:479,2
DA:481,2
DA:483,4
DA:484,2
DA:486,2
DA:488,3
DA:489,1
DA:492,2
DA:494,3
DA:495,2
DA:498,2
DA:500,3
DA:501,2
DA:504,2
DA:506,2
DA:507,0
DA:510,2
DA:512,3
DA:514,4
DA:515,2
DA:517,2
DA:519,2
DA:521,2
DA:523,2
DA:525,2
DA:527,2
DA:529,2
DA:531,2
DA:532,4
DA:534,2
DA:537,2
DA:539,2
DA:541,0
DA:542,0
DA:544,0
DA:547,2
DA:549,2
DA:550,0
DA:590,0
DA:592,0
DA:593,0
DA:594,0
DA:595,0
DA:596,0
DA:597,0
DA:598,0
DA:599,0
DA:600,0
DA:601,0
DA:602,0
DA:603,0
DA:604,0
DA:605,0
DA:606,0
DA:607,0
DA:608,0
DA:609,0
DA:610,0
DA:611,0
DA:612,0
DA:613,0
DA:614,0
DA:615,0
DA:616,0
DA:617,0
DA:618,0
DA:619,0
DA:620,0
DA:621,0
DA:622,0
DA:623,0
DA:624,0
DA:625,0
DA:626,0
DA:627,0
DA:628,0
DA:629,0
DA:630,0
DA:631,0
LF:266
LH:159
end_of_record
SF:lib\features\execution\models\tda_state.dart
DA:25,1
DA:26,1
LF:2
LH:2
end_of_record
SF:lib\features\execution\models\tda_state.g.dart
DA:9,0
DA:10,0
DA:11,0
DA:12,0
DA:13,0
DA:18,0
DA:19,0
DA:22,2
DA:25,1
DA:26,1
DA:35,0
DA:36,0
DA:37,0
DA:38,0
DA:39,0
DA:50,0
DA:51,0
DA:52,0
DA:53,0
DA:54,0
DA:57,0
DA:60,0
DA:61,0
DA:65,0
DA:66,0
DA:67,0
DA:68,0
DA:79,0
DA:80,0
DA:81,0
DA:82,0
LF:31
LH:3
end_of_record
SF:lib\shared\models\i18n_text.dart
DA:12,20
DA:18,9
DA:19,9
DA:22,2
DA:23,4
DA:24,12
DA:27,2
DA:30,1
DA:32,5
DA:33,2
DA:34,4
DA:45,12
DA:46,24
DA:47,60
DA:48,24
DA:49,48
DA:50,24
DA:55,4
DA:56,2
DA:57,2
DA:58,2
DA:59,4
DA:60,8
DA:61,4
DA:64,4
DA:65,4
DA:66,0
DA:69,2
DA:70,8
LF:29
LH:28
end_of_record
SF:lib\shared\models\i18n_text.g.dart
DA:9,9
DA:10,18
DA:11,9
DA:12,8
DA:13,9
DA:15,17
DA:21,6
DA:22,3
LF:8
LH:8
end_of_record
SF:lib\shared\models\sdui_block_dto.dart
DA:12,7
DA:169,5
DA:170,5
DA:182,2
DA:183,2
LF:5
LH:5
end_of_record
SF:lib\shared\models\sdui_block_dto.g.dart
DA:9,2
DA:11,2
DA:14,2
DA:15,2
DA:25,2
DA:26,4
DA:27,4
DA:28,2
DA:30,2
DA:31,8
DA:34,2
DA:36,2
DA:37,6
DA:39,4
DA:46,0
DA:47,0
DA:48,0
DA:49,0
DA:50,0
DA:51,0
DA:52,0
DA:55,2
DA:56,4
DA:57,2
DA:58,2
DA:59,4
DA:60,2
DA:62,2
DA:63,2
DA:64,2
DA:65,2
DA:67,2
DA:69,4
DA:74,0
DA:76,0
DA:77,0
DA:78,0
DA:79,0
DA:82,1
DA:84,1
DA:87,1
DA:88,1
DA:99,1
DA:100,2
DA:101,2
DA:102,2
DA:103,2
DA:104,1
DA:106,1
DA:108,3
DA:109,1
DA:112,2
DA:119,0
DA:120,0
DA:121,0
DA:122,0
DA:123,0
DA:124,0
DA:125,0
DA:126,0
DA:129,2
DA:131,2
DA:134,2
DA:135,2
DA:146,2
DA:147,4
DA:148,4
DA:149,2
DA:151,4
DA:153,2
DA:155,2
DA:156,4
DA:159,2
DA:161,2
DA:162,2
DA:164,4
DA:171,0
DA:172,0
DA:173,0
DA:174,0
DA:175,0
DA:176,0
DA:177,0
DA:178,0
DA:189,2
DA:191,2
DA:194,2
DA:195,2
DA:205,2
DA:206,4
DA:207,4
DA:208,2
DA:210,2
DA:211,4
DA:214,2
DA:216,2
DA:217,3
DA:219,4
DA:226,0
DA:228,0
DA:229,0
DA:230,0
DA:231,0
DA:232,0
DA:233,0
DA:236,5
DA:237,10
DA:238,5
DA:239,5
DA:240,10
DA:241,10
DA:242,10
DA:247,0
DA:248,0
DA:249,0
DA:250,0
DA:251,0
DA:254,2
DA:255,2
DA:258,2
DA:259,2
DA:269,2
DA:270,4
DA:271,4
DA:272,2
DA:274,8
DA:276,2
DA:278,10
DA:280,4
DA:290,0
DA:291,0
DA:292,0
DA:293,0
DA:294,0
DA:295,0
DA:296,0
DA:299,2
DA:301,2
DA:304,2
DA:305,2
DA:309,2
DA:310,4
DA:311,4
DA:312,4
DA:313,4
DA:320,0
DA:322,0
DA:323,0
DA:324,0
DA:325,0
DA:326,0
DA:329,2
DA:330,2
DA:333,2
DA:334,2
DA:343,2
DA:344,4
DA:345,2
DA:347,8
DA:349,4
DA:350,4
DA:360,0
DA:361,0
DA:362,0
DA:363,0
DA:364,0
DA:365,0
DA:368,2
DA:369,4
DA:370,2
DA:371,2
DA:372,4
DA:373,2
DA:375,2
DA:376,6
DA:377,2
DA:379,4
DA:384,0
DA:385,0
DA:386,0
DA:387,0
DA:388,0
DA:391,1
DA:393,1
DA:396,1
DA:397,1
DA:410,1
DA:411,2
DA:412,2
DA:413,1
DA:415,1
DA:416,3
DA:418,1
DA:420,1
DA:421,3
DA:423,2
DA:424,1
DA:426,2
DA:427,2
DA:430,1
DA:432,1
DA:434,2
DA:445,0
DA:446,0
DA:447,0
DA:448,0
DA:449,0
DA:450,0
DA:451,0
DA:452,0
DA:453,0
DA:454,0
DA:457,1
DA:459,1
DA:462,1
DA:463,1
DA:464,1
DA:465,2
DA:466,1
DA:468,2
DA:470,2
DA:477,0
DA:478,0
DA:479,0
DA:480,0
DA:481,0
DA:484,1
DA:485,2
DA:486,1
DA:487,1
DA:488,2
DA:489,2
DA:494,0
DA:496,0
DA:498,2
DA:500,4
DA:501,2
DA:502,2
DA:503,4
DA:504,2
DA:506,3
DA:508,2
DA:510,2
DA:512,1
DA:513,1
DA:514,1
DA:516,1
DA:519,4
DA:524,0
DA:526,0
DA:527,0
DA:528,0
DA:529,0
DA:530,0
DA:533,2
DA:535,4
DA:536,2
DA:537,2
DA:538,4
DA:539,2
DA:541,3
DA:543,2
DA:545,2
DA:547,1
DA:548,1
DA:549,1
DA:551,1
DA:554,4
DA:559,0
DA:561,0
DA:562,0
DA:563,0
DA:564,0
DA:565,0
DA:568,1
DA:570,2
DA:571,1
DA:572,1
DA:573,2
DA:574,1
DA:576,1
DA:578,1
DA:580,1
DA:582,0
DA:583,0
DA:584,0
DA:586,0
DA:589,2
DA:594,0
DA:596,0
DA:597,0
DA:598,0
DA:599,0
DA:600,0
DA:603,2
DA:605,4
DA:606,2
DA:607,2
DA:608,4
DA:609,2
DA:611,3
DA:613,2
DA:615,2
DA:617,1
DA:618,1
DA:619,1
DA:621,1
DA:624,4
DA:629,0
DA:630,0
DA:631,0
DA:632,0
DA:633,0
DA:634,0
DA:637,2
DA:639,2
DA:642,2
DA:643,2
DA:655,2
DA:656,4
DA:657,2
DA:659,3
DA:661,2
DA:663,2
DA:665,1
DA:666,1
DA:667,1
DA:669,1
DA:672,2
DA:674,2
DA:675,1
DA:676,1
DA:677,2
DA:681,2
DA:683,2
DA:684,1
DA:685,0
DA:686,0
DA:687,0
DA:692,2
DA:694,2
DA:695,3
DA:697,4
DA:709,0
DA:711,0
DA:712,0
DA:713,0
DA:714,0
DA:715,0
DA:716,0
DA:718,0
DA:719,0
DA:721,0
DA:722,0
DA:742,2
DA:744,4
DA:745,2
DA:746,2
DA:747,4
DA:748,2
DA:750,2
DA:751,8
DA:754,2
DA:756,2
DA:757,5
DA:763,0
DA:765,0
DA:766,0
DA:767,0
DA:768,0
LF:370
LH:242
end_of_record
SF:lib\core\api\execution_client.dart
DA:9,0
DA:11,0
DA:21,0
DA:27,0
DA:30,0
DA:32,0
DA:35,0
DA:40,0
DA:41,0
DA:42,0
DA:44,0
DA:48,0
DA:49,0
DA:50,0
DA:54,0
DA:59,0
DA:60,0
DA:61,0
DA:63,0
DA:67,0
DA:72,0
DA:73,0
DA:76,0
LF:23
LH:0
end_of_record
SF:lib\core\api\execution_client.g.dart
DA:14,6
DA:23,2
DA:24,2
DA:34,0
DA:35,0
DA:37,0
DA:40,0
DA:42,0
DA:44,0
DA:48,2
DA:49,2
DA:51,2
DA:56,0
LF:13
LH:6
end_of_record
SF:lib\core\network\api_client.g.dart
DA:13,3
DA:17,1
DA:18,1
DA:28,1
DA:29,1
DA:31,1
DA:34,1
DA:36,1
DA:38,1
DA:42,0
DA:43,0
DA:45,0
DA:50,1
LF:13
LH:10
end_of_record
SF:lib\core\network\api_client.dart
DA:33,0
DA:34,0
DA:37,0
DA:39,0
DA:41,0
DA:45,0
DA:50,0
DA:59,1
DA:62,2
DA:64,0
DA:65,0
DA:66,1
DA:69,0
DA:77,0
DA:80,0
DA:83,0
DA:86,0
DA:89,0
LF:18
LH:3
end_of_record
SF:lib\core\api\studio_client.dart
DA:11,1
DA:13,2
DA:23,1
DA:28,1
DA:29,2
DA:30,2
DA:34,0
DA:35,0
DA:36,0
DA:41,1
DA:45,3
DA:46,1
DA:50,0
DA:53,0
DA:57,0
DA:61,0
DA:62,0
DA:66,0
DA:67,0
DA:68,0
DA:72,0
DA:73,0
DA:74,0
DA:80,0
DA:81,0
DA:82,0
DA:86,0
DA:87,0
DA:88,0
DA:92,0
DA:96,0
DA:97,0
DA:101,0
DA:104,0
DA:105,0
DA:109,0
DA:110,0
DA:114,0
DA:115,0
DA:116,0
DA:120,0
DA:121,0
DA:122,0
DA:126,0
DA:127,0
DA:128,0
DA:130,0
DA:131,0
DA:137,0
DA:138,0
DA:139,0
DA:143,0
DA:144,0
DA:145,0
DA:149,0
DA:153,0
DA:154,0
DA:158,0
DA:159,0
DA:163,0
DA:166,0
DA:168,0
DA:170,0
DA:171,0
DA:176,0
DA:177,0
DA:178,0
DA:182,0
DA:183,0
DA:184,0
DA:189,0
DA:193,0
DA:195,0
DA:198,0
DA:201,0
DA:203,0
DA:205,0
DA:209,0
DA:210,0
DA:211,0
DA:212,0
DA:214,0
DA:215,0
DA:220,0
DA:221,0
DA:222,0
DA:226,0
DA:227,0
DA:228,0
DA:232,0
DA:233,0
DA:234,0
DA:238,0
DA:242,0
DA:243,0
DA:247,0
DA:248,0
DA:252,0
DA:253,0
DA:254,0
DA:258,0
DA:259,0
DA:260,0
DA:266,0
DA:267,0
DA:268,0
DA:272,0
DA:273,0
DA:274,0
DA:278,0
DA:282,0
DA:283,0
DA:287,0
DA:288,0
DA:292,0
DA:293,0
DA:294,0
DA:298,0
DA:299,0
DA:300,0
DA:306,0
DA:307,0
DA:308,0
DA:312,0
DA:313,0
DA:314,0
DA:318,0
DA:322,0
DA:323,0
DA:327,0
DA:328,0
DA:332,0
DA:333,0
DA:334,0
DA:338,0
DA:339,0
DA:340,0
LF:137
LH:9
end_of_record
SF:lib\core\api\studio_client.g.dart
DA:14,18
DA:22,6
DA:23,6
DA:33,1
DA:34,1
DA:36,1
DA:39,1
DA:41,1
DA:43,1
DA:47,5
DA:48,5
DA:50,5
DA:55,1
LF:13
LH:13
end_of_record
SF:lib\features\studio\models\gcp_location.dart
DA:10,0
DA:19,0
DA:20,0
LF:3
LH:0
end_of_record
SF:lib\features\studio\models\gcp_location.g.dart
DA:9,0
DA:10,0
DA:11,0
DA:12,0
DA:13,0
DA:14,0
DA:15,0
DA:20,0
DA:21,0
DA:22,0
DA:23,0
DA:24,0
LF:12
LH:0
end_of_record
SF:lib\features\studio\models\step_simulation.dart
DA:10,4
DA:18,0
DA:19,0
DA:24,0
DA:35,0
DA:36,0
DA:41,0
DA:54,0
DA:55,0
DA:60,1
DA:72,0
DA:73,0
DA:78,0
DA:89,0
DA:90,0
LF:15
LH:2
end_of_record
SF:lib\features\studio\models\step_simulation.g.dart
DA:9,0
DA:11,0
DA:14,0
DA:15,0
DA:19,0
DA:20,0
DA:22,0
DA:24,0
DA:26,0
DA:37,0
DA:39,0
DA:40,0
DA:41,0
DA:44,0
DA:45,0
DA:48,0
DA:49,0
DA:59,0
DA:60,0
DA:61,0
DA:62,0
DA:63,0
DA:64,0
DA:74,0
DA:75,0
DA:76,0
DA:77,0
DA:78,0
DA:79,0
DA:80,0
DA:83,0
DA:85,0
DA:88,0
DA:89,0
DA:93,0
DA:94,0
DA:96,0
DA:98,0
DA:99,0
DA:102,0
DA:104,0
DA:106,0
DA:107,0
DA:110,0
DA:112,0
DA:123,0
DA:125,0
DA:126,0
DA:127,0
DA:128,0
DA:131,0
DA:133,0
DA:136,0
DA:137,0
DA:146,0
DA:147,0
DA:149,0
DA:151,0
DA:153,0
DA:155,0
DA:157,0
DA:159,0
DA:161,0
DA:173,0
DA:175,0
DA:176,0
DA:177,0
DA:178,0
DA:179,0
DA:182,0
DA:184,0
DA:187,0
DA:188,0
DA:198,0
DA:199,0
DA:200,0
DA:202,0
DA:203,0
DA:205,0
DA:207,0
DA:209,0
DA:211,0
DA:213,0
DA:215,0
DA:217,0
DA:219,0
DA:230,0
DA:232,0
DA:233,0
DA:234,0
DA:235,0
DA:236,0
DA:237,0
LF:93
LH:0
end_of_record
SF:lib\core\environment\env.g.dart
DA:25,3
DA:54,1
DA:55,1
DA:65,1
DA:66,1
DA:68,1
DA:71,1
DA:73,1
DA:75,1
DA:79,0
DA:80,0
DA:82,0
DA:87,1
LF:13
LH:10
end_of_record
SF:lib\core\environment\env.dart
DA:19,1
DA:21,1
DA:30,3
DA:31,6
DA:32,0
DA:33,0
DA:42,1
DA:43,3
DA:44,1
DA:51,3
DA:54,0
DA:55,0
DA:56,0
DA:57,0
DA:58,0
DA:59,0
LF:16
LH:8
end_of_record
SF:lib\core\error\app_error_boundary.dart
DA:16,4
DA:18,4
DA:19,4
DA:26,4
DA:28,4
DA:29,8
DA:31,1
DA:32,1
DA:33,3
DA:34,2
DA:35,3
DA:36,1
DA:37,4
DA:39,4
DA:42,2
DA:43,2
DA:48,3
DA:52,4
DA:54,4
DA:55,4
DA:59,0
DA:60,0
DA:61,0
DA:65,1
DA:66,1
DA:67,1
DA:69,1
DA:70,1
DA:71,1
DA:72,1
DA:74,0
DA:75,0
DA:78,2
DA:79,0
DA:81,0
DA:82,0
DA:84,0
DA:87,1
DA:90,1
DA:91,2
DA:92,1
DA:93,2
DA:96,1
DA:98,1
DA:101,1
DA:102,1
DA:103,1
DA:104,1
DA:106,2
DA:109,1
DA:110,1
DA:111,1
DA:112,3
DA:113,2
DA:118,1
DA:121,1
DA:123,1
DA:124,1
DA:125,1
DA:126,1
DA:128,1
DA:130,2
DA:140,1
DA:142,3
DA:143,2
DA:154,4
DA:156,4
DA:158,2
DA:160,8
LF:69
LH:60
end_of_record
SF:lib\l10n\gen\app_localizations.dart
DA:65,46
DA:66,92
DA:70,44
DA:71,44
DA:9186,4
DA:9188,46
DA:9190,92
DA:9193,46
DA:9195,138
DA:9197,4
DA:9201,46
DA:9203,46
DA:9204,46
DA:9205,44
DA:9206,11
DA:9207,11
DA:9210,0
LF:17
LH:16
end_of_record
SF:lib\core\error\app_error_ext.dart
DA:11,3
DA:12,6
DA:13,12
DA:14,0
DA:16,6
DA:17,6
DA:18,0
DA:21,6
DA:22,6
DA:24,6
DA:25,4
DA:26,4
DA:27,4
DA:33,0
DA:34,0
DA:36,0
DA:38,0
DA:44,3
DA:45,0
DA:47,3
DA:48,3
DA:51,1
DA:52,0
DA:53,0
DA:55,0
DA:58,1
DA:59,0
DA:60,0
DA:63,0
DA:64,0
DA:65,0
DA:66,0
DA:67,0
DA:68,0
DA:69,0
DA:70,0
DA:71,0
DA:72,0
DA:76,1
DA:82,3
DA:85,3
DA:86,0
DA:87,3
DA:88,3
DA:91,3
DA:92,3
DA:93,3
DA:94,3
DA:97,3
DA:98,3
DA:99,3
DA:100,0
DA:103,3
DA:104,3
DA:105,3
DA:106,6
DA:109,1
DA:110,1
DA:111,1
DA:112,1
DA:113,0
DA:116,1
DA:119,1
DA:120,0
DA:121,1
DA:122,0
DA:123,1
DA:124,0
DA:125,1
DA:126,1
DA:127,0
DA:128,1
DA:129,3
DA:131,0
LF:74
LH:44
end_of_record
SF:lib\core\models\prompt_block_category.dart
DA:22,2
DA:24,2
DA:26,2
DA:28,2
DA:30,2
DA:32,2
DA:34,2
DA:36,2
DA:41,2
DA:42,2
DA:43,6
DA:44,0
DA:45,0
DA:51,1
DA:52,1
DA:54,1
DA:55,1
DA:56,1
DA:57,1
DA:58,1
DA:59,1
DA:60,1
DA:61,1
DA:62,1
DA:63,1
DA:64,1
DA:65,1
DA:66,1
DA:67,1
LF:29
LH:27
end_of_record
SF:lib\core\network\interceptors\auth_interceptor.dart
DA:19,0
DA:21,0
DA:27,0
DA:28,0
DA:32,0
DA:33,0
DA:36,0
DA:37,0
DA:39,0
DA:40,0
DA:43,0
DA:51,0
DA:53,0
DA:57,0
LF:14
LH:0
end_of_record
SF:lib\core\network\interceptors\error_interceptor.dart
DA:9,0
DA:11,0
DA:14,0
DA:15,0
DA:16,0
DA:19,0
DA:20,0
DA:22,0
DA:24,0
DA:26,0
DA:31,0
DA:32,0
DA:36,0
DA:37,0
DA:38,0
DA:39,0
DA:40,0
DA:41,0
DA:42,0
DA:49,0
DA:50,0
DA:51,0
DA:54,0
DA:56,0
DA:58,0
DA:59,0
DA:60,0
DA:61,0
DA:62,0
DA:68,0
DA:70,0
DA:71,0
DA:73,0
DA:75,0
DA:76,0
DA:77,0
DA:81,0
DA:82,0
DA:83,0
DA:84,0
DA:85,0
DA:86,0
DA:94,0
DA:95,0
DA:96,0
DA:97,0
DA:98,0
DA:99,0
DA:100,0
DA:101,0
DA:102,0
DA:103,0
DA:110,0
DA:111,0
DA:112,0
DA:113,0
DA:114,0
DA:115,0
DA:116,0
DA:117,0
DA:118,0
DA:119,0
DA:126,0
DA:127,0
DA:128,0
DA:129,0
DA:130,0
DA:131,0
DA:132,0
DA:139,0
DA:140,0
DA:141,0
DA:142,0
DA:143,0
DA:144,0
LF:75
LH:0
end_of_record
SF:lib\core\network\interceptors\dio_logger_interceptor.dart
DA:8,0
DA:10,0
DA:12,0
DA:14,0
DA:15,0
DA:18,0
DA:20,0
DA:22,0
DA:24,0
DA:36,0
DA:42,0
LF:11
LH:0
end_of_record
SF:lib\core\network\interceptors\locale_interceptor.dart
DA:10,0
DA:12,0
DA:16,0
DA:19,0
DA:22,0
DA:24,0
LF:6
LH:0
end_of_record
SF:lib\features\auth\presentation\providers\mock_auth_provider.g.dart
DA:13,0
DA:16,0
DA:17,0
DA:27,0
DA:28,0
DA:30,0
DA:32,0
DA:35,0
DA:36,0
DA:38,0
DA:43,0
DA:47,0
DA:50,0
DA:52,0
DA:59,0
LF:15
LH:0
end_of_record
SF:lib\features\auth\presentation\providers\mock_auth_provider.dart
DA:7,0
DA:9,0
LF:2
LH:0
end_of_record
SF:lib\features\auth\presentation\providers\firebase_instance_provider.g.dart
DA:13,0
DA:18,0
DA:19,0
DA:29,0
DA:30,0
DA:32,0
DA:35,0
DA:37,0
DA:39,0
DA:43,0
DA:44,0
DA:46,0
DA:51,0
LF:13
LH:0
end_of_record
SF:lib\features\auth\presentation\providers\firebase_instance_provider.dart
DA:6,0
DA:8,0
LF:2
LH:0
end_of_record
SF:lib\core\state\mutation.dart
DA:10,4
DA:12,0
DA:13,7
DA:14,2
DA:15,0
DA:16,0
DA:18,0
DA:19,0
DA:20,0
DA:27,4
DA:31,4
DA:33,5
DA:34,1
DA:36,1
DA:37,2
DA:38,1
DA:42,0
DA:44,0
DA:45,0
DA:48,4
DA:50,8
DA:61,1
DA:70,1
DA:72,2
DA:82,1
DA:83,1
DA:84,1
DA:85,1
DA:89,0
DA:90,0
DA:91,0
DA:92,0
LF:32
LH:19
end_of_record
SF:lib\core\ui\error_view.dart
DA:21,3
DA:33,3
DA:36,12
DA:38,3
DA:39,3
DA:42,6
DA:43,6
DA:44,6
DA:46,3
DA:48,3
DA:50,3
DA:51,6
DA:53,3
DA:55,3
DA:56,3
DA:57,3
DA:58,3
DA:60,3
DA:61,3
DA:62,9
DA:63,9
DA:71,5
DA:73,1
DA:75,1
DA:76,1
DA:78,2
DA:79,1
DA:81,2
DA:82,2
DA:88,5
DA:90,2
DA:92,2
DA:94,2
DA:96,6
DA:97,2
DA:104,9
DA:106,3
DA:107,3
DA:109,3
DA:110,3
DA:111,3
DA:112,3
DA:113,3
DA:117,3
DA:118,3
DA:121,3
DA:122,9
DA:123,3
DA:125,3
DA:126,6
DA:127,3
DA:142,3
DA:146,3
DA:147,3
DA:148,3
DA:150,3
DA:152,3
DA:154,3
DA:155,3
DA:156,6
DA:157,9
DA:172,3
DA:176,3
DA:179,3
DA:180,3
DA:181,0
DA:183,3
DA:184,18
LF:68
LH:67
end_of_record
SF:lib\core\ui\splash_screen.dart
DA:12,4
DA:14,0
LF:2
LH:1
end_of_record
SF:lib\features\auth\data\auth_repository.dart
DA:11,0
DA:12,0
DA:13,0
DA:14,0
DA:22,0
DA:24,0
DA:25,0
DA:28,0
DA:33,0
DA:34,0
DA:37,0
DA:42,0
DA:44,0
DA:48,0
DA:51,0
DA:53,0
DA:56,0
DA:57,0
DA:61,0
DA:62,0
DA:64,0
DA:65,0
DA:66,0
DA:69,0
DA:70,0
DA:72,0
DA:73,0
DA:74,0
DA:75,0
DA:76,0
DA:79,0
DA:80,0
DA:82,0
DA:83,0
DA:90,0
DA:91,0
DA:93,0
DA:94,0
DA:97,0
DA:99,0
DA:104,0
DA:107,0
DA:109,0
DA:112,0
DA:113,0
DA:120,0
DA:121,0
DA:125,0
DA:129,0
DA:130,0
LF:50
LH:0
end_of_record
SF:lib\features\auth\domain\models\user.dart
DA:20,0
DA:21,0
DA:22,0
DA:24,0
DA:26,0
DA:28,0
DA:30,0
DA:33,0
DA:37,0
DA:38,0
DA:39,0
DA:49,0
DA:67,0
DA:70,0
LF:14
LH:0
end_of_record
SF:lib\features\auth\domain\models\user.g.dart
DA:9,0
DA:12,0
DA:13,0
DA:31,0
DA:32,0
DA:33,0
DA:34,0
DA:35,0
DA:36,0
DA:37,0
DA:38,0
DA:39,0
DA:40,0
DA:41,0
DA:43,0
DA:45,0
DA:47,0
DA:49,0
DA:50,0
DA:65,0
DA:66,0
DA:67,0
DA:68,0
DA:69,0
DA:70,0
DA:71,0
DA:72,0
DA:73,0
DA:74,0
DA:75,0
DA:76,0
DA:77,0
DA:78,0
LF:33
LH:0
end_of_record
SF:lib\features\auth\data\repositories\user_repository.g.dart
DA:13,0
DA:18,0
DA:19,0
DA:29,0
DA:30,0
DA:32,0
DA:35,0
DA:37,0
DA:39,0
DA:43,0
DA:44,0
DA:46,0
DA:51,0
LF:13
LH:0
end_of_record
SF:lib\features\auth\data\repositories\user_repository.dart
DA:11,0
DA:13,0
DA:18,0
DA:20,0
DA:22,0
DA:23,0
DA:24,0
DA:25,0
DA:26,0
DA:27,0
DA:28,0
DA:29,0
DA:32,0
DA:34,0
DA:36,0
DA:37,0
DA:41,0
DA:45,0
DA:49,0
DA:50,0
DA:51,0
DA:52,0
DA:53,0
DA:54,0
DA:59,0
DA:61,0
DA:63,0
DA:64,0
LF:28
LH:0
end_of_record
SF:lib\features\auth\presentation\auth_controller.g.dart
DA:16,0
DA:26,0
DA:27,0
DA:37,0
DA:38,0
DA:40,0
DA:42,0
DA:45,0
DA:53,0
DA:56,0
DA:58,0
DA:65,0
LF:12
LH:0
end_of_record
SF:lib\features\auth\presentation\auth_controller.dart
DA:16,0
DA:19,0
DA:26,0
DA:27,0
DA:28,0
DA:29,0
DA:32,0
DA:33,0
DA:42,0
DA:43,0
DA:47,0
DA:48,0
DA:49,0
DA:51,0
DA:52,0
DA:53,0
DA:56,0
DA:64,0
DA:65,0
DA:68,0
DA:69,0
DA:70,0
DA:72,0
DA:73,0
DA:74,0
DA:77,0
DA:79,0
DA:82,0
DA:83,0
DA:86,0
DA:91,0
DA:93,0
DA:94,0
DA:97,0
LF:34
LH:0
end_of_record
SF:lib\features\auth\presentation\providers\mock_user_provider.g.dart
DA:13,0
DA:16,0
DA:17,0
DA:27,0
DA:28,0
DA:30,0
DA:32,0
DA:35,0
DA:36,0
DA:38,0
DA:43,0
DA:47,0
DA:50,0
DA:52,0
DA:59,0
LF:15
LH:0
end_of_record
SF:lib\features\auth\presentation\providers\mock_user_provider.dart
DA:8,0
DA:10,0
LF:2
LH:0
end_of_record
SF:lib\features\auth\presentation\login_screen.dart
DA:13,4
DA:15,1
DA:17,3
DA:18,1
DA:19,1
DA:20,1
DA:21,1
DA:24,1
DA:28,0
DA:29,0
DA:30,0
DA:32,0
DA:33,0
DA:37,1
DA:38,1
DA:39,1
DA:40,1
DA:43,1
DA:45,1
DA:48,1
DA:49,1
DA:51,3
DA:53,2
DA:58,1
DA:59,1
DA:60,3
DA:61,2
DA:68,1
DA:69,0
DA:73,1
DA:75,1
DA:76,1
DA:82,0
DA:83,0
DA:84,0
DA:86,0
DA:87,0
DA:92,1
DA:93,1
DA:95,1
DA:96,1
DA:102,0
DA:103,0
DA:104,0
DA:105,0
DA:110,1
DA:112,1
DA:114,0
DA:115,1
DA:116,1
DA:118,2
DA:123,2
DA:138,4
DA:140,1
DA:142,1
DA:143,1
DA:144,1
DA:146,0
DA:147,0
DA:149,0
DA:150,0
DA:151,0
DA:158,0
DA:159,0
DA:160,0
DA:161,0
DA:163,0
DA:165,0
DA:168,0
DA:172,1
DA:173,1
DA:180,1
DA:189,1
DA:190,1
DA:191,1
DA:193,0
DA:194,0
DA:195,0
DA:200,1
DA:201,1
DA:202,1
DA:204,0
DA:205,0
DA:209,1
DA:210,1
DA:211,1
DA:213,0
DA:214,0
DA:218,1
DA:219,1
DA:220,1
DA:222,0
DA:223,0
DA:227,1
DA:228,1
DA:229,1
DA:231,0
DA:236,1
DA:237,1
DA:238,1
DA:240,0
LF:101
LH:62
end_of_record
SF:lib\features\execution\controllers\execution_controller.g.dart
DA:14,3
DA:29,1
DA:30,1
DA:40,0
DA:41,0
DA:43,0
DA:47,0
DA:49,0
DA:51,0
DA:55,0
DA:65,3
DA:81,1
DA:82,1
DA:92,1
DA:93,1
DA:95,1
DA:97,1
DA:100,1
DA:112,1
DA:116,1
DA:118,1
DA:125,2
LF:22
LH:15
end_of_record
SF:lib\features\execution\controllers\execution_controller.dart
DA:21,0
DA:26,0
DA:27,0
DA:28,0
DA:29,0
DA:32,0
DA:34,0
DA:35,0
DA:37,0
DA:40,0
DA:41,0
DA:55,1
DA:58,3
DA:59,2
DA:65,1
DA:71,1
DA:72,1
DA:73,1
DA:76,3
DA:77,1
DA:83,1
DA:85,1
DA:88,3
DA:91,1
DA:93,0
DA:94,0
DA:95,0
DA:102,0
DA:107,0
DA:108,0
DA:109,0
DA:110,0
DA:112,0
DA:117,0
DA:119,0
DA:120,0
DA:121,0
DA:123,0
DA:124,0
DA:127,0
DA:130,0
DA:131,0
DA:133,0
DA:135,0
DA:136,0
DA:137,0
DA:143,0
DA:150,0
DA:151,0
DA:152,0
DA:153,0
DA:158,1
DA:160,3
DA:161,1
DA:164,2
DA:167,1
DA:168,0
DA:173,1
DA:174,2
DA:178,2
DA:180,4
DA:181,4
DA:186,3
DA:187,2
DA:188,2
DA:189,2
DA:193,2
DA:197,0
DA:198,0
DA:199,0
DA:200,0
DA:206,0
DA:210,1
DA:211,1
DA:212,3
DA:214,1
DA:215,1
DA:216,1
DA:217,1
DA:218,1
DA:219,2
DA:224,1
DA:225,0
DA:227,1
DA:228,4
DA:229,1
DA:233,2
DA:234,0
DA:237,1
DA:238,1
DA:241,3
DA:243,1
DA:244,2
DA:245,1
DA:249,1
DA:251,3
DA:256,1
DA:257,0
DA:259,1
DA:260,1
DA:261,0
DA:267,1
DA:269,0
DA:270,0
DA:271,0
DA:278,0
DA:280,0
DA:285,0
DA:291,1
DA:292,0
DA:293,0
DA:294,0
DA:299,2
DA:300,2
DA:301,3
DA:302,3
DA:307,0
DA:308,0
DA:313,2
DA:316,1
DA:319,2
DA:320,3
DA:321,3
DA:322,3
DA:323,2
DA:326,0
DA:327,0
DA:328,0
DA:330,0
DA:331,0
DA:333,0
DA:334,0
DA:335,0
DA:336,0
DA:337,0
DA:339,0
DA:341,0
DA:342,0
DA:343,0
DA:344,0
DA:345,0
DA:346,0
DA:352,0
DA:353,0
DA:354,0
DA:364,0
DA:366,0
DA:369,0
DA:371,1
LF:149
LH:67
end_of_record
SF:lib\features\execution\controllers\report_controller.dart
DA:12,1
DA:15,1
DA:16,3
DA:23,1
DA:29,3
DA:33,1
DA:36,1
DA:42,1
DA:43,4
DA:44,1
DA:45,5
DA:47,1
DA:48,1
DA:49,0
DA:51,0
DA:54,1
DA:58,3
LF:17
LH:15
end_of_record
SF:lib\features\execution\controllers\report_controller.g.dart
DA:13,3
DA:17,1
DA:18,1
DA:28,1
DA:29,1
DA:31,1
DA:33,1
DA:36,0
DA:37,0
DA:39,0
DA:44,1
DA:48,1
DA:51,1
DA:53,1
DA:60,2
DA:67,3
DA:73,1
DA:76,1
DA:84,1
DA:85,1
DA:87,0
DA:89,0
DA:91,0
DA:94,1
DA:96,1
DA:98,1
DA:100,4
DA:103,1
DA:105,2
DA:109,1
DA:122,1
DA:123,1
DA:133,1
DA:137,1
DA:142,0
DA:149,3
DA:150,0
DA:151,0
DA:152,0
DA:159,1
DA:162,1
DA:164,1
DA:171,1
DA:173,5
LF:44
LH:34
end_of_record
SF:lib\features\execution\views\dashboard_view.dart
DA:18,4
DA:20,0
DA:21,0
DA:25,0
DA:27,0
DA:28,0
DA:30,0
DA:34,0
DA:36,0
DA:37,0
DA:40,0
DA:45,0
DA:46,0
DA:47,0
DA:52,0
DA:55,0
DA:56,0
DA:61,0
DA:62,0
DA:64,0
DA:65,0
DA:66,0
DA:67,0
DA:68,0
DA:70,0
DA:74,0
DA:75,0
DA:77,0
DA:80,0
DA:81,0
DA:82,0
DA:83,0
DA:85,0
DA:86,0
DA:87,0
DA:88,0
DA:89,0
DA:90,0
DA:91,0
DA:95,0
DA:97,0
DA:99,0
DA:101,0
DA:102,0
DA:103,0
DA:105,0
DA:109,0
DA:110,0
DA:117,0
DA:118,0
DA:119,0
DA:120,0
DA:121,0
DA:122,0
DA:123,0
DA:124,0
DA:126,0
DA:127,0
DA:128,0
DA:132,0
DA:133,0
DA:134,0
DA:135,0
DA:136,0
DA:138,0
DA:140,0
DA:142,0
DA:145,0
DA:149,0
DA:151,0
DA:152,0
DA:153,0
DA:154,0
DA:156,0
DA:157,0
DA:159,0
DA:161,0
DA:162,0
DA:163,0
DA:164,0
DA:165,0
DA:168,0
DA:170,0
DA:174,0
DA:176,0
DA:177,0
DA:181,0
DA:182,0
DA:184,0
DA:186,0
DA:187,0
DA:189,0
DA:190,0
DA:191,0
DA:192,0
DA:194,0
DA:196,0
DA:198,0
DA:199,0
DA:208,0
DA:209,0
DA:211,0
DA:213,0
DA:215,0
DA:216,0
DA:217,0
DA:219,0
DA:220,0
DA:221,0
DA:223,0
DA:225,0
DA:227,0
DA:228,0
DA:233,0
DA:235,0
DA:236,0
DA:237,0
DA:239,0
DA:246,0
DA:249,0
DA:256,0
DA:262,0
DA:264,0
DA:265,0
DA:266,0
DA:267,0
DA:270,0
DA:271,0
DA:272,0
DA:276,0
DA:277,0
DA:278,0
DA:280,0
DA:282,0
DA:283,0
DA:284,0
DA:294,0
DA:300,0
DA:301,0
DA:302,0
DA:304,0
DA:305,0
DA:307,0
DA:308,0
DA:315,0
DA:321,0
DA:322,0
DA:326,0
DA:327,0
DA:328,0
DA:331,0
DA:332,0
DA:333,0
DA:334,0
DA:337,0
DA:338,0
DA:344,0
DA:345,0
DA:347,0
DA:349,0
DA:351,0
DA:352,0
DA:353,0
DA:354,0
DA:356,0
DA:360,0
DA:361,0
DA:364,0
DA:368,0
DA:369,0
DA:370,0
DA:373,0
DA:377,0
DA:389,0
DA:394,0
DA:395,0
DA:398,0
DA:399,0
DA:400,0
DA:401,0
DA:402,0
DA:403,0
DA:404,0
DA:405,0
DA:406,0
DA:410,0
DA:411,0
DA:415,0
DA:420,0
DA:422,0
DA:423,0
DA:424,0
DA:425,0
DA:426,0
DA:427,0
DA:428,0
DA:430,0
DA:431,0
DA:432,0
DA:433,0
DA:435,0
DA:436,0
DA:442,0
DA:444,0
DA:445,0
DA:446,0
DA:447,0
DA:448,0
DA:449,0
DA:450,0
DA:451,0
DA:458,0
DA:459,0
DA:465,0
DA:466,0
DA:467,0
DA:468,0
DA:469,0
DA:470,0
DA:471,0
DA:479,0
DA:484,0
DA:485,0
DA:487,0
DA:490,0
DA:493,0
DA:494,0
DA:495,0
DA:496,0
DA:498,0
DA:501,0
DA:502,0
DA:503,0
DA:504,0
DA:505,0
DA:506,0
DA:508,0
DA:510,0
DA:511,0
DA:515,0
DA:518,0
DA:519,0
DA:520,0
DA:521,0
DA:522,0
DA:523,0
DA:528,0
DA:530,0
DA:531,0
DA:537,0
DA:539,0
DA:541,0
DA:542,0
DA:543,0
DA:544,0
DA:546,0
DA:553,0
DA:559,0
DA:560,0
DA:562,0
DA:565,0
DA:566,0
DA:567,0
DA:570,0
DA:571,0
DA:572,0
DA:573,0
DA:574,0
DA:579,0
DA:581,0
DA:582,0
DA:588,0
DA:590,0
DA:592,0
DA:593,0
DA:594,0
DA:595,0
DA:597,0
DA:604,0
DA:605,0
DA:606,0
DA:607,0
DA:609,0
DA:610,0
DA:611,0
DA:612,0
DA:613,0
DA:614,0
DA:615,0
DA:616,0
DA:617,0
DA:620,0
DA:621,0
DA:622,0
DA:623,0
LF:295
LH:1
end_of_record
SF:lib\router\router.g.dart
DA:9,0
DA:10,0
DA:11,0
DA:12,0
DA:13,0
DA:14,0
DA:17,0
DA:18,0
DA:21,0
DA:23,0
DA:24,0
DA:26,0
DA:27,0
DA:29,0
DA:30,0
DA:32,0
DA:34,0
DA:36,0
DA:37,0
DA:40,0
DA:41,0
DA:44,0
DA:46,0
DA:47,0
DA:49,0
DA:50,0
DA:52,0
DA:53,0
DA:55,0
DA:57,0
DA:59,0
DA:60,0
DA:63,0
DA:65,0
DA:66,0
DA:67,0
DA:68,0
DA:71,0
DA:72,0
DA:76,0
DA:84,0
DA:85,0
DA:86,0
DA:92,0
DA:93,0
DA:94,0
DA:104,0
DA:108,0
DA:111,0
DA:112,0
DA:114,0
DA:115,0
DA:117,0
DA:118,0
DA:120,0
DA:122,0
DA:124,0
DA:125,0
DA:129,0
DA:130,0
DA:132,0
DA:134,0
DA:135,0
DA:136,0
DA:139,0
DA:140,0
DA:142,0
DA:143,0
DA:145,0
DA:147,0
DA:149,0
DA:150,0
DA:154,0
DA:155,0
DA:156,0
DA:157,0
DA:160,0
DA:162,0
DA:163,0
DA:164,0
DA:165,0
DA:168,0
DA:169,0
DA:171,0
DA:172,0
DA:174,0
DA:176,0
DA:178,0
DA:179,0
DA:183,0
DA:186,0
DA:187,0
DA:189,0
DA:190,0
DA:192,0
DA:193,0
DA:195,0
DA:197,0
DA:199,0
DA:200,0
DA:204,0
DA:206,0
DA:207,0
DA:209,0
DA:210,0
DA:212,0
DA:213,0
DA:215,0
DA:217,0
DA:219,0
DA:220,0
DA:223,0
DA:226,0
DA:227,0
DA:231,0
DA:235,0
DA:239,0
DA:243,0
DA:244,0
DA:248,0
DA:252,0
DA:256,0
DA:260,0
DA:264,0
DA:268,0
DA:272,0
DA:276,0
DA:277,0
DA:285,0
DA:288,0
DA:289,0
DA:291,0
DA:292,0
DA:294,0
DA:295,0
DA:297,0
DA:299,0
DA:301,0
DA:302,0
DA:306,0
DA:309,0
DA:310,0
DA:312,0
DA:313,0
DA:315,0
DA:316,0
DA:318,0
DA:320,0
DA:322,0
DA:323,0
DA:327,0
DA:328,0
DA:329,0
DA:332,0
DA:334,0
DA:335,0
DA:336,0
DA:339,0
DA:340,0
DA:342,0
DA:343,0
DA:345,0
DA:347,0
DA:349,0
DA:350,0
DA:354,0
DA:357,0
DA:358,0
DA:360,0
DA:361,0
DA:363,0
DA:364,0
DA:366,0
DA:368,0
DA:370,0
DA:371,0
DA:375,0
DA:376,0
DA:377,0
DA:378,0
DA:381,0
DA:383,0
DA:384,0
DA:385,0
DA:388,0
DA:389,0
DA:391,0
DA:392,0
DA:394,0
DA:396,0
DA:398,0
DA:399,0
DA:403,0
DA:405,0
DA:406,0
DA:408,0
DA:409,0
DA:411,0
DA:412,0
DA:414,0
DA:416,0
DA:418,0
DA:419,0
DA:423,0
DA:424,0
DA:426,0
DA:428,0
DA:429,0
DA:430,0
DA:433,0
DA:434,0
DA:436,0
DA:437,0
DA:439,0
DA:441,0
DA:443,0
DA:444,0
DA:448,0
DA:449,0
DA:450,0
DA:451,0
DA:454,0
DA:456,0
DA:457,0
DA:458,0
DA:461,0
DA:462,0
DA:464,0
DA:466,0
DA:468,0
DA:470,0
DA:472,0
DA:474,0
DA:478,0
DA:481,0
DA:482,0
DA:484,0
DA:485,0
DA:487,0
DA:488,0
DA:490,0
DA:492,0
DA:494,0
DA:495,0
DA:499,0
DA:500,0
DA:501,0
DA:502,0
DA:505,0
DA:507,0
DA:508,0
DA:509,0
DA:512,0
DA:513,0
DA:515,0
DA:517,0
DA:519,0
DA:521,0
DA:523,0
DA:525,0
DA:529,0
DA:532,0
DA:533,0
DA:535,0
DA:536,0
DA:538,0
DA:539,0
DA:541,0
DA:543,0
DA:545,0
DA:546,0
DA:550,0
DA:551,0
DA:553,1
DA:555,1
DA:556,1
DA:557,4
DA:560,1
DA:561,2
DA:563,0
DA:564,0
DA:566,0
DA:568,0
DA:570,0
DA:571,0
DA:575,0
DA:578,0
DA:579,0
DA:581,0
DA:582,0
DA:584,0
DA:585,0
DA:587,0
DA:589,0
DA:591,0
DA:592,0
DA:596,0
DA:597,0
DA:598,0
DA:599,0
DA:602,0
DA:604,0
DA:605,0
DA:606,0
DA:609,0
DA:610,0
DA:612,0
DA:614,0
DA:616,0
DA:618,0
DA:620,0
DA:622,0
DA:626,0
DA:629,0
DA:630,0
DA:632,0
DA:633,0
DA:635,0
DA:636,0
DA:638,0
DA:640,0
DA:642,0
DA:643,0
DA:647,0
DA:648,0
DA:649,0
DA:652,0
DA:654,0
DA:655,0
DA:656,0
DA:659,0
DA:660,0
DA:662,0
DA:664,0
DA:666,0
DA:668,0
DA:670,0
DA:672,0
DA:675,0
DA:676,0
DA:679,0
DA:681,0
DA:682,0
DA:684,0
DA:685,0
DA:687,0
DA:688,0
DA:690,0
DA:692,0
DA:694,0
DA:695,0
DA:723,0
DA:763,0
DA:764,0
DA:774,0
DA:775,0
DA:777,0
DA:780,0
DA:782,0
DA:784,0
DA:788,0
DA:789,0
DA:791,0
DA:796,0
LF:364
LH:6
end_of_record
SF:lib\router\router.dart
DA:30,0
DA:33,0
DA:34,0
DA:55,0
DA:58,0
DA:60,0
DA:61,0
DA:64,0
DA:65,0
DA:66,0
DA:67,0
DA:68,0
DA:71,0
DA:76,0
DA:80,0
DA:89,0
DA:93,0
DA:94,0
DA:98,0
DA:106,0
DA:112,4
DA:113,0
DA:120,4
DA:121,0
DA:154,4
DA:156,0
DA:162,0
DA:167,0
DA:171,4
DA:172,0
DA:178,0
DA:181,0
DA:183,0
DA:187,0
DA:194,0
DA:196,0
DA:200,0
DA:204,4
DA:205,0
DA:211,0
DA:215,4
DA:216,0
DA:218,0
DA:219,0
DA:244,4
DA:245,0
DA:251,4
DA:252,0
DA:258,0
DA:262,0
DA:264,0
DA:268,4
DA:269,0
DA:275,0
DA:279,0
DA:281,0
DA:285,4
DA:286,0
DA:292,0
DA:295,0
DA:297,0
DA:301,0
DA:305,0
DA:307,0
DA:311,4
DA:312,0
DA:318,0
DA:322,0
DA:324,0
DA:328,4
DA:329,0
DA:335,1
DA:338,0
DA:340,0
DA:344,4
DA:345,0
DA:351,0
DA:355,0
DA:357,0
DA:361,4
DA:362,0
DA:368,0
DA:372,0
DA:374,0
DA:379,4
DA:380,0
DA:382,0
DA:386,1
DA:388,1
DA:389,1
DA:399,1
DA:401,1
DA:402,1
DA:406,1
DA:408,1
DA:409,3
DA:410,1
DA:411,3
DA:412,1
DA:413,1
DA:414,8
DA:417,4
DA:420,2
DA:425,1
LF:104
LH:33
end_of_record
SF:lib\features\execution\views\new_execution_view.dart
DA:26,0
DA:28,0
DA:29,0
DA:33,0
DA:35,0
DA:36,0
DA:41,0
DA:46,0
DA:52,0
DA:54,0
DA:55,0
DA:58,0
DA:62,0
DA:64,0
DA:65,0
DA:70,0
DA:71,0
DA:72,0
DA:73,0
DA:81,4
DA:83,0
DA:84,0
DA:99,0
DA:101,0
DA:102,0
DA:104,0
DA:107,0
DA:109,0
DA:110,0
DA:111,0
DA:112,0
DA:113,0
DA:115,0
DA:116,0
DA:118,0
DA:119,0
DA:121,0
DA:125,0
DA:126,0
DA:128,0
DA:132,0
DA:133,0
DA:134,0
DA:135,0
DA:136,0
DA:140,0
DA:141,0
DA:143,0
DA:144,0
DA:148,0
DA:154,0
DA:155,0
DA:158,0
DA:159,0
DA:160,0
DA:161,0
DA:162,0
DA:163,0
DA:164,0
DA:165,0
DA:166,0
DA:168,0
DA:169,0
DA:173,0
DA:174,0
DA:175,0
DA:177,0
DA:184,0
DA:185,0
DA:186,0
DA:187,0
DA:188,0
DA:190,0
DA:192,0
DA:193,0
DA:196,0
DA:198,0
DA:203,0
DA:204,0
DA:205,0
DA:206,0
DA:207,0
DA:208,0
DA:219,0
DA:222,0
DA:223,0
DA:224,0
DA:225,0
DA:227,0
DA:229,0
DA:233,0
DA:234,0
DA:235,0
DA:236,0
DA:237,0
DA:241,0
DA:244,0
DA:245,0
DA:246,0
DA:248,0
DA:249,0
DA:250,0
DA:251,0
DA:259,0
DA:261,0
DA:263,0
DA:264,0
DA:265,0
DA:266,0
DA:268,0
DA:269,0
DA:271,0
DA:274,0
DA:280,0
DA:281,0
DA:284,0
DA:285,0
DA:286,0
DA:287,0
DA:289,0
DA:290,0
DA:291,0
DA:292,0
DA:293,0
DA:295,0
DA:297,0
DA:298,0
DA:299,0
DA:300,0
DA:301,0
DA:305,0
DA:307,0
DA:308,0
DA:309,0
DA:310,0
DA:311,0
DA:315,0
DA:317,0
DA:318,0
DA:322,0
DA:328,0
DA:330,0
DA:331,0
DA:335,0
DA:339,0
DA:345,0
DA:346,0
DA:347,0
DA:348,0
DA:352,0
DA:353,0
DA:356,0
DA:357,0
DA:358,0
DA:359,0
DA:360,0
DA:361,0
DA:362,0
DA:368,0
DA:370,0
DA:371,0
DA:372,0
DA:373,0
DA:374,0
DA:378,0
DA:379,0
DA:380,0
DA:382,0
DA:383,0
DA:386,0
DA:389,0
DA:390,0
DA:395,0
DA:401,0
DA:403,0
DA:405,0
DA:406,0
DA:407,0
DA:408,0
DA:412,0
DA:413,0
DA:414,0
DA:415,0
DA:416,0
DA:417,0
DA:420,0
DA:421,0
DA:423,0
DA:427,0
DA:429,0
DA:430,0
DA:431,0
DA:433,0
DA:435,0
DA:437,0
DA:438,0
DA:439,0
DA:440,0
DA:442,0
DA:448,0
DA:456,0
DA:458,0
DA:460,0
DA:461,0
DA:465,0
DA:471,0
DA:472,0
DA:474,0
DA:475,0
DA:478,0
DA:480,0
DA:482,0
DA:483,0
DA:484,0
DA:486,0
DA:487,0
DA:488,0
DA:491,0
DA:492,0
DA:495,0
DA:496,0
DA:498,0
DA:499,0
DA:500,0
DA:503,0
DA:505,0
DA:506,0
DA:507,0
DA:512,0
DA:513,0
DA:515,0
DA:523,0
DA:524,0
DA:527,0
DA:528,0
DA:530,0
DA:531,0
DA:534,0
DA:539,0
DA:540,0
DA:541,0
DA:542,0
DA:543,0
DA:546,0
DA:547,0
DA:548,0
DA:549,0
DA:550,0
DA:554,0
DA:556,0
DA:557,0
DA:558,0
DA:560,0
DA:562,0
DA:564,0
DA:565,0
DA:566,0
DA:567,0
DA:568,0
DA:569,0
DA:572,0
DA:573,0
DA:574,0
DA:575,0
DA:578,0
DA:579,0
DA:580,0
DA:581,0
DA:582,0
DA:587,0
DA:588,0
DA:589,0
DA:592,0
DA:594,0
DA:595,0
DA:596,0
DA:610,0
DA:611,0
DA:613,0
DA:614,0
DA:616,0
DA:620,0
DA:621,0
DA:623,0
DA:624,0
DA:625,0
DA:626,0
DA:627,0
DA:628,0
DA:629,0
DA:630,0
DA:631,0
DA:635,0
DA:639,0
DA:641,0
DA:643,0
DA:644,0
DA:645,0
DA:646,0
DA:647,0
DA:648,0
DA:650,0
DA:652,0
DA:654,0
DA:655,0
DA:656,0
DA:657,0
DA:659,0
DA:662,0
DA:663,0
DA:664,0
DA:671,0
DA:672,0
DA:673,0
DA:674,0
DA:678,0
DA:680,0
DA:681,0
DA:682,0
DA:683,0
DA:684,0
DA:686,0
DA:687,0
DA:688,0
DA:689,0
DA:692,0
DA:693,0
DA:694,0
DA:695,0
DA:697,0
DA:698,0
DA:700,0
DA:701,0
DA:706,0
DA:707,0
DA:709,0
DA:710,0
DA:711,0
DA:712,0
DA:717,0
DA:718,0
DA:719,0
DA:720,0
DA:721,0
DA:722,0
DA:723,0
DA:724,0
DA:729,0
DA:730,0
DA:732,0
DA:734,0
DA:735,0
DA:737,0
DA:738,0
DA:739,0
DA:740,0
DA:745,0
DA:747,0
DA:748,0
DA:750,0
DA:754,0
DA:755,0
DA:757,0
DA:758,0
DA:759,0
DA:761,0
DA:780,0
DA:781,0
DA:785,0
DA:788,0
DA:789,0
DA:791,0
DA:792,0
LF:373
LH:1
end_of_record
SF:lib\features\execution\views\new_execution_view.g.dart
DA:13,0
DA:25,0
DA:26,0
DA:36,0
DA:37,0
DA:39,0
DA:43,0
DA:45,0
DA:47,0
DA:51,0
DA:55,0
DA:59,0
DA:60,0
DA:70,0
DA:71,0
DA:73,0
DA:75,0
DA:78,0
DA:83,0
DA:86,0
DA:88,0
DA:95,0
LF:22
LH:0
end_of_record
SF:lib\features\execution\views\execution_report_view.dart
DA:22,0
DA:33,0
DA:39,0
DA:41,0
DA:49,0
DA:50,0
DA:51,0
DA:55,0
DA:56,0
DA:57,0
DA:58,0
DA:61,0
DA:62,0
DA:63,0
DA:64,0
DA:69,0
DA:71,0
DA:72,0
DA:76,0
DA:77,0
DA:78,0
DA:79,0
DA:84,0
DA:85,0
DA:86,0
DA:88,0
DA:89,0
DA:90,0
DA:92,0
DA:93,0
DA:94,0
DA:96,0
DA:97,0
DA:98,0
DA:99,0
DA:106,0
DA:107,0
DA:108,0
DA:109,0
DA:114,0
DA:115,0
DA:116,0
DA:122,0
DA:123,0
DA:124,0
DA:128,0
DA:131,0
DA:133,0
DA:135,0
DA:139,0
DA:140,0
DA:141,0
DA:143,0
DA:146,0
DA:147,0
DA:148,0
DA:149,0
DA:154,0
DA:156,0
DA:157,0
DA:161,0
DA:162,0
DA:163,0
DA:164,0
DA:169,0
DA:170,0
DA:171,0
DA:172,0
DA:173,0
DA:174,0
DA:175,0
DA:176,0
DA:177,0
DA:182,0
DA:183,0
DA:184,0
DA:190,0
DA:191,0
DA:192,0
DA:196,0
DA:197,0
DA:198,0
DA:199,0
DA:202,0
DA:203,0
DA:204,0
DA:205,0
DA:210,0
DA:212,0
DA:213,0
DA:217,0
DA:218,0
DA:219,0
DA:220,0
DA:225,0
DA:226,0
DA:227,0
DA:228,0
DA:229,0
DA:230,0
DA:231,0
DA:232,0
DA:233,0
DA:238,0
DA:239,0
DA:240,0
DA:246,0
DA:249,0
DA:253,0
DA:254,0
DA:255,0
DA:257,0
DA:261,0
DA:262,0
DA:263,0
DA:264,0
DA:266,0
DA:267,0
DA:276,0
DA:278,0
DA:280,0
DA:281,0
DA:283,0
DA:292,0
DA:294,0
DA:295,0
DA:299,0
DA:300,0
DA:301,0
DA:302,0
DA:305,0
DA:307,0
DA:311,0
DA:314,0
DA:315,0
DA:316,0
DA:317,0
DA:319,0
DA:324,0
DA:325,0
DA:326,0
DA:327,0
DA:333,0
DA:336,0
DA:337,0
DA:338,0
DA:339,0
DA:340,0
DA:342,0
DA:348,0
DA:349,0
DA:351,0
DA:354,0
DA:355,0
DA:356,0
DA:357,0
DA:359,0
DA:360,0
DA:372,0
DA:377,0
DA:378,0
DA:379,0
LF:162
LH:0
end_of_record
SF:lib\features\execution\views\widgets\report_renderer_v2_widget.dart
DA:11,0
DA:17,0
DA:19,0
DA:22,0
DA:23,0
DA:24,0
DA:29,0
DA:30,0
DA:31,0
DA:37,0
DA:38,0
DA:44,0
DA:45,0
DA:46,0
DA:47,0
DA:48,0
DA:53,0
DA:55,0
DA:56,0
DA:58,0
DA:59,0
DA:64,0
DA:66,0
DA:67,0
DA:76,0
LF:25
LH:0
end_of_record
SF:lib\features\execution\views\execution_view.dart
DA:24,0
DA:26,0
DA:27,0
DA:31,0
DA:33,0
DA:35,0
DA:36,0
DA:37,0
DA:38,0
DA:42,0
DA:45,0
DA:46,0
DA:47,0
DA:48,0
DA:49,0
DA:50,0
DA:58,0
DA:62,0
DA:63,0
DA:64,0
DA:67,0
DA:71,0
DA:74,0
DA:75,0
DA:76,0
DA:83,0
DA:84,0
DA:85,0
DA:86,0
DA:88,0
DA:91,0
DA:96,0
DA:97,0
DA:101,0
DA:103,0
DA:105,0
DA:107,0
DA:108,0
DA:109,0
DA:110,0
DA:112,0
DA:113,0
DA:115,0
DA:116,0
DA:118,0
DA:119,0
DA:120,0
DA:122,0
DA:124,0
DA:125,0
DA:126,0
DA:127,0
DA:128,0
DA:129,0
DA:130,0
DA:131,0
DA:134,0
DA:136,0
DA:137,0
DA:141,0
DA:142,0
DA:144,0
DA:146,0
DA:147,0
DA:149,0
DA:151,0
DA:152,0
DA:153,0
DA:154,0
DA:155,0
DA:156,0
DA:157,0
DA:158,0
DA:159,0
DA:160,0
DA:165,0
DA:166,0
DA:168,0
DA:169,0
DA:170,0
DA:172,0
DA:173,0
DA:174,0
DA:178,0
DA:179,0
DA:180,0
DA:182,0
DA:183,0
DA:184,0
DA:186,0
DA:187,0
DA:189,0
DA:191,0
DA:192,0
DA:193,0
DA:194,0
DA:195,0
DA:200,0
DA:201,0
DA:202,0
DA:203,0
DA:217,0
DA:218,0
DA:219,0
DA:220,0
DA:225,0
DA:227,0
DA:228,0
DA:229,0
DA:230,0
DA:232,0
DA:234,0
DA:235,0
DA:236,0
DA:238,0
DA:241,0
DA:242,0
DA:243,0
DA:244,0
DA:246,0
DA:247,0
DA:258,0
DA:259,0
DA:260,0
DA:265,0
DA:266,0
DA:267,0
DA:268,0
DA:269,0
DA:270,0
DA:271,0
DA:274,0
DA:277,0
DA:278,0
DA:279,0
DA:286,0
DA:287,0
DA:288,0
DA:293,0
DA:298,0
DA:299,0
DA:300,0
DA:301,0
DA:302,0
LF:144
LH:0
end_of_record
SF:lib\shared\widgets\execution_timeline.dart
DA:8,0
DA:14,0
DA:16,0
DA:20,0
DA:21,0
DA:22,0
DA:23,0
DA:26,0
DA:27,0
DA:28,0
DA:29,0
DA:31,0
DA:32,0
DA:35,0
DA:36,0
DA:37,0
DA:38,0
DA:39,0
DA:40,0
DA:44,0
DA:46,0
DA:48,0
DA:51,0
DA:52,0
DA:53,0
DA:55,0
DA:58,0
DA:59,0
DA:61,0
DA:62,0
DA:66,0
DA:68,0
DA:70,0
DA:72,0
DA:73,0
DA:74,0
DA:75,0
DA:76,0
DA:77,0
DA:78,0
DA:79,0
DA:81,0
DA:87,0
DA:88,0
DA:89,0
DA:91,0
DA:97,0
DA:99,0
DA:100,0
DA:101,0
DA:102,0
DA:108,0
DA:111,0
DA:112,0
DA:113,0
DA:114,0
DA:115,0
DA:116,0
DA:123,0
DA:125,0
DA:126,0
DA:134,0
DA:136,0
DA:157,0
DA:166,0
DA:168,0
DA:173,0
DA:175,0
DA:187,0
DA:189,0
DA:194,0
DA:196,0
DA:200,0
DA:202,0
LF:74
LH:0
end_of_record
SF:lib\shared\widgets\global_error_view.dart
DA:17,0
DA:26,0
DA:28,0
DA:32,0
DA:33,0
DA:36,0
DA:37,0
DA:40,0
DA:41,0
DA:42,0
DA:43,0
DA:44,0
DA:46,0
DA:47,0
DA:48,0
DA:51,0
DA:53,0
DA:55,0
DA:56,0
DA:57,0
DA:58,0
DA:60,0
DA:63,0
DA:66,0
DA:67,0
DA:68,0
DA:69,0
DA:71,0
DA:75,0
DA:76,0
DA:78,0
DA:79,0
DA:87,0
DA:89,0
DA:90,0
DA:94,0
DA:95,0
DA:97,0
DA:100,0
DA:101,0
DA:102,0
DA:103,0
DA:104,0
DA:107,0
DA:109,0
DA:111,0
DA:119,0
DA:121,0
DA:123,0
DA:124,0
DA:125,0
DA:126,0
DA:127,0
DA:128,0
DA:129,0
LF:55
LH:0
end_of_record
SF:lib\features\execution\views\widgets\matrix_row_item_widget.dart
DA:12,1
DA:14,2
DA:16,2
DA:17,4
DA:18,6
DA:21,0
DA:23,6
DA:24,0
DA:26,2
DA:32,2
DA:34,2
DA:36,0
DA:38,4
DA:39,0
DA:41,2
DA:43,2
DA:45,2
DA:46,2
DA:47,2
DA:50,2
DA:51,2
DA:52,6
DA:53,4
DA:54,2
DA:55,2
DA:56,4
DA:57,6
DA:61,8
DA:63,2
DA:64,4
DA:65,6
DA:68,0
DA:69,4
DA:73,2
DA:74,4
DA:75,6
DA:77,0
DA:78,4
DA:83,0
DA:85,0
DA:86,0
DA:87,0
DA:89,0
DA:90,0
DA:93,0
DA:96,0
DA:97,0
DA:98,0
DA:99,0
DA:107,2
DA:108,2
DA:109,6
DA:111,0
DA:117,2
DA:120,2
DA:121,2
DA:122,4
DA:124,7
DA:125,6
DA:129,4
DA:130,1
DA:131,4
DA:132,3
DA:135,2
DA:136,0
DA:139,4
DA:140,2
DA:141,3
DA:142,1
DA:143,5
DA:144,3
DA:145,2
DA:155,2
DA:156,2
DA:157,4
DA:160,6
DA:162,2
DA:165,4
DA:166,2
DA:168,2
DA:173,2
DA:174,4
DA:175,6
DA:176,2
DA:178,2
DA:180,2
DA:181,2
DA:182,6
DA:183,6
DA:188,2
DA:190,6
DA:191,2
DA:194,2
DA:195,4
DA:196,0
DA:202,2
LF:96
LH:76
end_of_record
SF:lib\features\execution\views\widgets\sdui_blocks_renderer.dart
DA:22,2
DA:28,2
DA:30,4
DA:32,2
DA:35,6
DA:37,4
DA:38,4
DA:39,4
DA:40,3
DA:41,4
DA:42,3
DA:43,2
DA:44,4
DA:45,2
DA:47,4
DA:50,2
DA:51,4
DA:52,2
DA:54,4
DA:57,3
DA:59,1
DA:60,2
DA:62,3
DA:64,1
DA:65,1
DA:66,2
DA:67,2
DA:68,3
DA:71,2
DA:73,0
DA:74,0
DA:75,0
DA:76,0
DA:77,0
DA:80,3
DA:82,1
DA:83,1
DA:84,1
DA:85,3
DA:86,1
DA:89,3
DA:90,4
DA:91,4
DA:92,4
DA:93,4
DA:94,4
DA:96,2
DA:100,2
DA:101,4
DA:102,2
DA:103,2
DA:106,2
DA:107,6
DA:108,2
DA:109,2
DA:110,2
DA:111,4
DA:116,2
DA:118,2
DA:119,2
DA:121,4
DA:125,6
DA:131,2
DA:132,4
DA:133,2
DA:134,2
DA:136,2
DA:138,6
DA:139,4
DA:140,2
DA:142,2
DA:144,2
DA:145,2
DA:151,2
DA:154,4
DA:157,6
DA:161,2
DA:166,2
DA:167,4
DA:168,2
DA:169,2
DA:172,2
DA:173,2
DA:174,2
DA:175,4
DA:176,2
DA:179,4
DA:180,2
DA:182,2
DA:184,2
DA:185,2
DA:187,2
DA:188,2
DA:190,4
DA:194,2
DA:195,2
DA:196,2
DA:197,6
DA:204,4
DA:205,4
DA:207,2
DA:210,2
DA:211,4
DA:212,4
DA:213,2
DA:215,6
DA:216,4
DA:220,4
DA:225,4
DA:226,2
DA:227,2
DA:230,4
DA:232,2
DA:233,10
DA:234,6
DA:235,4
DA:239,4
DA:252,2
DA:253,4
DA:254,2
DA:255,2
DA:258,2
DA:259,2
DA:260,2
DA:261,2
DA:262,2
DA:268,2
DA:270,2
DA:271,2
DA:273,2
DA:280,6
DA:283,8
DA:285,2
DA:287,2
DA:288,4
DA:289,2
DA:290,2
DA:291,2
DA:294,2
DA:295,2
DA:296,6
DA:307,2
DA:308,2
DA:309,2
DA:312,2
DA:313,2
DA:314,2
DA:315,2
DA:316,2
DA:322,2
DA:324,2
DA:331,2
DA:332,2
DA:334,2
DA:335,4
DA:336,6
DA:338,2
DA:341,2
DA:342,2
DA:343,4
DA:344,2
DA:346,6
DA:354,2
DA:365,2
DA:366,2
DA:371,2
DA:372,2
DA:374,1
DA:377,1
DA:379,0
DA:382,1
DA:383,0
DA:384,0
DA:390,1
DA:395,4
DA:396,4
DA:398,2
DA:401,2
DA:402,2
DA:405,2
DA:407,2
DA:408,2
DA:409,2
DA:410,6
DA:415,2
DA:416,2
DA:417,4
DA:419,4
DA:426,2
DA:427,2
DA:428,2
DA:429,2
DA:432,2
DA:433,2
DA:434,2
DA:436,4
DA:437,2
DA:439,2
DA:441,2
DA:442,2
DA:443,2
DA:444,6
DA:450,4
DA:451,2
DA:455,2
DA:456,2
DA:457,4
DA:458,2
DA:460,6
DA:462,4
DA:465,4
DA:466,2
DA:467,6
DA:473,2
DA:475,2
DA:476,4
DA:477,2
DA:479,2
DA:480,2
DA:481,4
DA:483,2
DA:486,2
DA:488,4
DA:490,1
DA:492,1
DA:493,1
DA:494,1
DA:495,1
DA:497,1
DA:498,1
DA:499,1
DA:500,3
DA:504,4
DA:508,1
DA:509,1
DA:510,1
DA:512,1
DA:513,1
DA:514,1
DA:515,3
DA:519,3
DA:520,2
DA:521,3
DA:522,2
DA:531,2
DA:532,3
DA:534,1
DA:536,1
DA:537,2
DA:538,1
DA:542,1
DA:544,2
DA:553,2
DA:554,2
DA:555,2
DA:556,2
DA:559,2
DA:560,6
DA:561,2
DA:563,2
DA:565,2
DA:566,2
DA:567,2
DA:568,8
DA:569,6
DA:573,2
DA:574,6
DA:575,8
DA:576,6
DA:585,1
DA:586,3
DA:588,1
DA:589,1
DA:592,1
DA:593,1
DA:594,1
DA:596,1
DA:598,1
DA:600,1
DA:601,1
DA:602,1
DA:603,4
DA:609,2
DA:616,1
DA:622,0
DA:628,2
DA:629,1
DA:631,1
DA:634,1
DA:635,1
DA:636,1
DA:637,3
LF:292
LH:283
end_of_record
SF:lib\features\execution\views\widgets\sdui_alert_box_widget.dart
DA:11,2
DA:13,2
DA:15,2
DA:20,4
DA:21,2
DA:23,1
DA:26,1
DA:28,0
DA:31,1
DA:32,1
DA:33,0
DA:34,0
DA:37,1
DA:39,1
DA:44,2
DA:47,2
DA:49,2
DA:50,2
DA:51,2
DA:54,2
DA:56,2
DA:57,2
DA:59,8
LF:23
LH:20
end_of_record
SF:lib\shared\widgets\output_renderer.dart
DA:7,2
DA:9,2
DA:11,2
DA:14,2
DA:15,2
DA:19,2
DA:22,2
DA:23,2
DA:25,6
DA:26,2
DA:28,6
DA:29,8
DA:34,2
DA:36,2
DA:38,8
DA:40,2
DA:42,2
DA:43,2
DA:44,6
DA:46,2
DA:52,6
DA:54,4
DA:55,2
DA:57,6
DA:58,6
LF:25
LH:25
end_of_record
SF:lib\theme\app_colors.dart
DA:11,2
DA:13,2
DA:15,2
DA:17,2
DA:19,2
DA:21,0
DA:23,0
LF:7
LH:5
end_of_record
SF:lib\features\execution\views\widgets\sdui_grid_widget.dart
DA:9,1
DA:11,1
DA:13,3
DA:15,1
DA:17,1
DA:18,1
DA:19,3
DA:20,1
DA:23,4
DA:24,1
DA:26,1
DA:29,1
DA:31,3
DA:32,1
DA:33,1
DA:35,1
DA:37,2
DA:41,1
LF:18
LH:18
end_of_record
SF:lib\shared\widgets\logic_radar_chart.dart
DA:7,1
DA:11,1
DA:13,3
DA:19,2
DA:20,1
DA:23,1
DA:24,1
DA:25,1
DA:27,3
DA:28,3
DA:30,3
DA:31,1
DA:32,1
DA:33,1
DA:38,1
DA:41,1
DA:42,1
DA:43,1
DA:46,1
DA:48,1
DA:53,1
DA:54,1
DA:56,3
DA:58,1
DA:59,1
DA:61,3
DA:65,1
DA:66,3
DA:67,3
DA:70,2
DA:72,1
DA:73,1
DA:77,1
DA:78,3
LF:34
LH:34
end_of_record
SF:lib\shared\widgets\logic_matrix_chart.dart
DA:8,1
DA:19,2
DA:20,2
DA:21,2
DA:22,4
DA:23,6
DA:24,4
DA:25,2
DA:28,2
DA:32,4
DA:33,4
DA:46,2
DA:48,0
DA:50,0
DA:53,2
DA:54,4
DA:55,4
DA:57,2
DA:58,4
DA:59,4
DA:62,2
DA:64,2
DA:65,2
DA:67,2
DA:68,2
DA:69,2
DA:70,2
DA:71,2
DA:74,2
DA:76,8
DA:79,6
DA:84,2
DA:85,2
DA:86,2
DA:87,2
DA:88,6
DA:89,2
DA:94,4
DA:95,4
DA:96,4
DA:97,2
DA:99,6
DA:101,2
DA:103,2
DA:104,1
DA:106,3
DA:108,1
DA:111,2
DA:113,2
DA:114,2
DA:115,14
DA:119,2
DA:123,2
DA:124,6
DA:125,1
DA:127,1
DA:128,3
DA:133,6
DA:134,1
DA:136,1
DA:137,3
DA:147,2
DA:148,2
DA:150,2
DA:151,14
DA:159,2
DA:163,2
DA:164,6
DA:165,1
DA:167,1
DA:168,3
DA:173,6
DA:174,1
DA:176,1
DA:177,3
DA:194,2
DA:196,2
DA:197,2
DA:199,6
DA:206,2
DA:208,0
DA:209,0
DA:210,0
DA:213,0
LF:84
LH:78
end_of_record
SF:lib\shared\widgets\quadrant_matrix_chart.dart
DA:10,0
DA:21,1
DA:22,1
DA:23,1
DA:24,2
DA:25,3
DA:26,2
DA:27,1
DA:30,1
DA:32,1
DA:33,1
DA:34,1
DA:36,1
DA:38,1
DA:42,2
DA:43,2
DA:56,1
DA:58,0
DA:60,0
DA:63,1
DA:64,2
DA:65,2
DA:67,1
DA:68,2
DA:69,2
DA:79,1
DA:84,1
DA:85,1
DA:89,1
DA:91,1
DA:95,1
DA:97,3
DA:104,1
DA:105,1
DA:106,1
DA:107,1
DA:109,1
DA:110,1
DA:111,1
DA:115,1
DA:116,1
DA:123,1
DA:124,1
DA:126,1
DA:127,1
DA:128,1
DA:130,3
DA:134,1
DA:135,1
DA:145,1
DA:147,1
DA:148,1
DA:150,1
DA:151,1
DA:152,1
DA:153,1
DA:154,1
DA:159,1
DA:160,1
DA:161,1
DA:162,1
DA:165,1
DA:167,1
DA:169,3
DA:170,3
DA:175,1
DA:176,1
DA:177,1
DA:178,1
DA:180,1
DA:184,2
DA:185,2
DA:186,2
DA:187,1
DA:189,3
DA:191,1
DA:193,0
DA:194,0
DA:196,0
DA:198,0
DA:201,1
DA:203,1
DA:204,1
DA:205,7
DA:209,1
DA:213,1
DA:214,3
DA:215,1
DA:217,1
DA:218,3
DA:223,3
DA:224,1
DA:226,1
DA:227,3
DA:237,1
DA:238,1
DA:240,1
DA:241,7
DA:249,1
DA:253,1
DA:254,3
DA:255,1
DA:257,1
DA:258,3
DA:263,3
DA:264,1
DA:266,1
DA:267,3
DA:284,1
DA:286,1
DA:287,1
DA:289,3
DA:298,1
DA:300,0
DA:301,0
DA:302,0
DA:305,0
LF:117
LH:106
end_of_record
SF:lib\features\execution\views\widgets\sdui_matrix_table_widget.dart
DA:11,2
DA:13,2
DA:15,12
DA:19,4
DA:20,2
DA:21,4
DA:22,4
DA:24,10
DA:25,10
DA:27,2
DA:29,2
DA:30,2
DA:31,6
DA:36,4
DA:37,4
DA:38,2
DA:39,2
DA:40,2
DA:46,2
DA:47,8
DA:48,2
DA:49,4
DA:52,2
DA:54,3
DA:55,2
DA:56,2
DA:59,2
DA:60,2
DA:61,4
DA:62,4
DA:63,2
DA:66,1
DA:67,1
DA:69,1
DA:74,1
DA:75,1
DA:77,2
DA:78,1
DA:80,1
DA:82,3
DA:83,1
DA:85,1
DA:87,2
DA:92,2
DA:93,2
DA:94,1
DA:96,1
DA:97,1
DA:98,3
DA:99,1
DA:100,1
DA:102,2
DA:109,2
DA:111,2
DA:112,0
DA:113,1
DA:121,2
DA:122,2
DA:123,2
DA:124,2
DA:125,2
DA:126,4
DA:127,2
DA:128,2
DA:131,4
DA:132,2
DA:133,4
DA:135,2
DA:136,2
DA:137,2
DA:138,2
DA:141,2
DA:147,2
DA:148,2
DA:149,2
DA:156,2
DA:157,1
DA:158,1
DA:159,1
DA:160,2
DA:161,1
DA:162,1
DA:165,2
DA:166,3
DA:167,1
DA:168,1
DA:171,1
DA:172,1
DA:173,1
DA:180,2
DA:181,1
DA:185,1
DA:186,6
DA:187,1
DA:189,2
DA:197,1
DA:200,1
DA:206,2
DA:207,2
DA:208,2
DA:209,2
DA:210,4
DA:211,1
DA:212,1
DA:213,2
DA:216,2
DA:217,4
DA:218,2
DA:219,2
DA:223,4
DA:224,2
DA:225,2
DA:226,2
DA:227,4
DA:228,1
DA:229,1
DA:230,2
DA:233,4
DA:235,6
DA:236,2
DA:237,2
DA:240,2
DA:241,2
DA:242,2
DA:250,2
DA:251,2
DA:252,4
DA:253,1
DA:254,1
DA:255,2
DA:258,4
DA:259,4
DA:260,2
DA:264,2
DA:268,2
DA:269,2
DA:270,2
DA:271,2
DA:272,2
DA:278,2
DA:279,6
DA:287,6
DA:288,2
DA:294,2
DA:295,4
DA:296,2
DA:300,2
DA:301,2
DA:302,2
DA:307,2
DA:308,2
DA:309,2
DA:310,2
DA:316,2
DA:317,6
DA:319,2
DA:320,2
DA:321,2
DA:325,2
DA:328,2
DA:331,2
DA:332,2
DA:333,2
DA:345,1
DA:346,1
DA:347,1
DA:348,2
DA:349,0
DA:350,0
DA:353,3
DA:354,2
DA:355,1
DA:356,1
DA:362,1
DA:363,1
DA:364,1
DA:366,1
DA:368,2
DA:370,1
DA:371,1
DA:372,1
DA:377,1
DA:389,2
DA:393,2
DA:399,2
DA:400,1
DA:401,1
DA:402,1
DA:403,1
DA:406,1
DA:411,1
DA:412,0
DA:413,0
DA:415,0
DA:421,1
DA:423,1
DA:424,3
DA:431,0
DA:439,0
DA:440,0
DA:444,0
DA:445,0
DA:446,0
DA:448,0
DA:454,0
DA:456,0
DA:457,0
DA:465,0
DA:466,0
DA:469,0
DA:470,0
DA:472,0
DA:473,0
DA:477,0
DA:483,2
DA:484,2
DA:486,2
DA:491,2
DA:492,2
DA:493,4
DA:494,2
DA:496,2
DA:497,6
DA:498,2
DA:500,2
DA:509,2
DA:510,2
DA:511,2
DA:512,2
DA:517,2
DA:518,2
DA:519,4
DA:520,2
DA:522,2
DA:524,2
DA:526,2
DA:538,2
DA:539,2
DA:541,2
DA:542,2
DA:544,2
DA:546,2
DA:548,2
DA:550,2
DA:552,2
DA:554,2
DA:561,2
DA:563,2
DA:567,2
DA:570,2
DA:572,2
DA:575,2
DA:576,2
DA:578,8
DA:580,6
DA:584,1
DA:585,1
DA:587,4
DA:589,3
DA:596,4
DA:597,2
DA:602,2
DA:604,2
DA:605,2
DA:606,6
DA:607,6
DA:616,0
LF:267
LH:243
end_of_record
SF:lib\features\execution\views\widgets\xai_evidence_box.dart
DA:18,1
DA:20,1
DA:22,2
DA:24,1
DA:25,1
DA:27,1
DA:33,1
DA:34,1
DA:36,1
DA:38,3
DA:39,1
DA:40,1
DA:41,3
DA:43,2
DA:46,1
DA:48,5
DA:49,1
DA:50,1
DA:51,1
DA:53,1
DA:59,1
DA:65,1
DA:66,1
DA:69,1
DA:74,1
DA:77,1
DA:78,1
DA:79,0
DA:81,0
DA:82,0
DA:83,0
DA:84,0
DA:85,0
DA:86,0
DA:88,0
DA:91,0
DA:92,0
DA:93,0
DA:95,0
DA:103,1
DA:105,1
DA:106,1
DA:109,2
DA:112,1
DA:113,1
DA:116,1
DA:117,1
DA:123,1
DA:124,1
DA:125,1
DA:126,1
DA:127,1
DA:130,1
DA:131,1
DA:132,3
DA:139,1
DA:140,3
DA:141,3
DA:148,1
DA:153,1
DA:154,2
DA:155,1
DA:157,1
DA:158,3
DA:159,3
DA:160,2
DA:168,2
DA:169,0
DA:174,0
DA:175,0
DA:176,0
DA:177,0
DA:178,0
DA:179,0
DA:181,0
DA:184,0
DA:185,0
DA:186,0
DA:187,0
DA:197,2
DA:198,1
DA:203,1
DA:204,1
DA:205,3
DA:206,2
DA:214,3
DA:215,1
DA:220,1
DA:225,1
DA:226,1
DA:227,1
DA:228,1
DA:229,1
DA:232,1
DA:234,1
DA:235,1
DA:241,1
DA:242,1
DA:243,1
DA:244,1
DA:245,1
DA:246,2
DA:247,3
DA:252,1
DA:253,2
DA:254,3
DA:269,3
DA:270,1
DA:275,1
DA:276,1
DA:277,3
DA:279,2
DA:283,1
DA:288,1
DA:291,3
DA:292,1
DA:293,1
DA:298,1
DA:299,1
DA:301,3
DA:305,0
DA:306,1
DA:309,1
DA:310,1
DA:313,1
DA:318,4
DA:319,0
DA:326,0
DA:327,0
DA:333,0
DA:338,1
DA:340,1
DA:341,1
DA:342,1
DA:343,3
DA:349,0
DA:351,0
DA:352,0
DA:354,0
DA:355,0
DA:359,0
DA:360,0
DA:361,0
DA:362,0
DA:363,0
LF:145
LH:106
end_of_record
SF:lib\features\studio\controllers\mcp_gateways_controller.g.dart
DA:15,6
DA:27,2
DA:28,2
DA:38,2
DA:39,2
DA:41,1
DA:43,1
DA:46,2
DA:55,1
DA:59,1
DA:65,1
DA:75,2
DA:82,0
DA:97,0
DA:100,0
DA:108,0
DA:109,0
DA:111,0
DA:113,0
DA:115,0
DA:118,0
DA:122,0
DA:124,0
DA:126,0
DA:127,0
DA:130,0
DA:132,0
DA:135,0
DA:137,0
DA:141,0
DA:147,0
DA:148,0
DA:158,0
DA:159,0
DA:161,0
DA:166,0
DA:170,0
DA:173,0
DA:181,0
DA:182,0
DA:184,0
DA:186,0
DA:188,0
DA:191,0
DA:193,0
DA:195,0
DA:197,0
DA:200,0
DA:202,0
DA:206,0
DA:217,0
DA:218,0
DA:226,0
DA:227,0
DA:229,0
DA:235,0
DA:238,0
DA:242,0
DA:245,0
DA:255,0
LF:60
LH:12
end_of_record
SF:lib\features\studio\controllers\mcp_gateways_controller.dart
DA:20,1
DA:23,2
DA:24,1
DA:27,1
DA:28,3
DA:29,1
DA:33,0
DA:34,0
DA:36,0
DA:37,0
DA:39,0
DA:40,0
DA:41,0
DA:42,0
DA:47,0
DA:51,0
DA:52,0
DA:55,0
DA:56,0
DA:57,0
DA:59,0
DA:60,0
DA:61,0
DA:63,0
DA:65,0
DA:70,0
DA:71,0
DA:74,0
DA:75,0
DA:76,0
DA:77,0
DA:78,0
DA:79,0
DA:86,0
DA:87,0
DA:88,0
DA:89,0
DA:90,0
DA:91,0
DA:93,0
DA:98,0
DA:100,0
DA:101,0
DA:103,0
DA:104,0
DA:105,0
DA:106,0
DA:109,0
DA:110,0
DA:111,0
DA:112,0
DA:113,0
DA:115,0
DA:120,0
DA:121,0
DA:124,0
DA:125,0
DA:128,0
DA:129,0
DA:130,0
DA:131,0
DA:135,0
DA:136,0
DA:137,0
DA:138,0
DA:139,0
DA:140,0
DA:142,0
DA:147,0
DA:148,0
DA:150,0
DA:151,0
DA:153,0
DA:154,0
DA:155,0
DA:156,0
DA:160,0
DA:161,0
DA:162,0
DA:163,0
DA:164,0
DA:165,0
DA:171,0
DA:173,0
DA:174,0
DA:181,0
DA:184,0
DA:187,0
DA:188,0
DA:192,0
DA:193,0
DA:196,0
DA:197,0
DA:199,0
DA:200,0
DA:203,0
DA:206,0
DA:207,0
DA:210,0
DA:211,0
DA:214,0
DA:215,0
DA:216,0
DA:217,0
DA:218,0
DA:222,0
DA:223,0
DA:225,0
DA:229,0
DA:230,0
DA:232,0
DA:233,0
DA:234,0
DA:235,0
DA:236,0
LF:115
LH:6
end_of_record
SF:lib\utils\riverpod_extensions.dart
DA:9,4
DA:11,4
DA:13,7
DA:14,3
DA:17,8
DA:18,8
DA:21,4
DA:22,0
LF:8
LH:7
end_of_record
SF:lib\theme\app_durations.dart
DA:8,0
LF:1
LH:0
end_of_record
SF:lib\features\studio\controllers\model_registry_controller.g.dart
DA:15,12
DA:23,4
DA:24,4
DA:34,3
DA:35,3
DA:37,0
DA:39,0
DA:42,3
DA:51,0
DA:55,0
DA:57,0
DA:64,0
DA:71,3
DA:84,1
DA:87,1
DA:95,1
DA:96,1
DA:98,0
DA:100,0
DA:102,0
DA:105,1
DA:109,1
DA:111,0
DA:113,0
DA:114,0
DA:117,1
DA:119,4
DA:122,1
DA:124,2
DA:128,1
DA:134,1
DA:135,1
DA:145,1
DA:146,1
DA:148,0
DA:155,3
DA:168,1
DA:171,1
DA:179,1
DA:180,1
DA:182,0
DA:184,0
DA:186,0
DA:189,1
DA:193,1
DA:195,0
DA:197,0
DA:198,0
DA:205,1
DA:207,4
DA:210,1
DA:212,2
DA:216,1
DA:226,1
DA:227,1
DA:237,1
DA:238,1
DA:243,0
DA:250,3
DA:265,1
DA:266,1
DA:276,1
DA:277,1
DA:279,1
DA:283,1
DA:285,0
DA:287,0
DA:291,1
DA:297,3
DA:312,1
DA:313,1
DA:323,0
DA:324,0
DA:326,0
DA:330,0
DA:332,0
DA:334,0
DA:338,0
DA:342,3
DA:346,1
DA:349,1
DA:357,1
DA:358,1
DA:360,0
DA:362,0
DA:364,0
DA:367,1
DA:369,1
DA:371,1
DA:373,4
DA:376,1
DA:378,2
DA:382,1
DA:393,1
DA:394,1
DA:402,1
DA:403,1
DA:405,0
DA:410,3
DA:411,0
DA:414,1
DA:417,1
DA:419,1
DA:426,4
LF:104
LH:70
end_of_record
SF:lib\features\studio\controllers\model_registry_controller.dart
DA:21,0
DA:24,0
DA:25,0
DA:28,0
DA:29,0
DA:30,0
DA:31,0
DA:32,0
DA:33,0
DA:34,0
DA:35,0
DA:40,0
DA:41,0
DA:43,0
DA:44,0
DA:46,0
DA:47,0
DA:48,0
DA:49,0
DA:54,0
DA:55,0
DA:60,0
DA:61,0
DA:62,0
DA:64,0
DA:65,0
DA:67,0
DA:69,0
DA:74,0
DA:75,0
DA:76,0
DA:77,0
DA:81,0
DA:82,0
DA:83,0
DA:84,0
DA:85,0
DA:86,0
DA:93,0
DA:94,0
DA:95,0
DA:96,0
DA:97,0
DA:98,0
DA:100,0
DA:105,0
DA:107,0
DA:108,0
DA:110,0
DA:111,0
DA:112,0
DA:113,0
DA:116,0
DA:117,0
DA:118,0
DA:119,0
DA:120,0
DA:122,0
DA:127,0
DA:128,0
DA:131,0
DA:132,0
DA:133,0
DA:134,0
DA:138,0
DA:139,0
DA:140,0
DA:141,0
DA:145,0
DA:146,0
DA:147,0
DA:148,0
DA:149,0
DA:150,0
DA:152,0
DA:157,0
DA:158,0
DA:160,0
DA:161,0
DA:162,0
DA:163,0
DA:166,0
DA:167,0
DA:168,0
DA:169,0
DA:173,0
DA:174,0
DA:175,0
DA:176,0
DA:177,0
DA:178,0
DA:184,0
DA:186,0
DA:187,0
DA:188,0
DA:192,0
DA:198,0
DA:199,0
DA:200,0
DA:204,0
DA:206,0
DA:207,0
DA:208,0
DA:212,0
DA:214,0
DA:215,0
DA:222,1
DA:225,5
DA:229,1
DA:230,2
DA:233,0
DA:234,0
DA:236,0
DA:237,0
DA:238,0
DA:239,0
LF:116
LH:4
end_of_record
SF:lib\features\studio\models\model_config.dart
DA:25,1
DA:26,1
DA:56,1
DA:57,1
LF:4
LH:4
end_of_record
SF:lib\features\studio\models\model_config.g.dart
DA:9,2
DA:12,1
DA:13,1
DA:24,1
DA:25,1
DA:27,2
DA:29,1
DA:31,1
DA:33,2
DA:34,2
DA:35,1
DA:37,1
DA:39,1
DA:41,1
DA:42,1
DA:43,2
DA:45,1
DA:59,1
DA:60,1
DA:61,2
DA:62,1
DA:63,1
DA:64,1
DA:65,1
DA:66,2
DA:67,3
DA:71,1
DA:73,1
DA:76,1
DA:77,1
DA:101,1
DA:102,2
DA:103,2
DA:104,1
DA:106,2
DA:108,3
DA:109,2
DA:110,2
DA:111,2
DA:112,1
DA:114,1
DA:116,1
DA:118,1
DA:120,2
DA:121,2
DA:122,1
DA:124,1
DA:126,2
DA:127,1
DA:129,1
DA:130,3
DA:132,2
DA:133,2
DA:134,1
DA:136,2
DA:138,2
DA:139,1
DA:141,1
DA:167,1
DA:168,1
DA:169,1
DA:170,1
DA:171,1
DA:172,1
DA:173,1
DA:174,1
DA:175,1
DA:176,1
DA:177,1
DA:178,1
DA:179,1
DA:180,1
DA:181,1
DA:182,1
DA:183,1
DA:184,1
DA:185,1
DA:186,1
DA:187,1
LF:79
LH:79
end_of_record
SF:lib\features\studio\controllers\output_profile_controller.g.dart
DA:15,6
DA:24,2
DA:25,2
DA:35,2
DA:36,2
DA:38,0
DA:40,0
DA:43,2
DA:52,1
DA:56,1
DA:58,1
DA:65,2
DA:72,3
DA:85,1
DA:88,1
DA:96,1
DA:97,1
DA:99,0
DA:101,0
DA:103,0
DA:106,1
DA:110,1
DA:112,1
DA:114,1
DA:115,1
DA:118,1
DA:120,4
DA:123,1
DA:125,2
DA:129,1
DA:135,1
DA:136,1
DA:146,1
DA:147,1
DA:149,0
DA:154,21
DA:158,7
DA:161,7
DA:169,7
DA:170,7
DA:172,0
DA:174,0
DA:176,0
DA:179,1
DA:181,1
DA:183,7
DA:185,28
DA:188,7
DA:190,14
DA:194,7
DA:205,7
DA:206,7
DA:214,7
DA:215,7
DA:217,0
DA:222,21
DA:223,0
DA:226,7
DA:229,7
DA:231,7
DA:238,28
DA:245,4
DA:246,2
DA:256,2
DA:259,2
DA:267,2
DA:269,2
DA:271,0
DA:273,0
DA:275,0
DA:278,2
DA:281,2
DA:284,0
DA:285,0
DA:287,0
DA:291,2
DA:293,2
DA:294,6
DA:297,2
DA:299,4
DA:303,2
DA:317,2
DA:318,2
DA:328,2
DA:329,2
DA:334,0
DA:342,6
DA:343,0
DA:346,2
DA:349,2
DA:351,2
DA:358,8
LF:92
LH:73
end_of_record
SF:lib\features\studio\controllers\output_profile_controller.dart
DA:23,1
DA:25,2
DA:26,1
DA:29,1
DA:30,3
DA:31,0
DA:32,0
DA:33,0
DA:38,0
DA:39,0
DA:41,0
DA:42,0
DA:44,0
DA:45,0
DA:46,0
DA:47,0
DA:52,0
DA:53,0
DA:58,0
DA:59,0
DA:60,0
DA:62,0
DA:63,0
DA:65,0
DA:67,0
DA:72,0
DA:73,0
DA:74,0
DA:75,0
DA:79,0
DA:80,0
DA:81,0
DA:82,0
DA:83,0
DA:84,0
DA:91,0
DA:92,0
DA:93,0
DA:94,0
DA:95,0
DA:96,0
DA:98,0
DA:103,0
DA:105,0
DA:106,0
DA:108,0
DA:109,0
DA:110,0
DA:111,0
DA:114,0
DA:115,0
DA:116,0
DA:117,0
DA:118,0
DA:120,0
DA:125,0
DA:126,0
DA:129,0
DA:130,0
DA:131,0
DA:132,0
DA:136,0
DA:137,0
DA:138,0
DA:139,0
DA:143,0
DA:144,0
DA:145,0
DA:146,0
DA:147,0
DA:148,0
DA:150,0
DA:155,0
DA:156,0
DA:158,0
DA:159,0
DA:160,0
DA:161,0
DA:164,0
DA:165,0
DA:166,0
DA:167,0
DA:171,0
DA:172,0
DA:173,0
DA:174,0
DA:175,0
DA:176,0
DA:182,1
DA:184,2
DA:185,0
DA:186,0
DA:193,1
DA:195,5
DA:196,0
DA:197,0
DA:200,0
DA:201,0
DA:204,0
DA:208,0
DA:209,0
DA:212,1
DA:213,1
DA:215,3
DA:216,3
DA:217,2
DA:218,0
DA:220,2
DA:223,2
DA:224,1
DA:225,1
DA:226,1
DA:230,3
DA:231,1
DA:237,2
DA:238,0
DA:243,2
DA:244,2
DA:246,0
DA:247,2
DA:249,0
DA:250,2
DA:252,0
DA:253,2
DA:255,0
DA:258,1
DA:259,3
DA:260,1
DA:270,2
DA:273,2
DA:274,2
LF:131
LH:33
end_of_record
SF:lib\features\studio\models\output_profile.dart
DA:13,5
DA:25,1
DA:26,1
DA:31,12
DA:120,1
DA:121,1
LF:6
LH:6
end_of_record
SF:lib\features\studio\models\output_profile.g.dart
DA:9,1
DA:11,1
DA:14,1
DA:15,1
DA:19,1
DA:20,2
DA:21,1
DA:23,2
DA:25,1
DA:27,4
DA:29,1
DA:31,1
DA:32,1
DA:40,0
DA:42,0
DA:43,0
DA:44,0
DA:45,0
DA:46,0
DA:58,1
DA:60,1
DA:63,1
DA:64,1
DA:109,1
DA:110,1
DA:112,2
DA:114,2
DA:115,1
DA:117,2
DA:119,2
DA:120,1
DA:122,2
DA:124,1
DA:126,2
DA:128,1
DA:130,2
DA:132,1
DA:134,2
DA:136,1
DA:138,1
DA:139,3
DA:148,1
DA:150,1
DA:151,0
DA:161,1
DA:163,1
DA:165,3
DA:166,1
DA:169,1
DA:171,1
DA:173,3
DA:174,1
DA:177,1
DA:179,2
DA:181,1
DA:183,1
DA:184,1
DA:187,1
DA:189,2
DA:191,1
DA:193,2
DA:195,1
DA:197,2
DA:199,1
DA:201,1
DA:203,1
DA:205,1
DA:207,1
DA:209,1
DA:211,1
DA:213,2
DA:215,1
DA:217,2
DA:219,1
DA:221,2
DA:223,2
DA:224,1
DA:226,1
DA:228,1
DA:230,1
DA:232,1
DA:234,1
DA:236,1
DA:238,1
DA:240,1
DA:242,1
DA:244,1
DA:246,1
DA:248,1
DA:250,1
DA:252,1
DA:254,1
DA:256,1
DA:258,1
DA:260,1
DA:262,1
DA:264,1
DA:266,2
DA:268,1
DA:270,1
DA:272,1
DA:273,1
DA:274,1
DA:276,1
DA:279,1
DA:281,1
DA:283,3
DA:284,1
DA:287,1
DA:289,1
DA:291,3
DA:292,1
DA:307,1
DA:309,1
DA:311,1
DA:313,1
DA:314,1
DA:359,1
DA:361,1
DA:362,2
DA:363,1
DA:364,2
DA:365,1
DA:366,2
DA:367,1
DA:368,1
DA:369,1
DA:370,1
DA:371,1
DA:372,1
DA:373,1
DA:374,1
DA:375,1
DA:376,1
DA:377,1
DA:378,1
DA:379,2
DA:380,1
DA:381,1
DA:382,1
DA:383,1
DA:384,1
DA:385,1
DA:386,1
DA:387,1
DA:388,1
DA:389,1
DA:390,1
DA:391,1
DA:392,1
DA:393,1
DA:394,1
DA:395,1
DA:396,1
DA:397,1
DA:398,1
DA:399,1
DA:400,2
DA:401,1
DA:402,1
DA:403,1
DA:404,3
DA:405,1
DA:406,3
DA:407,1
DA:408,1
DA:410,2
LF:167
LH:160
end_of_record
SF:lib\features\studio\controllers\prompt_blocks_controller.g.dart
DA:14,0
DA:27,0
DA:30,0
DA:38,0
DA:39,0
DA:41,0
DA:43,0
DA:45,0
DA:48,0
DA:52,0
DA:54,0
DA:56,0
DA:57,0
DA:60,0
DA:62,0
DA:65,0
DA:67,0
DA:71,0
DA:77,0
DA:78,0
DA:88,0
DA:89,0
DA:91,0
DA:96,3
DA:100,1
DA:103,1
DA:111,1
DA:112,1
DA:114,0
DA:116,0
DA:118,0
DA:121,0
DA:123,0
DA:125,1
DA:127,4
DA:130,1
DA:132,2
DA:136,1
DA:147,1
DA:148,1
DA:156,1
DA:157,1
DA:159,0
DA:164,3
DA:165,0
DA:168,1
DA:171,1
DA:173,1
DA:180,4
DA:188,24
DA:196,8
DA:197,8
DA:207,6
DA:208,6
DA:210,1
DA:212,1
DA:215,6
DA:224,6
DA:228,6
DA:230,6
DA:237,12
LF:61
LH:31
end_of_record
SF:lib\features\studio\controllers\prompt_blocks_controller.dart
DA:18,0
DA:20,0
DA:21,0
DA:22,0
DA:23,0
DA:30,0
DA:32,0
DA:33,0
DA:36,1
DA:37,2
DA:40,0
DA:41,0
DA:42,0
DA:43,0
DA:44,0
DA:45,0
DA:48,0
DA:49,0
DA:50,0
DA:62,1
DA:64,2
DA:65,1
DA:68,1
DA:69,3
DA:70,1
DA:72,0
DA:76,0
DA:77,0
DA:79,0
DA:80,0
DA:82,0
DA:83,0
DA:84,0
DA:85,0
DA:90,0
DA:91,0
DA:92,0
DA:95,0
DA:96,0
DA:97,0
DA:99,0
DA:100,0
DA:102,0
DA:104,0
DA:109,0
DA:110,0
DA:111,0
DA:112,0
DA:116,0
DA:117,0
DA:118,0
DA:119,0
DA:120,0
DA:121,0
DA:128,0
DA:129,0
DA:130,0
DA:131,0
DA:132,0
DA:133,0
DA:135,0
DA:140,0
DA:141,0
DA:145,0
DA:146,0
DA:147,0
DA:148,0
DA:152,0
DA:153,0
DA:154,0
DA:155,0
DA:159,0
DA:160,0
DA:161,0
DA:162,0
DA:163,0
DA:164,0
DA:166,0
DA:171,0
DA:172,0
DA:174,0
DA:175,0
DA:176,0
DA:177,0
DA:180,0
DA:181,0
DA:182,0
DA:183,0
DA:187,0
DA:188,0
DA:189,0
DA:190,0
DA:191,0
DA:192,0
DA:197,0
DA:199,0
DA:200,0
DA:202,0
DA:203,0
DA:204,0
DA:205,0
DA:208,0
DA:209,0
DA:210,0
DA:211,0
DA:212,0
DA:214,0
DA:219,1
DA:227,1
DA:228,2
DA:229,1
DA:230,1
DA:231,1
DA:232,0
DA:234,3
DA:235,1
DA:237,1
DA:238,2
DA:239,0
DA:240,0
DA:241,0
DA:243,0
LF:122
LH:18
end_of_record
SF:lib\features\studio\models\prompt_block.dart
DA:35,0
DA:36,0
DA:37,0
DA:38,0
DA:39,0
DA:46,5
DA:54,1
DA:55,1
DA:60,1
DA:70,1
DA:71,1
DA:76,1
DA:86,1
DA:87,1
DA:92,0
DA:104,0
DA:105,0
DA:110,1
DA:118,1
DA:119,1
DA:124,3
DA:159,2
DA:160,2
DA:163,2
DA:173,4
DA:174,2
DA:175,2
DA:193,3
DA:203,2
DA:204,2
DA:209,6
DA:217,1
DA:218,1
DA:223,2
DA:233,1
DA:234,1
DA:241,5
DA:387,2
DA:388,2
DA:391,0
DA:394,0
DA:396,4
DA:397,1
DA:398,2
DA:399,1
DA:400,1
DA:401,1
DA:402,2
DA:403,0
DA:406,0
DA:407,0
DA:408,0
DA:409,0
DA:410,0
DA:413,0
DA:414,0
DA:415,0
DA:416,0
DA:420,1
DA:423,2
DA:425,3
DA:426,1
LF:62
LH:42
end_of_record
SF:lib\features\studio\models\prompt_block.g.dart
DA:9,1
DA:10,1
DA:13,1
DA:14,1
DA:18,1
DA:19,2
DA:20,1
DA:22,1
DA:33,0
DA:34,0
DA:35,0
DA:36,0
DA:39,1
DA:40,1
DA:43,1
DA:44,1
DA:48,1
DA:49,2
DA:50,1
DA:52,1
DA:62,1
DA:64,1
DA:65,1
DA:66,1
DA:69,2
DA:72,1
DA:73,1
DA:77,1
DA:78,2
DA:79,1
DA:81,1
DA:89,1
DA:90,1
DA:91,1
DA:92,1
DA:95,0
DA:96,0
DA:99,0
DA:100,0
DA:109,0
DA:110,0
DA:111,0
DA:112,0
DA:113,0
DA:115,0
DA:116,0
DA:130,0
DA:131,0
DA:132,0
DA:133,0
DA:134,0
DA:135,0
DA:149,1
DA:150,2
DA:151,1
DA:152,1
DA:153,2
DA:154,2
DA:159,1
DA:160,1
DA:161,1
DA:162,1
DA:165,2
DA:167,2
DA:170,2
DA:171,2
DA:194,2
DA:195,4
DA:196,2
DA:198,2
DA:200,2
DA:202,2
DA:204,2
DA:205,1
DA:206,1
DA:208,2
DA:211,2
DA:213,2
DA:215,4
DA:216,2
DA:219,2
DA:221,2
DA:223,1
DA:225,2
DA:227,2
DA:228,4
DA:230,2
DA:232,2
DA:234,2
DA:236,2
DA:238,2
DA:239,2
DA:242,4
DA:243,2
DA:245,4
DA:247,2
DA:249,2
DA:250,2
DA:253,2
DA:255,2
DA:256,4
DA:258,2
DA:260,2
DA:262,4
DA:263,4
DA:264,2
DA:266,2
DA:268,4
DA:269,2
DA:271,2
DA:272,2
DA:300,2
DA:301,2
DA:302,2
DA:303,2
DA:304,2
DA:305,4
DA:306,2
DA:307,8
DA:308,3
DA:309,2
DA:310,2
DA:311,6
DA:312,2
DA:313,4
DA:314,4
DA:315,2
DA:316,2
DA:317,2
DA:318,2
DA:319,2
DA:320,2
DA:321,4
DA:339,2
DA:340,4
DA:341,2
DA:342,2
DA:343,2
DA:345,4
DA:347,2
DA:349,2
DA:351,6
DA:352,2
DA:359,1
DA:360,1
DA:361,2
DA:362,5
DA:365,1
DA:366,2
DA:367,1
DA:368,1
DA:369,1
DA:371,2
DA:373,2
DA:378,0
DA:379,0
DA:380,0
DA:381,0
DA:384,1
DA:385,2
DA:386,1
DA:390,1
DA:391,3
DA:392,1
DA:394,1
DA:395,1
DA:397,2
DA:398,1
DA:400,1
DA:401,3
DA:402,1
DA:408,1
DA:409,1
DA:410,1
DA:411,2
DA:412,1
DA:413,5
DA:416,2
DA:418,2
DA:421,2
DA:422,2
DA:447,2
DA:448,2
DA:450,4
DA:452,4
DA:453,4
DA:454,2
DA:456,4
DA:458,2
DA:460,4
DA:462,4
DA:463,4
DA:464,2
DA:466,2
DA:467,2
DA:470,2
DA:472,2
DA:474,2
DA:476,2
DA:477,3
DA:479,2
DA:481,2
DA:483,1
DA:485,2
DA:487,2
DA:489,2
DA:491,2
DA:493,2
DA:495,2
DA:496,4
DA:497,2
DA:499,2
DA:501,2
DA:502,3
DA:503,1
DA:505,2
DA:507,2
DA:508,0
DA:509,0
DA:511,5
DA:512,5
DA:513,4
DA:514,4
DA:534,1
DA:535,1
DA:536,2
DA:537,1
DA:538,1
DA:539,2
DA:540,2
DA:541,1
DA:542,1
DA:543,2
DA:544,1
DA:545,1
DA:546,1
DA:547,1
DA:548,1
DA:549,5
DA:550,1
DA:551,1
DA:552,1
DA:553,1
DA:554,1
DA:555,1
DA:569,1
DA:571,1
DA:574,1
DA:575,1
DA:593,1
DA:594,1
DA:596,2
DA:598,2
DA:599,2
DA:600,1
DA:602,2
DA:604,1
DA:606,2
DA:608,1
DA:610,1
DA:612,1
DA:614,1
DA:615,1
DA:618,1
DA:620,1
DA:622,1
DA:624,1
DA:625,2
DA:627,1
DA:629,1
DA:631,1
DA:633,1
DA:635,1
DA:637,2
DA:638,2
DA:654,0
DA:656,0
DA:657,0
DA:658,0
DA:659,0
DA:660,0
DA:661,0
DA:662,0
DA:663,0
DA:664,0
DA:665,0
DA:666,0
DA:667,0
DA:668,0
DA:669,0
DA:672,1
DA:674,1
DA:677,1
DA:678,1
DA:697,1
DA:698,1
DA:700,2
DA:702,2
DA:703,2
DA:704,1
DA:706,2
DA:708,1
DA:710,2
DA:712,1
DA:714,1
DA:716,1
DA:718,1
DA:719,1
DA:722,1
DA:724,1
DA:726,1
DA:728,1
DA:729,2
DA:731,1
DA:733,1
DA:735,0
DA:737,1
DA:739,1
DA:741,2
DA:742,1
DA:744,1
DA:745,2
DA:747,2
DA:764,0
DA:766,0
DA:767,0
DA:768,0
DA:769,0
DA:770,0
DA:771,0
DA:772,0
DA:773,0
DA:774,0
DA:775,0
DA:776,0
DA:777,0
DA:778,0
DA:779,0
DA:780,0
DA:783,1
DA:785,1
DA:788,1
DA:789,1
DA:808,1
DA:809,1
DA:811,2
DA:813,2
DA:814,2
DA:815,1
DA:817,2
DA:819,1
DA:821,2
DA:823,1
DA:825,1
DA:827,1
DA:829,1
DA:830,1
DA:833,1
DA:835,1
DA:837,1
DA:839,1
DA:840,2
DA:842,1
DA:844,1
DA:846,1
DA:848,1
DA:850,1
DA:852,2
DA:853,1
DA:855,1
DA:856,2
DA:858,2
DA:875,0
DA:877,0
DA:878,0
DA:879,0
DA:880,0
DA:881,0
DA:882,0
DA:883,0
DA:884,0
DA:885,0
DA:886,0
DA:887,0
DA:888,0
DA:889,0
DA:890,0
DA:891,0
DA:894,1
DA:896,1
DA:899,1
DA:900,1
DA:918,1
DA:919,1
DA:921,2
DA:923,2
DA:924,2
DA:925,1
DA:927,2
DA:929,1
DA:931,2
DA:933,1
DA:935,1
DA:937,1
DA:939,1
DA:940,1
DA:943,1
DA:945,1
DA:947,1
DA:949,1
DA:950,2
DA:952,1
DA:954,1
DA:956,0
DA:958,1
DA:960,1
DA:962,1
DA:964,1
DA:966,2
DA:982,0
DA:984,0
DA:985,0
DA:986,0
DA:987,0
DA:988,0
DA:989,0
DA:990,0
DA:991,0
DA:992,0
DA:993,0
DA:994,0
DA:995,0
DA:996,0
DA:997,0
DA:1000,1
DA:1002,1
DA:1005,1
DA:1006,1
DA:1024,1
DA:1025,1
DA:1027,2
DA:1029,2
DA:1030,2
DA:1031,1
DA:1033,2
DA:1035,1
DA:1037,2
DA:1039,1
DA:1041,1
DA:1043,1
DA:1045,1
DA:1046,1
DA:1049,1
DA:1051,1
DA:1053,1
DA:1055,1
DA:1056,2
DA:1058,1
DA:1060,1
DA:1062,1
DA:1064,1
DA:1066,1
DA:1068,2
DA:1069,2
DA:1085,0
DA:1087,0
DA:1088,0
DA:1089,0
DA:1090,0
DA:1091,0
DA:1092,0
DA:1093,0
DA:1094,0
DA:1095,0
DA:1096,0
DA:1097,0
DA:1098,0
DA:1099,0
DA:1100,0
DA:1103,1
DA:1105,1
DA:1108,1
DA:1109,1
DA:1127,1
DA:1128,1
DA:1130,2
DA:1132,2
DA:1133,2
DA:1134,1
DA:1136,2
DA:1138,1
DA:1140,2
DA:1142,1
DA:1144,1
DA:1146,1
DA:1148,1
DA:1149,1
DA:1152,1
DA:1154,1
DA:1156,1
DA:1158,1
DA:1159,3
DA:1161,1
DA:1163,1
DA:1165,1
DA:1167,1
DA:1169,1
DA:1171,2
DA:1172,2
DA:1188,0
DA:1190,0
DA:1191,0
DA:1192,0
DA:1193,0
DA:1194,0
DA:1195,0
DA:1196,0
DA:1197,0
DA:1198,0
DA:1199,0
DA:1200,0
DA:1201,0
DA:1202,0
DA:1203,0
LF:524
LH:403
end_of_record
SF:lib\features\studio\controllers\studio_controller.dart
DA:21,0
DA:23,0
DA:24,0
DA:25,0
DA:26,0
DA:30,0
DA:32,0
DA:33,0
DA:34,0
DA:38,0
DA:40,0
DA:41,0
DA:42,0
DA:43,0
DA:44,0
DA:52,0
DA:54,0
DA:55,0
DA:58,0
DA:59,0
DA:62,0
DA:63,0
DA:64,0
DA:65,0
DA:66,0
DA:67,0
DA:70,0
DA:71,0
DA:72,0
DA:80,0
DA:82,0
DA:86,0
DA:87,0
DA:88,0
DA:89,0
DA:93,0
DA:94,0
DA:97,0
DA:98,0
DA:99,0
DA:100,0
DA:101,0
DA:102,0
DA:105,0
DA:106,0
DA:107,0
DA:119,0
DA:121,0
DA:122,0
DA:125,0
DA:126,0
DA:127,0
DA:128,0
DA:132,0
DA:133,0
DA:135,0
DA:136,0
DA:138,0
DA:139,0
DA:140,0
DA:141,0
DA:146,0
DA:147,0
DA:148,0
DA:151,0
DA:152,0
DA:153,0
DA:155,0
DA:156,0
DA:158,0
DA:160,0
DA:165,0
DA:168,0
DA:169,0
DA:171,0
DA:172,0
DA:173,0
DA:176,0
DA:177,0
DA:178,0
DA:179,0
DA:180,0
DA:181,0
DA:188,0
DA:189,0
DA:190,0
DA:191,0
DA:192,0
DA:193,0
DA:195,0
DA:200,0
DA:202,0
DA:203,0
DA:205,0
DA:206,0
DA:207,0
DA:208,0
DA:211,0
DA:212,0
DA:213,0
DA:214,0
DA:215,0
DA:217,0
DA:222,0
DA:223,0
DA:225,0
DA:226,0
DA:227,0
DA:228,0
DA:231,0
DA:232,0
DA:233,0
DA:234,0
DA:238,0
DA:242,0
DA:243,0
DA:244,0
DA:245,0
DA:246,0
DA:247,0
DA:249,0
DA:254,0
DA:255,0
DA:257,0
DA:258,0
DA:259,0
DA:260,0
DA:262,0
DA:263,0
DA:264,0
DA:265,0
DA:269,0
DA:270,0
DA:271,0
DA:272,0
DA:273,0
DA:274,0
DA:279,0
DA:281,0
DA:282,0
DA:284,0
DA:285,0
DA:286,0
DA:287,0
DA:288,0
DA:290,0
DA:299,1
DA:301,2
DA:302,1
DA:305,1
DA:306,3
DA:307,1
DA:309,0
DA:310,0
DA:315,0
DA:316,0
DA:318,0
DA:319,0
DA:321,0
DA:322,0
DA:323,0
DA:324,0
DA:329,0
DA:330,0
DA:335,0
DA:336,0
DA:338,0
DA:339,0
DA:344,0
DA:345,0
DA:346,0
DA:347,0
DA:348,0
DA:352,0
DA:353,0
DA:355,0
DA:357,0
DA:362,0
DA:363,0
DA:364,0
DA:365,0
DA:366,0
DA:370,0
DA:371,0
DA:372,0
DA:373,0
DA:374,0
DA:378,0
DA:379,0
DA:380,0
DA:387,0
DA:388,0
DA:389,0
DA:390,0
DA:391,0
DA:392,0
DA:394,0
DA:399,0
DA:401,0
DA:402,0
DA:404,0
DA:405,0
DA:406,0
DA:407,0
DA:408,0
DA:411,0
DA:414,0
DA:415,0
DA:416,0
DA:417,0
DA:418,0
DA:420,0
DA:425,0
DA:426,0
DA:429,0
DA:430,0
DA:431,0
DA:432,0
DA:433,0
DA:437,0
DA:438,0
DA:439,0
DA:440,0
DA:444,0
DA:445,0
DA:446,0
DA:447,0
DA:448,0
DA:449,0
DA:451,0
DA:456,0
DA:457,0
DA:459,0
DA:460,0
DA:463,0
DA:464,0
DA:467,0
DA:468,0
DA:469,0
DA:470,0
DA:474,0
DA:475,0
DA:476,0
DA:477,0
DA:478,0
DA:479,0
DA:484,1
DA:488,3
DA:489,1
DA:491,1
DA:492,2
DA:493,0
DA:494,0
DA:495,0
DA:497,0
LF:255
LH:11
end_of_record
SF:lib\features\studio\controllers\studio_controller.g.dart
DA:14,0
DA:23,0
DA:26,0
DA:34,0
DA:35,0
DA:37,0
DA:39,0
DA:41,0
DA:44,0
DA:47,0
DA:49,0
DA:51,0
DA:52,0
DA:55,0
DA:57,0
DA:60,0
DA:62,0
DA:66,0
DA:72,0
DA:73,0
DA:83,0
DA:84,0
DA:86,0
DA:93,12
DA:94,6
DA:107,6
DA:110,6
DA:118,2
DA:119,2
DA:121,0
DA:123,0
DA:125,0
DA:128,2
DA:132,2
DA:134,0
DA:136,0
DA:137,0
DA:140,3
DA:142,3
DA:143,9
DA:146,6
DA:148,12
DA:152,2
DA:159,6
DA:160,6
DA:170,6
DA:171,6
DA:173,0
DA:180,0
DA:193,0
DA:196,0
DA:204,0
DA:205,0
DA:207,0
DA:209,0
DA:211,0
DA:214,0
DA:218,0
DA:220,0
DA:222,0
DA:223,0
DA:226,0
DA:228,0
DA:231,0
DA:233,0
DA:237,0
DA:243,0
DA:244,0
DA:254,0
DA:255,0
DA:257,0
DA:262,0
DA:266,0
DA:269,0
DA:277,0
DA:278,0
DA:280,0
DA:282,0
DA:284,0
DA:287,0
DA:289,0
DA:291,0
DA:293,0
DA:296,0
DA:298,0
DA:302,0
DA:313,0
DA:314,0
DA:322,0
DA:323,0
DA:325,0
DA:331,0
DA:334,0
DA:337,0
DA:339,0
DA:346,0
DA:351,3
DA:355,1
DA:358,1
DA:366,1
DA:367,1
DA:369,0
DA:371,0
DA:373,0
DA:376,0
DA:378,0
DA:380,1
DA:382,4
DA:385,1
DA:387,2
DA:391,1
DA:402,1
DA:403,1
DA:411,1
DA:412,1
DA:414,0
DA:419,3
DA:420,0
DA:423,1
DA:426,1
DA:428,1
DA:435,4
DA:443,18
DA:451,6
DA:452,6
DA:462,4
DA:463,4
DA:465,0
DA:467,0
DA:470,4
DA:478,4
DA:481,4
DA:483,4
DA:490,8
DA:498,18
DA:506,6
DA:507,6
DA:517,4
DA:518,4
DA:520,1
DA:522,1
DA:525,4
DA:532,4
DA:536,4
DA:538,4
DA:545,8
LF:146
LH:59
end_of_record
SF:lib\features\studio\models\workflow.dart
DA:15,0
DA:24,0
DA:25,0
DA:30,3
DA:48,2
DA:49,2
DA:54,3
DA:69,2
DA:70,2
DA:76,7
DA:128,1
DA:129,1
DA:134,7
DA:179,1
DA:180,1
DA:183,0
DA:184,0
DA:185,0
DA:186,0
DA:190,1
DA:193,2
DA:195,3
DA:196,1
LF:23
LH:16
end_of_record
SF:lib\features\studio\models\workflow.g.dart
DA:9,0
DA:10,0
DA:11,0
DA:12,0
DA:13,0
DA:14,0
DA:16,0
DA:18,0
DA:23,0
DA:24,0
DA:25,0
DA:26,0
DA:27,0
DA:30,2
DA:31,2
DA:34,2
DA:35,2
DA:50,2
DA:51,4
DA:52,2
DA:54,4
DA:56,4
DA:57,2
DA:59,2
DA:61,2
DA:63,2
DA:65,2
DA:67,2
DA:68,3
DA:71,2
DA:73,4
DA:75,2
DA:77,2
DA:79,4
DA:80,2
DA:82,2
DA:84,1
DA:85,0
DA:86,0
DA:88,1
DA:105,1
DA:106,1
DA:107,1
DA:108,2
DA:109,1
DA:110,1
DA:111,1
DA:112,1
DA:113,2
DA:114,1
DA:115,1
DA:116,1
DA:117,1
DA:118,1
DA:121,4
DA:124,2
DA:125,2
DA:138,2
DA:139,2
DA:141,4
DA:143,2
DA:145,4
DA:147,2
DA:149,2
DA:150,3
DA:152,2
DA:154,2
DA:155,1
DA:156,2
DA:160,2
DA:162,4
DA:164,2
DA:166,3
DA:168,2
DA:170,3
DA:172,2
DA:174,2
DA:190,0
DA:191,0
DA:192,0
DA:193,0
DA:195,0
DA:196,0
DA:197,0
DA:198,0
DA:199,0
DA:200,0
DA:224,1
DA:226,1
DA:229,1
DA:230,1
DA:253,1
DA:254,1
DA:256,2
DA:258,2
DA:259,1
DA:261,2
DA:263,1
DA:265,1
DA:267,2
DA:268,1
DA:270,2
DA:272,1
DA:275,1
DA:277,2
DA:279,1
DA:282,1
DA:284,2
DA:286,1
DA:289,1
DA:291,1
DA:292,0
DA:294,1
DA:296,1
DA:297,0
DA:299,1
DA:301,1
DA:302,0
DA:304,2
DA:305,1
DA:307,1
DA:308,0
DA:310,1
DA:312,1
DA:313,3
DA:315,1
DA:317,1
DA:318,1
DA:321,2
DA:322,1
DA:324,1
DA:326,2
DA:346,1
DA:347,1
DA:348,2
DA:349,1
DA:350,2
DA:351,1
DA:352,1
DA:353,1
DA:354,1
DA:355,1
DA:357,1
DA:358,1
DA:359,1
DA:361,1
DA:362,1
DA:363,1
DA:365,1
DA:366,1
DA:367,1
DA:368,1
DA:369,1
DA:370,1
DA:371,2
DA:372,1
DA:373,1
DA:374,1
DA:377,1
DA:380,0
DA:389,1
DA:392,0
DA:394,1
DA:396,1
DA:399,1
DA:400,1
DA:423,1
DA:424,1
DA:426,2
DA:428,2
DA:429,1
DA:431,2
DA:433,1
DA:435,1
DA:437,2
DA:438,1
DA:440,2
DA:442,1
DA:445,1
DA:447,2
DA:449,1
DA:452,1
DA:454,2
DA:456,1
DA:459,1
DA:461,1
DA:462,0
DA:464,1
DA:466,1
DA:467,0
DA:469,1
DA:471,1
DA:472,0
DA:474,2
DA:475,1
DA:477,1
DA:478,0
DA:480,1
DA:482,1
DA:483,0
DA:485,1
DA:487,1
DA:488,1
DA:491,2
DA:492,1
DA:494,1
DA:496,2
DA:516,0
DA:517,0
DA:518,0
DA:519,0
DA:520,0
DA:521,0
DA:522,0
DA:523,0
DA:524,0
DA:525,0
DA:527,0
DA:528,0
DA:529,0
DA:531,0
DA:532,0
DA:533,0
DA:535,0
DA:536,0
DA:537,0
DA:538,0
DA:539,0
DA:540,0
DA:541,0
DA:542,0
DA:543,0
DA:544,0
DA:547,2
DA:550,1
DA:551,1
DA:580,1
DA:581,1
DA:583,2
DA:585,2
DA:586,1
DA:588,2
DA:590,1
DA:592,2
DA:594,2
DA:595,3
DA:596,2
DA:597,2
DA:598,1
DA:600,1
DA:601,0
DA:602,0
DA:604,0
DA:609,1
DA:611,1
DA:613,1
DA:615,1
DA:617,2
DA:618,1
DA:620,2
DA:622,1
DA:624,2
DA:626,1
DA:628,2
DA:630,1
DA:632,2
DA:634,1
DA:636,1
DA:638,1
DA:640,1
DA:642,1
DA:644,1
DA:646,1
DA:648,1
DA:650,1
DA:652,1
DA:653,3
DA:656,1
DA:658,1
DA:660,1
DA:662,1
DA:664,3
DA:665,1
DA:668,1
DA:670,1
DA:672,3
DA:673,1
DA:700,2
DA:701,2
DA:702,1
DA:703,2
DA:704,2
DA:705,1
DA:706,1
DA:707,1
DA:708,1
DA:709,2
DA:710,0
DA:712,1
DA:713,1
DA:714,1
DA:715,1
DA:716,1
DA:717,1
DA:718,1
DA:719,1
DA:720,1
DA:721,1
DA:722,1
DA:723,1
DA:724,1
DA:725,3
DA:726,3
LF:313
LH:247
end_of_record
SF:lib\utils\json_converters.dart
DA:6,0
DA:8,0
DA:11,0
DA:13,0
DA:14,0
DA:19,0
DA:21,0
DA:31,0
DA:33,0
DA:35,0
DA:36,0
DA:37,0
DA:41,0
DA:42,0
DA:46,0
DA:48,0
DA:54,4
DA:56,5
DA:58,5
DA:59,5
DA:60,0
DA:61,0
DA:67,4
LF:23
LH:5
end_of_record
SF:lib\features\studio\views\components\bars_matrix_builder.dart
DA:14,2
DA:20,2
DA:22,2
DA:25,2
DA:26,2
DA:28,4
DA:29,6
DA:32,4
DA:33,2
DA:34,1
DA:37,1
DA:38,3
DA:40,1
DA:43,0
DA:45,0
DA:48,0
DA:49,0
DA:54,0
DA:57,0
DA:61,4
DA:62,1
DA:64,1
DA:67,1
DA:68,2
DA:73,1
DA:76,1
DA:80,2
DA:82,4
DA:83,2
DA:87,2
DA:88,2
DA:89,6
DA:90,2
DA:91,2
DA:92,6
DA:102,2
DA:107,2
DA:108,8
DA:111,2
DA:114,6
DA:115,2
DA:116,2
DA:117,8
DA:119,2
DA:120,0
DA:121,2
DA:122,2
DA:124,2
DA:127,2
DA:128,2
DA:130,2
DA:131,2
DA:132,2
DA:133,2
DA:134,4
DA:135,4
DA:145,2
DA:146,2
DA:149,6
DA:151,0
DA:156,2
DA:157,2
DA:160,6
DA:162,0
DA:169,6
DA:170,2
DA:171,4
DA:172,2
DA:175,6
DA:182,2
DA:185,4
DA:186,1
DA:187,1
DA:188,2
DA:189,2
DA:190,2
DA:192,1
DA:194,1
DA:195,3
DA:196,1
DA:198,1
DA:200,1
DA:201,1
DA:207,3
DA:209,1
DA:210,3
DA:211,1
DA:213,1
DA:215,2
DA:222,1
DA:225,1
DA:226,1
DA:227,1
DA:228,1
DA:229,2
DA:234,1
DA:235,1
DA:236,1
DA:238,2
DA:239,1
DA:241,2
DA:242,1
DA:244,1
DA:245,1
DA:246,1
DA:250,1
DA:251,1
DA:254,1
DA:256,1
DA:257,1
DA:258,1
DA:259,1
DA:260,1
DA:261,1
DA:262,1
DA:269,3
DA:270,0
DA:275,0
DA:276,0
DA:278,0
DA:279,0
DA:281,0
DA:282,0
DA:283,0
DA:285,0
DA:287,0
DA:289,0
DA:308,0
DA:309,0
DA:311,0
DA:314,0
DA:315,0
DA:317,0
DA:318,0
DA:319,0
DA:320,0
DA:325,0
DA:326,0
DA:327,0
DA:329,0
DA:330,0
DA:331,0
LF:142
LH:107
end_of_record
SF:lib\features\studio\views\widgets\scale_editor_modal.dart
DA:19,4
DA:23,4
DA:31,1
DA:33,1
DA:34,1
DA:48,1
DA:50,1
DA:51,5
DA:52,5
DA:55,1
DA:57,2
DA:58,1
DA:61,1
DA:62,5
DA:65,1
DA:66,3
DA:69,1
DA:70,3
DA:71,3
DA:72,1
DA:73,2
DA:75,3
DA:79,2
DA:80,1
DA:81,1
DA:82,2
DA:83,2
DA:84,2
DA:85,1
DA:86,1
DA:87,3
DA:88,2
DA:90,1
DA:91,0
DA:92,0
DA:93,0
DA:95,2
DA:103,1
DA:104,1
DA:105,1
DA:107,3
DA:110,3
DA:111,1
DA:112,2
DA:113,2
DA:123,2
DA:124,3
DA:125,1
DA:126,3
DA:127,1
DA:128,0
DA:129,0
DA:132,2
DA:133,4
DA:134,1
DA:135,3
DA:142,3
DA:143,4
DA:146,1
DA:147,1
DA:148,3
DA:151,1
DA:156,2
DA:159,3
DA:161,1
DA:162,3
DA:163,1
DA:166,2
DA:170,1
DA:171,3
DA:174,1
DA:175,1
DA:176,1
DA:177,1
DA:178,1
DA:180,1
DA:181,1
DA:182,2
DA:183,1
DA:186,1
DA:189,1
DA:196,1
DA:197,3
DA:198,2
DA:199,1
DA:200,1
DA:201,2
DA:202,2
DA:203,2
DA:204,1
DA:205,1
DA:206,0
DA:207,2
DA:215,1
DA:216,2
DA:217,3
DA:218,1
DA:219,1
DA:221,1
DA:222,1
DA:230,4
DA:231,3
DA:235,1
DA:236,2
DA:237,3
DA:238,1
DA:239,4
DA:240,3
DA:241,0
DA:246,1
DA:247,3
DA:248,3
DA:249,2
DA:250,2
DA:252,2
DA:253,3
DA:254,4
DA:255,2
DA:256,4
DA:260,1
DA:261,1
DA:263,2
DA:265,1
DA:267,1
DA:269,1
DA:270,1
DA:282,1
DA:283,1
DA:284,1
DA:285,1
DA:287,1
DA:288,1
DA:289,4
DA:290,1
DA:291,1
DA:292,1
DA:293,1
DA:301,1
DA:302,2
DA:303,2
DA:304,1
DA:305,1
DA:310,1
DA:311,4
DA:313,2
DA:315,1
DA:316,1
DA:317,2
DA:318,1
DA:319,4
DA:320,1
DA:321,1
DA:322,1
DA:323,1
DA:330,0
DA:331,0
DA:332,0
DA:337,1
DA:338,4
DA:340,1
DA:341,1
DA:342,1
DA:343,1
DA:350,1
DA:351,1
DA:353,2
DA:355,1
DA:357,2
DA:359,1
DA:361,2
DA:363,1
DA:365,2
DA:368,0
DA:370,0
DA:376,0
DA:378,0
DA:382,1
DA:383,1
DA:384,1
DA:386,1
DA:392,1
DA:393,4
DA:394,1
DA:395,1
DA:396,1
DA:397,1
DA:404,0
DA:405,0
DA:406,0
DA:411,1
DA:412,4
DA:414,1
DA:415,1
DA:416,1
DA:417,1
DA:424,2
DA:425,1
DA:427,1
DA:428,1
DA:429,1
DA:430,1
DA:433,1
[...]
DA:2025,0
DA:2028,0
DA:2031,0
DA:2034,0
DA:2037,0
DA:2040,0
DA:2043,0
DA:2047,0
DA:2049,0
DA:2052,0
DA:2054,0
DA:2057,0
DA:2059,0
DA:2062,0
DA:2064,0
DA:2067,0
DA:2070,0
DA:2073,0
DA:2075,0
DA:2078,0
DA:2080,0
DA:2083,0
DA:2086,0
DA:2089,0
DA:2092,0
DA:2095,0
DA:2098,0
DA:2101,0
DA:2104,0
DA:2108,0
DA:2112,0
DA:2115,0
DA:2119,0
DA:2123,0
DA:2127,0
DA:2130,0
DA:2133,0
DA:2137,0
DA:2140,0
DA:2143,0
DA:2146,0
DA:2149,0
DA:2152,0
DA:2155,0
DA:2158,0
DA:2161,0
DA:2164,0
DA:2167,0
DA:2170,0
DA:2173,0
DA:2176,0
DA:2179,0
DA:2182,0
DA:2185,0
DA:2188,0
DA:2191,0
DA:2194,1
DA:2198,0
DA:2202,1
DA:2206,0
DA:2209,0
DA:2212,0
DA:2215,0
DA:2219,0
DA:2222,0
DA:2225,0
DA:2228,0
DA:2231,0
DA:2234,0
DA:2237,0
DA:2240,0
DA:2243,0
DA:2246,0
DA:2249,0
DA:2252,0
DA:2254,0
DA:2257,0
DA:2260,0
DA:2263,0
DA:2266,0
DA:2269,0
DA:2272,0
DA:2275,0
DA:2278,0
DA:2281,0
DA:2284,0
DA:2287,0
DA:2290,0
DA:2294,0
DA:2297,0
DA:2300,3
DA:2303,3
DA:2305,3
DA:2308,1
DA:2311,1
DA:2314,1
DA:2316,1
DA:2319,0
DA:2322,0
DA:2325,0
DA:2329,0
DA:2333,0
DA:2336,0
DA:2339,0
DA:2342,0
DA:2345,0
DA:2348,0
DA:2351,0
DA:2354,0
DA:2356,0
DA:2359,0
DA:2362,0
DA:2365,0
DA:2368,0
DA:2371,0
DA:2374,0
DA:2376,0
DA:2379,0
DA:2382,0
DA:2385,0
DA:2387,0
DA:2390,0
DA:2392,0
DA:2395,0
DA:2397,0
DA:2400,0
DA:2403,0
DA:2405,0
DA:2408,0
DA:2411,0
DA:2414,0
DA:2416,0
DA:2419,0
DA:2421,0
DA:2424,0
DA:2426,0
DA:2429,0
DA:2431,0
DA:2434,0
DA:2437,0
DA:2440,0
DA:2443,0
DA:2446,0
DA:2449,0
DA:2452,0
DA:2455,0
DA:2458,0
DA:2461,0
DA:2464,0
DA:2467,0
DA:2470,0
DA:2472,0
DA:2475,0
DA:2478,0
DA:2481,0
DA:2484,0
DA:2488,1
DA:2492,0
DA:2495,1
DA:2498,1
DA:2501,1
DA:2504,0
DA:2507,0
DA:2510,0
DA:2513,0
DA:2517,0
DA:2520,0
DA:2524,0
DA:2528,0
DA:2532,0
DA:2535,0
DA:2538,0
DA:2541,0
DA:2544,0
DA:2547,0
DA:2550,0
DA:2553,0
DA:2556,0
DA:2559,0
DA:2562,0
DA:2564,0
DA:2567,1
DA:2570,1
DA:2573,1
DA:2576,1
DA:2579,1
DA:2582,1
DA:2585,1
DA:2588,1
DA:2591,1
DA:2594,0
DA:2597,0
DA:2600,0
DA:2603,0
DA:2606,0
DA:2609,0
DA:2611,0
DA:2614,0
DA:2617,0
DA:2619,0
DA:2622,0
DA:2624,0
DA:2627,0
DA:2629,0
DA:2632,0
DA:2634,0
DA:2637,0
DA:2639,0
DA:2642,0
DA:2645,0
DA:2649,0
DA:2651,0
DA:2654,0
DA:2656,0
DA:2659,0
DA:2662,0
DA:2665,0
DA:2668,0
DA:2671,0
DA:2674,0
DA:2678,0
DA:2681,0
DA:2683,0
DA:2686,0
DA:2689,0
DA:2692,0
DA:2696,0
DA:2698,0
DA:2701,0
DA:2703,0
DA:2706,0
DA:2708,0
DA:2711,0
DA:2714,0
DA:2717,0
DA:2720,0
DA:2723,0
DA:2727,0
DA:2730,0
DA:2733,0
DA:2736,0
DA:2738,0
DA:2741,0
DA:2744,0
DA:2747,0
DA:2750,0
DA:2752,0
DA:2755,0
DA:2758,0
DA:2761,0
DA:2764,0
DA:2767,0
DA:2770,0
DA:2773,0
DA:2776,0
DA:2779,0
DA:2782,0
DA:2785,0
DA:2788,0
DA:2791,0
DA:2794,0
DA:2798,0
DA:2801,0
DA:2804,0
DA:2808,0
DA:2811,0
DA:2814,0
DA:2817,0
DA:2820,0
DA:2823,0
DA:2826,0
DA:2829,0
DA:2832,0
DA:2835,0
DA:2838,0
DA:2841,0
DA:2844,0
DA:2847,0
DA:2850,0
DA:2853,0
DA:2856,0
DA:2858,0
DA:2861,0
DA:2864,0
DA:2867,0
DA:2871,0
DA:2873,0
DA:2876,0
DA:2879,0
DA:2882,0
DA:2885,0
DA:2888,0
DA:2890,0
DA:2893,0
DA:2896,0
DA:2899,0
DA:2902,0
DA:2905,0
DA:2908,0
DA:2911,0
DA:2915,0
DA:2919,0
DA:2922,0
DA:2924,0
DA:2927,1
DA:2930,0
DA:2932,0
DA:2935,0
DA:2939,1
DA:2942,1
DA:2944,1
DA:2947,1
DA:2950,1
DA:2953,1
DA:2956,1
DA:2959,0
DA:2963,1
DA:2967,1
DA:2970,0
DA:2973,1
DA:2976,1
DA:2979,1
DA:2982,1
DA:2986,1
DA:2990,1
DA:2994,2
DA:2997,0
DA:3000,1
DA:3003,1
DA:3006,1
DA:3009,1
DA:3012,1
DA:3015,1
DA:3018,1
DA:3021,1
DA:3024,1
DA:3027,0
DA:3030,0
DA:3033,1
DA:3036,0
DA:3039,0
DA:3042,1
DA:3045,1
DA:3048,1
DA:3051,1
DA:3054,1
DA:3057,0
DA:3060,0
DA:3063,0
DA:3065,0
DA:3068,1
DA:3070,1
DA:3073,0
DA:3076,0
DA:3079,0
DA:3082,0
DA:3085,0
DA:3088,0
DA:3091,0
DA:3094,0
DA:3097,0
DA:3100,0
DA:3103,0
DA:3106,0
DA:3109,0
DA:3112,0
DA:3115,0
DA:3118,0
DA:3122,0
DA:3126,0
DA:3130,0
DA:3133,0
DA:3136,0
DA:3139,0
DA:3142,0
DA:3144,0
DA:3147,0
DA:3150,0
DA:3153,0
DA:3156,0
DA:3159,0
DA:3162,0
DA:3164,0
DA:3167,0
DA:3171,0
DA:3174,0
DA:3177,0
DA:3180,0
DA:3183,0
DA:3186,0
DA:3188,0
DA:3191,0
DA:3195,0
DA:3199,0
DA:3202,0
DA:3205,0
DA:3208,0
DA:3211,0
DA:3214,0
DA:3217,0
DA:3220,0
DA:3223,0
DA:3227,1
DA:3229,1
DA:3232,1
DA:3235,0
DA:3239,0
DA:3243,0
DA:3247,1
DA:3251,0
DA:3255,0
DA:3258,0
DA:3262,0
DA:3266,0
DA:3270,0
DA:3273,0
DA:3277,0
DA:3280,0
DA:3284,0
DA:3287,0
DA:3290,0
DA:3293,0
DA:3296,0
DA:3298,0
DA:3301,0
DA:3304,0
DA:3306,0
DA:3309,0
DA:3312,0
DA:3316,0
DA:3319,0
DA:3321,0
DA:3324,0
DA:3328,0
DA:3331,0
DA:3335,0
DA:3338,0
DA:3344,0
DA:3347,0
DA:3350,0
DA:3353,0
DA:3356,0
DA:3360,0
DA:3363,0
DA:3366,0
DA:3369,0
DA:3372,0
DA:3375,0
DA:3379,0
DA:3381,0
DA:3384,0
DA:3387,0
DA:3390,0
DA:3392,0
DA:3395,0
DA:3399,0
DA:3401,0
DA:3404,0
DA:3407,0
DA:3411,0
DA:3414,0
DA:3418,0
DA:3422,0
DA:3424,0
DA:3427,0
DA:3430,0
DA:3433,0
DA:3436,0
DA:3440,0
DA:3444,0
DA:3447,0
DA:3450,0
DA:3453,0
DA:3456,0
DA:3460,0
DA:3463,0
DA:3466,0
DA:3469,0
DA:3472,0
DA:3475,0
DA:3478,0
DA:3481,0
DA:3484,0
DA:3487,0
DA:3491,0
DA:3495,0
DA:3498,0
DA:3501,0
DA:3504,0
DA:3507,0
DA:3510,0
DA:3513,0
DA:3516,0
DA:3519,0
DA:3522,0
DA:3526,0
DA:3529,0
DA:3532,0
DA:3535,0
DA:3538,0
DA:3542,0
DA:3546,0
DA:3549,0
DA:3551,0
DA:3554,0
DA:3556,0
DA:3559,0
DA:3561,0
DA:3564,1
DA:3567,1
DA:3571,0
DA:3575,0
DA:3579,0
DA:3582,0
DA:3586,0
DA:3589,0
DA:3593,0
DA:3596,0
DA:3600,0
DA:3604,0
DA:3607,0
DA:3610,0
DA:3613,0
DA:3616,0
DA:3619,0
DA:3622,0
DA:3626,0
DA:3629,0
DA:3632,0
DA:3635,1
DA:3638,0
DA:3642,1
DA:3645,1
DA:3649,0
DA:3652,0
DA:3654,0
DA:3657,0
DA:3659,0
DA:3662,0
DA:3664,0
DA:3667,0
DA:3670,0
DA:3674,0
DA:3678,0
DA:3681,0
DA:3683,0
DA:3686,0
DA:3689,0
DA:3692,0
DA:3695,0
DA:3698,0
DA:3701,0
DA:3704,0
DA:3707,0
DA:3710,0
DA:3712,0
DA:3715,0
DA:3718,0
DA:3720,0
DA:3723,0
DA:3726,0
DA:3728,0
DA:3731,0
DA:3733,0
DA:3736,0
DA:3739,0
DA:3741,0
DA:3744,0
DA:3747,0
DA:3750,0
DA:3753,0
DA:3756,0
DA:3759,0
DA:3762,0
DA:3765,0
DA:3768,0
DA:3771,0
DA:3774,0
DA:3777,0
DA:3780,0
DA:3783,0
DA:3786,0
DA:3789,0
DA:3792,0
DA:3795,0
DA:3798,0
DA:3802,0
DA:3806,0
DA:3810,0
DA:3814,0
DA:3817,0
DA:3819,0
DA:3822,0
DA:3825,0
DA:3828,0
DA:3831,0
DA:3834,0
DA:3837,0
DA:3840,0
DA:3843,0
DA:3846,0
DA:3849,0
DA:3852,0
DA:3855,0
DA:3858,0
DA:3861,0
DA:3864,0
DA:3867,0
DA:3870,0
DA:3873,0
DA:3876,0
DA:3879,0
DA:3882,0
DA:3885,0
DA:3888,0
DA:3891,0
DA:3894,0
DA:3898,0
DA:3902,0
DA:3905,0
DA:3908,0
DA:3911,0
DA:3914,0
DA:3917,0
DA:3921,0
DA:3924,0
DA:3927,1
DA:3930,1
DA:3933,1
DA:3936,1
DA:3939,0
DA:3942,0
DA:3945,0
DA:3948,0
DA:3951,0
DA:3954,0
DA:3957,0
DA:3960,0
DA:3964,0
DA:3967,0
DA:3971,0
DA:3974,0
DA:3977,0
DA:3980,0
DA:3983,0
DA:3986,0
DA:3989,0
DA:3992,0
DA:3995,0
DA:3998,0
DA:4001,0
DA:4004,0
DA:4007,0
DA:4010,0
DA:4013,0
DA:4016,0
DA:4019,0
DA:4022,0
DA:4025,0
DA:4028,0
DA:4031,0
DA:4034,0
DA:4037,0
DA:4040,0
DA:4043,0
DA:4047,0
DA:4051,0
DA:4055,0
DA:4059,0
DA:4063,0
DA:4067,0
DA:4071,0
DA:4075,0
DA:4079,0
DA:4083,0
DA:4087,0
DA:4091,0
DA:4095,0
DA:4098,0
DA:4100,0
DA:4103,0
DA:4107,0
DA:4111,0
DA:4114,0
DA:4116,0
DA:4119,1
DA:4122,0
DA:4125,0
DA:4128,0
DA:4131,1
DA:4134,0
DA:4136,0
DA:4139,0
DA:4142,0
DA:4145,0
DA:4148,0
DA:4151,0
DA:4154,0
DA:4157,0
DA:4161,0
DA:4164,0
DA:4168,0
DA:4172,0
DA:4175,0
DA:4178,0
DA:4181,0
DA:4184,0
DA:4186,0
DA:4189,0
DA:4191,0
DA:4194,0
DA:4197,0
DA:4201,0
DA:4204,0
DA:4208,0
DA:4212,0
DA:4216,0
DA:4220,0
DA:4223,0
DA:4227,0
DA:4230,0
DA:4233,0
DA:4236,0
DA:4239,0
DA:4242,0
DA:4245,0
DA:4248,0
DA:4252,0
DA:4255,0
DA:4259,0
DA:4262,0
DA:4266,0
DA:4269,0
DA:4272,0
DA:4276,0
DA:4279,0
DA:4282,0
DA:4285,0
DA:4288,0
DA:4291,0
DA:4294,0
DA:4297,0
DA:4300,0
DA:4303,1
DA:4307,1
DA:4311,1
DA:4315,1
DA:4319,1
DA:4323,1
DA:4327,1
DA:4331,1
DA:4335,1
DA:4339,1
DA:4343,1
DA:4347,1
DA:4351,1
DA:4355,1
DA:4358,0
DA:4362,0
DA:4366,1
DA:4368,1
DA:4371,1
DA:4373,1
DA:4376,0
DA:4380,0
DA:4383,0
DA:4387,1
DA:4391,1
DA:4394,0
DA:4397,0
DA:4400,0
DA:4404,0
DA:4408,0
DA:4411,0
DA:4413,0
DA:4416,0
DA:4420,0
DA:4424,0
DA:4428,0
DA:4430,0
DA:4433,0
DA:4436,0
DA:4438,0
DA:4441,0
DA:4444,0
DA:4448,0
DA:4451,0
DA:4454,0
DA:4458,0
DA:4462,0
DA:4465,0
DA:4469,0
DA:4473,0
DA:4477,0
DA:4480,0
DA:4484,0
DA:4488,0
DA:4492,0
DA:4496,0
DA:4500,0
DA:4503,0
DA:4507,0
DA:4510,0
DA:4514,0
DA:4517,0
DA:4521,0
DA:4524,0
DA:4527,0
DA:4530,0
DA:4533,0
DA:4537,0
DA:4541,0
DA:4544,0
DA:4548,0
DA:4551,0
DA:4554,0
DA:4557,0
DA:4560,0
DA:4563,0
DA:4566,0
DA:4569,0
DA:4571,0
DA:4574,0
DA:4576,0
DA:4579,0
DA:4583,0
DA:4587,0
DA:4591,0
DA:4594,0
DA:4598,1
DA:4601,1
DA:4605,0
DA:4608,0
DA:4612,1
DA:4615,1
DA:4617,1
DA:4620,1
DA:4623,0
DA:4626,1
DA:4630,0
DA:4633,0
DA:4636,0
DA:4640,1
DA:4644,0
DA:4648,0
DA:4651,0
DA:4654,0
DA:4658,0
DA:4661,0
DA:4665,0
DA:4669,0
DA:4672,0
DA:4674,0
DA:4677,0
DA:4680,0
DA:4683,0
DA:4686,0
DA:4689,0
DA:4692,0
DA:4695,0
DA:4698,0
DA:4701,0
DA:4703,0
DA:4706,0
DA:4709,0
DA:4713,0
DA:4715,0
DA:4718,0
DA:4721,0
DA:4724,0
DA:4727,0
DA:4730,1
DA:4734,0
DA:4738,0
DA:4742,0
DA:4745,0
DA:4749,0
DA:4752,0
DA:4755,0
DA:4758,0
DA:4761,0
DA:4764,0
DA:4768,0
DA:4772,0
DA:4776,0
DA:4779,0
DA:4783,0
DA:4787,0
DA:4791,1
DA:4794,1
DA:4797,1
DA:4800,1
DA:4803,0
DA:4807,0
DA:4810,0
DA:4813,1
DA:4815,1
DA:4818,1
DA:4821,1
DA:4824,1
DA:4827,1
DA:4830,1
DA:4833,2
DA:4836,1
DA:4840,2
DA:4843,2
DA:4846,2
DA:4849,2
DA:4853,2
DA:4857,2
DA:4861,2
DA:4864,2
DA:4868,2
DA:4872,2
DA:4876,2
DA:4880,2
DA:4884,2
DA:4887,2
DA:4891,2
DA:4895,2
DA:4899,2
DA:4903,1
DA:4907,0
DA:4910,0
DA:4913,0
DA:4916,0
DA:4919,0
DA:4922,0
DA:4925,0
DA:4929,0
DA:4932,0
DA:4936,0
DA:4940,0
DA:4942,0
DA:4945,0
DA:4948,0
DA:4951,0
DA:4955,0
DA:4959,0
DA:4962,0
DA:4965,0
DA:4968,0
DA:4972,0
DA:4976,0
DA:4980,0
DA:4983,0
DA:4987,0
DA:4990,0
DA:4993,0
DA:4996,0
DA:5000,0
DA:5003,0
DA:5006,0
DA:5009,0
DA:5012,0
DA:5016,0
DA:5020,0
DA:5024,0
DA:5028,0
DA:5032,0
DA:5036,0
DA:5039,0
DA:5042,0
DA:5045,0
DA:5048,0
DA:5052,0
DA:5055,0
DA:5058,0
DA:5061,1
DA:5064,1
DA:5067,1
DA:5070,1
DA:5073,1
DA:5076,1
DA:5079,0
DA:5083,0
DA:5087,1
DA:5091,0
DA:5095,1
DA:5097,1
DA:5100,0
DA:5103,0
DA:5106,0
DA:5109,0
DA:5112,0
DA:5116,0
DA:5119,0
DA:5122,0
DA:5125,0
DA:5129,0
LF:1648
LH:170
end_of_record
SF:lib\router\scaffold_with_nav.dart
DA:22,0
DA:24,0
DA:27,0
DA:28,0
DA:31,0
DA:32,0
DA:34,0
DA:36,0
DA:37,0
DA:40,0
DA:43,0
DA:44,0
DA:45,0
DA:46,0
DA:47,0
DA:48,0
DA:51,0
DA:53,0
DA:56,0
DA:58,0
DA:61,0
DA:64,0
DA:67,0
DA:74,0
DA:77,0
DA:78,0
DA:82,0
DA:84,0
DA:93,0
DA:98,0
DA:100,0
DA:101,0
DA:102,0
DA:103,0
DA:104,0
DA:105,0
DA:106,0
DA:107,0
DA:110,0
DA:112,0
DA:117,0
DA:118,0
DA:119,0
DA:122,0
DA:124,0
DA:127,0
DA:129,0
DA:132,0
DA:134,0
DA:135,0
DA:138,0
DA:143,0
LF:52
LH:0
end_of_record
SF:lib\features\execution\models\distilled_evaluation.dart
DA:21,1
DA:22,1
LF:2
LH:2
end_of_record
SF:lib\features\execution\models\distilled_evaluation.g.dart
DA:9,1
DA:10,1
DA:13,1
DA:14,1
DA:23,1
DA:24,2
DA:25,1
DA:27,4
DA:29,1
DA:31,1
DA:33,1
DA:35,1
DA:47,0
DA:49,0
DA:50,0
DA:51,0
DA:52,0
DA:53,0
LF:18
LH:12
end_of_record
SF:lib\features\execution\models\execution_inputs.dart
DA:10,1
DA:23,1
DA:24,1
LF:3
LH:3
end_of_record
SF:lib\features\execution\models\execution_inputs.g.dart
DA:9,1
DA:10,1
DA:13,1
DA:14,1
DA:23,1
DA:24,1
DA:26,1
DA:28,1
DA:30,1
DA:32,2
DA:33,2
DA:45,0
DA:46,0
DA:47,0
DA:48,0
DA:49,0
DA:50,0
LF:17
LH:11
end_of_record
SF:lib\features\execution\views\widgets\atom_matrix_table_widget.dart
DA:17,3
DA:24,3
DA:26,3
DA:27,3
DA:30,3
DA:31,15
DA:32,3
DA:33,9
DA:37,3
DA:38,3
DA:40,6
DA:42,3
DA:45,3
DA:46,3
DA:47,3
DA:48,9
DA:53,3
DA:54,3
DA:55,9
DA:56,3
DA:59,0
DA:60,3
DA:62,3
DA:63,6
DA:64,3
DA:66,9
DA:67,3
DA:68,3
DA:69,9
DA:71,6
DA:74,9
DA:75,0
DA:76,0
DA:77,0
DA:79,0
DA:89,3
DA:95,3
DA:97,3
DA:99,3
DA:100,3
DA:101,6
DA:103,3
DA:104,3
DA:105,6
DA:106,3
DA:108,3
DA:109,3
DA:113,6
DA:114,2
DA:115,3
DA:117,3
DA:118,3
DA:122,6
DA:123,1
DA:125,1
DA:126,1
DA:130,6
DA:131,2
DA:133,2
DA:134,2
DA:138,6
DA:139,3
DA:141,3
DA:142,3
DA:146,6
DA:147,3
DA:149,3
DA:150,3
DA:159,6
DA:160,3
DA:161,5
DA:162,6
DA:163,4
DA:164,1
DA:165,1
DA:166,1
DA:169,3
DA:174,3
DA:176,3
DA:177,6
DA:178,3
DA:180,3
DA:182,3
DA:183,3
DA:185,3
DA:186,3
DA:187,6
DA:188,3
DA:190,3
DA:191,3
DA:192,6
DA:193,3
DA:200,3
DA:201,0
DA:202,0
DA:204,0
DA:205,0
DA:216,6
DA:217,2
DA:218,3
DA:220,3
DA:223,6
DA:224,3
DA:225,5
DA:226,5
DA:227,3
DA:229,3
DA:230,3
DA:234,3
DA:237,6
DA:238,1
DA:240,1
DA:241,1
DA:248,6
DA:249,2
DA:251,2
DA:253,6
DA:254,3
DA:256,3
DA:258,3
DA:259,1
DA:264,1
DA:265,2
DA:266,1
DA:270,1
DA:271,3
DA:272,1
DA:275,2
DA:282,6
DA:283,3
DA:285,3
DA:286,3
DA:294,9
DA:295,3
DA:296,3
DA:301,0
DA:307,0
DA:308,0
DA:311,0
DA:312,0
DA:313,0
DA:314,0
DA:315,0
DA:316,0
DA:317,0
DA:318,0
DA:319,0
DA:322,0
DA:323,0
DA:325,0
DA:326,0
DA:328,0
DA:329,0
DA:330,0
DA:331,0
DA:332,0
DA:333,0
DA:334,0
DA:339,0
DA:340,0
DA:342,0
DA:343,0
DA:353,0
DA:355,0
DA:356,0
DA:357,0
DA:358,0
DA:359,0
DA:360,0
DA:362,0
DA:363,0
DA:364,0
DA:366,0
DA:367,0
DA:369,0
DA:374,0
DA:375,0
DA:376,0
DA:378,0
DA:379,0
DA:380,0
DA:382,0
DA:389,0
DA:390,0
DA:392,0
DA:393,0
DA:400,0
DA:401,0
DA:403,0
DA:408,0
DA:409,0
DA:410,0
DA:411,0
DA:412,0
DA:413,0
DA:414,0
DA:416,0
DA:418,0
DA:419,0
DA:425,2
DA:430,4
DA:441,6
DA:442,2
DA:444,2
DA:446,4
DA:447,4
DA:448,5
DA:450,2
DA:452,2
DA:454,2
DA:455,2
DA:456,2
DA:463,2
DA:464,2
DA:465,2
DA:467,4
DA:468,6
DA:471,2
DA:472,4
DA:477,2
DA:479,6
DA:481,0
DA:484,2
DA:485,2
DA:493,2
DA:494,4
DA:498,2
DA:501,2
DA:502,2
DA:503,4
DA:504,2
DA:506,2
DA:508,2
DA:509,2
DA:510,2
DA:517,2
DA:518,2
DA:519,2
DA:521,2
DA:522,2
DA:524,2
DA:532,2
DA:533,2
DA:535,2
DA:536,4
DA:538,2
DA:540,2
DA:544,2
DA:545,2
DA:547,2
DA:557,2
DA:558,2
DA:560,2
DA:562,2
DA:564,2
DA:565,2
DA:567,2
DA:568,2
DA:571,2
DA:572,2
DA:573,2
DA:574,2
DA:575,2
DA:580,2
DA:581,2
DA:588,2
DA:589,2
DA:591,2
DA:597,4
DA:598,2
DA:600,2
DA:601,8
DA:602,2
DA:615,2
DA:625,2
DA:647,2
DA:656,2
DA:660,2
DA:666,2
DA:667,4
DA:668,4
DA:669,4
DA:670,0
DA:671,0
DA:673,4
DA:674,2
DA:676,2
DA:677,2
DA:679,2
DA:680,2
DA:681,2
DA:685,2
DA:686,4
DA:687,2
DA:689,2
DA:695,2
DA:697,2
DA:698,2
DA:699,2
DA:701,2
DA:702,2
DA:704,2
DA:706,2
DA:707,2
DA:708,2
DA:711,4
DA:717,2
DA:718,2
LF:308
LH:232
end_of_record
SF:lib\features\execution\providers\atom_result_provider.g.dart
DA:15,3
DA:30,1
DA:33,1
DA:41,1
DA:42,1
DA:44,1
DA:46,1
DA:48,1
DA:51,1
DA:55,1
DA:57,1
DA:59,1
DA:60,1
DA:64,0
DA:65,0
DA:67,0
DA:71,1
DA:73,4
DA:76,1
DA:78,2
DA:82,1
DA:89,1
DA:90,1
DA:101,1
DA:102,1
DA:104,0
LF:26
LH:22
end_of_record
SF:lib\features\execution\providers\atom_result_provider.dart
DA:10,1
DA:12,3
DA:15,1
DA:16,1
DA:20,1
LF:5
LH:5
end_of_record
SF:lib\features\execution\providers\hydrated_reference_provider.g.dart
DA:15,6
DA:30,2
DA:33,2
DA:41,1
DA:42,1
DA:44,1
DA:46,1
DA:48,1
DA:51,1
DA:54,1
DA:56,1
DA:58,1
DA:59,1
DA:63,1
DA:64,1
DA:66,1
DA:70,2
DA:72,8
DA:75,2
DA:77,4
DA:81,1
DA:88,2
DA:89,2
DA:100,2
DA:101,2
DA:103,0
LF:26
LH:25
end_of_record
SF:lib\features\execution\providers\hydrated_reference_provider.dart
DA:10,1
DA:12,3
DA:15,1
DA:16,1
DA:20,2
LF:5
LH:5
end_of_record
SF:lib\features\execution\providers\report_data_v2_provider.g.dart
DA:15,3
DA:23,1
DA:26,1
DA:34,1
DA:35,1
DA:37,0
DA:39,0
DA:41,0
DA:44,0
DA:46,0
DA:49,0
DA:50,0
DA:52,0
DA:56,1
DA:58,4
DA:61,1
DA:63,2
DA:67,1
DA:81,1
DA:82,1
DA:93,1
DA:94,1
DA:96,0
DA:104,3
DA:105,0
DA:108,1
DA:111,1
DA:113,1
DA:120,4
LF:29
LH:19
end_of_record
SF:lib\features\execution\providers\report_data_v2_provider.dart
DA:10,0
DA:18,0
DA:19,0
LF:3
LH:0
end_of_record
SF:lib\features\execution\views\widgets\sdui_node_renderer.dart
DA:15,1
DA:21,1
DA:24,1
DA:25,5
DA:30,0
DA:31,0
DA:36,1
DA:37,1
DA:39,0
DA:41,1
DA:43,0
DA:45,1
DA:47,0
DA:49,2
DA:51,1
DA:52,2
DA:60,0
DA:61,0
DA:62,0
DA:63,0
DA:64,0
DA:66,0
DA:67,0
DA:68,0
DA:69,0
DA:72,0
DA:73,0
DA:74,0
DA:78,0
DA:79,0
DA:93,0
DA:94,0
DA:95,0
DA:96,0
DA:97,0
DA:99,0
DA:100,0
DA:103,0
DA:104,0
DA:106,0
DA:107,0
DA:108,0
DA:110,0
DA:111,0
DA:112,0
DA:126,0
DA:127,0
DA:128,0
DA:129,0
DA:130,0
DA:131,0
DA:133,0
DA:134,0
DA:135,0
DA:137,0
DA:140,0
DA:141,0
DA:143,0
DA:144,0
DA:146,0
DA:147,0
DA:151,0
DA:153,0
DA:154,0
DA:155,0
DA:156,0
DA:158,0
DA:174,1
DA:179,1
DA:180,1
DA:181,1
DA:182,3
DA:183,1
DA:185,1
DA:186,1
DA:189,1
DA:190,1
DA:192,1
DA:193,1
DA:198,2
DA:200,1
DA:201,1
DA:203,2
DA:204,3
DA:205,1
DA:206,1
DA:208,2
LF:87
LH:31
end_of_record
SF:lib\features\execution\views\widgets\diagnostic_scorecard_widget.dart
DA:13,1
DA:20,1
DA:22,2
DA:25,2
DA:29,1
DA:31,1
DA:34,1
DA:35,1
DA:36,1
DA:37,1
DA:38,1
LF:11
LH:11
end_of_record
SF:lib\features\studio\models\blueprint_config.dart
DA:12,1
DA:21,1
DA:22,1
LF:3
LH:3
end_of_record
SF:lib\features\studio\models\blueprint_config.g.dart
DA:9,1
DA:10,2
DA:11,1
DA:12,1
DA:13,1
DA:15,1
DA:16,1
DA:23,0
DA:24,0
LF:9
LH:7
end_of_record
SF:lib\theme\app_theme.dart
DA:15,0
DA:22,1
DA:23,1
DA:26,1
DA:36,0
DA:37,0
DA:40,0
LF:7
LH:3
end_of_record
SF:lib\features\studio\views\widgets\xai\fallback_error_card.dart
DA:9,1
DA:15,1
DA:17,1
DA:19,1
DA:22,1
DA:23,3
DA:24,1
DA:25,3
DA:26,2
DA:27,2
DA:28,2
DA:31,1
DA:33,1
DA:34,1
DA:35,1
DA:36,1
DA:38,2
DA:42,1
DA:43,1
DA:44,1
DA:45,3
DA:46,2
DA:56,1
DA:57,1
DA:58,3
DA:59,2
LF:26
LH:26
end_of_record
SF:lib\features\studio\views\widgets\xai\matrix_observability_accordion.dart
DA:13,1
DA:23,1
DA:25,1
DA:27,1
DA:30,1
DA:31,2
DA:32,1
DA:34,1
DA:36,1
DA:38,1
DA:39,1
DA:40,1
DA:41,1
DA:43,2
DA:47,1
DA:48,1
DA:50,1
DA:51,1
DA:52,1
DA:53,3
DA:59,1
DA:60,1
DA:61,2
DA:71,1
DA:72,1
DA:73,1
DA:74,1
DA:76,1
DA:77,2
DA:82,1
DA:83,1
DA:85,1
DA:86,2
DA:98,1
DA:104,1
DA:107,2
DA:110,1
DA:111,2
DA:113,1
DA:115,1
DA:117,1
DA:118,3
DA:120,1
DA:122,1
DA:123,1
DA:124,1
DA:125,3
DA:126,2
DA:134,1
DA:136,3
LF:50
LH:50
end_of_record
SF:lib\shared\widgets\omni_input_box.dart
DA:16,1
DA:26,1
DA:27,1
DA:33,1
DA:35,1
DA:37,4
DA:40,1
DA:42,1
DA:43,1
DA:45,1
DA:48,1
DA:49,1
DA:50,2
DA:52,1
DA:54,1
DA:56,1
DA:57,1
DA:58,1
DA:59,2
DA:60,0
DA:63,1
DA:64,5
DA:66,1
DA:68,1
DA:70,1
DA:71,1
DA:73,1
DA:77,1
DA:78,1
DA:80,1
DA:81,1
DA:84,2
DA:86,1
DA:89,2
DA:92,1
DA:93,1
DA:94,2
DA:95,2
DA:98,3
DA:104,5
DA:105,1
DA:107,1
DA:108,3
DA:109,1
DA:110,1
DA:111,3
DA:114,1
DA:115,1
DA:116,1
DA:118,2
DA:122,1
DA:123,1
DA:124,1
DA:125,3
DA:126,2
DA:135,1
DA:136,1
DA:137,2
DA:138,2
DA:139,3
DA:140,0
DA:142,0
DA:144,0
DA:148,0
DA:149,0
DA:152,1
DA:153,4
DA:154,3
DA:155,0
DA:157,1
DA:158,1
DA:160,3
DA:162,2
DA:163,3
DA:164,0
DA:165,0
DA:166,0
DA:170,0
LF:78
LH:67
end_of_record
SF:lib\shared\widgets\pdf_export_guide_dialog.dart
DA:6,2
DA:8,2
DA:10,2
DA:11,2
DA:13,2
DA:17,2
DA:18,2
DA:20,2
DA:21,2
DA:22,2
DA:24,4
DA:28,2
DA:29,2
DA:30,2
DA:31,6
DA:36,2
DA:38,2
DA:40,3
DA:44,2
DA:47,2
DA:49,2
DA:51,2
DA:52,2
DA:53,4
DA:54,4
DA:55,4
DA:56,2
DA:57,4
DA:58,4
DA:59,4
DA:63,2
DA:64,2
DA:65,2
DA:66,2
DA:67,2
DA:68,2
DA:76,2
DA:77,2
DA:78,6
DA:79,4
DA:85,2
DA:90,2
DA:91,2
DA:93,2
DA:94,2
DA:96,2
DA:97,6
DA:98,2
DA:99,2
DA:100,6
DA:103,2
DA:104,2
DA:105,2
DA:107,4
DA:111,2
DA:112,2
DA:113,2
DA:114,6
DA:116,4
DA:124,4
DA:126,4
DA:128,4
DA:130,2
DA:132,2
DA:133,6
DA:134,2
DA:136,2
DA:137,2
DA:138,2
DA:140,4
DA:144,2
DA:145,2
DA:146,2
DA:147,4
DA:154,2
DA:156,2
DA:157,6
DA:158,2
DA:159,8
DA:161,2
DA:163,2
DA:164,2
DA:166,4
DA:170,2
DA:171,2
DA:172,2
DA:173,6
DA:174,4
DA:186,2
DA:191,2
DA:192,2
DA:194,2
DA:195,2
DA:197,2
DA:198,6
DA:199,2
DA:200,2
DA:201,6
DA:204,2
DA:205,2
DA:206,2
DA:208,4
DA:212,2
DA:213,2
DA:214,2
DA:215,6
DA:217,4
DA:225,4
DA:227,4
DA:229,4
DA:231,2
DA:233,2
DA:234,6
DA:235,2
DA:237,2
DA:238,2
DA:239,2
DA:241,4
DA:245,2
DA:246,2
DA:247,2
DA:248,4
DA:259,2
DA:264,2
DA:265,2
DA:267,2
DA:268,2
DA:270,2
DA:271,6
DA:272,2
DA:273,2
DA:274,6
DA:277,2
DA:278,2
DA:279,2
DA:281,4
DA:285,2
DA:286,2
DA:287,2
DA:288,6
DA:290,4
DA:298,4
DA:300,4
DA:306,2
DA:307,2
DA:308,2
DA:310,6
LF:147
LH:147
end_of_record
SF:lib\shared\widgets\file_input_field.dart
DA:15,1
DA:25,1
DA:26,1
DA:32,0
DA:33,0
DA:34,0
DA:36,0
DA:38,0
DA:54,0
DA:55,0
DA:56,0
DA:59,0
DA:60,0
DA:61,0
DA:62,0
DA:63,0
DA:64,0
DA:65,0
DA:68,0
DA:69,0
DA:74,1
DA:76,2
DA:79,1
DA:80,2
DA:81,2
DA:82,1
DA:83,1
DA:85,1
DA:86,1
DA:87,1
DA:88,1
DA:89,1
DA:90,1
DA:91,2
DA:93,2
DA:94,1
DA:95,1
DA:101,0
DA:103,0
DA:105,1
DA:107,1
DA:108,2
DA:109,1
DA:111,0
DA:112,2
DA:120,0
DA:121,0
DA:122,0
DA:123,0
DA:125,0
DA:126,0
LF:51
LH:25
end_of_record
