============================= test session starts =============================
platform win32 -- Python 3.14.2, pytest-9.0.2, pluggy-1.6.0 -- C:\Python314\python.exe
cachedir: .pytest_cache
rootdir: C:\src\quorum
configfile: pytest.ini
plugins: anyio-4.12.1, asyncio-1.3.0
asyncio: mode=Mode.AUTO, debug=False, asyncio_default_fixture_loop_scope=function, asyncio_default_test_loop_scope=function
collecting ... collected 4 items

backend/tests/api/test_llm_router.py::test_update_model_config_success PASSED [ 25%]
backend/tests/api/test_llm_router.py::test_generate_completion_invalid_strategy PASSED [ 50%]
backend/tests/api/test_llm_router.py::test_batch_completion_partial_failure FAILED [ 75%]
backend/tests/api/test_llm_router.py::test_list_providers PASSED         [100%]

================================== FAILURES ===================================
____________________ test_batch_completion_partial_failure ____________________

    @pytest.mark.asyncio
    async def test_batch_completion_partial_failure():
        # Mock registry for one success, one failure
        # We can't easily mock separate calls with side_effect in the loop unless we inspect args
        # But we can mock LLMFactory to fail on specific inputs or just verify structure.
    
        # Simpler: Mock resolve_model_config to succeed.
        mock_registry.resolve_model_config.return_value = {"provider": "mock", "model_name": "test"}
    
        with pytest.MonkeyPatch.context() as mp:
            mock_provider = AsyncMock()
            mock_provider.generate.side_effect = ["Success", Exception("LLM Error")]
    
            # Patch factory
            mp.setattr("backend.llm.provider.LLMFactory.create_provider", MagicMock(return_value=mock_provider))
    
            payload = {
                "requests": [
                    {"prompt": "A"},
                    {"prompt": "B"}
                ]
            }
            response = client.post("/llm/batch-completion", json=payload)
    
            assert response.status_code == 200
            data = response.json()
            results = data["results"]
            assert len(results) == 2
>           assert results[0]["status"] == "success"
E           AssertionError: assert 'error' == 'success'
E             
E             - success
E             + error

backend\tests\api\test_llm_router.py:91: AssertionError
------------------------------ Captured log call ------------------------------
ERROR    backend.api.llm_router:llm_router.py:171 LLM_BATCH_ITEM_FAILED: Unknown strategy
Traceback (most recent call last):
  File "C:\src\quorum\backend\api\llm_router.py", line 156, in _process_one
    config = await registry.resolve_model_config(req.model_strategy)
             ^^^^^^^^^^^^^^^^^^^^^^^^^^^^^^^^^^^^^^^^^^^^^^^^^^^^^^^
  File "C:\Python314\Lib\unittest\mock.py", line 2326, in _execute_mock_call
    raise effect
  File "C:\src\quorum\backend\api\llm_router.py", line 98, in generate_completion
    config = await registry.resolve_model_config(request.model_strategy)
             ^^^^^^^^^^^^^^^^^^^^^^^^^^^^^^^^^^^^^^^^^^^^^^^^^^^^^^^^^^^
  File "C:\Python314\Lib\unittest\mock.py", line 2326, in _execute_mock_call
    raise effect
ValueError: Unknown strategy
ERROR    backend.api.llm_router:llm_router.py:171 LLM_BATCH_ITEM_FAILED: Unknown strategy
Traceback (most recent call last):
  File "C:\src\quorum\backend\api\llm_router.py", line 156, in _process_one
    config = await registry.resolve_model_config(req.model_strategy)
             ^^^^^^^^^^^^^^^^^^^^^^^^^^^^^^^^^^^^^^^^^^^^^^^^^^^^^^^
  File "C:\Python314\Lib\unittest\mock.py", line 2326, in _execute_mock_call
    raise effect
  File "C:\src\quorum\backend\api\llm_router.py", line 156, in _process_one
    config = await registry.resolve_model_config(req.model_strategy)
             ^^^^^^^^^^^^^^^^^^^^^^^^^^^^^^^^^^^^^^^^^^^^^^^^^^^^^^^
  File "C:\Python314\Lib\unittest\mock.py", line 2326, in _execute_mock_call
    raise effect
  File "C:\src\quorum\backend\api\llm_router.py", line 98, in generate_completion
    config = await registry.resolve_model_config(request.model_strategy)
             ^^^^^^^^^^^^^^^^^^^^^^^^^^^^^^^^^^^^^^^^^^^^^^^^^^^^^^^^^^^
  File "C:\Python314\Lib\unittest\mock.py", line 2326, in _execute_mock_call
    raise effect
ValueError: Unknown strategy
============================== warnings summary ===============================
..\..\Python314\Lib\site-packages\google\genai\types.py:43
  C:\Python314\Lib\site-packages\google\genai\types.py:43: DeprecationWarning: '_UnionGenericAlias' is deprecated and slated for removal in Python 3.17
    VersionedUnionType = Union[builtin_types.UnionType, _UnionGenericAlias]

..\..\Python314\Lib\site-packages\litellm\litellm_core_utils\logging_utils.py:273: 15 warnings
  C:\Python314\Lib\site-packages\litellm\litellm_core_utils\logging_utils.py:273: DeprecationWarning: 'asyncio.iscoroutinefunction' is deprecated and slated for removal in Python 3.16; use inspect.iscoroutinefunction() instead
    if asyncio.iscoroutinefunction(func):

backend\models\dtos\execution.py:28
  C:\src\quorum\backend\models\dtos\execution.py:28: PydanticDeprecatedSince20: Support for class-based `config` is deprecated, use ConfigDict instead. Deprecated in Pydantic V2.0 to be removed in V3.0. See Pydantic V2 Migration Guide at https://errors.pydantic.dev/2.12/migration/
    class ExecutionResponse(BaseModel):

..\..\Python314\Lib\site-packages\slowapi\extension.py:717
..\..\Python314\Lib\site-packages\slowapi\extension.py:717
  C:\Python314\Lib\site-packages\slowapi\extension.py:717: DeprecationWarning: 'asyncio.iscoroutinefunction' is deprecated and slated for removal in Python 3.16; use inspect.iscoroutinefunction() instead
    if asyncio.iscoroutinefunction(func):

-- Docs: https://docs.pytest.org/en/stable/how-to/capture-warnings.html
--------- generated xml file: C:\src\quorum\tests\output\results.xml ----------
=========================== short test summary info ===========================
FAILED backend/tests/api/test_llm_router.py::test_batch_completion_partial_failure - AssertionError: assert 'error' == 'success'
  
  - success
  + error
================== 1 failed, 3 passed, 19 warnings in 5.48s ===================
