<?xml version="1.0" encoding="utf-8"?><testsuites name="pytest tests"><testsuite name="pytest" errors="0" failures="0" skipped="0" tests="4" time="1.652" timestamp="2026-01-23T10:00:07.573490+02:00" hostname="Laptop-Risto"><testcase classname="backend.tests.unit.test_chart_service.TestChartService" name="test_generate_radar_chart_valid" time="0.170" /><testcase classname="backend.tests.unit.test_chart_service.TestChartService" name="test_generate_radar_chart_empty" time="0.002" /><testcase classname="backend.tests.unit.test_chart_service.TestChartService" name="test_generate_radar_chart_none" time="0.001" /><testcase classname="backend.tests.unit.test_chart_service.TestChartService" name="test_generate_radar_chart_failure" time="0.007" /></testsuite></testsuites>