<?xml version="1.0" encoding="utf-8"?><testsuites name="pytest tests"><testsuite name="pytest" errors="0" failures="0" skipped="0" tests="13" time="6.564" timestamp="2026-02-28T14:02:22.835819+02:00" hostname="Laptop-Risto"><testcase classname="backend.tests.api.transformers.test_assessment" name="test_transform_success_running" time="0.002" /><testcase classname="backend.tests.api.transformers.test_assessment" name="test_transform_success_completed" time="0.000" /><testcase classname="backend.tests.api.transformers.test_assessment" name="test_transform_success_failed" time="0.001" /><testcase classname="backend.tests.api.transformers.test_assessment" name="test_transform_missing_data" time="0.000" /><testcase classname="backend.tests.api.transformers.test_domain_transformers" name="test_logic_transformer_extracts_display_model" time="0.001" /><testcase classname="backend.tests.api.transformers.test_domain_transformers" name="test_logic_transformer_handles_missing_step" time="0.000" /><testcase classname="backend.tests.api.transformers.test_domain_transformers" name="test_stress_transformer_extracts_display_model" time="0.001" /><testcase classname="backend.tests.api.transformers.test_domain_transformers" name="test_causal_transformer_extracts_display_model" time="0.001" /><testcase classname="backend.tests.api.transformers.test_domain_transformers" name="test_profiler_transformer_extracts_display_model" time="0.001" /><testcase classname="backend.tests.api.transformers.test_domain_transformers" name="test_detector_transformer_extracts_display_model" time="0.001" /><testcase classname="backend.tests.api.transformers.test_domain_transformers" name="test_driver_transformer_extracts_display_model" time="0.000" /><testcase classname="backend.tests.api.transformers.test_domain_transformers" name="test_archivist_transformer_extracts_display_model" time="0.000" /><testcase classname="backend.tests.api.transformers.test_report_transformer" name="test_report_transformer_process_all_stages" time="0.002" /></testsuite></testsuites>